2025-09-19 11:47:34,688 - INFO - 전자책 검토자 자동 등록 시스템 시작
2025-09-19 11:47:38,429 - INFO - 엑셀 파일 읽기 성공: C:/Users/taejin/Downloads/신규회원 홍보 전자책.xlsx
2025-09-19 11:47:38,429 - INFO - 총 149개의 행이 발견됨
2025-09-19 11:47:38,429 - INFO - 엑셀 파일 컬럼: ['접수일', '발송유형', '발송자', '이름', '이메일', '지메일', '휴대전화', '소속학교', '도서코드', '도서명', '처리일', '열람기한', '강의대학', '강의학과', '강의명']
2025-09-19 11:47:38,430 - INFO - 유효한 데이터: 149개 행
2025-09-19 11:47:38,434 - INFO - 검토자 데이터 샘플:
 이름  도서코드                    지메일
이설아 41029   1026seolah@gmail.com
최홍인 41029 12200716@dankook.ac.kr
박정우 41029     215wjddn@gmail.com
2025-09-19 11:47:38,434 - INFO - 구글 스프레드시트에서 도서 정보 데이터베이스를 구축합니다...
2025-09-19 11:47:38,434 - INFO - Google 스프레드시트 URL에서 도서 정보 데이터베이스 읽기 시도: https://docs.google.com/spreadsheets/d/18uXAoTIz07WEBzFgCYC5asaOUkLujYgQtezDsmPWiGY/export?format=csv&gid=0
2025-09-19 11:47:40,004 - INFO - 스프레드시트 데이터를 UTF-8로 디코딩했습니다.
2025-09-19 11:47:40,024 - INFO - 스프레드시트 컬럼: ['code', 'title', 'ISBN', 'eISBN', 'publisher', 'g_title', 's_isbn']
2025-09-19 11:47:40,094 - INFO - 도서 정보 데이터베이스 구축 완료: 총 0개의 도서 정보 로드
2025-09-19 11:47:40,096 - INFO - 검토자 정보와 도서 데이터베이스 정보를 매핑합니다...
2025-09-19 11:47:40,099 - INFO - 
===== 검토자 정보 =====
2025-09-19 11:47:40,099 - INFO - [1] 도서코드: 41029, 이름: 이설아, 이메일: 1026seolah@gmail.com
2025-09-19 11:47:40,099 - INFO - [2] 도서코드: 41029, 이름: 최홍인, 이메일: 12200716@dankook.ac.kr
2025-09-19 11:47:40,099 - INFO - [3] 도서코드: 41029, 이름: 박정우, 이메일: 215wjddn@gmail.com
2025-09-19 11:47:40,099 - INFO - [4] 도서코드: 41029, 이름: 이수연, 이메일: 500pelle@gmail.com
2025-09-19 11:47:40,100 - INFO - [5] 도서코드: 41029, 이름: 오아름, 이메일: ahreum@gwnu.ac.kr
2025-09-19 11:47:40,100 - INFO - ... 외 144건
2025-09-19 11:47:40,100 - INFO - =====================

2025-09-19 11:47:43,002 - INFO - 도서 데이터베이스 로드 시작...
2025-09-19 11:47:43,005 - INFO - 구글 스프레드시트에서 도서 데이터베이스 로드 중: https://docs.google.com/spreadsheets/d/18uXAoTIz07WEBzFgCYC5asaOUkLujYgQtezDsmPWiGY/export?format=csv&gid=0
2025-09-19 11:47:44,564 - INFO - 스프레드시트 로드 성공: 3925행 발견
2025-09-19 11:47:44,565 - INFO - 컬럼명 변환 결과: ['도서코드', '도서명', 'ISBN', 'eISBN', '출판사', 'g_title', 's_isbn']
2025-09-19 11:47:44,565 - WARNING - 스프레드시트 컬럼 개수(7)와 기대값(6)이 다릅니다. 실제 컬럼명: ['도서코드', '도서명', 'ISBN', 'eISBN', '출판사', 'g_title', 's_isbn']
2025-09-19 11:47:44,662 - INFO - 도서 데이터베이스 로드 완료: 3925개 도서
2025-09-19 11:47:44,663 - INFO - 출판사별 도서 수: {'한빛아카데미': 849, '한빛미디어': 3076}
2025-09-19 11:47:44,664 - INFO - 웹 드라이버 설정 시작...
2025-09-19 11:47:44,667 - INFO - Chrome 드라이버 설정 시작...
2025-09-19 11:47:44,667 - INFO - config.py에서 크롬 브라우저 경로 사용: C:\Program Files\Google\Chrome\Application\chrome.exe
2025-09-19 11:47:44,667 - INFO - ChromeDriverManager를 사용하여 드라이버 다운로드 중...
2025-09-19 11:47:44,667 - INFO - ====== WebDriver manager ======
2025-09-19 11:47:45,244 - INFO - Get LATEST chromedriver version for google-chrome
2025-09-19 11:47:45,499 - INFO - Get LATEST chromedriver version for google-chrome
2025-09-19 11:47:45,751 - INFO - Driver [C:\Users\taejin\.wdm\drivers\chromedriver\win64\140.0.7339.185\chromedriver-win32/chromedriver.exe] found in cache
2025-09-19 11:47:45,751 - INFO - 크롬 드라이버 다운로드 성공: C:\Users\taejin\.wdm\drivers\chromedriver\win64\140.0.7339.185\chromedriver-win32/chromedriver.exe
2025-09-19 11:47:46,840 - INFO - 자동화 감지 방지 스크립트 실행 완료
2025-09-19 11:47:46,841 - INFO - Chrome 드라이버 설정 완료
2025-09-19 11:47:46,841 - INFO - Google 로그인 시도...
2025-09-19 11:47:46,843 - INFO - Google Play Books 파트너스 센터로 이동: https://play.google.com/books/publish/u/0/?hl=ko
2025-09-19 11:47:51,140 - INFO - 현재 URL: https://accounts.google.com/v3/signin/identifier?continue=https%3A%2F%2Fplay.google.com%2Fbooks%2Fpublish%2Fredirect&followup=https%3A%2F%2Fplay.google.com%2Fbooks%2Fpublish%2Fredirect&ifkv=AfYwgwW_FbDXAJMXCTyhXkIExUY-gbc5qlxA0yuieIl3QlyCQmuYPXW2HUSQU_hW4gtg6OuGHD3vTg&passive=1209600&service=printpublisher&flowName=GlifWebSignIn&flowEntry=ServiceLogin&dsh=S1628868481%3A1758250072754086
2025-09-19 11:47:51,141 - INFO - ============================================================
2025-09-19 11:47:51,141 - INFO - 🔐 Google Play Books 파트너스 센터 로그인이 필요합니다.
2025-09-19 11:47:51,141 - INFO - 📌 브라우저 창에서 다음 단계를 진행해주세요:
2025-09-19 11:47:51,141 - INFO -    1. Google 계정으로 로그인
2025-09-19 11:47:51,141 - INFO -    2. 2단계 인증 완료 (필요한 경우)
2025-09-19 11:47:51,141 - INFO -    3. Google Play Books 파트너스 센터 대시보드가 표시될 때까지 대기
2025-09-19 11:47:51,141 - INFO - ============================================================
2025-09-19 11:48:12,868 - INFO - ✅ 사용자가 로그인 완료를 확인했습니다.
2025-09-19 11:48:12,872 - INFO - ====== 출판사 '한빛아카데미' 처리 시작 ======
2025-09-19 11:48:12,872 - INFO - 도서 '교재)생성형 AI 활용과 실습' (코드: 41029, ISBN: 9791173400292) 처리 시작
2025-09-19 11:48:12,873 - INFO - 검토자 149명 등록 예정
2025-09-19 11:48:12,877 - INFO - 도서 검색 시작 - 도서코드: 41029
2025-09-19 11:48:12,877 - INFO - 도서 정보 - 제목: 교재)생성형 AI 활용과 실습, ISBN: 9791173400292, eISBN: 9791173409738, 출판사: 한빛아카데미
2025-09-19 11:48:12,877 - INFO - 출판사 '한빛아카데미'의 도서 목록 페이지로 이동: https://play.google.com/books/publish/a/535699340789858766#list?sortby=last_updated&sortdir=desc&publisher=한빛아카데미
2025-09-19 11:48:14,887 - INFO - 도서 목록 페이지 로드 완료
2025-09-19 11:48:16,897 - INFO - 페이지 요소 로드 대기 완료
2025-09-19 11:48:16,898 - INFO - 출판사 선택 드롭다운 클릭 시도... (대상 출판사: 한빛아카데미)
2025-09-19 11:48:16,972 - INFO - 출판사 선택 드롭다운 열기 성공
2025-09-19 11:48:18,972 - INFO - 선택할 출판사: 한빛아카데미
2025-09-19 11:48:22,035 - INFO - 한빛아카데미 출판사 선택 성공
2025-09-19 11:48:24,035 - INFO - 검색창에 도서명 '생성형 AI 활용과 실습: 챗GPT부터 코파일럿까지 따라 하며 익히는 AI 활용 가이드' 입력 시도...
2025-09-19 11:48:30,321 - INFO - 도서명 검색 입력 완료
2025-09-19 11:48:30,322 - INFO - 검색 결과 중 첫 번째 도서 클릭 시도...
2025-09-19 11:48:30,395 - INFO - 첫 번째 도서 클릭 성공: /html/body/pfe-app/partner-center/div[2]/div/ng-component/ng-component/div/catalog-table/div/table/tbody/tr/td[1]/div/div/a
2025-09-19 11:48:33,396 - INFO - 도서 '교재)생성형 AI 활용과 실습' (ISBN: 9791173400292) 검색 및 선택 완료
2025-09-19 11:48:33,397 - INFO - 총 149명의 검토자를 일괄 등록합니다
2025-09-19 11:48:33,397 - INFO - [1/149] 검토자 '이설아' (이메일: 1026seolah@gmail.com) 등록 시도 중...
2025-09-19 11:48:33,397 - INFO - 검토자 추가 시작: 1026seolah@gmail.com
2025-09-19 11:48:33,397 - INFO - 콘텐츠 검토 페이지로 이동합니다...
2025-09-19 11:48:35,509 - INFO - 콘텐츠 검토 아이템 클릭 성공
2025-09-19 11:48:38,514 - INFO - 이메일 '1026seolah@gmail.com' 입력 시도...
2025-09-19 11:48:38,536 - INFO - 이메일 입력 필드를 찾았습니다
2025-09-19 11:48:38,617 - INFO - 이메일 '1026seolah@gmail.com' 입력 완료
2025-09-19 11:48:38,645 - INFO - Enter 키로 제출 완료
2025-09-19 11:48:38,645 - INFO - [process_registration] 등록 후 5초 대기...
2025-09-19 11:48:43,646 - INFO - ✅ [1/149] 검토자 '이설아' (이메일: 1026seolah@gmail.com) 등록 시도 성공 (5초 대기 후)
2025-09-19 11:48:43,646 - INFO - [2/149] 검토자 '최홍인' (이메일: 12200716@dankook.ac.kr) 등록 시도 중...
2025-09-19 11:48:43,646 - INFO - 검토자 추가 시작: 12200716@dankook.ac.kr
2025-09-19 11:48:43,646 - INFO - 이미 콘텐츠 검토 페이지에 있습니다. 바로 이메일 입력을 시도합니다.
2025-09-19 11:48:44,647 - INFO - 이메일 '12200716@dankook.ac.kr' 입력 시도...
2025-09-19 11:48:44,682 - INFO - 이메일 입력 필드를 찾았습니다
2025-09-19 11:48:44,732 - INFO - 이메일 '12200716@dankook.ac.kr' 입력 완료
2025-09-19 11:48:44,755 - INFO - Enter 키로 제출 완료
2025-09-19 11:48:44,755 - INFO - [process_registration] 등록 후 5초 대기...
2025-09-19 11:48:49,756 - INFO - ✅ [2/149] 검토자 '최홍인' (이메일: 12200716@dankook.ac.kr) 등록 시도 성공 (5초 대기 후)
2025-09-19 11:48:49,757 - INFO - [3/149] 검토자 '박정우' (이메일: 215wjddn@gmail.com) 등록 시도 중...
2025-09-19 11:48:49,757 - INFO - 검토자 추가 시작: 215wjddn@gmail.com
2025-09-19 11:48:49,758 - INFO - 이미 콘텐츠 검토 페이지에 있습니다. 바로 이메일 입력을 시도합니다.
2025-09-19 11:48:50,759 - INFO - 이메일 '215wjddn@gmail.com' 입력 시도...
2025-09-19 11:48:50,797 - INFO - 이메일 입력 필드를 찾았습니다
2025-09-19 11:48:50,843 - INFO - 이메일 '215wjddn@gmail.com' 입력 완료
2025-09-19 11:48:50,866 - INFO - Enter 키로 제출 완료
2025-09-19 11:48:50,866 - INFO - [process_registration] 등록 후 5초 대기...
2025-09-19 11:48:55,867 - INFO - ✅ [3/149] 검토자 '박정우' (이메일: 215wjddn@gmail.com) 등록 시도 성공 (5초 대기 후)
2025-09-19 11:48:55,868 - INFO - [4/149] 검토자 '이수연' (이메일: 500pelle@gmail.com) 등록 시도 중...
2025-09-19 11:48:55,868 - INFO - 검토자 추가 시작: 500pelle@gmail.com
2025-09-19 11:48:55,869 - INFO - 이미 콘텐츠 검토 페이지에 있습니다. 바로 이메일 입력을 시도합니다.
2025-09-19 11:48:56,870 - INFO - 이메일 '500pelle@gmail.com' 입력 시도...
2025-09-19 11:48:56,906 - INFO - 이메일 입력 필드를 찾았습니다
2025-09-19 11:48:56,955 - INFO - 이메일 '500pelle@gmail.com' 입력 완료
2025-09-19 11:48:56,977 - INFO - Enter 키로 제출 완료
2025-09-19 11:48:56,978 - INFO - [process_registration] 등록 후 5초 대기...
2025-09-19 11:49:01,978 - INFO - ✅ [4/149] 검토자 '이수연' (이메일: 500pelle@gmail.com) 등록 시도 성공 (5초 대기 후)
2025-09-19 11:49:01,979 - INFO - [5/149] 검토자 '오아름' (이메일: ahreum@gwnu.ac.kr) 등록 시도 중...
2025-09-19 11:49:01,980 - INFO - 검토자 추가 시작: ahreum@gwnu.ac.kr
2025-09-19 11:49:01,980 - INFO - 이미 콘텐츠 검토 페이지에 있습니다. 바로 이메일 입력을 시도합니다.
2025-09-19 11:49:02,981 - INFO - 이메일 'ahreum@gwnu.ac.kr' 입력 시도...
2025-09-19 11:49:03,011 - INFO - 이메일 입력 필드를 찾았습니다
2025-09-19 11:49:03,060 - INFO - 이메일 'ahreum@gwnu.ac.kr' 입력 완료
2025-09-19 11:49:03,083 - INFO - Enter 키로 제출 완료
2025-09-19 11:49:03,084 - INFO - [process_registration] 등록 후 5초 대기...
2025-09-19 11:49:08,084 - INFO - ✅ [5/149] 검토자 '오아름' (이메일: ahreum@gwnu.ac.kr) 등록 시도 성공 (5초 대기 후)
2025-09-19 11:49:08,085 - INFO - [6/149] 검토자 '김기종' (이메일: alex.kim1597@gmail.com) 등록 시도 중...
2025-09-19 11:49:08,086 - INFO - 검토자 추가 시작: alex.kim1597@gmail.com
2025-09-19 11:49:08,086 - INFO - 이미 콘텐츠 검토 페이지에 있습니다. 바로 이메일 입력을 시도합니다.
2025-09-19 11:49:09,087 - INFO - 이메일 'alex.kim1597@gmail.com' 입력 시도...
2025-09-19 11:49:09,123 - INFO - 이메일 입력 필드를 찾았습니다
2025-09-19 11:49:09,171 - INFO - 이메일 'alex.kim1597@gmail.com' 입력 완료
2025-09-19 11:49:09,195 - INFO - Enter 키로 제출 완료
2025-09-19 11:49:09,195 - INFO - [process_registration] 등록 후 5초 대기...
2025-09-19 11:49:14,195 - INFO - ✅ [6/149] 검토자 '김기종' (이메일: alex.kim1597@gmail.com) 등록 시도 성공 (5초 대기 후)
2025-09-19 11:49:14,196 - INFO - [7/149] 검토자 '안지언' (이메일: anjiunful@gmail.com) 등록 시도 중...
2025-09-19 11:49:14,197 - INFO - 검토자 추가 시작: anjiunful@gmail.com
2025-09-19 11:49:14,197 - INFO - 이미 콘텐츠 검토 페이지에 있습니다. 바로 이메일 입력을 시도합니다.
2025-09-19 11:49:15,198 - INFO - 이메일 'anjiunful@gmail.com' 입력 시도...
2025-09-19 11:49:15,220 - INFO - 이메일 입력 필드를 찾았습니다
2025-09-19 11:49:15,266 - INFO - 이메일 'anjiunful@gmail.com' 입력 완료
2025-09-19 11:49:15,289 - INFO - Enter 키로 제출 완료
2025-09-19 11:49:15,290 - INFO - [process_registration] 등록 후 5초 대기...
2025-09-19 11:49:20,290 - INFO - ✅ [7/149] 검토자 '안지언' (이메일: anjiunful@gmail.com) 등록 시도 성공 (5초 대기 후)
2025-09-19 11:49:20,291 - INFO - [8/149] 검토자 '현대준' (이메일: ars0130@gmail.com) 등록 시도 중...
2025-09-19 11:49:20,292 - INFO - 검토자 추가 시작: ars0130@gmail.com
2025-09-19 11:49:20,292 - INFO - 이미 콘텐츠 검토 페이지에 있습니다. 바로 이메일 입력을 시도합니다.
2025-09-19 11:49:21,293 - INFO - 이메일 'ars0130@gmail.com' 입력 시도...
2025-09-19 11:49:21,321 - INFO - 이메일 입력 필드를 찾았습니다
2025-09-19 11:49:21,365 - INFO - 이메일 'ars0130@gmail.com' 입력 완료
2025-09-19 11:49:21,387 - INFO - Enter 키로 제출 완료
2025-09-19 11:49:21,387 - INFO - [process_registration] 등록 후 5초 대기...
2025-09-19 11:49:26,387 - INFO - ✅ [8/149] 검토자 '현대준' (이메일: ars0130@gmail.com) 등록 시도 성공 (5초 대기 후)
2025-09-19 11:49:26,388 - INFO - [9/149] 검토자 '백창원' (이메일: baekcw@gmail.com) 등록 시도 중...
2025-09-19 11:49:26,389 - INFO - 검토자 추가 시작: baekcw@gmail.com
2025-09-19 11:49:26,389 - INFO - 이미 콘텐츠 검토 페이지에 있습니다. 바로 이메일 입력을 시도합니다.
2025-09-19 11:49:27,390 - INFO - 이메일 'baekcw@gmail.com' 입력 시도...
2025-09-19 11:49:27,417 - INFO - 이메일 입력 필드를 찾았습니다
2025-09-19 11:49:27,461 - INFO - 이메일 'baekcw@gmail.com' 입력 완료
2025-09-19 11:49:27,485 - INFO - Enter 키로 제출 완료
2025-09-19 11:49:27,485 - INFO - [process_registration] 등록 후 5초 대기...
2025-09-19 11:49:32,485 - INFO - ✅ [9/149] 검토자 '백창원' (이메일: baekcw@gmail.com) 등록 시도 성공 (5초 대기 후)
2025-09-19 11:49:32,486 - INFO - [10/149] 검토자 '박순찬' (이메일: bcarpediemer@gmail.com) 등록 시도 중...
2025-09-19 11:49:32,487 - INFO - 검토자 추가 시작: bcarpediemer@gmail.com
2025-09-19 11:49:32,487 - INFO - 이미 콘텐츠 검토 페이지에 있습니다. 바로 이메일 입력을 시도합니다.
2025-09-19 11:49:33,488 - INFO - 이메일 'bcarpediemer@gmail.com' 입력 시도...
2025-09-19 11:49:33,513 - INFO - 이메일 입력 필드를 찾았습니다
2025-09-19 11:49:33,562 - INFO - 이메일 'bcarpediemer@gmail.com' 입력 완료
2025-09-19 11:49:33,584 - INFO - Enter 키로 제출 완료
2025-09-19 11:49:33,584 - INFO - [process_registration] 등록 후 5초 대기...
2025-09-19 11:49:38,585 - INFO - ✅ [10/149] 검토자 '박순찬' (이메일: bcarpediemer@gmail.com) 등록 시도 성공 (5초 대기 후)
2025-09-19 11:49:38,586 - INFO - [11/149] 검토자 '최이선' (이메일: biicii5210@gmail.com) 등록 시도 중...
2025-09-19 11:49:38,587 - INFO - 검토자 추가 시작: biicii5210@gmail.com
2025-09-19 11:49:38,587 - INFO - 이미 콘텐츠 검토 페이지에 있습니다. 바로 이메일 입력을 시도합니다.
2025-09-19 11:49:39,588 - INFO - 이메일 'biicii5210@gmail.com' 입력 시도...
2025-09-19 11:49:39,628 - INFO - 이메일 입력 필드를 찾았습니다
2025-09-19 11:49:39,671 - INFO - 이메일 'biicii5210@gmail.com' 입력 완료
2025-09-19 11:49:39,695 - INFO - Enter 키로 제출 완료
2025-09-19 11:49:39,695 - INFO - [process_registration] 등록 후 5초 대기...
2025-09-19 11:49:44,695 - INFO - ✅ [11/149] 검토자 '최이선' (이메일: biicii5210@gmail.com) 등록 시도 성공 (5초 대기 후)
2025-09-19 11:49:44,696 - INFO - [12/149] 검토자 '김백기' (이메일: bkkim@gwnu.ac.kr) 등록 시도 중...
2025-09-19 11:49:44,697 - INFO - 검토자 추가 시작: bkkim@gwnu.ac.kr
2025-09-19 11:49:44,697 - INFO - 이미 콘텐츠 검토 페이지에 있습니다. 바로 이메일 입력을 시도합니다.
2025-09-19 11:49:45,698 - INFO - 이메일 'bkkim@gwnu.ac.kr' 입력 시도...
2025-09-19 11:49:45,739 - INFO - 이메일 입력 필드를 찾았습니다
2025-09-19 11:49:45,784 - INFO - 이메일 'bkkim@gwnu.ac.kr' 입력 완료
2025-09-19 11:49:45,806 - INFO - Enter 키로 제출 완료
2025-09-19 11:49:45,807 - INFO - [process_registration] 등록 후 5초 대기...
2025-09-19 11:49:50,807 - INFO - ✅ [12/149] 검토자 '김백기' (이메일: bkkim@gwnu.ac.kr) 등록 시도 성공 (5초 대기 후)
2025-09-19 11:49:50,808 - INFO - [13/149] 검토자 '송재혁' (이메일: blue2524@gmail.com) 등록 시도 중...
2025-09-19 11:49:50,808 - INFO - 검토자 추가 시작: blue2524@gmail.com
2025-09-19 11:49:50,808 - INFO - 이미 콘텐츠 검토 페이지에 있습니다. 바로 이메일 입력을 시도합니다.
2025-09-19 11:49:51,808 - INFO - 이메일 'blue2524@gmail.com' 입력 시도...
2025-09-19 11:49:51,833 - INFO - 이메일 입력 필드를 찾았습니다
2025-09-19 11:49:51,878 - INFO - 이메일 'blue2524@gmail.com' 입력 완료
2025-09-19 11:49:51,900 - INFO - Enter 키로 제출 완료
2025-09-19 11:49:51,900 - INFO - [process_registration] 등록 후 5초 대기...
2025-09-19 11:49:56,900 - INFO - ✅ [13/149] 검토자 '송재혁' (이메일: blue2524@gmail.com) 등록 시도 성공 (5초 대기 후)
2025-09-19 11:49:56,901 - INFO - [14/149] 검토자 '김봉균' (이메일: bongkyun2@gmail.com) 등록 시도 중...
2025-09-19 11:49:56,902 - INFO - 검토자 추가 시작: bongkyun2@gmail.com
2025-09-19 11:49:56,902 - INFO - 이미 콘텐츠 검토 페이지에 있습니다. 바로 이메일 입력을 시도합니다.
2025-09-19 11:49:57,903 - INFO - 이메일 'bongkyun2@gmail.com' 입력 시도...
2025-09-19 11:49:57,935 - INFO - 이메일 입력 필드를 찾았습니다
2025-09-19 11:49:57,980 - INFO - 이메일 'bongkyun2@gmail.com' 입력 완료
2025-09-19 11:49:58,003 - INFO - Enter 키로 제출 완료
2025-09-19 11:49:58,003 - INFO - [process_registration] 등록 후 5초 대기...
2025-09-19 11:50:03,004 - INFO - ✅ [14/149] 검토자 '김봉균' (이메일: bongkyun2@gmail.com) 등록 시도 성공 (5초 대기 후)
2025-09-19 11:50:03,004 - INFO - [15/149] 검토자 '편제범' (이메일: bumy1228@gmail.com) 등록 시도 중...
2025-09-19 11:50:03,004 - INFO - 검토자 추가 시작: bumy1228@gmail.com
2025-09-19 11:50:03,004 - INFO - 이미 콘텐츠 검토 페이지에 있습니다. 바로 이메일 입력을 시도합니다.
2025-09-19 11:50:04,005 - INFO - 이메일 'bumy1228@gmail.com' 입력 시도...
2025-09-19 11:50:04,024 - INFO - 이메일 입력 필드를 찾았습니다
2025-09-19 11:50:04,071 - INFO - 이메일 'bumy1228@gmail.com' 입력 완료
2025-09-19 11:50:04,094 - INFO - Enter 키로 제출 완료
2025-09-19 11:50:04,095 - INFO - [process_registration] 등록 후 5초 대기...
2025-09-19 11:50:09,095 - INFO - ✅ [15/149] 검토자 '편제범' (이메일: bumy1228@gmail.com) 등록 시도 성공 (5초 대기 후)
2025-09-19 11:50:09,095 - INFO - [16/149] 검토자 '차정은' (이메일: chaje1002@tukorea.ac.kr) 등록 시도 중...
2025-09-19 11:50:09,096 - INFO - 검토자 추가 시작: chaje1002@tukorea.ac.kr
2025-09-19 11:50:09,096 - INFO - 이미 콘텐츠 검토 페이지에 있습니다. 바로 이메일 입력을 시도합니다.
2025-09-19 11:50:10,096 - INFO - 이메일 'chaje1002@tukorea.ac.kr' 입력 시도...
2025-09-19 11:50:10,121 - INFO - 이메일 입력 필드를 찾았습니다
2025-09-19 11:50:10,171 - INFO - 이메일 'chaje1002@tukorea.ac.kr' 입력 완료
2025-09-19 11:50:10,194 - INFO - Enter 키로 제출 완료
2025-09-19 11:50:10,194 - INFO - [process_registration] 등록 후 5초 대기...
2025-09-19 11:50:15,194 - INFO - ✅ [16/149] 검토자 '차정은' (이메일: chaje1002@tukorea.ac.kr) 등록 시도 성공 (5초 대기 후)
2025-09-19 11:50:15,195 - INFO - [17/149] 검토자 '이찬근' (이메일: changun@gmail.com) 등록 시도 중...
2025-09-19 11:50:15,195 - INFO - 검토자 추가 시작: changun@gmail.com
2025-09-19 11:50:15,195 - INFO - 이미 콘텐츠 검토 페이지에 있습니다. 바로 이메일 입력을 시도합니다.
2025-09-19 11:50:16,195 - INFO - 이메일 'changun@gmail.com' 입력 시도...
2025-09-19 11:50:16,214 - INFO - 이메일 입력 필드를 찾았습니다
2025-09-19 11:50:16,296 - INFO - 이메일 'changun@gmail.com' 입력 완료
2025-09-19 11:50:16,332 - INFO - Enter 키로 제출 완료
2025-09-19 11:50:16,332 - INFO - [process_registration] 등록 후 5초 대기...
2025-09-19 11:50:21,332 - INFO - ✅ [17/149] 검토자 '이찬근' (이메일: changun@gmail.com) 등록 시도 성공 (5초 대기 후)
2025-09-19 11:50:21,333 - INFO - [18/149] 검토자 '최윤혁' (이메일: chldbsgur123@sookmyung.ac.kr) 등록 시도 중...
2025-09-19 11:50:21,333 - INFO - 검토자 추가 시작: chldbsgur123@sookmyung.ac.kr
2025-09-19 11:50:21,333 - INFO - 이미 콘텐츠 검토 페이지에 있습니다. 바로 이메일 입력을 시도합니다.
2025-09-19 11:50:22,334 - INFO - 이메일 'chldbsgur123@sookmyung.ac.kr' 입력 시도...
2025-09-19 11:50:22,356 - INFO - 이메일 입력 필드를 찾았습니다
2025-09-19 11:50:22,441 - INFO - 이메일 'chldbsgur123@sookmyung.ac.kr' 입력 완료
2025-09-19 11:50:22,476 - INFO - Enter 키로 제출 완료
2025-09-19 11:50:22,476 - INFO - [process_registration] 등록 후 5초 대기...
2025-09-19 11:50:27,477 - INFO - ✅ [18/149] 검토자 '최윤혁' (이메일: chldbsgur123@sookmyung.ac.kr) 등록 시도 성공 (5초 대기 후)
2025-09-19 11:50:27,477 - INFO - [19/149] 검토자 '천소라' (이메일: chonkate@gmail.com) 등록 시도 중...
2025-09-19 11:50:27,477 - INFO - 검토자 추가 시작: chonkate@gmail.com
2025-09-19 11:50:27,477 - INFO - 이미 콘텐츠 검토 페이지에 있습니다. 바로 이메일 입력을 시도합니다.
2025-09-19 11:50:28,478 - INFO - 이메일 'chonkate@gmail.com' 입력 시도...
2025-09-19 11:50:28,502 - INFO - 이메일 입력 필드를 찾았습니다
2025-09-19 11:50:28,571 - INFO - 이메일 'chonkate@gmail.com' 입력 완료
2025-09-19 11:50:28,594 - INFO - Enter 키로 제출 완료
2025-09-19 11:50:28,594 - INFO - [process_registration] 등록 후 5초 대기...
2025-09-19 11:50:33,594 - INFO - ✅ [19/149] 검토자 '천소라' (이메일: chonkate@gmail.com) 등록 시도 성공 (5초 대기 후)
2025-09-19 11:50:33,595 - INFO - [20/149] 검토자 '정지훈' (이메일: chungjh@hanyang.ac.kr) 등록 시도 중...
2025-09-19 11:50:33,595 - INFO - 검토자 추가 시작: chungjh@hanyang.ac.kr
2025-09-19 11:50:33,595 - INFO - 이미 콘텐츠 검토 페이지에 있습니다. 바로 이메일 입력을 시도합니다.
2025-09-19 11:50:34,596 - INFO - 이메일 'chungjh@hanyang.ac.kr' 입력 시도...
2025-09-19 11:50:34,618 - INFO - 이메일 입력 필드를 찾았습니다
2025-09-19 11:50:34,674 - INFO - 이메일 'chungjh@hanyang.ac.kr' 입력 완료
2025-09-19 11:50:34,697 - INFO - Enter 키로 제출 완료
2025-09-19 11:50:34,697 - INFO - [process_registration] 등록 후 5초 대기...
2025-09-19 11:50:39,698 - INFO - ✅ [20/149] 검토자 '정지훈' (이메일: chungjh@hanyang.ac.kr) 등록 시도 성공 (5초 대기 후)
2025-09-19 11:50:39,699 - INFO - [21/149] 검토자 '정용주' (이메일: chungyj1@gmail.com) 등록 시도 중...
2025-09-19 11:50:39,699 - INFO - 검토자 추가 시작: chungyj1@gmail.com
2025-09-19 11:50:39,699 - INFO - 이미 콘텐츠 검토 페이지에 있습니다. 바로 이메일 입력을 시도합니다.
2025-09-19 11:50:40,699 - INFO - 이메일 'chungyj1@gmail.com' 입력 시도...
2025-09-19 11:50:40,721 - INFO - 이메일 입력 필드를 찾았습니다
2025-09-19 11:50:40,772 - INFO - 이메일 'chungyj1@gmail.com' 입력 완료
2025-09-19 11:50:40,798 - INFO - Enter 키로 제출 완료
2025-09-19 11:50:40,798 - INFO - [process_registration] 등록 후 5초 대기...
2025-09-19 11:50:45,799 - INFO - ✅ [21/149] 검토자 '정용주' (이메일: chungyj1@gmail.com) 등록 시도 성공 (5초 대기 후)
2025-09-19 11:50:45,800 - INFO - [22/149] 검토자 '최완수' (이메일: cws2119@ptu.ac.kr) 등록 시도 중...
2025-09-19 11:50:45,800 - INFO - 검토자 추가 시작: cws2119@ptu.ac.kr
2025-09-19 11:50:45,800 - INFO - 이미 콘텐츠 검토 페이지에 있습니다. 바로 이메일 입력을 시도합니다.
2025-09-19 11:50:46,800 - INFO - 이메일 'cws2119@ptu.ac.kr' 입력 시도...
2025-09-19 11:50:46,823 - INFO - 이메일 입력 필드를 찾았습니다
2025-09-19 11:50:46,869 - INFO - 이메일 'cws2119@ptu.ac.kr' 입력 완료
2025-09-19 11:50:46,890 - INFO - Enter 키로 제출 완료
2025-09-19 11:50:46,890 - INFO - [process_registration] 등록 후 5초 대기...
2025-09-19 11:50:51,891 - INFO - ✅ [22/149] 검토자 '최완수' (이메일: cws2119@ptu.ac.kr) 등록 시도 성공 (5초 대기 후)
2025-09-19 11:50:51,891 - INFO - [23/149] 검토자 '이재문' (이메일: dddcom21@gachon.ac.kr) 등록 시도 중...
2025-09-19 11:50:51,891 - INFO - 검토자 추가 시작: dddcom21@gachon.ac.kr
2025-09-19 11:50:51,891 - INFO - 이미 콘텐츠 검토 페이지에 있습니다. 바로 이메일 입력을 시도합니다.
2025-09-19 11:50:52,892 - INFO - 이메일 'dddcom21@gachon.ac.kr' 입력 시도...
2025-09-19 11:50:52,914 - INFO - 이메일 입력 필드를 찾았습니다
2025-09-19 11:50:52,986 - INFO - 이메일 'dddcom21@gachon.ac.kr' 입력 완료
2025-09-19 11:50:53,007 - INFO - Enter 키로 제출 완료
2025-09-19 11:50:53,007 - INFO - [process_registration] 등록 후 5초 대기...
2025-09-19 11:50:58,007 - INFO - ✅ [23/149] 검토자 '이재문' (이메일: dddcom21@gachon.ac.kr) 등록 시도 성공 (5초 대기 후)
2025-09-19 11:50:58,008 - INFO - [24/149] 검토자 '이광준' (이메일: deeplight63@gmail.com) 등록 시도 중...
2025-09-19 11:50:58,008 - INFO - 검토자 추가 시작: deeplight63@gmail.com
2025-09-19 11:50:58,008 - INFO - 이미 콘텐츠 검토 페이지에 있습니다. 바로 이메일 입력을 시도합니다.
2025-09-19 11:50:59,008 - INFO - 이메일 'deeplight63@gmail.com' 입력 시도...
2025-09-19 11:50:59,066 - INFO - 이메일 입력 필드를 찾았습니다
2025-09-19 11:50:59,141 - INFO - 이메일 'deeplight63@gmail.com' 입력 완료
2025-09-19 11:50:59,165 - INFO - Enter 키로 제출 완료
2025-09-19 11:50:59,165 - INFO - [process_registration] 등록 후 5초 대기...
2025-09-19 11:51:04,166 - INFO - ✅ [24/149] 검토자 '이광준' (이메일: deeplight63@gmail.com) 등록 시도 성공 (5초 대기 후)
2025-09-19 11:51:04,166 - INFO - [25/149] 검토자 '하지현' (이메일: dev.jihyeon@gmail.com) 등록 시도 중...
2025-09-19 11:51:04,166 - INFO - 검토자 추가 시작: dev.jihyeon@gmail.com
2025-09-19 11:51:04,166 - INFO - 이미 콘텐츠 검토 페이지에 있습니다. 바로 이메일 입력을 시도합니다.
2025-09-19 11:51:05,167 - INFO - 이메일 'dev.jihyeon@gmail.com' 입력 시도...
2025-09-19 11:51:05,209 - INFO - 이메일 입력 필드를 찾았습니다
2025-09-19 11:51:05,276 - INFO - 이메일 'dev.jihyeon@gmail.com' 입력 완료
2025-09-19 11:51:05,301 - INFO - Enter 키로 제출 완료
2025-09-19 11:51:05,301 - INFO - [process_registration] 등록 후 5초 대기...
2025-09-19 11:51:10,302 - INFO - ✅ [25/149] 검토자 '하지현' (이메일: dev.jihyeon@gmail.com) 등록 시도 성공 (5초 대기 후)
2025-09-19 11:51:10,302 - INFO - [26/149] 검토자 '이하연' (이메일: dgkdus99@gmail.com) 등록 시도 중...
2025-09-19 11:51:10,302 - INFO - 검토자 추가 시작: dgkdus99@gmail.com
2025-09-19 11:51:10,302 - INFO - 이미 콘텐츠 검토 페이지에 있습니다. 바로 이메일 입력을 시도합니다.
2025-09-19 11:51:11,303 - INFO - 이메일 'dgkdus99@gmail.com' 입력 시도...
2025-09-19 11:51:11,324 - INFO - 이메일 입력 필드를 찾았습니다
2025-09-19 11:51:11,374 - INFO - 이메일 'dgkdus99@gmail.com' 입력 완료
2025-09-19 11:51:11,398 - INFO - Enter 키로 제출 완료
2025-09-19 11:51:11,399 - INFO - [process_registration] 등록 후 5초 대기...
2025-09-19 11:51:16,399 - INFO - ✅ [26/149] 검토자 '이하연' (이메일: dgkdus99@gmail.com) 등록 시도 성공 (5초 대기 후)
2025-09-19 11:51:16,400 - INFO - [27/149] 검토자 '김동환' (이메일: dhkim3737@gmail.com) 등록 시도 중...
2025-09-19 11:51:16,401 - INFO - 검토자 추가 시작: dhkim3737@gmail.com
2025-09-19 11:51:16,401 - INFO - 이미 콘텐츠 검토 페이지에 있습니다. 바로 이메일 입력을 시도합니다.
2025-09-19 11:51:17,402 - INFO - 이메일 'dhkim3737@gmail.com' 입력 시도...
2025-09-19 11:51:17,422 - INFO - 이메일 입력 필드를 찾았습니다
2025-09-19 11:51:17,475 - INFO - 이메일 'dhkim3737@gmail.com' 입력 완료
2025-09-19 11:51:17,511 - INFO - Enter 키로 제출 완료
2025-09-19 11:51:17,511 - INFO - [process_registration] 등록 후 5초 대기...
2025-09-19 11:51:22,512 - INFO - ✅ [27/149] 검토자 '김동환' (이메일: dhkim3737@gmail.com) 등록 시도 성공 (5초 대기 후)
2025-09-19 11:51:22,512 - INFO - [28/149] 검토자 '조돈제' (이메일: djcho1234@gmail.com) 등록 시도 중...
2025-09-19 11:51:22,512 - INFO - 검토자 추가 시작: djcho1234@gmail.com
2025-09-19 11:51:22,512 - INFO - 이미 콘텐츠 검토 페이지에 있습니다. 바로 이메일 입력을 시도합니다.
2025-09-19 11:51:23,513 - INFO - 이메일 'djcho1234@gmail.com' 입력 시도...
2025-09-19 11:51:23,580 - INFO - 이메일 입력 필드를 찾았습니다
2025-09-19 11:51:23,631 - INFO - 이메일 'djcho1234@gmail.com' 입력 완료
2025-09-19 11:51:23,657 - INFO - Enter 키로 제출 완료
2025-09-19 11:51:23,657 - INFO - [process_registration] 등록 후 5초 대기...
2025-09-19 11:51:28,658 - INFO - ✅ [28/149] 검토자 '조돈제' (이메일: djcho1234@gmail.com) 등록 시도 성공 (5초 대기 후)
2025-09-19 11:51:28,658 - INFO - [29/149] 검토자 '이동준' (이메일: djrhee89@kookmin.ac.kr) 등록 시도 중...
2025-09-19 11:51:28,659 - INFO - 검토자 추가 시작: djrhee89@kookmin.ac.kr
2025-09-19 11:51:28,659 - INFO - 이미 콘텐츠 검토 페이지에 있습니다. 바로 이메일 입력을 시도합니다.
2025-09-19 11:51:29,660 - INFO - 이메일 'djrhee89@kookmin.ac.kr' 입력 시도...
2025-09-19 11:51:29,684 - INFO - 이메일 입력 필드를 찾았습니다
2025-09-19 11:51:29,735 - INFO - 이메일 'djrhee89@kookmin.ac.kr' 입력 완료
2025-09-19 11:51:29,758 - INFO - Enter 키로 제출 완료
2025-09-19 11:51:29,758 - INFO - [process_registration] 등록 후 5초 대기...
2025-09-19 11:51:34,758 - INFO - ✅ [29/149] 검토자 '이동준' (이메일: djrhee89@kookmin.ac.kr) 등록 시도 성공 (5초 대기 후)
2025-09-19 11:51:34,759 - INFO - [30/149] 검토자 '최만식' (이메일: doctormschoi@gmail.com) 등록 시도 중...
2025-09-19 11:51:34,759 - INFO - 검토자 추가 시작: doctormschoi@gmail.com
2025-09-19 11:51:34,759 - INFO - 이미 콘텐츠 검토 페이지에 있습니다. 바로 이메일 입력을 시도합니다.
2025-09-19 11:51:35,760 - INFO - 이메일 'doctormschoi@gmail.com' 입력 시도...
2025-09-19 11:51:35,778 - INFO - 이메일 입력 필드를 찾았습니다
2025-09-19 11:51:35,847 - INFO - 이메일 'doctormschoi@gmail.com' 입력 완료
2025-09-19 11:51:35,871 - INFO - Enter 키로 제출 완료
2025-09-19 11:51:35,871 - INFO - [process_registration] 등록 후 5초 대기...
2025-09-19 11:51:40,871 - INFO - ✅ [30/149] 검토자 '최만식' (이메일: doctormschoi@gmail.com) 등록 시도 성공 (5초 대기 후)
2025-09-19 11:51:40,872 - INFO - [31/149] 검토자 '이동현' (이메일: donghyun.lee@hufs.ac.kr) 등록 시도 중...
2025-09-19 11:51:40,872 - INFO - 검토자 추가 시작: donghyun.lee@hufs.ac.kr
2025-09-19 11:51:40,872 - INFO - 이미 콘텐츠 검토 페이지에 있습니다. 바로 이메일 입력을 시도합니다.
2025-09-19 11:51:41,872 - INFO - 이메일 'donghyun.lee@hufs.ac.kr' 입력 시도...
2025-09-19 11:51:41,889 - INFO - 이메일 입력 필드를 찾았습니다
2025-09-19 11:51:41,950 - INFO - 이메일 'donghyun.lee@hufs.ac.kr' 입력 완료
2025-09-19 11:51:41,974 - INFO - Enter 키로 제출 완료
2025-09-19 11:51:41,974 - INFO - [process_registration] 등록 후 5초 대기...
2025-09-19 11:51:46,975 - INFO - ✅ [31/149] 검토자 '이동현' (이메일: donghyun.lee@hufs.ac.kr) 등록 시도 성공 (5초 대기 후)
2025-09-19 11:51:46,975 - INFO - [32/149] 검토자 '김동영' (이메일: dongyoung.kim0123@gmail.com) 등록 시도 중...
2025-09-19 11:51:46,975 - INFO - 검토자 추가 시작: dongyoung.kim0123@gmail.com
2025-09-19 11:51:46,975 - INFO - 이미 콘텐츠 검토 페이지에 있습니다. 바로 이메일 입력을 시도합니다.
2025-09-19 11:51:47,976 - INFO - 이메일 'dongyoung.kim0123@gmail.com' 입력 시도...
2025-09-19 11:51:47,993 - INFO - 이메일 입력 필드를 찾았습니다
2025-09-19 11:51:48,064 - INFO - 이메일 'dongyoung.kim0123@gmail.com' 입력 완료
2025-09-19 11:51:48,087 - INFO - Enter 키로 제출 완료
2025-09-19 11:51:48,087 - INFO - [process_registration] 등록 후 5초 대기...
