2025-09-16 10:52:03,706 - INFO - 전자책 검토자 자동 등록 시스템 시작
2025-09-16 10:52:08,108 - INFO - 엑셀 파일 읽기 성공: C:/Users/taejin/Downloads/전자책견본처리현황_2025-06-16 ~ 2025-09-16.xls
2025-09-16 10:52:08,108 - INFO - 총 3개의 행이 발견됨
2025-09-16 10:52:08,108 - INFO - 엑셀 파일 컬럼: ['접수일', '발송유형', '발송자', '이름', '이메일', '지메일', '휴대전화', '소속학교', '도서코드', '도서명', '처리일', '열람기한', '강의대학', '강의학과', '강의명']
2025-09-16 10:52:08,110 - INFO - 유효한 데이터: 3개 행
2025-09-16 10:52:08,111 - INFO - 검토자 데이터 샘플:
 이름  도서코드                        지메일
정정윤 40021       jcheongyun@gmail.com
김민호  4508          bamnabi@gmail.com
이두원  4449 ectechlaboratory@gmail.com
2025-09-16 10:52:08,111 - INFO - 구글 스프레드시트에서 도서 정보 데이터베이스를 구축합니다...
2025-09-16 10:52:08,111 - INFO - Google 스프레드시트 URL에서 도서 정보 데이터베이스 읽기 시도: https://docs.google.com/spreadsheets/d/18uXAoTIz07WEBzFgCYC5asaOUkLujYgQtezDsmPWiGY/export?format=csv&gid=0
2025-09-16 10:52:09,783 - INFO - 스프레드시트 데이터를 UTF-8로 디코딩했습니다.
2025-09-16 10:52:09,796 - INFO - 스프레드시트 컬럼: ['code', 'title', 'ISBN', 'eISBN', 'publisher', 'g_title', 's_isbn']
2025-09-16 10:52:09,864 - INFO - 도서 정보 데이터베이스 구축 완료: 총 0개의 도서 정보 로드
2025-09-16 10:52:09,866 - INFO - 검토자 정보와 도서 데이터베이스 정보를 매핑합니다...
2025-09-16 10:52:09,866 - INFO - 
===== 검토자 정보 =====
2025-09-16 10:52:09,867 - INFO - [1] 도서코드: 40021, 이름: 정정윤, 이메일: jcheongyun@gmail.com
2025-09-16 10:52:09,867 - INFO - [2] 도서코드: 4508, 이름: 김민호, 이메일: bamnabi@gmail.com
2025-09-16 10:52:09,867 - INFO - [3] 도서코드: 4449, 이름: 이두원, 이메일: ectechlaboratory@gmail.com
2025-09-16 10:52:09,867 - INFO - =====================

2025-09-16 10:52:13,572 - INFO - 도서 데이터베이스 로드 시작...
2025-09-16 10:52:13,576 - INFO - 구글 스프레드시트에서 도서 데이터베이스 로드 중: https://docs.google.com/spreadsheets/d/18uXAoTIz07WEBzFgCYC5asaOUkLujYgQtezDsmPWiGY/export?format=csv&gid=0
2025-09-16 10:52:15,192 - INFO - 스프레드시트 로드 성공: 3925행 발견
2025-09-16 10:52:15,193 - INFO - 컬럼명 변환 결과: ['도서코드', '도서명', 'ISBN', 'eISBN', '출판사', 'g_title', 's_isbn']
2025-09-16 10:52:15,193 - WARNING - 스프레드시트 컬럼 개수(7)와 기대값(6)이 다릅니다. 실제 컬럼명: ['도서코드', '도서명', 'ISBN', 'eISBN', '출판사', 'g_title', 's_isbn']
2025-09-16 10:52:15,290 - INFO - 도서 데이터베이스 로드 완료: 3925개 도서
2025-09-16 10:52:15,291 - INFO - 출판사별 도서 수: {'한빛아카데미': 849, '한빛미디어': 3076}
2025-09-16 10:52:15,293 - INFO - 웹 드라이버 설정 시작...
2025-09-16 10:52:15,295 - INFO - Chrome 드라이버 설정 시작...
2025-09-16 10:52:15,295 - INFO - config.py에서 크롬 브라우저 경로 사용: C:\Program Files\Google\Chrome\Application\chrome.exe
2025-09-16 10:52:15,295 - INFO - ChromeDriverManager를 사용하여 드라이버 다운로드 중...
2025-09-16 10:52:15,296 - INFO - ====== WebDriver manager ======
2025-09-16 10:52:15,907 - INFO - Get LATEST chromedriver version for google-chrome
2025-09-16 10:52:16,121 - INFO - Get LATEST chromedriver version for google-chrome
2025-09-16 10:52:16,334 - INFO - Driver [C:\Users\taejin\.wdm\drivers\chromedriver\win64\140.0.7339.82\chromedriver-win32/chromedriver.exe] found in cache
2025-09-16 10:52:16,334 - INFO - 크롬 드라이버 다운로드 성공: C:\Users\taejin\.wdm\drivers\chromedriver\win64\140.0.7339.82\chromedriver-win32/chromedriver.exe
2025-09-16 10:52:17,390 - INFO - 자동화 감지 방지 스크립트 실행 완료
2025-09-16 10:52:17,390 - INFO - Chrome 드라이버 설정 완료
2025-09-16 10:52:17,390 - INFO - Google 로그인 시도...
2025-09-16 10:52:17,392 - INFO - Google Play Books 파트너스 센터로 이동: https://play.google.com/books/publish/u/0/?hl=ko
2025-09-16 10:52:21,430 - INFO - 현재 URL: https://accounts.google.com/v3/signin/identifier?continue=https%3A%2F%2Fplay.google.com%2Fbooks%2Fpublish%2Fredirect&followup=https%3A%2F%2Fplay.google.com%2Fbooks%2Fpublish%2Fredirect&ifkv=AfYwgwWTbWwyBYehl1xHVfCpmvp-0wPqDbb1fLiqg_sS9DPA7MLkg8OgV1av4mLHX6IovSMlVgMEYg&passive=1209600&service=printpublisher&flowName=GlifWebSignIn&flowEntry=ServiceLogin&dsh=S507004871%3A1757987542602063
2025-09-16 10:52:21,430 - INFO - ============================================================
2025-09-16 10:52:21,430 - INFO - 🔐 Google Play Books 파트너스 센터 로그인이 필요합니다.
2025-09-16 10:52:21,431 - INFO - 📌 브라우저 창에서 다음 단계를 진행해주세요:
2025-09-16 10:52:21,431 - INFO -    1. Google 계정으로 로그인
2025-09-16 10:52:21,431 - INFO -    2. 2단계 인증 완료 (필요한 경우)
2025-09-16 10:52:21,431 - INFO -    3. Google Play Books 파트너스 센터 대시보드가 표시될 때까지 대기
2025-09-16 10:52:21,431 - INFO - ============================================================
2025-09-16 10:52:44,101 - INFO - ✅ 사용자가 로그인 완료를 확인했습니다.
2025-09-16 10:52:44,102 - INFO - 처리 중 (1/3): 정정윤 - [eBook] IT CookBook, Android Studio를 활용한 안드로이드 프로그래밍(9판) - jcheongyun@gmail.com
2025-09-16 10:52:44,102 - INFO -   도서코드: 40021, ISBN: 9791156640219, 출판사: 한빛아카데미
2025-09-16 10:52:44,104 - INFO - 도서 검색 시작 - 도서코드: 40021
2025-09-16 10:52:44,105 - INFO - 도서 정보 - 제목: 교재)Android Studio를 활용한 안드로이드 프로그래밍(9판) : Android 14.0(U) 지원, ISBN: 9791156640219, eISBN: 9791156640776, 출판사: 한빛아카데미
2025-09-16 10:52:44,105 - INFO - 도서 목록 페이지로 직접 이동: https://play.google.com/books/publish/a/535699340789858766#list?sortby=last_updated&sortdir=desc
2025-09-16 10:52:47,113 - INFO - 도서 목록 페이지 로드 완료
2025-09-16 10:52:49,130 - INFO - 페이지 요소 로드 대기 완료
2025-09-16 10:52:49,131 - INFO - 출판사 선택 드롭다운 클릭 시도... (대상 출판사: 한빛아카데미)
2025-09-16 10:52:49,214 - INFO - 출판사 선택 드롭다운 열기 성공
2025-09-16 10:52:51,215 - INFO - 선택할 출판사: 한빛아카데미
2025-09-16 10:52:54,316 - INFO - 한빛아카데미 출판사 선택 성공
2025-09-16 10:52:56,317 - INFO - 검색창에 도서명 'Android Studio를 활용한 안드로이드 프로그래밍(9판) : Android 14.0(U) 지원' 입력 시도...
2025-09-16 10:53:02,612 - INFO - 도서명 검색 입력 완료
2025-09-16 10:53:02,613 - INFO - 검색 결과 중 첫 번째 도서 클릭 시도...
2025-09-16 10:53:02,692 - INFO - 첫 번째 도서 클릭 성공: /html/body/pfe-app/partner-center/div[2]/div/ng-component/ng-component/div/catalog-table/div/table/tbody/tr/td[1]/div/div/a
2025-09-16 10:53:05,693 - INFO - 도서 '교재)Android Studio를 활용한 안드로이드 프로그래밍(9판) : Android 14.0(U) 지원' (ISBN: 9791156640219) 검색 및 선택 완료
2025-09-16 10:53:05,694 - INFO - 검토자 추가 시작: jcheongyun@gmail.com
2025-09-16 10:53:05,694 - INFO - 콘텐츠 검토 아이템 클릭 시도...
2025-09-16 10:53:05,811 - INFO - 콘텐츠 검토 아이템 클릭 성공
2025-09-16 10:53:08,812 - INFO - 이메일 입력 필드에 'jcheongyun@gmail.com' 입력 시도...
2025-09-16 10:53:08,897 - INFO - 이메일 입력 완료
2025-09-16 10:53:10,954 - INFO - Enter 키로 제출 시도
2025-09-16 10:53:15,955 - INFO - 검토자 'jcheongyun@gmail.com' 추가 완료
2025-09-16 10:53:17,957 - INFO - 처리 중 (2/3): 김민호 - [eBook] IT CookBook, 파이썬으로 만드는 인공지능 - bamnabi@gmail.com
2025-09-16 10:53:17,958 - INFO -   도서코드: 4508, ISBN: 9791156645085, 출판사: 한빛아카데미
2025-09-16 10:53:17,967 - INFO - 도서 검색 시작 - 도서코드: 4508
2025-09-16 10:53:17,967 - INFO - 도서 정보 - 제목: 교재)파이썬으로 만드는 인공지능, ISBN: 9791156645085, eISBN: 9791156648284, 출판사: 한빛아카데미
2025-09-16 10:53:17,967 - INFO - 도서 목록 페이지로 직접 이동: https://play.google.com/books/publish/a/535699340789858766#list?sortby=last_updated&sortdir=desc
2025-09-16 10:53:23,712 - INFO - 도서 목록 페이지 로드 완료
2025-09-16 10:53:25,734 - INFO - 페이지 요소 로드 대기 완료
2025-09-16 10:53:25,736 - INFO - 출판사 선택 드롭다운 클릭 시도... (대상 출판사: 한빛아카데미)
2025-09-16 10:53:25,808 - INFO - 출판사 선택 드롭다운 열기 성공
2025-09-16 10:53:27,808 - INFO - 선택할 출판사: 한빛아카데미
2025-09-16 10:53:30,578 - INFO - 한빛아카데미 출판사 선택 성공
2025-09-16 10:53:32,578 - INFO - 검색창에 도서명 '파이썬으로 만드는 인공지능' 입력 시도...
2025-09-16 10:53:38,804 - INFO - 도서명 검색 입력 완료
2025-09-16 10:53:38,804 - INFO - 검색 결과 중 첫 번째 도서 클릭 시도...
2025-09-16 10:53:38,993 - INFO - 첫 번째 도서 클릭 성공: /html/body/pfe-app/partner-center/div[2]/div/ng-component/ng-component/div/catalog-table/div/table/tbody/tr/td[1]/div/div/a
2025-09-16 10:53:41,994 - INFO - 도서 '교재)파이썬으로 만드는 인공지능' (ISBN: 9791156645085) 검색 및 선택 완료
2025-09-16 10:53:41,996 - INFO - 검토자 추가 시작: bamnabi@gmail.com
2025-09-16 10:53:41,997 - INFO - 콘텐츠 검토 아이템 클릭 시도...
2025-09-16 10:53:44,731 - INFO - 콘텐츠 검토 아이템 클릭 성공
2025-09-16 10:53:47,732 - INFO - 이메일 입력 필드에 'bamnabi@gmail.com' 입력 시도...
2025-09-16 10:53:47,862 - INFO - 이메일 입력 완료
2025-09-16 10:53:49,924 - INFO - Enter 키로 제출 시도
2025-09-16 10:53:54,925 - INFO - 검토자 'bamnabi@gmail.com' 추가 완료
2025-09-16 10:53:56,926 - INFO - 처리 중 (3/3): 이두원 - [eBook] IT Cookbook, 처음 만나는 전자회로 - ectechlaboratory@gmail.com
2025-09-16 10:53:56,927 - INFO -   도서코드: 4449, ISBN: 9791156644491, 출판사: 한빛아카데미
2025-09-16 10:53:56,929 - INFO - 도서 검색 시작 - 도서코드: 4449
2025-09-16 10:53:56,929 - INFO - 도서 정보 - 제목: 교재375)처음 만나는 전자회로, ISBN: 9791156644491, eISBN: 9791156648864, 출판사: 한빛아카데미
2025-09-16 10:53:56,930 - INFO - 도서 목록 페이지로 직접 이동: https://play.google.com/books/publish/a/535699340789858766#list?sortby=last_updated&sortdir=desc
2025-09-16 10:54:01,959 - INFO - 도서 목록 페이지 로드 완료
2025-09-16 10:54:03,983 - INFO - 페이지 요소 로드 대기 완료
2025-09-16 10:54:03,984 - INFO - 출판사 선택 드롭다운 클릭 시도... (대상 출판사: 한빛아카데미)
2025-09-16 10:54:04,050 - INFO - 출판사 선택 드롭다운 열기 성공
2025-09-16 10:54:06,051 - INFO - 선택할 출판사: 한빛아카데미
2025-09-16 10:54:08,760 - INFO - 한빛아카데미 출판사 선택 성공
2025-09-16 10:54:10,761 - INFO - 검색창에 도서명 'IT Cookbook, 처음 만나는 전자회로' 입력 시도...
2025-09-16 10:54:17,001 - INFO - 도서명 검색 입력 완료
2025-09-16 10:54:17,002 - INFO - 검색 결과 중 첫 번째 도서 클릭 시도...
2025-09-16 10:54:17,096 - INFO - 첫 번째 도서 클릭 성공: /html/body/pfe-app/partner-center/div[2]/div/ng-component/ng-component/div/catalog-table/div/table/tbody/tr/td[1]/div/div/a
2025-09-16 10:54:20,097 - INFO - 도서 '교재375)처음 만나는 전자회로' (ISBN: 9791156644491) 검색 및 선택 완료
2025-09-16 10:54:20,098 - INFO - 검토자 추가 시작: ectechlaboratory@gmail.com
2025-09-16 10:54:20,098 - INFO - 콘텐츠 검토 아이템 클릭 시도...
2025-09-16 10:54:20,208 - INFO - 콘텐츠 검토 아이템 클릭 성공
2025-09-16 10:54:23,208 - INFO - 이메일 입력 필드에 'ectechlaboratory@gmail.com' 입력 시도...
2025-09-16 10:54:23,287 - INFO - 이메일 입력 완료
2025-09-16 10:54:25,323 - INFO - Enter 키로 제출 시도
2025-09-16 10:54:30,324 - INFO - 검토자 'ectechlaboratory@gmail.com' 추가 완료
2025-09-16 10:54:32,326 - INFO - 등록 완료 - 성공: 3, 실패: 0
2025-09-16 10:54:47,407 - ERROR - 결과 저장 실패: NDFrame.to_excel() got an unexpected keyword argument 'encoding'
2025-09-16 10:54:50,590 - ERROR - 결과 저장 실패: NDFrame.to_excel() got an unexpected keyword argument 'encoding'
