2025-09-15 08:37:58,281 - INFO - 전자책 검토자 자동 등록 시스템 시작
2025-09-15 08:38:01,179 - INFO - 엑셀 파일 읽기 성공: C:/Users/taejin/Downloads/전자책견본처리현황_2025-06-15 ~ 2025-09-15.xls
2025-09-15 08:38:01,180 - INFO - 총 4개의 행이 발견됨
2025-09-15 08:38:01,180 - INFO - 엑셀 파일 컬럼: ['접수일', '발송유형', '발송자', '이름', '이메일', '지메일', '휴대전화', '소속학교', '도서코드', '도서명', '처리일', '열람기한', '강의대학', '강의학과', '강의명']
2025-09-15 08:38:01,180 - INFO - I열(도서코드) 컬럼명: '도서코드'
2025-09-15 08:38:01,181 - INFO - 도서코드 컬럼 '도서코드' 포함하여 데이터 처리 완료
2025-09-15 08:38:01,181 - INFO - 유효한 데이터: 4개 행
2025-09-15 08:38:01,183 - INFO - 데이터 샘플:
 이름                                도서명                지메일  도서코드
김태진      [eBook] 혼자 공부하는 머신러닝+딥러닝(개정판)   kxowls@gmail.com 11360
문남미 [eBook] IT CookBook, 생성형 AI 활용과 실습 nammee01@gmail.com 41029
문남미         [eBook] IT Cookbook, 강화 학습 nammee01@gmail.com 41007
2025-09-15 08:38:04,418 - INFO - 도서 데이터베이스 로드 시작...
2025-09-15 08:38:04,422 - INFO - 구글 스프레드시트에서 도서 데이터베이스 로드 중...
2025-09-15 08:38:05,760 - INFO - 도서 데이터베이스 컬럼: ['도서코드', '도서명', 'ISBN', '출판사']
2025-09-15 08:38:05,835 - INFO - 도서 데이터베이스 로드 완료: 3925개 도서
2025-09-15 08:38:05,835 - INFO - 출판사별 도서 수: {'한빛아카데미': 849, '한빛미디어': 3076}
2025-09-15 08:38:05,836 - INFO - 웹 드라이버 설정 시작...
2025-09-15 08:38:05,838 - INFO - Chrome 드라이버 설정 시작...
2025-09-15 08:38:05,838 - INFO - config.py에서 크롬 브라우저 경로 사용: C:\Program Files\Google\Chrome\Application\chrome.exe
2025-09-15 08:38:05,839 - INFO - ChromeDriverManager를 사용하여 드라이버 다운로드 중...
2025-09-15 08:38:05,839 - INFO - ====== WebDriver manager ======
2025-09-15 08:38:06,396 - INFO - Get LATEST chromedriver version for google-chrome
2025-09-15 08:38:06,645 - INFO - Get LATEST chromedriver version for google-chrome
2025-09-15 08:38:06,893 - INFO - Driver [C:\Users\taejin\.wdm\drivers\chromedriver\win64\140.0.7339.82\chromedriver-win32/chromedriver.exe] found in cache
2025-09-15 08:38:06,893 - INFO - 크롬 드라이버 다운로드 성공: C:\Users\taejin\.wdm\drivers\chromedriver\win64\140.0.7339.82\chromedriver-win32/chromedriver.exe
2025-09-15 08:38:07,957 - INFO - 자동화 감지 방지 스크립트 실행 완료
2025-09-15 08:38:07,957 - INFO - Chrome 드라이버 설정 완료
2025-09-15 08:38:07,957 - INFO - Google 로그인 시도...
2025-09-15 08:38:07,959 - INFO - Google Play Books 파트너스 센터로 이동: https://play.google.com/books/publish/u/0/?hl=ko
2025-09-15 08:38:12,080 - INFO - 현재 URL: https://accounts.google.com/v3/signin/identifier?continue=https%3A%2F%2Fplay.google.com%2Fbooks%2Fpublish%2Fredirect&followup=https%3A%2F%2Fplay.google.com%2Fbooks%2Fpublish%2Fredirect&ifkv=AdBytiMpKObCL4HpJREUQyhu8qwOZYSJVMSDpAygloNhyEo-NQ9gtrlqMU8IH4YK2ADrwz7xXxfIKg&passive=1209600&service=printpublisher&flowName=GlifWebSignIn&flowEntry=ServiceLogin&dsh=S272471744%3A1757893090639178
2025-09-15 08:38:12,080 - INFO - ============================================================
2025-09-15 08:38:12,080 - INFO - 🔐 Google Play Books 파트너스 센터 로그인이 필요합니다.
2025-09-15 08:38:12,080 - INFO - 📌 브라우저 창에서 다음 단계를 진행해주세요:
2025-09-15 08:38:12,080 - INFO -    1. Google 계정으로 로그인
2025-09-15 08:38:12,080 - INFO -    2. 2단계 인증 완료 (필요한 경우)
2025-09-15 08:38:12,081 - INFO -    3. Google Play Books 파트너스 센터 대시보드가 표시될 때까지 대기
2025-09-15 08:38:12,081 - INFO - ============================================================
2025-09-15 08:38:12,083 - INFO - ⏰ 로그인 대기 중... (남은 시간: 300초)
2025-09-15 08:38:51,642 - INFO - ✅ Google Play Books 파트너스 센터 로그인 완료!
2025-09-15 08:38:51,643 - INFO - 처리 중 (1/4): 김태진 - [eBook] 혼자 공부하는 머신러닝+딥러닝(개정판) - kxowls@gmail.com
2025-09-15 08:38:51,644 - INFO -   도서코드: 11360, ISBN: 9791169213608, 출판사: 한빛미디어
2025-09-15 08:38:51,646 - INFO - 도서 검색 시작 - 도서코드: 11360
2025-09-15 08:38:51,646 - INFO - 도서 정보 - 제목: 혼자 공부하는 머신러닝+딥러닝(개정판), ISBN: 9791169213608, 출판사: 한빛미디어
2025-09-15 08:38:51,646 - INFO - 기본 메뉴(햄버거 메뉴) 클릭 시도...
