2025-09-19 11:10:56,022 - INFO - 전자책 검토자 자동 등록 시스템 시작
2025-09-19 11:10:59,321 - INFO - 엑셀 파일 읽기 성공: C:/Users/taejin/Downloads/신규회원 홍보 전자책.xlsx
2025-09-19 11:10:59,321 - INFO - 총 149개의 행이 발견됨
2025-09-19 11:10:59,321 - INFO - 엑셀 파일 컬럼: ['접수일', '발송유형', '발송자', '이름', '이메일', '지메일', '휴대전화', '소속학교', '도서코드', '도서명', '처리일', '열람기한', '강의대학', '강의학과', '강의명']
2025-09-19 11:10:59,322 - INFO - 유효한 데이터: 149개 행
2025-09-19 11:10:59,325 - INFO - 검토자 데이터 샘플:
 이름  도서코드                    지메일
이설아 41029   1026seolah@gmail.com
최홍인 41029 12200716@dankook.ac.kr
박정우 41029     215wjddn@gmail.com
2025-09-19 11:10:59,325 - INFO - 구글 스프레드시트에서 도서 정보 데이터베이스를 구축합니다...
2025-09-19 11:10:59,325 - INFO - Google 스프레드시트 URL에서 도서 정보 데이터베이스 읽기 시도: https://docs.google.com/spreadsheets/d/18uXAoTIz07WEBzFgCYC5asaOUkLujYgQtezDsmPWiGY/export?format=csv&gid=0
2025-09-19 11:11:01,311 - INFO - 스프레드시트 데이터를 UTF-8로 디코딩했습니다.
2025-09-19 11:11:01,329 - INFO - 스프레드시트 컬럼: ['code', 'title', 'ISBN', 'eISBN', 'publisher', 'g_title', 's_isbn']
2025-09-19 11:11:01,397 - INFO - 도서 정보 데이터베이스 구축 완료: 총 0개의 도서 정보 로드
2025-09-19 11:11:01,400 - INFO - 검토자 정보와 도서 데이터베이스 정보를 매핑합니다...
2025-09-19 11:11:01,402 - INFO - 
===== 검토자 정보 =====
2025-09-19 11:11:01,403 - INFO - [1] 도서코드: 41029, 이름: 이설아, 이메일: 1026seolah@gmail.com
2025-09-19 11:11:01,403 - INFO - [2] 도서코드: 41029, 이름: 최홍인, 이메일: 12200716@dankook.ac.kr
2025-09-19 11:11:01,403 - INFO - [3] 도서코드: 41029, 이름: 박정우, 이메일: 215wjddn@gmail.com
2025-09-19 11:11:01,403 - INFO - [4] 도서코드: 41029, 이름: 이수연, 이메일: 500pelle@gmail.com
2025-09-19 11:11:01,403 - INFO - [5] 도서코드: 41029, 이름: 오아름, 이메일: ahreum@gwnu.ac.kr
2025-09-19 11:11:01,403 - INFO - ... 외 144건
2025-09-19 11:11:01,403 - INFO - =====================

2025-09-19 11:11:03,932 - INFO - 도서 데이터베이스 로드 시작...
2025-09-19 11:11:03,934 - INFO - 구글 스프레드시트에서 도서 데이터베이스 로드 중: https://docs.google.com/spreadsheets/d/18uXAoTIz07WEBzFgCYC5asaOUkLujYgQtezDsmPWiGY/export?format=csv&gid=0
2025-09-19 11:11:05,467 - INFO - 스프레드시트 로드 성공: 3925행 발견
2025-09-19 11:11:05,468 - INFO - 컬럼명 변환 결과: ['도서코드', '도서명', 'ISBN', 'eISBN', '출판사', 'g_title', 's_isbn']
2025-09-19 11:11:05,468 - WARNING - 스프레드시트 컬럼 개수(7)와 기대값(6)이 다릅니다. 실제 컬럼명: ['도서코드', '도서명', 'ISBN', 'eISBN', '출판사', 'g_title', 's_isbn']
2025-09-19 11:11:05,567 - INFO - 도서 데이터베이스 로드 완료: 3925개 도서
2025-09-19 11:11:05,568 - INFO - 출판사별 도서 수: {'한빛아카데미': 849, '한빛미디어': 3076}
2025-09-19 11:11:05,570 - INFO - 웹 드라이버 설정 시작...
2025-09-19 11:11:05,572 - INFO - Chrome 드라이버 설정 시작...
2025-09-19 11:11:05,572 - INFO - config.py에서 크롬 브라우저 경로 사용: C:\Program Files\Google\Chrome\Application\chrome.exe
2025-09-19 11:11:05,572 - INFO - ChromeDriverManager를 사용하여 드라이버 다운로드 중...
2025-09-19 11:11:05,572 - INFO - ====== WebDriver manager ======
2025-09-19 11:11:06,144 - INFO - Get LATEST chromedriver version for google-chrome
2025-09-19 11:11:06,390 - INFO - Get LATEST chromedriver version for google-chrome
2025-09-19 11:11:06,630 - INFO - Driver [C:\Users\taejin\.wdm\drivers\chromedriver\win64\140.0.7339.185\chromedriver-win32/chromedriver.exe] found in cache
2025-09-19 11:11:06,631 - INFO - 크롬 드라이버 다운로드 성공: C:\Users\taejin\.wdm\drivers\chromedriver\win64\140.0.7339.185\chromedriver-win32/chromedriver.exe
2025-09-19 11:11:07,632 - INFO - 자동화 감지 방지 스크립트 실행 완료
2025-09-19 11:11:07,632 - INFO - Chrome 드라이버 설정 완료
2025-09-19 11:11:07,632 - INFO - Google 로그인 시도...
2025-09-19 11:11:07,634 - INFO - Google Play Books 파트너스 센터로 이동: https://play.google.com/books/publish/u/0/?hl=ko
2025-09-19 11:11:12,340 - INFO - 현재 URL: https://accounts.google.com/v3/signin/identifier?continue=https%3A%2F%2Fplay.google.com%2Fbooks%2Fpublish%2Fredirect&followup=https%3A%2F%2Fplay.google.com%2Fbooks%2Fpublish%2Fredirect&ifkv=AfYwgwXBEV02dz3EzFUPn_wrj4595bL4fh4D6VFNaPs8KZ-xHCBrjpHrbLJgmRrFJBOjEDTmVQoxqA&passive=1209600&service=printpublisher&flowName=GlifWebSignIn&flowEntry=ServiceLogin&dsh=S-1725040424%3A1758247874884151
2025-09-19 11:11:12,340 - INFO - ============================================================
2025-09-19 11:11:12,340 - INFO - 🔐 Google Play Books 파트너스 센터 로그인이 필요합니다.
2025-09-19 11:11:12,340 - INFO - 📌 브라우저 창에서 다음 단계를 진행해주세요:
2025-09-19 11:11:12,341 - INFO -    1. Google 계정으로 로그인
2025-09-19 11:11:12,341 - INFO -    2. 2단계 인증 완료 (필요한 경우)
2025-09-19 11:11:12,341 - INFO -    3. Google Play Books 파트너스 센터 대시보드가 표시될 때까지 대기
2025-09-19 11:11:12,341 - INFO - ============================================================
2025-09-19 11:11:33,460 - INFO - ✅ 사용자가 로그인 완료를 확인했습니다.
2025-09-19 11:11:33,464 - INFO - ====== 출판사 '한빛아카데미' 처리 시작 ======
2025-09-19 11:11:33,464 - INFO - 도서 '교재)생성형 AI 활용과 실습' (코드: 41029, ISBN: 9791173400292) 처리 시작
2025-09-19 11:11:33,464 - INFO - 검토자 149명 등록 예정
2025-09-19 11:11:33,470 - INFO - 도서 검색 시작 - 도서코드: 41029
2025-09-19 11:11:33,471 - INFO - 도서 정보 - 제목: 교재)생성형 AI 활용과 실습, ISBN: 9791173400292, eISBN: 9791173409738, 출판사: 한빛아카데미
2025-09-19 11:11:33,471 - INFO - 출판사 '한빛아카데미'의 도서 목록 페이지로 이동: https://play.google.com/books/publish/a/535699340789858766#list?sortby=last_updated&sortdir=desc&publisher=한빛아카데미
2025-09-19 11:11:35,479 - INFO - 도서 목록 페이지 로드 완료
2025-09-19 11:11:37,490 - INFO - 페이지 요소 로드 대기 완료
2025-09-19 11:11:37,491 - INFO - 출판사 선택 드롭다운 클릭 시도... (대상 출판사: 한빛아카데미)
2025-09-19 11:11:37,597 - INFO - 출판사 선택 드롭다운 열기 성공
2025-09-19 11:11:39,598 - INFO - 선택할 출판사: 한빛아카데미
2025-09-19 11:11:42,612 - INFO - 한빛아카데미 출판사 선택 성공
2025-09-19 11:11:44,613 - INFO - 검색창에 도서명 '생성형 AI 활용과 실습: 챗GPT부터 코파일럿까지 따라 하며 익히는 AI 활용 가이드' 입력 시도...
2025-09-19 11:11:50,935 - INFO - 도서명 검색 입력 완료
2025-09-19 11:11:50,936 - INFO - 검색 결과 중 첫 번째 도서 클릭 시도...
2025-09-19 11:11:50,999 - INFO - 첫 번째 도서 클릭 성공: /html/body/pfe-app/partner-center/div[2]/div/ng-component/ng-component/div/catalog-table/div/table/tbody/tr/td[1]/div/div/a
2025-09-19 11:11:54,000 - INFO - 도서 '교재)생성형 AI 활용과 실습' (ISBN: 9791173400292) 검색 및 선택 완료
2025-09-19 11:11:54,002 - INFO - 총 149명의 검토자를 일괄 등록합니다
2025-09-19 11:11:54,002 - INFO - [1/149] 검토자 '이설아' (이메일: 1026seolah@gmail.com) 등록 시도 중...
2025-09-19 11:11:54,002 - INFO - 검토자 추가 시작: 1026seolah@gmail.com
2025-09-19 11:11:54,007 - INFO - 콘텐츠 검토 아이템 클릭 시도...
2025-09-19 11:11:54,016 - INFO - 사용자 지정 XPath로 콘텐츠 검토 아이템을 찾았습니다.
2025-09-19 11:11:54,106 - INFO - 사용자 지정 XPath로 콘텐츠 검토 아이템 클릭 성공: /html/body/pfe-app/partner-center/div[2]/div/ng-component/ng-component/div/ng-component/div/div[2]/content-review-item[1]/a/div
2025-09-19 11:11:55,120 - INFO - 이메일 입력 필드에 '1026seolah@gmail.com' 입력 시도...
2025-09-19 11:11:55,131 - INFO - 이메일 입력 필드 찾음: //*[@id='mat-input-1']
2025-09-19 11:11:55,203 - INFO - 이메일 입력 완료
2025-09-19 11:11:56,231 - INFO - Enter 키로 제출 시도
2025-09-19 11:11:59,232 - INFO - 검토자 '1026seolah@gmail.com' 추가 시도 완료
2025-09-19 11:11:59,233 - INFO - ✅ [1/149] 검토자 '이설아' (이메일: 1026seolah@gmail.com) 등록 시도 성공
2025-09-19 11:11:59,734 - INFO - [2/149] 검토자 '최홍인' (이메일: 12200716@dankook.ac.kr) 등록 시도 중...
2025-09-19 11:11:59,735 - INFO - 검토자 추가 시작: 12200716@dankook.ac.kr
2025-09-19 11:11:59,738 - INFO - 콘텐츠 검토 아이템 클릭 시도...
2025-09-19 11:11:59,746 - WARNING - 사용자 지정 XPath로 요소를 찾을 수 없습니다. 대체 셀렉터를 시도합니다.
2025-09-19 11:11:59,814 - INFO - 대체 셀렉터로 콘텐츠 검토 아이템 클릭 성공: //a[contains(@href, 'review')]
2025-09-19 11:12:00,819 - INFO - 이메일 입력 필드에 '12200716@dankook.ac.kr' 입력 시도...
2025-09-19 11:12:00,855 - ERROR - 이메일 입력 필드를 찾을 수 없습니다
2025-09-19 11:12:00,856 - WARNING - ❌ [2/149] 검토자 '최홍인' (이메일: 12200716@dankook.ac.kr) 등록 실패
2025-09-19 11:12:01,356 - INFO - [3/149] 검토자 '박정우' (이메일: 215wjddn@gmail.com) 등록 시도 중...
2025-09-19 11:12:01,357 - INFO - 검토자 추가 시작: 215wjddn@gmail.com
2025-09-19 11:12:01,360 - INFO - 콘텐츠 검토 아이템 클릭 시도...
2025-09-19 11:12:01,365 - INFO - 사용자 지정 XPath로 콘텐츠 검토 아이템을 찾았습니다.
2025-09-19 11:12:01,428 - INFO - 사용자 지정 XPath로 콘텐츠 검토 아이템 클릭 성공: /html/body/pfe-app/partner-center/div[2]/div/ng-component/ng-component/div/ng-component/div/div[2]/content-review-item[1]/a/div
2025-09-19 11:12:02,432 - INFO - 이메일 입력 필드에 '215wjddn@gmail.com' 입력 시도...
2025-09-19 11:12:02,456 - INFO - 이메일 입력 필드 찾음: //mat-form-field//input
2025-09-19 11:12:02,514 - INFO - 이메일 입력 완료
2025-09-19 11:12:03,556 - INFO - Enter 키로 제출 시도
2025-09-19 11:12:06,557 - INFO - 검토자 '215wjddn@gmail.com' 추가 시도 완료
2025-09-19 11:12:06,558 - INFO - ✅ [3/149] 검토자 '박정우' (이메일: 215wjddn@gmail.com) 등록 시도 성공
2025-09-19 11:12:07,059 - INFO - [4/149] 검토자 '이수연' (이메일: 500pelle@gmail.com) 등록 시도 중...
2025-09-19 11:12:07,060 - INFO - 검토자 추가 시작: 500pelle@gmail.com
2025-09-19 11:12:07,071 - INFO - 콘텐츠 검토 아이템 클릭 시도...
2025-09-19 11:12:07,079 - WARNING - 사용자 지정 XPath로 요소를 찾을 수 없습니다. 대체 셀렉터를 시도합니다.
2025-09-19 11:12:07,137 - INFO - 대체 셀렉터로 콘텐츠 검토 아이템 클릭 성공: //a[contains(@href, 'review')]
2025-09-19 11:12:08,143 - INFO - 이메일 입력 필드에 '500pelle@gmail.com' 입력 시도...
2025-09-19 11:12:08,169 - ERROR - 이메일 입력 필드를 찾을 수 없습니다
2025-09-19 11:12:08,170 - WARNING - ❌ [4/149] 검토자 '이수연' (이메일: 500pelle@gmail.com) 등록 실패
2025-09-19 11:12:08,670 - INFO - [5/149] 검토자 '오아름' (이메일: ahreum@gwnu.ac.kr) 등록 시도 중...
2025-09-19 11:12:08,671 - INFO - 검토자 추가 시작: ahreum@gwnu.ac.kr
2025-09-19 11:12:08,675 - INFO - 콘텐츠 검토 아이템 클릭 시도...
2025-09-19 11:12:08,680 - INFO - 사용자 지정 XPath로 콘텐츠 검토 아이템을 찾았습니다.
2025-09-19 11:12:08,756 - INFO - 사용자 지정 XPath로 콘텐츠 검토 아이템 클릭 성공: /html/body/pfe-app/partner-center/div[2]/div/ng-component/ng-component/div/ng-component/div/div[2]/content-review-item[1]/a/div
2025-09-19 11:12:09,762 - INFO - 이메일 입력 필드에 'ahreum@gwnu.ac.kr' 입력 시도...
2025-09-19 11:12:09,782 - INFO - 이메일 입력 필드 찾음: //mat-form-field//input
2025-09-19 11:12:09,843 - INFO - 이메일 입력 완료
2025-09-19 11:12:10,876 - INFO - Enter 키로 제출 시도
2025-09-19 11:12:13,877 - INFO - 검토자 'ahreum@gwnu.ac.kr' 추가 시도 완료
2025-09-19 11:12:13,878 - INFO - ✅ [5/149] 검토자 '오아름' (이메일: ahreum@gwnu.ac.kr) 등록 시도 성공
2025-09-19 11:12:14,379 - INFO - [6/149] 검토자 '김기종' (이메일: alex.kim1597@gmail.com) 등록 시도 중...
2025-09-19 11:12:14,381 - INFO - 검토자 추가 시작: alex.kim1597@gmail.com
2025-09-19 11:12:14,395 - INFO - 콘텐츠 검토 아이템 클릭 시도...
2025-09-19 11:12:14,408 - WARNING - 사용자 지정 XPath로 요소를 찾을 수 없습니다. 대체 셀렉터를 시도합니다.
2025-09-19 11:12:14,470 - INFO - 대체 셀렉터로 콘텐츠 검토 아이템 클릭 성공: //a[contains(@href, 'review')]
2025-09-19 11:12:15,476 - INFO - 이메일 입력 필드에 'alex.kim1597@gmail.com' 입력 시도...
2025-09-19 11:12:15,502 - ERROR - 이메일 입력 필드를 찾을 수 없습니다
2025-09-19 11:12:15,502 - WARNING - ❌ [6/149] 검토자 '김기종' (이메일: alex.kim1597@gmail.com) 등록 실패
2025-09-19 11:12:16,002 - INFO - [7/149] 검토자 '안지언' (이메일: anjiunful@gmail.com) 등록 시도 중...
2025-09-19 11:12:16,003 - INFO - 검토자 추가 시작: anjiunful@gmail.com
2025-09-19 11:12:16,006 - INFO - 콘텐츠 검토 아이템 클릭 시도...
2025-09-19 11:12:16,011 - INFO - 사용자 지정 XPath로 콘텐츠 검토 아이템을 찾았습니다.
2025-09-19 11:12:16,085 - INFO - 사용자 지정 XPath로 콘텐츠 검토 아이템 클릭 성공: /html/body/pfe-app/partner-center/div[2]/div/ng-component/ng-component/div/ng-component/div/div[2]/content-review-item[1]/a/div
2025-09-19 11:12:17,090 - INFO - 이메일 입력 필드에 'anjiunful@gmail.com' 입력 시도...
2025-09-19 11:12:17,110 - INFO - 이메일 입력 필드 찾음: //mat-form-field//input
2025-09-19 11:12:17,172 - INFO - 이메일 입력 완료
2025-09-19 11:12:18,203 - INFO - Enter 키로 제출 시도
2025-09-19 11:12:21,204 - INFO - 검토자 'anjiunful@gmail.com' 추가 시도 완료
2025-09-19 11:12:21,205 - INFO - ✅ [7/149] 검토자 '안지언' (이메일: anjiunful@gmail.com) 등록 시도 성공
2025-09-19 11:12:21,706 - INFO - [8/149] 검토자 '현대준' (이메일: ars0130@gmail.com) 등록 시도 중...
2025-09-19 11:12:21,708 - INFO - 검토자 추가 시작: ars0130@gmail.com
2025-09-19 11:12:21,720 - INFO - 콘텐츠 검토 아이템 클릭 시도...
2025-09-19 11:12:21,731 - WARNING - 사용자 지정 XPath로 요소를 찾을 수 없습니다. 대체 셀렉터를 시도합니다.
2025-09-19 11:12:21,798 - INFO - 대체 셀렉터로 콘텐츠 검토 아이템 클릭 성공: //a[contains(@href, 'review')]
2025-09-19 11:12:22,804 - INFO - 이메일 입력 필드에 'ars0130@gmail.com' 입력 시도...
2025-09-19 11:12:22,829 - ERROR - 이메일 입력 필드를 찾을 수 없습니다
2025-09-19 11:12:22,830 - WARNING - ❌ [8/149] 검토자 '현대준' (이메일: ars0130@gmail.com) 등록 실패
2025-09-19 11:12:23,330 - INFO - [9/149] 검토자 '백창원' (이메일: baekcw@gmail.com) 등록 시도 중...
2025-09-19 11:12:23,330 - INFO - 검토자 추가 시작: baekcw@gmail.com
2025-09-19 11:12:23,334 - INFO - 콘텐츠 검토 아이템 클릭 시도...
2025-09-19 11:12:23,339 - INFO - 사용자 지정 XPath로 콘텐츠 검토 아이템을 찾았습니다.
2025-09-19 11:12:23,406 - INFO - 사용자 지정 XPath로 콘텐츠 검토 아이템 클릭 성공: /html/body/pfe-app/partner-center/div[2]/div/ng-component/ng-component/div/ng-component/div/div[2]/content-review-item[1]/a/div
2025-09-19 11:12:24,410 - INFO - 이메일 입력 필드에 'baekcw@gmail.com' 입력 시도...
2025-09-19 11:12:24,432 - INFO - 이메일 입력 필드 찾음: //mat-form-field//input
2025-09-19 11:12:24,496 - INFO - 이메일 입력 완료
2025-09-19 11:12:25,527 - INFO - Enter 키로 제출 시도
2025-09-19 11:12:28,528 - INFO - 검토자 'baekcw@gmail.com' 추가 시도 완료
2025-09-19 11:12:28,529 - INFO - ✅ [9/149] 검토자 '백창원' (이메일: baekcw@gmail.com) 등록 시도 성공
2025-09-19 11:12:29,029 - INFO - [10/149] 검토자 '박순찬' (이메일: bcarpediemer@gmail.com) 등록 시도 중...
2025-09-19 11:12:29,030 - INFO - 검토자 추가 시작: bcarpediemer@gmail.com
2025-09-19 11:12:29,038 - INFO - 콘텐츠 검토 아이템 클릭 시도...
2025-09-19 11:12:29,044 - WARNING - 사용자 지정 XPath로 요소를 찾을 수 없습니다. 대체 셀렉터를 시도합니다.
2025-09-19 11:12:29,104 - INFO - 대체 셀렉터로 콘텐츠 검토 아이템 클릭 성공: //a[contains(@href, 'review')]
2025-09-19 11:12:30,108 - INFO - 이메일 입력 필드에 'bcarpediemer@gmail.com' 입력 시도...
2025-09-19 11:12:30,133 - ERROR - 이메일 입력 필드를 찾을 수 없습니다
2025-09-19 11:12:30,134 - WARNING - ❌ [10/149] 검토자 '박순찬' (이메일: bcarpediemer@gmail.com) 등록 실패
2025-09-19 11:12:30,634 - INFO - [11/149] 검토자 '최이선' (이메일: biicii5210@gmail.com) 등록 시도 중...
2025-09-19 11:12:30,635 - INFO - 검토자 추가 시작: biicii5210@gmail.com
2025-09-19 11:12:30,639 - INFO - 콘텐츠 검토 아이템 클릭 시도...
2025-09-19 11:12:30,646 - INFO - 사용자 지정 XPath로 콘텐츠 검토 아이템을 찾았습니다.
2025-09-19 11:12:30,714 - INFO - 사용자 지정 XPath로 콘텐츠 검토 아이템 클릭 성공: /html/body/pfe-app/partner-center/div[2]/div/ng-component/ng-component/div/ng-component/div/div[2]/content-review-item[1]/a/div
2025-09-19 11:12:31,718 - INFO - 이메일 입력 필드에 'biicii5210@gmail.com' 입력 시도...
2025-09-19 11:12:31,739 - INFO - 이메일 입력 필드 찾음: //mat-form-field//input
2025-09-19 11:12:31,799 - INFO - 이메일 입력 완료
2025-09-19 11:12:32,828 - INFO - Enter 키로 제출 시도
2025-09-19 11:12:35,829 - INFO - 검토자 'biicii5210@gmail.com' 추가 시도 완료
2025-09-19 11:12:35,829 - INFO - ✅ [11/149] 검토자 '최이선' (이메일: biicii5210@gmail.com) 등록 시도 성공
2025-09-19 11:12:36,329 - INFO - [12/149] 검토자 '김백기' (이메일: bkkim@gwnu.ac.kr) 등록 시도 중...
2025-09-19 11:12:36,330 - INFO - 검토자 추가 시작: bkkim@gwnu.ac.kr
2025-09-19 11:12:36,335 - INFO - 콘텐츠 검토 아이템 클릭 시도...
2025-09-19 11:12:36,342 - WARNING - 사용자 지정 XPath로 요소를 찾을 수 없습니다. 대체 셀렉터를 시도합니다.
2025-09-19 11:12:36,401 - INFO - 대체 셀렉터로 콘텐츠 검토 아이템 클릭 성공: //a[contains(@href, 'review')]
2025-09-19 11:12:37,404 - INFO - 이메일 입력 필드에 'bkkim@gwnu.ac.kr' 입력 시도...
2025-09-19 11:12:37,429 - ERROR - 이메일 입력 필드를 찾을 수 없습니다
2025-09-19 11:12:37,430 - WARNING - ❌ [12/149] 검토자 '김백기' (이메일: bkkim@gwnu.ac.kr) 등록 실패
2025-09-19 11:12:37,930 - INFO - [13/149] 검토자 '송재혁' (이메일: blue2524@gmail.com) 등록 시도 중...
2025-09-19 11:12:37,930 - INFO - 검토자 추가 시작: blue2524@gmail.com
2025-09-19 11:12:37,934 - INFO - 콘텐츠 검토 아이템 클릭 시도...
2025-09-19 11:12:37,939 - INFO - 사용자 지정 XPath로 콘텐츠 검토 아이템을 찾았습니다.
2025-09-19 11:12:38,008 - INFO - 사용자 지정 XPath로 콘텐츠 검토 아이템 클릭 성공: /html/body/pfe-app/partner-center/div[2]/div/ng-component/ng-component/div/ng-component/div/div[2]/content-review-item[1]/a/div
2025-09-19 11:12:39,014 - INFO - 이메일 입력 필드에 'blue2524@gmail.com' 입력 시도...
2025-09-19 11:12:39,039 - INFO - 이메일 입력 필드 찾음: //mat-form-field//input
2025-09-19 11:12:39,099 - INFO - 이메일 입력 완료
2025-09-19 11:12:40,146 - INFO - Enter 키로 제출 시도
2025-09-19 11:12:43,147 - INFO - 검토자 'blue2524@gmail.com' 추가 시도 완료
2025-09-19 11:12:43,149 - INFO - ✅ [13/149] 검토자 '송재혁' (이메일: blue2524@gmail.com) 등록 시도 성공
2025-09-19 11:12:43,650 - INFO - [14/149] 검토자 '김봉균' (이메일: bongkyun2@gmail.com) 등록 시도 중...
2025-09-19 11:12:43,651 - INFO - 검토자 추가 시작: bongkyun2@gmail.com
2025-09-19 11:12:43,689 - INFO - 콘텐츠 검토 아이템 클릭 시도...
2025-09-19 11:12:43,696 - WARNING - 사용자 지정 XPath로 요소를 찾을 수 없습니다. 대체 셀렉터를 시도합니다.
2025-09-19 11:12:43,755 - INFO - 대체 셀렉터로 콘텐츠 검토 아이템 클릭 성공: //a[contains(@href, 'review')]
2025-09-19 11:12:44,759 - INFO - 이메일 입력 필드에 'bongkyun2@gmail.com' 입력 시도...
2025-09-19 11:12:44,782 - ERROR - 이메일 입력 필드를 찾을 수 없습니다
2025-09-19 11:12:44,783 - WARNING - ❌ [14/149] 검토자 '김봉균' (이메일: bongkyun2@gmail.com) 등록 실패
2025-09-19 11:12:45,283 - INFO - [15/149] 검토자 '편제범' (이메일: bumy1228@gmail.com) 등록 시도 중...
2025-09-19 11:12:45,284 - INFO - 검토자 추가 시작: bumy1228@gmail.com
2025-09-19 11:12:45,287 - INFO - 콘텐츠 검토 아이템 클릭 시도...
2025-09-19 11:12:45,293 - INFO - 사용자 지정 XPath로 콘텐츠 검토 아이템을 찾았습니다.
2025-09-19 11:12:45,363 - INFO - 사용자 지정 XPath로 콘텐츠 검토 아이템 클릭 성공: /html/body/pfe-app/partner-center/div[2]/div/ng-component/ng-component/div/ng-component/div/div[2]/content-review-item[1]/a/div
2025-09-19 11:12:46,373 - INFO - 이메일 입력 필드에 'bumy1228@gmail.com' 입력 시도...
2025-09-19 11:12:46,397 - INFO - 이메일 입력 필드 찾음: //mat-form-field//input
2025-09-19 11:12:46,458 - INFO - 이메일 입력 완료
2025-09-19 11:12:47,488 - INFO - Enter 키로 제출 시도
2025-09-19 11:12:50,504 - INFO - 검토자 'bumy1228@gmail.com' 추가 시도 완료
2025-09-19 11:12:50,505 - INFO - ✅ [15/149] 검토자 '편제범' (이메일: bumy1228@gmail.com) 등록 시도 성공
2025-09-19 11:12:51,006 - INFO - [16/149] 검토자 '차정은' (이메일: chaje1002@tukorea.ac.kr) 등록 시도 중...
2025-09-19 11:12:51,006 - INFO - 검토자 추가 시작: chaje1002@tukorea.ac.kr
2025-09-19 11:12:51,009 - INFO - 콘텐츠 검토 아이템 클릭 시도...
2025-09-19 11:12:51,015 - WARNING - 사용자 지정 XPath로 요소를 찾을 수 없습니다. 대체 셀렉터를 시도합니다.
2025-09-19 11:12:51,071 - INFO - 대체 셀렉터로 콘텐츠 검토 아이템 클릭 성공: //a[contains(@href, 'review')]
2025-09-19 11:12:52,076 - INFO - 이메일 입력 필드에 'chaje1002@tukorea.ac.kr' 입력 시도...
2025-09-19 11:12:52,100 - ERROR - 이메일 입력 필드를 찾을 수 없습니다
2025-09-19 11:12:52,101 - WARNING - ❌ [16/149] 검토자 '차정은' (이메일: chaje1002@tukorea.ac.kr) 등록 실패
2025-09-19 11:12:52,601 - INFO - [17/149] 검토자 '이찬근' (이메일: changun@gmail.com) 등록 시도 중...
2025-09-19 11:12:52,601 - INFO - 검토자 추가 시작: changun@gmail.com
2025-09-19 11:12:52,604 - INFO - 콘텐츠 검토 아이템 클릭 시도...
2025-09-19 11:12:52,609 - INFO - 사용자 지정 XPath로 콘텐츠 검토 아이템을 찾았습니다.
2025-09-19 11:12:52,681 - INFO - 사용자 지정 XPath로 콘텐츠 검토 아이템 클릭 성공: /html/body/pfe-app/partner-center/div[2]/div/ng-component/ng-component/div/ng-component/div/div[2]/content-review-item[1]/a/div
2025-09-19 11:12:53,685 - INFO - 이메일 입력 필드에 'changun@gmail.com' 입력 시도...
2025-09-19 11:12:53,704 - INFO - 이메일 입력 필드 찾음: //mat-form-field//input
2025-09-19 11:12:53,773 - INFO - 이메일 입력 완료
2025-09-19 11:12:54,800 - INFO - Enter 키로 제출 시도
2025-09-19 11:12:57,800 - INFO - 검토자 'changun@gmail.com' 추가 시도 완료
2025-09-19 11:12:57,801 - INFO - ✅ [17/149] 검토자 '이찬근' (이메일: changun@gmail.com) 등록 시도 성공
2025-09-19 11:12:58,302 - INFO - [18/149] 검토자 '최윤혁' (이메일: chldbsgur123@sookmyung.ac.kr) 등록 시도 중...
2025-09-19 11:12:58,302 - INFO - 검토자 추가 시작: chldbsgur123@sookmyung.ac.kr
2025-09-19 11:12:58,306 - INFO - 콘텐츠 검토 아이템 클릭 시도...
2025-09-19 11:12:58,311 - WARNING - 사용자 지정 XPath로 요소를 찾을 수 없습니다. 대체 셀렉터를 시도합니다.
2025-09-19 11:12:58,371 - INFO - 대체 셀렉터로 콘텐츠 검토 아이템 클릭 성공: //a[contains(@href, 'review')]
2025-09-19 11:12:59,375 - INFO - 이메일 입력 필드에 'chldbsgur123@sookmyung.ac.kr' 입력 시도...
2025-09-19 11:12:59,401 - ERROR - 이메일 입력 필드를 찾을 수 없습니다
2025-09-19 11:12:59,401 - WARNING - ❌ [18/149] 검토자 '최윤혁' (이메일: chldbsgur123@sookmyung.ac.kr) 등록 실패
2025-09-19 11:12:59,902 - INFO - [19/149] 검토자 '천소라' (이메일: chonkate@gmail.com) 등록 시도 중...
2025-09-19 11:12:59,902 - INFO - 검토자 추가 시작: chonkate@gmail.com
2025-09-19 11:12:59,905 - INFO - 콘텐츠 검토 아이템 클릭 시도...
2025-09-19 11:12:59,910 - INFO - 사용자 지정 XPath로 콘텐츠 검토 아이템을 찾았습니다.
2025-09-19 11:12:59,980 - INFO - 사용자 지정 XPath로 콘텐츠 검토 아이템 클릭 성공: /html/body/pfe-app/partner-center/div[2]/div/ng-component/ng-component/div/ng-component/div/div[2]/content-review-item[1]/a/div
2025-09-19 11:13:00,985 - INFO - 이메일 입력 필드에 'chonkate@gmail.com' 입력 시도...
2025-09-19 11:13:01,005 - INFO - 이메일 입력 필드 찾음: //mat-form-field//input
2025-09-19 11:13:01,066 - INFO - 이메일 입력 완료
2025-09-19 11:13:02,093 - INFO - Enter 키로 제출 시도
2025-09-19 11:13:05,094 - INFO - 검토자 'chonkate@gmail.com' 추가 시도 완료
2025-09-19 11:13:05,094 - INFO - ✅ [19/149] 검토자 '천소라' (이메일: chonkate@gmail.com) 등록 시도 성공
2025-09-19 11:13:05,595 - INFO - [20/149] 검토자 '정지훈' (이메일: chungjh@hanyang.ac.kr) 등록 시도 중...
2025-09-19 11:13:05,595 - INFO - 검토자 추가 시작: chungjh@hanyang.ac.kr
2025-09-19 11:13:05,599 - INFO - 콘텐츠 검토 아이템 클릭 시도...
2025-09-19 11:13:05,604 - WARNING - 사용자 지정 XPath로 요소를 찾을 수 없습니다. 대체 셀렉터를 시도합니다.
2025-09-19 11:13:05,663 - INFO - 대체 셀렉터로 콘텐츠 검토 아이템 클릭 성공: //a[contains(@href, 'review')]
2025-09-19 11:13:06,666 - INFO - 이메일 입력 필드에 'chungjh@hanyang.ac.kr' 입력 시도...
2025-09-19 11:13:06,696 - ERROR - 이메일 입력 필드를 찾을 수 없습니다
2025-09-19 11:13:06,696 - WARNING - ❌ [20/149] 검토자 '정지훈' (이메일: chungjh@hanyang.ac.kr) 등록 실패
2025-09-19 11:13:07,197 - INFO - [21/149] 검토자 '정용주' (이메일: chungyj1@gmail.com) 등록 시도 중...
2025-09-19 11:13:07,197 - INFO - 검토자 추가 시작: chungyj1@gmail.com
2025-09-19 11:13:07,201 - INFO - 콘텐츠 검토 아이템 클릭 시도...
2025-09-19 11:13:07,205 - INFO - 사용자 지정 XPath로 콘텐츠 검토 아이템을 찾았습니다.
2025-09-19 11:13:07,271 - INFO - 사용자 지정 XPath로 콘텐츠 검토 아이템 클릭 성공: /html/body/pfe-app/partner-center/div[2]/div/ng-component/ng-component/div/ng-component/div/div[2]/content-review-item[1]/a/div
2025-09-19 11:13:08,277 - INFO - 이메일 입력 필드에 'chungyj1@gmail.com' 입력 시도...
2025-09-19 11:13:08,301 - INFO - 이메일 입력 필드 찾음: //mat-form-field//input
2025-09-19 11:13:08,360 - INFO - 이메일 입력 완료
2025-09-19 11:13:09,391 - INFO - Enter 키로 제출 시도
2025-09-19 11:13:12,392 - INFO - 검토자 'chungyj1@gmail.com' 추가 시도 완료
2025-09-19 11:13:12,393 - INFO - ✅ [21/149] 검토자 '정용주' (이메일: chungyj1@gmail.com) 등록 시도 성공
2025-09-19 11:13:12,893 - INFO - [22/149] 검토자 '최완수' (이메일: cws2119@ptu.ac.kr) 등록 시도 중...
2025-09-19 11:13:12,894 - INFO - 검토자 추가 시작: cws2119@ptu.ac.kr
2025-09-19 11:13:12,898 - INFO - 콘텐츠 검토 아이템 클릭 시도...
2025-09-19 11:13:12,906 - WARNING - 사용자 지정 XPath로 요소를 찾을 수 없습니다. 대체 셀렉터를 시도합니다.
2025-09-19 11:13:12,971 - INFO - 대체 셀렉터로 콘텐츠 검토 아이템 클릭 성공: //a[contains(@href, 'review')]
2025-09-19 11:13:13,975 - INFO - 이메일 입력 필드에 'cws2119@ptu.ac.kr' 입력 시도...
2025-09-19 11:13:13,999 - ERROR - 이메일 입력 필드를 찾을 수 없습니다
2025-09-19 11:13:13,999 - WARNING - ❌ [22/149] 검토자 '최완수' (이메일: cws2119@ptu.ac.kr) 등록 실패
2025-09-19 11:13:14,500 - INFO - [23/149] 검토자 '이재문' (이메일: dddcom21@gachon.ac.kr) 등록 시도 중...
2025-09-19 11:13:14,500 - INFO - 검토자 추가 시작: dddcom21@gachon.ac.kr
2025-09-19 11:13:14,506 - INFO - 콘텐츠 검토 아이템 클릭 시도...
2025-09-19 11:13:14,512 - INFO - 사용자 지정 XPath로 콘텐츠 검토 아이템을 찾았습니다.
2025-09-19 11:13:14,585 - INFO - 사용자 지정 XPath로 콘텐츠 검토 아이템 클릭 성공: /html/body/pfe-app/partner-center/div[2]/div/ng-component/ng-component/div/ng-component/div/div[2]/content-review-item[1]/a/div
2025-09-19 11:13:15,589 - INFO - 이메일 입력 필드에 'dddcom21@gachon.ac.kr' 입력 시도...
2025-09-19 11:13:15,610 - INFO - 이메일 입력 필드 찾음: //mat-form-field//input
2025-09-19 11:13:15,718 - INFO - 이메일 입력 완료
2025-09-19 11:13:16,745 - INFO - Enter 키로 제출 시도
2025-09-19 11:13:19,745 - INFO - 검토자 'dddcom21@gachon.ac.kr' 추가 시도 완료
2025-09-19 11:13:19,746 - INFO - ✅ [23/149] 검토자 '이재문' (이메일: dddcom21@gachon.ac.kr) 등록 시도 성공
2025-09-19 11:13:20,246 - INFO - [24/149] 검토자 '이광준' (이메일: deeplight63@gmail.com) 등록 시도 중...
2025-09-19 11:13:20,247 - INFO - 검토자 추가 시작: deeplight63@gmail.com
2025-09-19 11:13:20,251 - INFO - 콘텐츠 검토 아이템 클릭 시도...
2025-09-19 11:13:20,256 - WARNING - 사용자 지정 XPath로 요소를 찾을 수 없습니다. 대체 셀렉터를 시도합니다.
2025-09-19 11:13:20,320 - INFO - 대체 셀렉터로 콘텐츠 검토 아이템 클릭 성공: //a[contains(@href, 'review')]
2025-09-19 11:13:21,325 - INFO - 이메일 입력 필드에 'deeplight63@gmail.com' 입력 시도...
2025-09-19 11:13:21,347 - ERROR - 이메일 입력 필드를 찾을 수 없습니다
2025-09-19 11:13:21,348 - WARNING - ❌ [24/149] 검토자 '이광준' (이메일: deeplight63@gmail.com) 등록 실패
2025-09-19 11:13:21,849 - INFO - [25/149] 검토자 '하지현' (이메일: dev.jihyeon@gmail.com) 등록 시도 중...
2025-09-19 11:13:21,849 - INFO - 검토자 추가 시작: dev.jihyeon@gmail.com
2025-09-19 11:13:21,852 - INFO - 콘텐츠 검토 아이템 클릭 시도...
2025-09-19 11:13:21,858 - INFO - 사용자 지정 XPath로 콘텐츠 검토 아이템을 찾았습니다.
2025-09-19 11:13:21,924 - INFO - 사용자 지정 XPath로 콘텐츠 검토 아이템 클릭 성공: /html/body/pfe-app/partner-center/div[2]/div/ng-component/ng-component/div/ng-component/div/div[2]/content-review-item[1]/a/div
2025-09-19 11:13:22,928 - INFO - 이메일 입력 필드에 'dev.jihyeon@gmail.com' 입력 시도...
2025-09-19 11:13:22,949 - INFO - 이메일 입력 필드 찾음: //mat-form-field//input
2025-09-19 11:13:23,017 - INFO - 이메일 입력 완료
2025-09-19 11:13:24,059 - INFO - Enter 키로 제출 시도
2025-09-19 11:13:27,060 - INFO - 검토자 'dev.jihyeon@gmail.com' 추가 시도 완료
2025-09-19 11:13:27,061 - INFO - ✅ [25/149] 검토자 '하지현' (이메일: dev.jihyeon@gmail.com) 등록 시도 성공
2025-09-19 11:13:27,561 - INFO - [26/149] 검토자 '이하연' (이메일: dgkdus99@gmail.com) 등록 시도 중...
2025-09-19 11:13:27,562 - INFO - 검토자 추가 시작: dgkdus99@gmail.com
2025-09-19 11:13:27,567 - INFO - 콘텐츠 검토 아이템 클릭 시도...
2025-09-19 11:13:27,572 - WARNING - 사용자 지정 XPath로 요소를 찾을 수 없습니다. 대체 셀렉터를 시도합니다.
2025-09-19 11:13:27,629 - INFO - 대체 셀렉터로 콘텐츠 검토 아이템 클릭 성공: //a[contains(@href, 'review')]
2025-09-19 11:13:28,634 - INFO - 이메일 입력 필드에 'dgkdus99@gmail.com' 입력 시도...
2025-09-19 11:13:28,659 - ERROR - 이메일 입력 필드를 찾을 수 없습니다
2025-09-19 11:13:28,659 - WARNING - ❌ [26/149] 검토자 '이하연' (이메일: dgkdus99@gmail.com) 등록 실패
2025-09-19 11:13:29,159 - INFO - [27/149] 검토자 '김동환' (이메일: dhkim3737@gmail.com) 등록 시도 중...
2025-09-19 11:13:29,160 - INFO - 검토자 추가 시작: dhkim3737@gmail.com
2025-09-19 11:13:29,164 - INFO - 콘텐츠 검토 아이템 클릭 시도...
2025-09-19 11:13:29,169 - INFO - 사용자 지정 XPath로 콘텐츠 검토 아이템을 찾았습니다.
2025-09-19 11:13:29,235 - INFO - 사용자 지정 XPath로 콘텐츠 검토 아이템 클릭 성공: /html/body/pfe-app/partner-center/div[2]/div/ng-component/ng-component/div/ng-component/div/div[2]/content-review-item[1]/a/div
2025-09-19 11:13:30,242 - INFO - 이메일 입력 필드에 'dhkim3737@gmail.com' 입력 시도...
2025-09-19 11:13:30,260 - INFO - 이메일 입력 필드 찾음: //mat-form-field//input
2025-09-19 11:13:30,320 - INFO - 이메일 입력 완료
2025-09-19 11:13:31,355 - INFO - Enter 키로 제출 시도
2025-09-19 11:13:34,356 - INFO - 검토자 'dhkim3737@gmail.com' 추가 시도 완료
2025-09-19 11:13:34,356 - INFO - ✅ [27/149] 검토자 '김동환' (이메일: dhkim3737@gmail.com) 등록 시도 성공
2025-09-19 11:13:34,857 - INFO - [28/149] 검토자 '조돈제' (이메일: djcho1234@gmail.com) 등록 시도 중...
2025-09-19 11:13:34,857 - INFO - 검토자 추가 시작: djcho1234@gmail.com
2025-09-19 11:13:34,860 - INFO - 콘텐츠 검토 아이템 클릭 시도...
2025-09-19 11:13:34,866 - WARNING - 사용자 지정 XPath로 요소를 찾을 수 없습니다. 대체 셀렉터를 시도합니다.
2025-09-19 11:13:34,924 - INFO - 대체 셀렉터로 콘텐츠 검토 아이템 클릭 성공: //a[contains(@href, 'review')]
2025-09-19 11:13:35,928 - INFO - 이메일 입력 필드에 'djcho1234@gmail.com' 입력 시도...
2025-09-19 11:13:35,951 - ERROR - 이메일 입력 필드를 찾을 수 없습니다
2025-09-19 11:13:35,951 - WARNING - ❌ [28/149] 검토자 '조돈제' (이메일: djcho1234@gmail.com) 등록 실패
2025-09-19 11:13:36,452 - INFO - [29/149] 검토자 '이동준' (이메일: djrhee89@kookmin.ac.kr) 등록 시도 중...
2025-09-19 11:13:36,452 - INFO - 검토자 추가 시작: djrhee89@kookmin.ac.kr
2025-09-19 11:13:36,456 - INFO - 콘텐츠 검토 아이템 클릭 시도...
2025-09-19 11:13:36,461 - INFO - 사용자 지정 XPath로 콘텐츠 검토 아이템을 찾았습니다.
2025-09-19 11:13:36,533 - INFO - 사용자 지정 XPath로 콘텐츠 검토 아이템 클릭 성공: /html/body/pfe-app/partner-center/div[2]/div/ng-component/ng-component/div/ng-component/div/div[2]/content-review-item[1]/a/div
2025-09-19 11:13:37,537 - INFO - 이메일 입력 필드에 'djrhee89@kookmin.ac.kr' 입력 시도...
2025-09-19 11:13:37,557 - INFO - 이메일 입력 필드 찾음: //mat-form-field//input
2025-09-19 11:13:37,617 - INFO - 이메일 입력 완료
2025-09-19 11:13:38,648 - INFO - Enter 키로 제출 시도
2025-09-19 11:13:41,649 - INFO - 검토자 'djrhee89@kookmin.ac.kr' 추가 시도 완료
2025-09-19 11:13:41,649 - INFO - ✅ [29/149] 검토자 '이동준' (이메일: djrhee89@kookmin.ac.kr) 등록 시도 성공
2025-09-19 11:13:42,150 - INFO - [30/149] 검토자 '최만식' (이메일: doctormschoi@gmail.com) 등록 시도 중...
2025-09-19 11:13:42,151 - INFO - 검토자 추가 시작: doctormschoi@gmail.com
2025-09-19 11:13:42,156 - INFO - 콘텐츠 검토 아이템 클릭 시도...
2025-09-19 11:13:42,163 - WARNING - 사용자 지정 XPath로 요소를 찾을 수 없습니다. 대체 셀렉터를 시도합니다.
2025-09-19 11:13:42,227 - INFO - 대체 셀렉터로 콘텐츠 검토 아이템 클릭 성공: //a[contains(@href, 'review')]
2025-09-19 11:13:43,231 - INFO - 이메일 입력 필드에 'doctormschoi@gmail.com' 입력 시도...
2025-09-19 11:13:43,262 - ERROR - 이메일 입력 필드를 찾을 수 없습니다
2025-09-19 11:13:43,263 - WARNING - ❌ [30/149] 검토자 '최만식' (이메일: doctormschoi@gmail.com) 등록 실패
2025-09-19 11:13:43,764 - INFO - [31/149] 검토자 '이동현' (이메일: donghyun.lee@hufs.ac.kr) 등록 시도 중...
2025-09-19 11:13:43,764 - INFO - 검토자 추가 시작: donghyun.lee@hufs.ac.kr
2025-09-19 11:13:43,768 - INFO - 콘텐츠 검토 아이템 클릭 시도...
2025-09-19 11:13:43,773 - INFO - 사용자 지정 XPath로 콘텐츠 검토 아이템을 찾았습니다.
2025-09-19 11:13:43,839 - INFO - 사용자 지정 XPath로 콘텐츠 검토 아이템 클릭 성공: /html/body/pfe-app/partner-center/div[2]/div/ng-component/ng-component/div/ng-component/div/div[2]/content-review-item[1]/a/div
2025-09-19 11:13:44,844 - INFO - 이메일 입력 필드에 'donghyun.lee@hufs.ac.kr' 입력 시도...
2025-09-19 11:13:44,863 - INFO - 이메일 입력 필드 찾음: //mat-form-field//input
2025-09-19 11:13:44,927 - INFO - 이메일 입력 완료
2025-09-19 11:13:45,954 - INFO - Enter 키로 제출 시도
