2025-09-14 10:09:29,016 - INFO - 전자책 검토자 자동 등록 시스템 시작
2025-09-14 10:09:32,287 - INFO - 엑셀 파일 읽기 성공: C:/Users/taejin/Downloads/전자책견본처리현황_2025-06-14 ~ 2025-09-14.xls
2025-09-14 10:09:32,287 - INFO - 총 4개의 행이 발견됨
2025-09-14 10:09:32,288 - INFO - 유효한 데이터: 4개 행
2025-09-14 10:09:34,766 - INFO - 웹 드라이버 설정 시작...
2025-09-14 10:09:34,772 - WARNING - 내장된 크롬 드라이버를 찾을 수 없습니다. webdriver_manager를 사용합니다.
2025-09-14 10:09:34,773 - INFO - ====== WebDriver manager ======
2025-09-14 10:09:35,791 - INFO - Get LATEST chromedriver version for google-chrome
2025-09-14 10:09:36,218 - INFO - About to download new driver from https://chromedriver.storage.googleapis.com/114.0.5735.90/chromedriver_win32.zip
2025-09-14 10:09:36,644 - INFO - Driver downloading response is 200
2025-09-14 10:09:37,280 - INFO - Get LATEST chromedriver version for google-chrome
2025-09-14 10:09:38,176 - INFO - Get LATEST chromedriver version for google-chrome
2025-09-14 10:09:39,018 - INFO - Driver has been saved in cache [C:\Users\taejin\.wdm\drivers\chromedriver\win64\114.0.5735.90]
2025-09-14 10:09:43,729 - ERROR - 드라이버 설정 실패: Message: unknown error: cannot find Chrome binary
Stacktrace:
Backtrace:
	GetHandleVerifier [0x0080A813+48355]
	(No symbol) [0x0079C4B1]
	(No symbol) [0x006A5358]
	(No symbol) [0x006C1A9E]
	(No symbol) [0x006C0579]
	(No symbol) [0x006F0C55]
	(No symbol) [0x006F093C]
	(No symbol) [0x006EA536]
	(No symbol) [0x006C82DC]
	(No symbol) [0x006C93DD]
	GetHandleVerifier [0x00A6AABD+2539405]
	GetHandleVerifier [0x00AAA78F+2800735]
	GetHandleVerifier [0x00AA456C+2775612]
	GetHandleVerifier [0x008951E0+616112]
	(No symbol) [0x007A5F8C]
	(No symbol) [0x007A2328]
	(No symbol) [0x007A240B]
	(No symbol) [0x00794FF7]
	timeGetTime [0x76558708+728232]
	timeGetTime [0x764AE81C+32188]
	fltused [0x7700FC4C+525064]
	fltused [0x7700FBA8+524900]
	fltused [0x770E968C+1416520]

2025-09-14 10:09:43,732 - ERROR - 드라이버 설정 실패 - 크롬 브라우저가 설치되어 있고 최신 버전인지 확인하세요.
config.py 파일에서 CHROME_DRIVER_PATH를 직접 지정해보세요.
2025-09-14 10:09:43,733 - ERROR - 등록 프로세스 실패: 드라이버 설정 실패 - 크롬 브라우저가 설치되어 있고 최신 버전인지 확인하세요.
config.py 파일에서 CHROME_DRIVER_PATH를 직접 지정해보세요.
