2025-09-19 10:59:23,067 - INFO - 전자책 검토자 자동 등록 시스템 시작
2025-09-19 10:59:32,430 - INFO - 엑셀 파일 읽기 성공: C:/Users/taejin/Downloads/신규회원 홍보 전자책.xlsx
2025-09-19 10:59:32,430 - INFO - 총 149개의 행이 발견됨
2025-09-19 10:59:32,430 - INFO - 엑셀 파일 컬럼: ['접수일', '발송유형', '발송자', '이름', '이메일', '지메일', '휴대전화', '소속학교', '도서코드', '도서명', '처리일', '열람기한', '강의대학', '강의학과', '강의명']
2025-09-19 10:59:32,435 - INFO - 유효한 데이터: 149개 행
2025-09-19 10:59:32,436 - INFO - 검토자 데이터 샘플:
 이름  도서코드                    지메일
이설아 41029   1026seolah@gmail.com
최홍인 41029 12200716@dankook.ac.kr
박정우 41029     215wjddn@gmail.com
2025-09-19 10:59:32,436 - INFO - 구글 스프레드시트에서 도서 정보 데이터베이스를 구축합니다...
2025-09-19 10:59:32,436 - INFO - Google 스프레드시트 URL에서 도서 정보 데이터베이스 읽기 시도: https://docs.google.com/spreadsheets/d/18uXAoTIz07WEBzFgCYC5asaOUkLujYgQtezDsmPWiGY/export?format=csv&gid=0
2025-09-19 10:59:34,339 - INFO - 스프레드시트 데이터를 UTF-8로 디코딩했습니다.
2025-09-19 10:59:34,359 - INFO - 스프레드시트 컬럼: ['code', 'title', 'ISBN', 'eISBN', 'publisher', 'g_title', 's_isbn']
2025-09-19 10:59:34,428 - INFO - 도서 정보 데이터베이스 구축 완료: 총 0개의 도서 정보 로드
2025-09-19 10:59:34,431 - INFO - 검토자 정보와 도서 데이터베이스 정보를 매핑합니다...
2025-09-19 10:59:34,433 - INFO - 
===== 검토자 정보 =====
2025-09-19 10:59:34,434 - INFO - [1] 도서코드: 41029, 이름: 이설아, 이메일: 1026seolah@gmail.com
2025-09-19 10:59:34,434 - INFO - [2] 도서코드: 41029, 이름: 최홍인, 이메일: 12200716@dankook.ac.kr
2025-09-19 10:59:34,434 - INFO - [3] 도서코드: 41029, 이름: 박정우, 이메일: 215wjddn@gmail.com
2025-09-19 10:59:34,435 - INFO - [4] 도서코드: 41029, 이름: 이수연, 이메일: 500pelle@gmail.com
2025-09-19 10:59:34,435 - INFO - [5] 도서코드: 41029, 이름: 오아름, 이메일: ahreum@gwnu.ac.kr
2025-09-19 10:59:34,435 - INFO - ... 외 144건
2025-09-19 10:59:34,435 - INFO - =====================

2025-09-19 10:59:37,942 - INFO - 도서 데이터베이스 로드 시작...
2025-09-19 10:59:37,944 - INFO - 구글 스프레드시트에서 도서 데이터베이스 로드 중: https://docs.google.com/spreadsheets/d/18uXAoTIz07WEBzFgCYC5asaOUkLujYgQtezDsmPWiGY/export?format=csv&gid=0
2025-09-19 10:59:39,778 - INFO - 스프레드시트 로드 성공: 3925행 발견
2025-09-19 10:59:39,780 - INFO - 컬럼명 변환 결과: ['도서코드', '도서명', 'ISBN', 'eISBN', '출판사', 'g_title', 's_isbn']
2025-09-19 10:59:39,781 - WARNING - 스프레드시트 컬럼 개수(7)와 기대값(6)이 다릅니다. 실제 컬럼명: ['도서코드', '도서명', 'ISBN', 'eISBN', '출판사', 'g_title', 's_isbn']
2025-09-19 10:59:39,884 - INFO - 도서 데이터베이스 로드 완료: 3925개 도서
2025-09-19 10:59:39,885 - INFO - 출판사별 도서 수: {'한빛아카데미': 849, '한빛미디어': 3076}
2025-09-19 10:59:39,887 - INFO - 웹 드라이버 설정 시작...
2025-09-19 10:59:39,889 - INFO - Chrome 드라이버 설정 시작...
2025-09-19 10:59:39,889 - INFO - config.py에서 크롬 브라우저 경로 사용: C:\Program Files\Google\Chrome\Application\chrome.exe
2025-09-19 10:59:39,889 - INFO - ChromeDriverManager를 사용하여 드라이버 다운로드 중...
2025-09-19 10:59:39,890 - INFO - ====== WebDriver manager ======
2025-09-19 10:59:40,585 - INFO - Get LATEST chromedriver version for google-chrome
2025-09-19 10:59:40,852 - INFO - Get LATEST chromedriver version for google-chrome
2025-09-19 10:59:41,092 - INFO - Driver [C:\Users\taejin\.wdm\drivers\chromedriver\win64\140.0.7339.185\chromedriver-win32/chromedriver.exe] found in cache
2025-09-19 10:59:41,092 - INFO - 크롬 드라이버 다운로드 성공: C:\Users\taejin\.wdm\drivers\chromedriver\win64\140.0.7339.185\chromedriver-win32/chromedriver.exe
2025-09-19 10:59:42,253 - INFO - 자동화 감지 방지 스크립트 실행 완료
2025-09-19 10:59:42,254 - INFO - Chrome 드라이버 설정 완료
2025-09-19 10:59:42,254 - INFO - Google 로그인 시도...
2025-09-19 10:59:42,256 - INFO - Google Play Books 파트너스 센터로 이동: https://play.google.com/books/publish/u/0/?hl=ko
2025-09-19 10:59:46,443 - INFO - 현재 URL: https://accounts.google.com/v3/signin/identifier?continue=https%3A%2F%2Fplay.google.com%2Fbooks%2Fpublish%2Fredirect&followup=https%3A%2F%2Fplay.google.com%2Fbooks%2Fpublish%2Fredirect&ifkv=AfYwgwXUPcgz_0p_4Kg7XcvtYjoloXC9B9YwqWv-rdXqk4zCQNzyPuE2etaWByCXgNQdcn5W3qdl&passive=1209600&service=printpublisher&flowName=GlifWebSignIn&flowEntry=ServiceLogin&dsh=S1125060221%3A1758247188231630
2025-09-19 10:59:46,443 - INFO - ============================================================
2025-09-19 10:59:46,443 - INFO - 🔐 Google Play Books 파트너스 센터 로그인이 필요합니다.
2025-09-19 10:59:46,443 - INFO - 📌 브라우저 창에서 다음 단계를 진행해주세요:
2025-09-19 10:59:46,444 - INFO -    1. Google 계정으로 로그인
2025-09-19 10:59:46,444 - INFO -    2. 2단계 인증 완료 (필요한 경우)
2025-09-19 10:59:46,444 - INFO -    3. Google Play Books 파트너스 센터 대시보드가 표시될 때까지 대기
2025-09-19 10:59:46,444 - INFO - ============================================================
2025-09-19 11:00:10,629 - INFO - ✅ 사용자가 로그인 완료를 확인했습니다.
2025-09-19 11:00:10,632 - INFO - ====== 출판사 '한빛아카데미' 처리 시작 ======
2025-09-19 11:00:10,633 - INFO - 도서 '교재)생성형 AI 활용과 실습' (코드: 41029, ISBN: 9791173400292) 처리 시작
2025-09-19 11:00:10,633 - INFO - 검토자 149명 등록 예정
2025-09-19 11:00:10,636 - INFO - 도서 검색 시작 - 도서코드: 41029
2025-09-19 11:00:10,636 - INFO - 도서 정보 - 제목: 교재)생성형 AI 활용과 실습, ISBN: 9791173400292, eISBN: 9791173409738, 출판사: 한빛아카데미
2025-09-19 11:00:10,636 - INFO - 출판사 '한빛아카데미'의 도서 목록 페이지로 이동: https://play.google.com/books/publish/a/535699340789858766#list?sortby=last_updated&sortdir=desc&publisher=한빛아카데미
2025-09-19 11:00:12,644 - INFO - 도서 목록 페이지 로드 완료
2025-09-19 11:00:14,655 - INFO - 페이지 요소 로드 대기 완료
2025-09-19 11:00:14,656 - INFO - 출판사 선택 드롭다운 클릭 시도... (대상 출판사: 한빛아카데미)
2025-09-19 11:00:14,738 - INFO - 출판사 선택 드롭다운 열기 성공
2025-09-19 11:00:16,739 - INFO - 선택할 출판사: 한빛아카데미
2025-09-19 11:00:18,974 - INFO - 한빛아카데미 출판사 선택 성공
2025-09-19 11:00:20,974 - INFO - 검색창에 도서명 '생성형 AI 활용과 실습: 챗GPT부터 코파일럿까지 따라 하며 익히는 AI 활용 가이드' 입력 시도...
2025-09-19 11:00:27,244 - INFO - 도서명 검색 입력 완료
2025-09-19 11:00:27,245 - INFO - 검색 결과 중 첫 번째 도서 클릭 시도...
2025-09-19 11:00:27,329 - INFO - 첫 번째 도서 클릭 성공: /html/body/pfe-app/partner-center/div[2]/div/ng-component/ng-component/div/catalog-table/div/table/tbody/tr/td[1]/div/div/a
2025-09-19 11:00:30,330 - INFO - 도서 '교재)생성형 AI 활용과 실습' (ISBN: 9791173400292) 검색 및 선택 완료
2025-09-19 11:00:30,332 - INFO - 총 149명의 검토자를 일괄 등록합니다
2025-09-19 11:00:30,333 - INFO - [1/149] 검토자 '이설아' (이메일: 1026seolah@gmail.com) 등록 시도 중...
2025-09-19 11:00:30,333 - INFO - 검토자 추가 시작: 1026seolah@gmail.com
2025-09-19 11:00:30,342 - INFO - 콘텐츠 검토 아이템 클릭 시도...
2025-09-19 11:00:30,395 - INFO - 콘텐츠 검토 아이템 클릭 성공: //a[contains(@href, 'review')]
2025-09-19 11:00:31,404 - INFO - 이메일 입력 필드에 '1026seolah@gmail.com' 입력 시도...
2025-09-19 11:00:31,451 - ERROR - 이메일 입력 필드를 찾을 수 없습니다
2025-09-19 11:00:31,452 - WARNING - ❌ [1/149] 검토자 '이설아' (이메일: 1026seolah@gmail.com) 등록 실패
2025-09-19 11:00:31,952 - INFO - [2/149] 검토자 '최홍인' (이메일: 12200716@dankook.ac.kr) 등록 시도 중...
2025-09-19 11:00:31,954 - INFO - 검토자 추가 시작: 12200716@dankook.ac.kr
2025-09-19 11:00:31,970 - INFO - 콘텐츠 검토 아이템 클릭 시도...
2025-09-19 11:00:32,015 - INFO - 콘텐츠 검토 아이템 클릭 성공: //a[contains(@href, 'review')]
2025-09-19 11:00:33,025 - INFO - 이메일 입력 필드에 '12200716@dankook.ac.kr' 입력 시도...
2025-09-19 11:00:33,061 - ERROR - 이메일 입력 필드를 찾을 수 없습니다
2025-09-19 11:00:33,061 - WARNING - ❌ [2/149] 검토자 '최홍인' (이메일: 12200716@dankook.ac.kr) 등록 실패
2025-09-19 11:00:33,562 - INFO - [3/149] 검토자 '박정우' (이메일: 215wjddn@gmail.com) 등록 시도 중...
2025-09-19 11:00:33,562 - INFO - 검토자 추가 시작: 215wjddn@gmail.com
2025-09-19 11:00:33,566 - INFO - 콘텐츠 검토 아이템 클릭 시도...
2025-09-19 11:00:33,603 - INFO - 콘텐츠 검토 아이템 클릭 성공: //a[contains(@href, 'review')]
2025-09-19 11:00:34,609 - INFO - 이메일 입력 필드에 '215wjddn@gmail.com' 입력 시도...
2025-09-19 11:00:34,634 - ERROR - 이메일 입력 필드를 찾을 수 없습니다
2025-09-19 11:00:34,634 - WARNING - ❌ [3/149] 검토자 '박정우' (이메일: 215wjddn@gmail.com) 등록 실패
2025-09-19 11:00:35,135 - INFO - [4/149] 검토자 '이수연' (이메일: 500pelle@gmail.com) 등록 시도 중...
2025-09-19 11:00:35,136 - INFO - 검토자 추가 시작: 500pelle@gmail.com
2025-09-19 11:00:35,147 - INFO - 콘텐츠 검토 아이템 클릭 시도...
2025-09-19 11:00:35,192 - INFO - 콘텐츠 검토 아이템 클릭 성공: //a[contains(@href, 'review')]
2025-09-19 11:00:36,197 - INFO - 이메일 입력 필드에 '500pelle@gmail.com' 입력 시도...
2025-09-19 11:00:36,220 - ERROR - 이메일 입력 필드를 찾을 수 없습니다
2025-09-19 11:00:36,220 - WARNING - ❌ [4/149] 검토자 '이수연' (이메일: 500pelle@gmail.com) 등록 실패
2025-09-19 11:00:36,720 - INFO - [5/149] 검토자 '오아름' (이메일: ahreum@gwnu.ac.kr) 등록 시도 중...
2025-09-19 11:00:36,721 - INFO - 검토자 추가 시작: ahreum@gwnu.ac.kr
2025-09-19 11:00:36,726 - INFO - 콘텐츠 검토 아이템 클릭 시도...
2025-09-19 11:00:36,763 - INFO - 콘텐츠 검토 아이템 클릭 성공: //a[contains(@href, 'review')]
2025-09-19 11:00:37,773 - INFO - 이메일 입력 필드에 'ahreum@gwnu.ac.kr' 입력 시도...
2025-09-19 11:00:37,801 - ERROR - 이메일 입력 필드를 찾을 수 없습니다
2025-09-19 11:00:37,802 - WARNING - ❌ [5/149] 검토자 '오아름' (이메일: ahreum@gwnu.ac.kr) 등록 실패
2025-09-19 11:00:38,302 - INFO - [6/149] 검토자 '김기종' (이메일: alex.kim1597@gmail.com) 등록 시도 중...
2025-09-19 11:00:38,303 - INFO - 검토자 추가 시작: alex.kim1597@gmail.com
2025-09-19 11:00:38,312 - INFO - 콘텐츠 검토 아이템 클릭 시도...
2025-09-19 11:00:38,354 - INFO - 콘텐츠 검토 아이템 클릭 성공: //a[contains(@href, 'review')]
2025-09-19 11:00:39,358 - INFO - 이메일 입력 필드에 'alex.kim1597@gmail.com' 입력 시도...
2025-09-19 11:00:39,382 - ERROR - 이메일 입력 필드를 찾을 수 없습니다
2025-09-19 11:00:39,382 - WARNING - ❌ [6/149] 검토자 '김기종' (이메일: alex.kim1597@gmail.com) 등록 실패
2025-09-19 11:00:39,882 - INFO - [7/149] 검토자 '안지언' (이메일: anjiunful@gmail.com) 등록 시도 중...
2025-09-19 11:00:39,883 - INFO - 검토자 추가 시작: anjiunful@gmail.com
2025-09-19 11:00:39,896 - INFO - 콘텐츠 검토 아이템 클릭 시도...
2025-09-19 11:00:39,942 - INFO - 콘텐츠 검토 아이템 클릭 성공: //a[contains(@href, 'review')]
2025-09-19 11:00:40,951 - INFO - 이메일 입력 필드에 'anjiunful@gmail.com' 입력 시도...
2025-09-19 11:00:40,981 - ERROR - 이메일 입력 필드를 찾을 수 없습니다
2025-09-19 11:00:40,982 - WARNING - ❌ [7/149] 검토자 '안지언' (이메일: anjiunful@gmail.com) 등록 실패
2025-09-19 11:00:41,482 - INFO - [8/149] 검토자 '현대준' (이메일: ars0130@gmail.com) 등록 시도 중...
2025-09-19 11:00:41,483 - INFO - 검토자 추가 시작: ars0130@gmail.com
2025-09-19 11:00:41,489 - INFO - 콘텐츠 검토 아이템 클릭 시도...
2025-09-19 11:00:41,537 - INFO - 콘텐츠 검토 아이템 클릭 성공: //a[contains(@href, 'review')]
2025-09-19 11:00:42,547 - INFO - 이메일 입력 필드에 'ars0130@gmail.com' 입력 시도...
2025-09-19 11:00:42,578 - ERROR - 이메일 입력 필드를 찾을 수 없습니다
2025-09-19 11:00:42,578 - WARNING - ❌ [8/149] 검토자 '현대준' (이메일: ars0130@gmail.com) 등록 실패
2025-09-19 11:00:43,078 - INFO - [9/149] 검토자 '백창원' (이메일: baekcw@gmail.com) 등록 시도 중...
2025-09-19 11:00:43,079 - INFO - 검토자 추가 시작: baekcw@gmail.com
2025-09-19 11:00:43,083 - INFO - 콘텐츠 검토 아이템 클릭 시도...
2025-09-19 11:00:43,124 - INFO - 콘텐츠 검토 아이템 클릭 성공: //a[contains(@href, 'review')]
2025-09-19 11:00:44,128 - INFO - 이메일 입력 필드에 'baekcw@gmail.com' 입력 시도...
2025-09-19 11:00:44,180 - ERROR - 이메일 입력 필드를 찾을 수 없습니다
2025-09-19 11:00:44,180 - WARNING - ❌ [9/149] 검토자 '백창원' (이메일: baekcw@gmail.com) 등록 실패
2025-09-19 11:00:44,680 - INFO - [10/149] 검토자 '박순찬' (이메일: bcarpediemer@gmail.com) 등록 시도 중...
2025-09-19 11:00:44,681 - INFO - 검토자 추가 시작: bcarpediemer@gmail.com
2025-09-19 11:00:44,685 - INFO - 콘텐츠 검토 아이템 클릭 시도...
2025-09-19 11:00:44,725 - INFO - 콘텐츠 검토 아이템 클릭 성공: //a[contains(@href, 'review')]
2025-09-19 11:00:45,729 - INFO - 이메일 입력 필드에 'bcarpediemer@gmail.com' 입력 시도...
2025-09-19 11:00:45,755 - ERROR - 이메일 입력 필드를 찾을 수 없습니다
2025-09-19 11:00:45,755 - WARNING - ❌ [10/149] 검토자 '박순찬' (이메일: bcarpediemer@gmail.com) 등록 실패
2025-09-19 11:00:46,255 - INFO - [11/149] 검토자 '최이선' (이메일: biicii5210@gmail.com) 등록 시도 중...
2025-09-19 11:00:46,256 - INFO - 검토자 추가 시작: biicii5210@gmail.com
2025-09-19 11:00:46,260 - INFO - 콘텐츠 검토 아이템 클릭 시도...
2025-09-19 11:00:46,316 - INFO - 콘텐츠 검토 아이템 클릭 성공: //a[contains(@href, 'review')]
2025-09-19 11:00:47,324 - INFO - 이메일 입력 필드에 'biicii5210@gmail.com' 입력 시도...
2025-09-19 11:00:47,352 - ERROR - 이메일 입력 필드를 찾을 수 없습니다
2025-09-19 11:00:47,352 - WARNING - ❌ [11/149] 검토자 '최이선' (이메일: biicii5210@gmail.com) 등록 실패
2025-09-19 11:00:47,853 - INFO - [12/149] 검토자 '김백기' (이메일: bkkim@gwnu.ac.kr) 등록 시도 중...
2025-09-19 11:00:47,853 - INFO - 검토자 추가 시작: bkkim@gwnu.ac.kr
2025-09-19 11:00:47,857 - INFO - 콘텐츠 검토 아이템 클릭 시도...
2025-09-19 11:00:47,894 - INFO - 콘텐츠 검토 아이템 클릭 성공: //a[contains(@href, 'review')]
2025-09-19 11:00:48,901 - INFO - 이메일 입력 필드에 'bkkim@gwnu.ac.kr' 입력 시도...
2025-09-19 11:00:48,923 - ERROR - 이메일 입력 필드를 찾을 수 없습니다
2025-09-19 11:00:48,924 - WARNING - ❌ [12/149] 검토자 '김백기' (이메일: bkkim@gwnu.ac.kr) 등록 실패
2025-09-19 11:00:49,424 - INFO - [13/149] 검토자 '송재혁' (이메일: blue2524@gmail.com) 등록 시도 중...
2025-09-19 11:00:49,424 - INFO - 검토자 추가 시작: blue2524@gmail.com
2025-09-19 11:00:49,428 - INFO - 콘텐츠 검토 아이템 클릭 시도...
2025-09-19 11:00:49,464 - INFO - 콘텐츠 검토 아이템 클릭 성공: //a[contains(@href, 'review')]
2025-09-19 11:00:50,469 - INFO - 이메일 입력 필드에 'blue2524@gmail.com' 입력 시도...
2025-09-19 11:00:50,494 - ERROR - 이메일 입력 필드를 찾을 수 없습니다
2025-09-19 11:00:50,494 - WARNING - ❌ [13/149] 검토자 '송재혁' (이메일: blue2524@gmail.com) 등록 실패
2025-09-19 11:00:50,994 - INFO - [14/149] 검토자 '김봉균' (이메일: bongkyun2@gmail.com) 등록 시도 중...
2025-09-19 11:00:50,995 - INFO - 검토자 추가 시작: bongkyun2@gmail.com
2025-09-19 11:00:50,999 - INFO - 콘텐츠 검토 아이템 클릭 시도...
2025-09-19 11:00:51,036 - INFO - 콘텐츠 검토 아이템 클릭 성공: //a[contains(@href, 'review')]
2025-09-19 11:00:52,039 - INFO - 이메일 입력 필드에 'bongkyun2@gmail.com' 입력 시도...
2025-09-19 11:00:52,061 - ERROR - 이메일 입력 필드를 찾을 수 없습니다
2025-09-19 11:00:52,062 - WARNING - ❌ [14/149] 검토자 '김봉균' (이메일: bongkyun2@gmail.com) 등록 실패
2025-09-19 11:00:52,562 - INFO - [15/149] 검토자 '편제범' (이메일: bumy1228@gmail.com) 등록 시도 중...
2025-09-19 11:00:52,563 - INFO - 검토자 추가 시작: bumy1228@gmail.com
2025-09-19 11:00:52,566 - INFO - 콘텐츠 검토 아이템 클릭 시도...
2025-09-19 11:00:52,602 - INFO - 콘텐츠 검토 아이템 클릭 성공: //a[contains(@href, 'review')]
2025-09-19 11:00:53,605 - INFO - 이메일 입력 필드에 'bumy1228@gmail.com' 입력 시도...
2025-09-19 11:00:53,630 - ERROR - 이메일 입력 필드를 찾을 수 없습니다
2025-09-19 11:00:53,630 - WARNING - ❌ [15/149] 검토자 '편제범' (이메일: bumy1228@gmail.com) 등록 실패
2025-09-19 11:00:54,131 - INFO - [16/149] 검토자 '차정은' (이메일: chaje1002@tukorea.ac.kr) 등록 시도 중...
2025-09-19 11:00:54,132 - INFO - 검토자 추가 시작: chaje1002@tukorea.ac.kr
2025-09-19 11:00:54,135 - INFO - 콘텐츠 검토 아이템 클릭 시도...
2025-09-19 11:00:54,174 - INFO - 콘텐츠 검토 아이템 클릭 성공: //a[contains(@href, 'review')]
2025-09-19 11:00:55,179 - INFO - 이메일 입력 필드에 'chaje1002@tukorea.ac.kr' 입력 시도...
2025-09-19 11:00:55,206 - ERROR - 이메일 입력 필드를 찾을 수 없습니다
2025-09-19 11:00:55,206 - WARNING - ❌ [16/149] 검토자 '차정은' (이메일: chaje1002@tukorea.ac.kr) 등록 실패
2025-09-19 11:00:55,707 - INFO - [17/149] 검토자 '이찬근' (이메일: changun@gmail.com) 등록 시도 중...
2025-09-19 11:00:55,707 - INFO - 검토자 추가 시작: changun@gmail.com
2025-09-19 11:00:55,711 - INFO - 콘텐츠 검토 아이템 클릭 시도...
2025-09-19 11:00:55,787 - INFO - 콘텐츠 검토 아이템 클릭 성공: //a[contains(@href, 'review')]
2025-09-19 11:00:56,791 - INFO - 이메일 입력 필드에 'changun@gmail.com' 입력 시도...
2025-09-19 11:00:56,838 - ERROR - 이메일 입력 필드를 찾을 수 없습니다
2025-09-19 11:00:56,839 - WARNING - ❌ [17/149] 검토자 '이찬근' (이메일: changun@gmail.com) 등록 실패
2025-09-19 11:00:57,339 - INFO - [18/149] 검토자 '최윤혁' (이메일: chldbsgur123@sookmyung.ac.kr) 등록 시도 중...
2025-09-19 11:00:57,340 - INFO - 검토자 추가 시작: chldbsgur123@sookmyung.ac.kr
2025-09-19 11:00:57,344 - INFO - 콘텐츠 검토 아이템 클릭 시도...
2025-09-19 11:00:57,386 - INFO - 콘텐츠 검토 아이템 클릭 성공: //a[contains(@href, 'review')]
2025-09-19 11:00:58,390 - INFO - 이메일 입력 필드에 'chldbsgur123@sookmyung.ac.kr' 입력 시도...
2025-09-19 11:00:58,411 - ERROR - 이메일 입력 필드를 찾을 수 없습니다
2025-09-19 11:00:58,412 - WARNING - ❌ [18/149] 검토자 '최윤혁' (이메일: chldbsgur123@sookmyung.ac.kr) 등록 실패
2025-09-19 11:00:58,912 - INFO - [19/149] 검토자 '천소라' (이메일: chonkate@gmail.com) 등록 시도 중...
2025-09-19 11:00:58,913 - INFO - 검토자 추가 시작: chonkate@gmail.com
2025-09-19 11:00:58,928 - INFO - 콘텐츠 검토 아이템 클릭 시도...
2025-09-19 11:00:58,977 - INFO - 콘텐츠 검토 아이템 클릭 성공: //a[contains(@href, 'review')]
2025-09-19 11:00:59,988 - INFO - 이메일 입력 필드에 'chonkate@gmail.com' 입력 시도...
2025-09-19 11:01:00,022 - ERROR - 이메일 입력 필드를 찾을 수 없습니다
2025-09-19 11:01:00,023 - WARNING - ❌ [19/149] 검토자 '천소라' (이메일: chonkate@gmail.com) 등록 실패
2025-09-19 11:01:00,523 - INFO - [20/149] 검토자 '정지훈' (이메일: chungjh@hanyang.ac.kr) 등록 시도 중...
2025-09-19 11:01:00,525 - INFO - 검토자 추가 시작: chungjh@hanyang.ac.kr
2025-09-19 11:01:00,539 - INFO - 콘텐츠 검토 아이템 클릭 시도...
2025-09-19 11:01:00,586 - INFO - 콘텐츠 검토 아이템 클릭 성공: //a[contains(@href, 'review')]
2025-09-19 11:01:01,593 - INFO - 이메일 입력 필드에 'chungjh@hanyang.ac.kr' 입력 시도...
2025-09-19 11:01:01,619 - ERROR - 이메일 입력 필드를 찾을 수 없습니다
2025-09-19 11:01:01,619 - WARNING - ❌ [20/149] 검토자 '정지훈' (이메일: chungjh@hanyang.ac.kr) 등록 실패
2025-09-19 11:01:02,119 - INFO - [21/149] 검토자 '정용주' (이메일: chungyj1@gmail.com) 등록 시도 중...
2025-09-19 11:01:02,120 - INFO - 검토자 추가 시작: chungyj1@gmail.com
2025-09-19 11:01:02,124 - INFO - 콘텐츠 검토 아이템 클릭 시도...
2025-09-19 11:01:02,170 - INFO - 콘텐츠 검토 아이템 클릭 성공: //a[contains(@href, 'review')]
2025-09-19 11:01:03,175 - INFO - 이메일 입력 필드에 'chungyj1@gmail.com' 입력 시도...
2025-09-19 11:01:03,204 - ERROR - 이메일 입력 필드를 찾을 수 없습니다
2025-09-19 11:01:03,204 - WARNING - ❌ [21/149] 검토자 '정용주' (이메일: chungyj1@gmail.com) 등록 실패
2025-09-19 11:01:03,705 - INFO - [22/149] 검토자 '최완수' (이메일: cws2119@ptu.ac.kr) 등록 시도 중...
2025-09-19 11:01:03,705 - INFO - 검토자 추가 시작: cws2119@ptu.ac.kr
2025-09-19 11:01:03,708 - INFO - 콘텐츠 검토 아이템 클릭 시도...
2025-09-19 11:01:03,744 - INFO - 콘텐츠 검토 아이템 클릭 성공: //a[contains(@href, 'review')]
2025-09-19 11:01:04,752 - INFO - 이메일 입력 필드에 'cws2119@ptu.ac.kr' 입력 시도...
2025-09-19 11:01:04,774 - ERROR - 이메일 입력 필드를 찾을 수 없습니다
2025-09-19 11:01:04,774 - WARNING - ❌ [22/149] 검토자 '최완수' (이메일: cws2119@ptu.ac.kr) 등록 실패
2025-09-19 11:01:05,275 - INFO - [23/149] 검토자 '이재문' (이메일: dddcom21@gachon.ac.kr) 등록 시도 중...
2025-09-19 11:01:05,275 - INFO - 검토자 추가 시작: dddcom21@gachon.ac.kr
2025-09-19 11:01:05,279 - INFO - 콘텐츠 검토 아이템 클릭 시도...
2025-09-19 11:01:05,324 - INFO - 콘텐츠 검토 아이템 클릭 성공: //a[contains(@href, 'review')]
2025-09-19 11:01:06,329 - INFO - 이메일 입력 필드에 'dddcom21@gachon.ac.kr' 입력 시도...
2025-09-19 11:01:06,369 - ERROR - 이메일 입력 필드를 찾을 수 없습니다
2025-09-19 11:01:06,369 - WARNING - ❌ [23/149] 검토자 '이재문' (이메일: dddcom21@gachon.ac.kr) 등록 실패
2025-09-19 11:01:06,870 - INFO - [24/149] 검토자 '이광준' (이메일: deeplight63@gmail.com) 등록 시도 중...
2025-09-19 11:01:06,870 - INFO - 검토자 추가 시작: deeplight63@gmail.com
2025-09-19 11:01:06,873 - INFO - 콘텐츠 검토 아이템 클릭 시도...
2025-09-19 11:01:06,912 - INFO - 콘텐츠 검토 아이템 클릭 성공: //a[contains(@href, 'review')]
2025-09-19 11:01:07,916 - INFO - 이메일 입력 필드에 'deeplight63@gmail.com' 입력 시도...
2025-09-19 11:01:07,943 - ERROR - 이메일 입력 필드를 찾을 수 없습니다
2025-09-19 11:01:07,943 - WARNING - ❌ [24/149] 검토자 '이광준' (이메일: deeplight63@gmail.com) 등록 실패
2025-09-19 11:01:08,444 - INFO - [25/149] 검토자 '하지현' (이메일: dev.jihyeon@gmail.com) 등록 시도 중...
2025-09-19 11:01:08,444 - INFO - 검토자 추가 시작: dev.jihyeon@gmail.com
2025-09-19 11:01:08,448 - INFO - 콘텐츠 검토 아이템 클릭 시도...
2025-09-19 11:01:08,528 - INFO - 콘텐츠 검토 아이템 클릭 성공: //a[contains(@href, 'review')]
2025-09-19 11:01:09,532 - INFO - 이메일 입력 필드에 'dev.jihyeon@gmail.com' 입력 시도...
2025-09-19 11:01:09,557 - ERROR - 이메일 입력 필드를 찾을 수 없습니다
2025-09-19 11:01:09,557 - WARNING - ❌ [25/149] 검토자 '하지현' (이메일: dev.jihyeon@gmail.com) 등록 실패
2025-09-19 11:01:10,057 - INFO - [26/149] 검토자 '이하연' (이메일: dgkdus99@gmail.com) 등록 시도 중...
2025-09-19 11:01:10,058 - INFO - 검토자 추가 시작: dgkdus99@gmail.com
2025-09-19 11:01:10,066 - INFO - 콘텐츠 검토 아이템 클릭 시도...
2025-09-19 11:01:10,110 - INFO - 콘텐츠 검토 아이템 클릭 성공: //a[contains(@href, 'review')]
2025-09-19 11:01:11,118 - INFO - 이메일 입력 필드에 'dgkdus99@gmail.com' 입력 시도...
2025-09-19 11:01:11,144 - ERROR - 이메일 입력 필드를 찾을 수 없습니다
2025-09-19 11:01:11,145 - WARNING - ❌ [26/149] 검토자 '이하연' (이메일: dgkdus99@gmail.com) 등록 실패
2025-09-19 11:01:11,645 - INFO - [27/149] 검토자 '김동환' (이메일: dhkim3737@gmail.com) 등록 시도 중...
2025-09-19 11:01:11,645 - INFO - 검토자 추가 시작: dhkim3737@gmail.com
2025-09-19 11:01:11,649 - INFO - 콘텐츠 검토 아이템 클릭 시도...
2025-09-19 11:01:11,687 - INFO - 콘텐츠 검토 아이템 클릭 성공: //a[contains(@href, 'review')]
2025-09-19 11:01:12,693 - INFO - 이메일 입력 필드에 'dhkim3737@gmail.com' 입력 시도...
2025-09-19 11:01:12,721 - ERROR - 이메일 입력 필드를 찾을 수 없습니다
2025-09-19 11:01:12,722 - WARNING - ❌ [27/149] 검토자 '김동환' (이메일: dhkim3737@gmail.com) 등록 실패
2025-09-19 11:01:13,222 - INFO - [28/149] 검토자 '조돈제' (이메일: djcho1234@gmail.com) 등록 시도 중...
2025-09-19 11:01:13,222 - INFO - 검토자 추가 시작: djcho1234@gmail.com
2025-09-19 11:01:13,226 - INFO - 콘텐츠 검토 아이템 클릭 시도...
2025-09-19 11:01:13,263 - INFO - 콘텐츠 검토 아이템 클릭 성공: //a[contains(@href, 'review')]
2025-09-19 11:01:14,272 - INFO - 이메일 입력 필드에 'djcho1234@gmail.com' 입력 시도...
2025-09-19 11:01:14,318 - ERROR - 이메일 입력 필드를 찾을 수 없습니다
2025-09-19 11:01:14,318 - WARNING - ❌ [28/149] 검토자 '조돈제' (이메일: djcho1234@gmail.com) 등록 실패
2025-09-19 11:01:14,819 - INFO - [29/149] 검토자 '이동준' (이메일: djrhee89@kookmin.ac.kr) 등록 시도 중...
2025-09-19 11:01:14,820 - INFO - 검토자 추가 시작: djrhee89@kookmin.ac.kr
2025-09-19 11:01:14,832 - INFO - 콘텐츠 검토 아이템 클릭 시도...
2025-09-19 11:01:14,887 - INFO - 콘텐츠 검토 아이템 클릭 성공: //a[contains(@href, 'review')]
2025-09-19 11:01:15,891 - INFO - 이메일 입력 필드에 'djrhee89@kookmin.ac.kr' 입력 시도...
2025-09-19 11:01:15,927 - ERROR - 이메일 입력 필드를 찾을 수 없습니다
2025-09-19 11:01:15,927 - WARNING - ❌ [29/149] 검토자 '이동준' (이메일: djrhee89@kookmin.ac.kr) 등록 실패
