2025-09-14 10:34:08,876 - INFO - 전자책 검토자 자동 등록 시스템 시작
2025-09-14 10:34:13,181 - INFO - 엑셀 파일 읽기 성공: C:/Users/taejin/Downloads/전자책견본처리현황_2025-06-14 ~ 2025-09-14.xls
2025-09-14 10:34:13,181 - INFO - 총 4개의 행이 발견됨
2025-09-14 10:34:13,183 - INFO - 유효한 데이터: 4개 행
2025-09-14 10:34:17,289 - INFO - 웹 드라이버 설정 시작...
2025-09-14 10:34:17,293 - INFO - Chrome 드라이버 설정 시작...
2025-09-14 10:34:17,295 - INFO - config.py에서 크롬 브라우저 경로 사용: C:\Program Files\Google\Chrome\Application\chrome.exe
2025-09-14 10:34:17,297 - INFO - ChromeDriverManager를 사용하여 드라이버 다운로드 중...
2025-09-14 10:34:17,298 - INFO - ====== WebDriver manager ======
2025-09-14 10:34:18,574 - INFO - Get LATEST chromedriver version for google-chrome
2025-09-14 10:34:19,011 - INFO - Get LATEST chromedriver version for google-chrome
2025-09-14 10:34:19,411 - INFO - Driver [C:\Users\taejin\.wdm\drivers\chromedriver\win64\140.0.7339.82\chromedriver-win32/chromedriver.exe] found in cache
2025-09-14 10:34:19,412 - INFO - 크롬 드라이버 다운로드 성공: C:\Users\taejin\.wdm\drivers\chromedriver\win64\140.0.7339.82\chromedriver-win32/chromedriver.exe
2025-09-14 10:34:20,674 - INFO - 자동화 감지 방지 스크립트 실행 완료
2025-09-14 10:34:20,674 - INFO - Chrome 드라이버 설정 완료
2025-09-14 10:34:20,674 - INFO - Google 로그인 시도...
2025-09-14 10:34:20,678 - INFO - Google Play Books 파트너스 센터로 이동: https://play.google.com/books/publish/u/0/?hl=ko
2025-09-14 10:34:24,317 - INFO - 현재 URL: https://accounts.google.com/v3/signin/identifier?continue=https%3A%2F%2Fplay.google.com%2Fbooks%2Fpublish%2Fredirect&followup=https%3A%2F%2Fplay.google.com%2Fbooks%2Fpublish%2Fredirect&ifkv=AdBytiNx6IxmSPoSLgK0ALDBscA16SYWOI7yHr14kKJlkMyq0NT84cz6qwQ9kfgS9EMYmyhzOrUd&passive=1209600&service=printpublisher&flowName=GlifWebSignIn&flowEntry=ServiceLogin&dsh=S641572647%3A1757813666156085
2025-09-14 10:34:24,319 - INFO - ============================================================
2025-09-14 10:34:24,319 - INFO - 🔐 Google Play Books 파트너스 센터 로그인이 필요합니다.
2025-09-14 10:34:24,319 - INFO - 📌 브라우저 창에서 다음 단계를 진행해주세요:
2025-09-14 10:34:24,319 - INFO -    1. Google 계정으로 로그인
2025-09-14 10:34:24,320 - INFO -    2. 2단계 인증 완료 (필요한 경우)
2025-09-14 10:34:24,324 - INFO -    3. Google Play Books 파트너스 센터 대시보드가 표시될 때까지 대기
2025-09-14 10:34:24,324 - INFO - ============================================================
2025-09-14 10:34:24,331 - INFO - ⏰ 로그인 대기 중... (남은 시간: 300초)
2025-09-14 10:35:00,964 - INFO - ✅ Google Play Books 파트너스 센터 로그인 완료!
2025-09-14 10:35:00,965 - INFO - 처리 중 (1/4): 이수정 - [eBook] IT CookBook, 최신 컴퓨터 구조(2판) - sjlee@inhatc.ac.kr
2025-09-14 10:35:00,968 - INFO - 도서 검색 시작: [eBook] IT CookBook, 최신 컴퓨터 구조(2판)
2025-09-14 10:35:00,971 - INFO - 네비게이션 메뉴 클릭 시도...
2025-09-14 10:35:01,226 - INFO - 네비게이션 메뉴 클릭 성공
2025-09-14 10:35:04,227 - INFO - 도서 검색 필드에 '[eBook] IT CookBook, 최신 컴퓨터 구조(2판)' 입력 시도...
2025-09-14 10:35:10,706 - INFO - 도서 검색 입력 완료
2025-09-14 10:35:10,708 - INFO - 검색 결과 중 첫 번째 도서 클릭 시도...
2025-09-14 10:36:27,633 - ERROR - 검색 결과에서 첫 번째 도서를 찾을 수 없습니다
2025-09-14 10:36:27,634 - INFO - 처리 중 (2/4): 조유영 - [eBook] 알기쉬운 선형대수(12판) - choyouyoung@gmail.com
2025-09-14 10:36:27,639 - INFO - 도서 검색 시작: [eBook] 알기쉬운 선형대수(12판)
2025-09-14 10:36:27,639 - INFO - 네비게이션 메뉴 클릭 시도...
2025-09-14 10:36:27,920 - INFO - 네비게이션 메뉴 클릭 성공
2025-09-14 10:36:30,920 - INFO - 도서 검색 필드에 '[eBook] 알기쉬운 선형대수(12판)' 입력 시도...
2025-09-14 10:36:37,495 - INFO - 도서 검색 입력 완료
2025-09-14 10:36:37,495 - INFO - 검색 결과 중 첫 번째 도서 클릭 시도...
