2025-09-15 16:05:45,031 - INFO - 전자책 검토자 자동 등록 시스템 시작
2025-09-15 16:05:48,310 - INFO - 엑셀 파일 읽기 성공: C:/Users/taejin/Downloads/전자책견본처리현황_2025-06-15 ~ 2025-09-15.xls
2025-09-15 16:05:48,310 - INFO - 총 4개의 행이 발견됨
2025-09-15 16:05:48,310 - INFO - 엑셀 파일 컬럼: ['접수일', '발송유형', '발송자', '이름', '이메일', '지메일', '휴대전화', '소속학교', '도서코드', '도서명', '처리일', '열람기한', '강의대학', '강의학과', '강의명']
2025-09-15 16:05:48,310 - INFO - I열(도서코드) 컬럼명: '도서코드'
2025-09-15 16:05:48,311 - INFO - 도서코드 컬럼 '도서코드' 포함하여 데이터 처리 완료
2025-09-15 16:05:48,311 - INFO - 유효한 데이터: 4개 행
2025-09-15 16:05:48,313 - INFO - 데이터 샘플:
 이름                                도서명                지메일  도서코드
김태진      [eBook] 혼자 공부하는 머신러닝+딥러닝(개정판)   kxowls@gmail.com 11360
문남미 [eBook] IT CookBook, 생성형 AI 활용과 실습 nammee01@gmail.com 41029
문남미         [eBook] IT Cookbook, 강화 학습 nammee01@gmail.com 41007
2025-09-15 16:05:51,331 - INFO - 도서 데이터베이스 로드 시작...
2025-09-15 16:05:51,333 - INFO - 구글 스프레드시트에서 도서 데이터베이스 로드 중...
2025-09-15 16:05:52,853 - INFO - 도서 데이터베이스 컬럼: ['도서코드', '도서명', 'ISBN', 'eISBN', '출판사']
2025-09-15 16:05:52,939 - INFO - 도서 데이터베이스 로드 완료: 3925개 도서
2025-09-15 16:05:52,940 - INFO - 출판사별 도서 수: {'한빛아카데미': 849, '한빛미디어': 3076}
2025-09-15 16:05:52,940 - INFO - 웹 드라이버 설정 시작...
2025-09-15 16:05:52,943 - INFO - Chrome 드라이버 설정 시작...
2025-09-15 16:05:52,943 - INFO - config.py에서 크롬 브라우저 경로 사용: C:\Program Files\Google\Chrome\Application\chrome.exe
2025-09-15 16:05:52,943 - INFO - ChromeDriverManager를 사용하여 드라이버 다운로드 중...
2025-09-15 16:05:52,943 - INFO - ====== WebDriver manager ======
2025-09-15 16:05:53,613 - INFO - Get LATEST chromedriver version for google-chrome
2025-09-15 16:05:53,892 - INFO - Get LATEST chromedriver version for google-chrome
2025-09-15 16:05:54,141 - INFO - Driver [C:\Users\taejin\.wdm\drivers\chromedriver\win64\140.0.7339.82\chromedriver-win32/chromedriver.exe] found in cache
2025-09-15 16:05:54,141 - INFO - 크롬 드라이버 다운로드 성공: C:\Users\taejin\.wdm\drivers\chromedriver\win64\140.0.7339.82\chromedriver-win32/chromedriver.exe
2025-09-15 16:05:55,195 - INFO - 자동화 감지 방지 스크립트 실행 완료
2025-09-15 16:05:55,195 - INFO - Chrome 드라이버 설정 완료
2025-09-15 16:05:55,195 - INFO - Google 로그인 시도...
2025-09-15 16:05:55,197 - INFO - Google Play Books 파트너스 센터로 이동: https://play.google.com/books/publish/u/0/?hl=ko
2025-09-15 16:05:59,368 - INFO - 현재 URL: https://accounts.google.com/v3/signin/identifier?continue=https%3A%2F%2Fplay.google.com%2Fbooks%2Fpublish%2Fredirect&followup=https%3A%2F%2Fplay.google.com%2Fbooks%2Fpublish%2Fredirect&ifkv=AfYwgwXiCicjeoTLhC-b8dY0gW888SY8bIhfmlELVAZXoJ4k-l1-t2TQBC3PRg4CJBm9drDGYdKKOg&passive=1209600&service=printpublisher&flowName=GlifWebSignIn&flowEntry=ServiceLogin&dsh=S-553579839%3A1757919957998988
2025-09-15 16:05:59,368 - INFO - ============================================================
2025-09-15 16:05:59,368 - INFO - 🔐 Google Play Books 파트너스 센터 로그인이 필요합니다.
2025-09-15 16:05:59,369 - INFO - 📌 브라우저 창에서 다음 단계를 진행해주세요:
2025-09-15 16:05:59,369 - INFO -    1. Google 계정으로 로그인
2025-09-15 16:05:59,369 - INFO -    2. 2단계 인증 완료 (필요한 경우)
2025-09-15 16:05:59,369 - INFO -    3. Google Play Books 파트너스 센터 대시보드가 표시될 때까지 대기
2025-09-15 16:05:59,369 - INFO - ============================================================
2025-09-15 16:06:25,223 - INFO - ✅ 사용자가 로그인 완료를 확인했습니다.
2025-09-15 16:06:25,224 - INFO - 처리 중 (1/4): 김태진 - [eBook] 혼자 공부하는 머신러닝+딥러닝(개정판) - kxowls@gmail.com
2025-09-15 16:06:25,224 - INFO -   도서코드: 11360, ISBN: 9791169213608, 출판사: 한빛미디어
2025-09-15 16:06:25,229 - INFO - 도서 검색 시작 - 도서코드: 11360
2025-09-15 16:06:25,229 - INFO - 도서 정보 - 제목: 혼자 공부하는 머신러닝+딥러닝(개정판), ISBN: 9791169213608, eISBN: 9791169219273, 출판사: 한빛미디어
2025-09-15 16:06:25,230 - INFO - 도서 목록 페이지로 직접 이동: https://play.google.com/books/publish/a/535699340789858766#list?sortby=last_updated&sortdir=desc
2025-09-15 16:06:28,238 - INFO - 도서 목록 페이지 로드 완료
2025-09-15 16:06:30,250 - INFO - 페이지 요소 로드 대기 완료
2025-09-15 16:06:30,250 - INFO - 출판사 선택 드롭다운 클릭 시도... (대상 출판사: 한빛미디어)
2025-09-15 16:06:30,335 - INFO - 출판사 선택 드롭다운 열기 성공
2025-09-15 16:06:32,335 - INFO - 선택할 출판사: 한빛미디어
2025-09-15 16:06:32,404 - INFO - 한빛미디어 출판사 선택 성공
2025-09-15 16:06:34,405 - INFO - 검색창에 우선값 '9791169219273' 입력 시도...
2025-09-15 16:06:40,636 - INFO - 우선값 검색 입력 완료
2025-09-15 16:06:40,637 - INFO - 검색 결과 중 첫 번째 도서 클릭 시도...
