2025-09-14 10:15:40,847 - INFO - 전자책 검토자 자동 등록 시스템 시작
2025-09-14 10:15:44,153 - INFO - 엑셀 파일 읽기 성공: C:/Users/taejin/Downloads/전자책견본처리현황_2025-06-14 ~ 2025-09-14.xls
2025-09-14 10:15:44,154 - INFO - 총 4개의 행이 발견됨
2025-09-14 10:15:44,155 - INFO - 유효한 데이터: 4개 행
2025-09-14 10:15:46,902 - INFO - 웹 드라이버 설정 시작...
2025-09-14 10:15:46,907 - INFO - 크롬 브라우저 경로 지정: C:\Program Files\Google\Chrome\Application\chrome.exe
2025-09-14 10:15:46,908 - INFO - ====== WebDriver manager ======
2025-09-14 10:15:47,795 - INFO - Get LATEST chromedriver version for google-chrome
2025-09-14 10:15:48,261 - INFO - About to download new driver from https://chromedriver.storage.googleapis.com/114.0.5735.90/chromedriver_win32.zip
2025-09-14 10:15:48,686 - INFO - Driver downloading response is 200
2025-09-14 10:15:49,321 - INFO - Get LATEST chromedriver version for google-chrome
2025-09-14 10:15:50,335 - INFO - Get LATEST chromedriver version for google-chrome
2025-09-14 10:15:51,246 - INFO - Driver has been saved in cache [C:\Users\taejin\.wdm\drivers\chromedriver\win64\114.0.5735.90]
2025-09-14 10:15:51,247 - INFO - 자동 다운로드된 크롬 드라이버 경로: C:\Users\taejin\.wdm\drivers\chromedriver\win64\114.0.5735.90\chromedriver.exe
2025-09-14 10:15:56,039 - ERROR - 드라이버 설정 실패: Message: unknown error: no chrome binary at C:\Program Files\Google\Chrome\Application\chrome.exe
Stacktrace:
Backtrace:
	GetHandleVerifier [0x007FA813+48355]
	(No symbol) [0x0078C4B1]
	(No symbol) [0x00695358]
	(No symbol) [0x006B1A33]
	(No symbol) [0x006B0579]
	(No symbol) [0x006E0C55]
	(No symbol) [0x006E093C]
	(No symbol) [0x006DA536]
	(No symbol) [0x006B82DC]
	(No symbol) [0x006B93DD]
	GetHandleVerifier [0x00A5AABD+2539405]
	GetHandleVerifier [0x00A9A78F+2800735]
	GetHandleVerifier [0x00A9456C+2775612]
	GetHandleVerifier [0x008851E0+616112]
	(No symbol) [0x00795F8C]
	(No symbol) [0x00792328]
	(No symbol) [0x0079240B]
	(No symbol) [0x00784FF7]
	timeGetTime [0x76558708+728232]
	timeGetTime [0x764AE81C+32188]
	fltused [0x7700FC4C+525064]
	fltused [0x7700FBA8+524900]
	fltused [0x770E968C+1416520]

2025-09-14 10:15:56,044 - ERROR - 드라이버 설정 실패 - 크롬 브라우저가 설치되어 있고 최신 버전인지 확인하세요.
config.py 파일에서 CHROME_DRIVER_PATH를 직접 지정해보세요.
2025-09-14 10:15:56,045 - ERROR - 등록 프로세스 실패: 드라이버 설정 실패 - 크롬 브라우저가 설치되어 있고 최신 버전인지 확인하세요.
config.py 파일에서 CHROME_DRIVER_PATH를 직접 지정해보세요.
