2025-09-15 15:52:05,853 - INFO - 전자책 검토자 자동 등록 시스템 시작
2025-09-15 15:52:09,325 - INFO - 엑셀 파일 읽기 성공: C:/Users/taejin/Downloads/전자책견본처리현황_2025-06-15 ~ 2025-09-15.xls
2025-09-15 15:52:09,326 - INFO - 총 4개의 행이 발견됨
2025-09-15 15:52:09,326 - INFO - 엑셀 파일 컬럼: ['접수일', '발송유형', '발송자', '이름', '이메일', '지메일', '휴대전화', '소속학교', '도서코드', '도서명', '처리일', '열람기한', '강의대학', '강의학과', '강의명']
2025-09-15 15:52:09,327 - INFO - I열(도서코드) 컬럼명: '도서코드'
2025-09-15 15:52:09,330 - INFO - 도서코드 컬럼 '도서코드' 포함하여 데이터 처리 완료
2025-09-15 15:52:09,330 - INFO - 유효한 데이터: 4개 행
2025-09-15 15:52:09,333 - INFO - 데이터 샘플:
 이름                                도서명                지메일  도서코드
김태진      [eBook] 혼자 공부하는 머신러닝+딥러닝(개정판)   kxowls@gmail.com 11360
문남미 [eBook] IT CookBook, 생성형 AI 활용과 실습 nammee01@gmail.com 41029
문남미         [eBook] IT Cookbook, 강화 학습 nammee01@gmail.com 41007
2025-09-15 15:52:12,470 - INFO - 도서 데이터베이스 로드 시작...
2025-09-15 15:52:12,473 - INFO - 구글 스프레드시트에서 도서 데이터베이스 로드 중...
2025-09-15 15:52:13,603 - INFO - 도서 데이터베이스 컬럼: ['도서코드', '도서명', 'ISBN', 'eISBN', '출판사']
2025-09-15 15:52:13,691 - INFO - 도서 데이터베이스 로드 완료: 3925개 도서
2025-09-15 15:52:13,691 - INFO - 출판사별 도서 수: {'한빛아카데미': 849, '한빛미디어': 3076}
2025-09-15 15:52:13,692 - INFO - 웹 드라이버 설정 시작...
2025-09-15 15:52:13,694 - INFO - Chrome 드라이버 설정 시작...
2025-09-15 15:52:13,694 - INFO - config.py에서 크롬 브라우저 경로 사용: C:\Program Files\Google\Chrome\Application\chrome.exe
2025-09-15 15:52:13,694 - INFO - ChromeDriverManager를 사용하여 드라이버 다운로드 중...
2025-09-15 15:52:13,695 - INFO - ====== WebDriver manager ======
2025-09-15 15:52:14,363 - INFO - Get LATEST chromedriver version for google-chrome
2025-09-15 15:52:14,631 - INFO - Get LATEST chromedriver version for google-chrome
2025-09-15 15:52:14,880 - INFO - Driver [C:\Users\taejin\.wdm\drivers\chromedriver\win64\140.0.7339.82\chromedriver-win32/chromedriver.exe] found in cache
2025-09-15 15:52:14,881 - INFO - 크롬 드라이버 다운로드 성공: C:\Users\taejin\.wdm\drivers\chromedriver\win64\140.0.7339.82\chromedriver-win32/chromedriver.exe
2025-09-15 15:52:16,086 - INFO - 자동화 감지 방지 스크립트 실행 완료
2025-09-15 15:52:16,087 - INFO - Chrome 드라이버 설정 완료
2025-09-15 15:52:16,087 - INFO - Google 로그인 시도...
2025-09-15 15:52:16,089 - INFO - Google Play Books 파트너스 센터로 이동: https://play.google.com/books/publish/u/0/?hl=ko
2025-09-15 15:52:20,092 - INFO - 현재 URL: https://accounts.google.com/v3/signin/identifier?continue=https%3A%2F%2Fplay.google.com%2Fbooks%2Fpublish%2Fredirect&followup=https%3A%2F%2Fplay.google.com%2Fbooks%2Fpublish%2Fredirect&ifkv=AfYwgwW_5vysX_t7EjBlYPnwHiLR6j0XoT86R2uwsK6KyHy1Pind4y05EmV0Zj0FyVZBhDPtTJOX2g&passive=1209600&service=printpublisher&flowName=GlifWebSignIn&flowEntry=ServiceLogin&dsh=S-769357084%3A1757919138779086
2025-09-15 15:52:20,092 - INFO - ============================================================
2025-09-15 15:52:20,092 - INFO - 🔐 Google Play Books 파트너스 센터 로그인이 필요합니다.
2025-09-15 15:52:20,092 - INFO - 📌 브라우저 창에서 다음 단계를 진행해주세요:
2025-09-15 15:52:20,092 - INFO -    1. Google 계정으로 로그인
2025-09-15 15:52:20,092 - INFO -    2. 2단계 인증 완료 (필요한 경우)
2025-09-15 15:52:20,092 - INFO -    3. Google Play Books 파트너스 센터 대시보드가 표시될 때까지 대기
2025-09-15 15:52:20,092 - INFO - ============================================================
2025-09-15 15:52:20,096 - INFO - ⏰ 로그인 대기 중... (남은 시간: 300초)
2025-09-15 15:52:53,204 - INFO - ✅ Google Play Books 파트너스 센터 로그인 완료!
2025-09-15 15:52:53,205 - INFO - 처리 중 (1/4): 김태진 - [eBook] 혼자 공부하는 머신러닝+딥러닝(개정판) - kxowls@gmail.com
2025-09-15 15:52:53,205 - INFO -   도서코드: 11360, ISBN: 9791169213608, 출판사: 한빛미디어
2025-09-15 15:52:53,207 - INFO - 도서 검색 시작 - 도서코드: 11360
2025-09-15 15:52:53,208 - INFO - 도서 정보 - 제목: 혼자 공부하는 머신러닝+딥러닝(개정판), ISBN: 9791169213608, eISBN: 9791169219273.0, 출판사: 한빛미디어
2025-09-15 15:52:53,208 - INFO - 도서 목록 페이지로 직접 이동: https://play.google.com/books/publish/a/535699340789858766#list?sortby=last_updated&sortdir=desc
2025-09-15 15:52:56,217 - INFO - 도서 목록 페이지 로드 완료
2025-09-15 15:52:58,232 - INFO - 페이지 요소 로드 대기 완료
2025-09-15 15:52:58,232 - INFO - 출판사 선택 드롭다운 클릭 시도... (대상 출판사: 한빛미디어)
2025-09-15 15:52:58,316 - INFO - 출판사 선택 드롭다운 열기 성공
2025-09-15 15:53:00,317 - INFO - 선택할 출판사: 한빛미디어
2025-09-15 15:53:00,378 - INFO - 한빛미디어 출판사 선택 성공
2025-09-15 15:53:02,379 - INFO - 검색창에 우선값 '9791169219273.0' 입력 시도...
2025-09-15 15:53:08,617 - INFO - 우선값 검색 입력 완료
2025-09-15 15:53:08,618 - INFO - 검색 결과 중 첫 번째 도서 클릭 시도...
2025-09-15 15:55:11,988 - WARNING - 기본 셀렉터로 도서를 찾지 못함. 페이지 분석 시도...
2025-09-15 15:55:12,002 - INFO - 클릭 가능한 요소 수: 33
2025-09-15 15:55:12,067 - INFO - 우선 검색값으로 도서를 찾지 못해 대체값 '9791169213608'로 재검색합니다
2025-09-15 15:57:17,618 - ERROR - 검색 결과에서 첫 번째 도서를 찾을 수 없습니다
2025-09-15 15:57:17,618 - WARNING - 행 1: 도서 검색 실패 - 도서코드 11360
2025-09-15 15:57:17,618 - INFO - 처리 중 (2/4): 문남미 - [eBook] IT CookBook, 생성형 AI 활용과 실습 - nammee01@gmail.com
2025-09-15 15:57:17,619 - INFO -   도서코드: 41029, ISBN: 9791173400292, 출판사: 한빛아카데미
2025-09-15 15:57:17,622 - INFO - 도서 검색 시작 - 도서코드: 41029
2025-09-15 15:57:17,622 - INFO - 도서 정보 - 제목: 교재)생성형 AI 활용과 실습, ISBN: 9791173400292, eISBN: 9791173409738.0, 출판사: 한빛아카데미
2025-09-15 15:57:17,622 - INFO - 도서 목록 페이지로 직접 이동: https://play.google.com/books/publish/a/535699340789858766#list?sortby=last_updated&sortdir=desc
2025-09-15 15:57:20,646 - INFO - 도서 목록 페이지 로드 완료
2025-09-15 15:57:22,659 - INFO - 페이지 요소 로드 대기 완료
2025-09-15 15:57:22,660 - INFO - 출판사 선택 드롭다운 클릭 시도... (대상 출판사: 한빛아카데미)
2025-09-15 15:57:22,737 - INFO - 출판사 선택 드롭다운 열기 성공
2025-09-15 15:57:24,737 - INFO - 선택할 출판사: 한빛아카데미
2025-09-15 15:57:28,131 - INFO - 한빛아카데미 출판사 선택 성공
2025-09-15 15:57:30,132 - INFO - 검색창에 우선값 '9791173409738.0' 입력 시도...
2025-09-15 15:57:36,352 - INFO - 우선값 검색 입력 완료
2025-09-15 15:57:36,353 - INFO - 검색 결과 중 첫 번째 도서 클릭 시도...
