2025-09-19 12:10:24,640 - INFO - 전자책 검토자 자동 등록 시스템 시작
2025-09-19 12:10:28,691 - INFO - 엑셀 파일 읽기 성공: C:/Users/taejin/Downloads/신규회원 홍보 전자책.xlsx
2025-09-19 12:10:28,692 - INFO - 총 149개의 행이 발견됨
2025-09-19 12:10:28,692 - INFO - 엑셀 파일 컬럼: ['접수일', '발송유형', '발송자', '이름', '이메일', '지메일', '휴대전화', '소속학교', '도서코드', '도서명', '처리일', '열람기한', '강의대학', '강의학과', '강의명']
2025-09-19 12:10:28,693 - INFO - 유효한 데이터: 149개 행
2025-09-19 12:10:28,697 - INFO - 검토자 데이터 샘플:
 이름  도서코드                    지메일
이설아 41029   1026seolah@gmail.com
최홍인 41029 12200716@dankook.ac.kr
박정우 41029     215wjddn@gmail.com
2025-09-19 12:10:28,697 - INFO - 구글 스프레드시트에서 도서 정보 데이터베이스를 구축합니다...
2025-09-19 12:10:28,697 - INFO - Google 스프레드시트 URL에서 도서 정보 데이터베이스 읽기 시도: https://docs.google.com/spreadsheets/d/18uXAoTIz07WEBzFgCYC5asaOUkLujYgQtezDsmPWiGY/export?format=csv&gid=0
2025-09-19 12:10:30,792 - INFO - 스프레드시트 데이터를 UTF-8로 디코딩했습니다.
2025-09-19 12:10:30,831 - INFO - 스프레드시트 컬럼: ['code', 'title', 'ISBN', 'eISBN', 'publisher', 'g_title', 's_isbn']
2025-09-19 12:10:30,933 - INFO - 도서 정보 데이터베이스 구축 완료: 총 0개의 도서 정보 로드
2025-09-19 12:10:30,939 - INFO - 검토자 정보와 도서 데이터베이스 정보를 매핑합니다...
2025-09-19 12:10:30,943 - INFO - 
===== 검토자 정보 =====
2025-09-19 12:10:30,943 - INFO - [1] 도서코드: 41029, 이름: 이설아, 이메일: 1026seolah@gmail.com
2025-09-19 12:10:30,943 - INFO - [2] 도서코드: 41029, 이름: 최홍인, 이메일: 12200716@dankook.ac.kr
2025-09-19 12:10:30,944 - INFO - [3] 도서코드: 41029, 이름: 박정우, 이메일: 215wjddn@gmail.com
2025-09-19 12:10:30,944 - INFO - [4] 도서코드: 41029, 이름: 이수연, 이메일: 500pelle@gmail.com
2025-09-19 12:10:30,944 - INFO - [5] 도서코드: 41029, 이름: 오아름, 이메일: ahreum@gwnu.ac.kr
2025-09-19 12:10:30,944 - INFO - ... 외 144건
2025-09-19 12:10:30,944 - INFO - =====================

2025-09-19 12:10:33,835 - INFO - 도서 데이터베이스 로드 시작...
2025-09-19 12:10:33,837 - INFO - 구글 스프레드시트에서 도서 데이터베이스 로드 중: https://docs.google.com/spreadsheets/d/18uXAoTIz07WEBzFgCYC5asaOUkLujYgQtezDsmPWiGY/export?format=csv&gid=0
2025-09-19 12:10:36,027 - INFO - 스프레드시트 로드 성공: 3925행 발견
2025-09-19 12:10:36,030 - INFO - 컬럼명 변환 결과: ['도서코드', '도서명', 'ISBN', 'eISBN', '출판사', 'g_title', 's_isbn']
2025-09-19 12:10:36,031 - WARNING - 스프레드시트 컬럼 개수(7)와 기대값(6)이 다릅니다. 실제 컬럼명: ['도서코드', '도서명', 'ISBN', 'eISBN', '출판사', 'g_title', 's_isbn']
2025-09-19 12:10:36,163 - INFO - 도서 데이터베이스 로드 완료: 3925개 도서
2025-09-19 12:10:36,164 - INFO - 출판사별 도서 수: {'한빛아카데미': 849, '한빛미디어': 3076}
2025-09-19 12:10:36,166 - INFO - 웹 드라이버 설정 시작...
2025-09-19 12:10:36,169 - INFO - Chrome 드라이버 설정 시작...
2025-09-19 12:10:36,170 - INFO - config.py에서 크롬 브라우저 경로 사용: C:\Program Files\Google\Chrome\Application\chrome.exe
2025-09-19 12:10:36,170 - INFO - ChromeDriverManager를 사용하여 드라이버 다운로드 중...
2025-09-19 12:10:36,170 - INFO - ====== WebDriver manager ======
2025-09-19 12:10:36,955 - INFO - Get LATEST chromedriver version for google-chrome
2025-09-19 12:10:37,267 - INFO - Get LATEST chromedriver version for google-chrome
2025-09-19 12:10:37,655 - INFO - Driver [C:\Users\taejin\.wdm\drivers\chromedriver\win64\140.0.7339.185\chromedriver-win32/chromedriver.exe] found in cache
2025-09-19 12:10:37,662 - INFO - 크롬 드라이버 다운로드 성공: C:\Users\taejin\.wdm\drivers\chromedriver\win64\140.0.7339.185\chromedriver-win32/chromedriver.exe
2025-09-19 12:10:38,760 - INFO - 자동화 감지 방지 스크립트 실행 완료
2025-09-19 12:10:38,760 - INFO - Chrome 드라이버 설정 완료
2025-09-19 12:10:38,761 - INFO - Google 로그인 시도...
2025-09-19 12:10:38,763 - INFO - Google Play Books 파트너스 센터로 이동: https://play.google.com/books/publish/u/0/?hl=ko
2025-09-19 12:10:43,629 - INFO - 현재 URL: https://accounts.google.com/v3/signin/identifier?continue=https%3A%2F%2Fplay.google.com%2Fbooks%2Fpublish%2Fredirect&followup=https%3A%2F%2Fplay.google.com%2Fbooks%2Fpublish%2Fredirect&ifkv=AfYwgwWuJwFw9_GRIFTHGW3NJmnvlgm8LT-Dp_nTj6DawK_OiYUIhEgd0hBMWNxllZdeGY4jPPl9cA&passive=1209600&service=printpublisher&flowName=GlifWebSignIn&flowEntry=ServiceLogin&dsh=S1208310314%3A1758251445410860
2025-09-19 12:10:43,630 - INFO - ============================================================
2025-09-19 12:10:43,631 - INFO - 🔐 Google Play Books 파트너스 센터 로그인이 필요합니다.
2025-09-19 12:10:43,632 - INFO - 📌 브라우저 창에서 다음 단계를 진행해주세요:
2025-09-19 12:10:43,632 - INFO -    1. Google 계정으로 로그인
2025-09-19 12:10:43,632 - INFO -    2. 2단계 인증 완료 (필요한 경우)
2025-09-19 12:10:43,632 - INFO -    3. Google Play Books 파트너스 센터 대시보드가 표시될 때까지 대기
2025-09-19 12:10:43,632 - INFO - ============================================================
2025-09-19 12:11:04,260 - INFO - ✅ 사용자가 로그인 완료를 확인했습니다.
2025-09-19 12:11:04,264 - INFO - ====== 출판사 '한빛아카데미' 처리 시작 ======
2025-09-19 12:11:04,264 - INFO - 도서 '교재)생성형 AI 활용과 실습' (코드: 41029, ISBN: 9791173400292) 처리 시작
2025-09-19 12:11:04,264 - INFO - 검토자 149명 등록 예정
2025-09-19 12:11:04,268 - INFO - 도서 검색 시작 - 도서코드: 41029
2025-09-19 12:11:04,268 - INFO - 도서 정보 - 제목: 교재)생성형 AI 활용과 실습, ISBN: 9791173400292, eISBN: 9791173409738, 출판사: 한빛아카데미
2025-09-19 12:11:04,269 - INFO - 출판사 '한빛아카데미'의 도서 목록 페이지로 이동: https://play.google.com/books/publish/a/535699340789858766#list?sortby=last_updated&sortdir=desc&publisher=한빛아카데미
2025-09-19 12:11:06,279 - INFO - 도서 목록 페이지 로드 완료
2025-09-19 12:11:08,324 - INFO - 페이지 요소 로드 대기 완료
2025-09-19 12:11:08,326 - INFO - 출판사 선택 드롭다운 클릭 시도... (대상 출판사: 한빛아카데미)
2025-09-19 12:11:08,487 - INFO - 출판사 선택 드롭다운 열기 성공
2025-09-19 12:11:10,489 - INFO - 선택할 출판사: 한빛아카데미
2025-09-19 12:11:14,311 - INFO - 한빛아카데미 출판사 선택 성공
2025-09-19 12:11:16,312 - INFO - 검색창에 도서명 '생성형 AI 활용과 실습: 챗GPT부터 코파일럿까지 따라 하며 익히는 AI 활용 가이드' 입력 시도...
2025-09-19 12:11:22,923 - INFO - 도서명 검색 입력 완료
2025-09-19 12:11:22,947 - INFO - 검색 결과 중 첫 번째 도서 클릭 시도...
2025-09-19 12:11:23,135 - INFO - 첫 번째 도서 클릭 성공: /html/body/pfe-app/partner-center/div[2]/div/ng-component/ng-component/div/catalog-table/div/table/tbody/tr/td[1]/div/div/a
2025-09-19 12:11:26,136 - INFO - 도서 '교재)생성형 AI 활용과 실습' (ISBN: 9791173400292) 검색 및 선택 완료
2025-09-19 12:11:26,142 - INFO - 총 149명의 검토자를 일괄 등록합니다
2025-09-19 12:11:26,143 - INFO - [1/149] 검토자 '이설아' (이메일: 1026seolah@gmail.com) 등록 시도 중...
2025-09-19 12:11:26,144 - INFO - 검토자 추가 시작: 1026seolah@gmail.com
2025-09-19 12:11:26,144 - INFO - 콘텐츠 검토 페이지로 이동합니다...
2025-09-19 12:11:26,452 - INFO - /html/body/pfe-app/partner-center/div[2]/div/ng-component/ng-component/mat-nav-list/div/nav/a[2]/span/span/div/span XPath 클릭 성공
2025-09-19 12:11:29,472 - INFO - 이메일 '1026seolah@gmail.com' 입력 시도...
2025-09-19 12:11:29,544 - INFO - 이메일 입력 필드를 찾았습니다
2025-09-19 12:11:29,740 - INFO - 이메일 '1026seolah@gmail.com' 입력 완료
2025-09-19 12:11:29,779 - INFO - Enter 키로 제출 완료
2025-09-19 12:11:29,780 - INFO - 이메일 '1026seolah@gmail.com'이(가) 검토자 목록에 나타날 때까지 대기...
2025-09-19 12:11:29,987 - INFO - 이메일 '1026seolah@gmail.com'이(가) 검토자 목록에 표시됨. 3초 후 다음 등록으로 진행.
2025-09-19 12:11:32,988 - INFO - [process_registration] 등록 후 5초 대기...
2025-09-19 12:11:37,990 - INFO - ✅ [1/149] 검토자 '이설아' (이메일: 1026seolah@gmail.com) 등록 시도 성공 (5초 대기 후)
2025-09-19 12:11:37,991 - INFO - [2/149] 검토자 '최홍인' (이메일: 12200716@dankook.ac.kr) 등록 시도 중...
2025-09-19 12:11:37,991 - INFO - 검토자 추가 시작: 12200716@dankook.ac.kr
2025-09-19 12:11:37,991 - INFO - 이미 콘텐츠 검토 페이지에 있습니다. 바로 이메일 입력을 시도합니다.
2025-09-19 12:11:38,992 - INFO - 이메일 '12200716@dankook.ac.kr' 입력 시도...
2025-09-19 12:11:39,044 - INFO - 이메일 입력 필드를 찾았습니다
2025-09-19 12:11:39,229 - INFO - 이메일 '12200716@dankook.ac.kr' 입력 완료
2025-09-19 12:11:39,334 - INFO - Enter 키로 제출 완료
2025-09-19 12:11:39,335 - INFO - 이메일 '12200716@dankook.ac.kr'이(가) 검토자 목록에 나타날 때까지 대기...
2025-09-19 12:11:39,555 - INFO - 이메일 '12200716@dankook.ac.kr'이(가) 검토자 목록에 표시됨. 3초 후 다음 등록으로 진행.
2025-09-19 12:11:42,557 - INFO - [process_registration] 등록 후 5초 대기...
2025-09-19 12:11:47,559 - INFO - ✅ [2/149] 검토자 '최홍인' (이메일: 12200716@dankook.ac.kr) 등록 시도 성공 (5초 대기 후)
2025-09-19 12:11:47,565 - INFO - [3/149] 검토자 '박정우' (이메일: 215wjddn@gmail.com) 등록 시도 중...
2025-09-19 12:11:47,567 - INFO - 검토자 추가 시작: 215wjddn@gmail.com
2025-09-19 12:11:47,568 - INFO - 이미 콘텐츠 검토 페이지에 있습니다. 바로 이메일 입력을 시도합니다.
2025-09-19 12:11:48,569 - INFO - 이메일 '215wjddn@gmail.com' 입력 시도...
2025-09-19 12:11:48,599 - INFO - 이메일 입력 필드를 찾았습니다
2025-09-19 12:11:48,680 - INFO - 이메일 '215wjddn@gmail.com' 입력 완료
2025-09-19 12:11:48,714 - INFO - Enter 키로 제출 완료
2025-09-19 12:11:48,714 - INFO - 이메일 '215wjddn@gmail.com'이(가) 검토자 목록에 나타날 때까지 대기...
2025-09-19 12:11:48,919 - INFO - 이메일 '215wjddn@gmail.com'이(가) 검토자 목록에 표시됨. 3초 후 다음 등록으로 진행.
2025-09-19 12:11:51,921 - INFO - [process_registration] 등록 후 5초 대기...
2025-09-19 12:11:56,923 - INFO - ✅ [3/149] 검토자 '박정우' (이메일: 215wjddn@gmail.com) 등록 시도 성공 (5초 대기 후)
2025-09-19 12:11:56,924 - INFO - [4/149] 검토자 '이수연' (이메일: 500pelle@gmail.com) 등록 시도 중...
2025-09-19 12:11:56,924 - INFO - 검토자 추가 시작: 500pelle@gmail.com
2025-09-19 12:11:56,925 - INFO - 이미 콘텐츠 검토 페이지에 있습니다. 바로 이메일 입력을 시도합니다.
2025-09-19 12:11:57,925 - INFO - 이메일 '500pelle@gmail.com' 입력 시도...
2025-09-19 12:11:57,996 - INFO - 이메일 입력 필드를 찾았습니다
2025-09-19 12:11:58,094 - INFO - 이메일 '500pelle@gmail.com' 입력 완료
2025-09-19 12:11:58,128 - INFO - Enter 키로 제출 완료
2025-09-19 12:11:58,129 - INFO - 이메일 '500pelle@gmail.com'이(가) 검토자 목록에 나타날 때까지 대기...
2025-09-19 12:11:58,299 - INFO - 이메일 '500pelle@gmail.com'이(가) 검토자 목록에 표시됨. 3초 후 다음 등록으로 진행.
2025-09-19 12:12:01,300 - INFO - [process_registration] 등록 후 5초 대기...
2025-09-19 12:12:06,303 - INFO - ✅ [4/149] 검토자 '이수연' (이메일: 500pelle@gmail.com) 등록 시도 성공 (5초 대기 후)
2025-09-19 12:12:06,305 - INFO - [5/149] 검토자 '오아름' (이메일: ahreum@gwnu.ac.kr) 등록 시도 중...
2025-09-19 12:12:06,308 - INFO - 검토자 추가 시작: ahreum@gwnu.ac.kr
2025-09-19 12:12:06,310 - INFO - 이미 콘텐츠 검토 페이지에 있습니다. 바로 이메일 입력을 시도합니다.
2025-09-19 12:12:07,311 - INFO - 이메일 'ahreum@gwnu.ac.kr' 입력 시도...
2025-09-19 12:12:07,332 - INFO - 이메일 입력 필드를 찾았습니다
2025-09-19 12:12:07,418 - INFO - 이메일 'ahreum@gwnu.ac.kr' 입력 완료
2025-09-19 12:12:07,446 - INFO - Enter 키로 제출 완료
2025-09-19 12:12:07,446 - INFO - 이메일 'ahreum@gwnu.ac.kr'이(가) 검토자 목록에 나타날 때까지 대기...
2025-09-19 12:12:07,614 - INFO - 이메일 'ahreum@gwnu.ac.kr'이(가) 검토자 목록에 표시됨. 3초 후 다음 등록으로 진행.
2025-09-19 12:12:10,616 - INFO - [process_registration] 등록 후 5초 대기...
2025-09-19 12:12:15,619 - INFO - ✅ [5/149] 검토자 '오아름' (이메일: ahreum@gwnu.ac.kr) 등록 시도 성공 (5초 대기 후)
2025-09-19 12:12:15,638 - INFO - [6/149] 검토자 '김기종' (이메일: alex.kim1597@gmail.com) 등록 시도 중...
2025-09-19 12:12:15,639 - INFO - 검토자 추가 시작: alex.kim1597@gmail.com
2025-09-19 12:12:15,640 - INFO - 이미 콘텐츠 검토 페이지에 있습니다. 바로 이메일 입력을 시도합니다.
2025-09-19 12:12:16,641 - INFO - 이메일 'alex.kim1597@gmail.com' 입력 시도...
2025-09-19 12:12:16,704 - INFO - 이메일 입력 필드를 찾았습니다
2025-09-19 12:12:16,887 - INFO - 이메일 'alex.kim1597@gmail.com' 입력 완료
2025-09-19 12:12:16,954 - INFO - Enter 키로 제출 완료
2025-09-19 12:12:16,954 - INFO - 이메일 'alex.kim1597@gmail.com'이(가) 검토자 목록에 나타날 때까지 대기...
2025-09-19 12:12:17,268 - INFO - 이메일 'alex.kim1597@gmail.com'이(가) 검토자 목록에 표시됨. 3초 후 다음 등록으로 진행.
2025-09-19 12:12:20,269 - INFO - [process_registration] 등록 후 5초 대기...
2025-09-19 12:12:25,279 - INFO - ✅ [6/149] 검토자 '김기종' (이메일: alex.kim1597@gmail.com) 등록 시도 성공 (5초 대기 후)
2025-09-19 12:12:25,282 - INFO - [7/149] 검토자 '안지언' (이메일: anjiunful@gmail.com) 등록 시도 중...
2025-09-19 12:12:25,283 - INFO - 검토자 추가 시작: anjiunful@gmail.com
2025-09-19 12:12:25,284 - INFO - 이미 콘텐츠 검토 페이지에 있습니다. 바로 이메일 입력을 시도합니다.
2025-09-19 12:12:26,285 - INFO - 이메일 'anjiunful@gmail.com' 입력 시도...
2025-09-19 12:12:26,317 - INFO - 이메일 입력 필드를 찾았습니다
2025-09-19 12:12:26,410 - INFO - 이메일 'anjiunful@gmail.com' 입력 완료
2025-09-19 12:12:26,450 - INFO - Enter 키로 제출 완료
2025-09-19 12:12:26,451 - INFO - 이메일 'anjiunful@gmail.com'이(가) 검토자 목록에 나타날 때까지 대기...
2025-09-19 12:12:26,673 - INFO - 이메일 'anjiunful@gmail.com'이(가) 검토자 목록에 표시됨. 3초 후 다음 등록으로 진행.
2025-09-19 12:12:29,673 - INFO - [process_registration] 등록 후 5초 대기...
2025-09-19 12:12:34,682 - INFO - ✅ [7/149] 검토자 '안지언' (이메일: anjiunful@gmail.com) 등록 시도 성공 (5초 대기 후)
2025-09-19 12:12:34,685 - INFO - [8/149] 검토자 '현대준' (이메일: ars0130@gmail.com) 등록 시도 중...
2025-09-19 12:12:34,686 - INFO - 검토자 추가 시작: ars0130@gmail.com
2025-09-19 12:12:34,686 - INFO - 이미 콘텐츠 검토 페이지에 있습니다. 바로 이메일 입력을 시도합니다.
2025-09-19 12:12:35,698 - INFO - 이메일 'ars0130@gmail.com' 입력 시도...
2025-09-19 12:12:35,779 - INFO - 이메일 입력 필드를 찾았습니다
2025-09-19 12:12:35,972 - INFO - 이메일 'ars0130@gmail.com' 입력 완료
2025-09-19 12:12:36,030 - INFO - Enter 키로 제출 완료
2025-09-19 12:12:36,033 - INFO - 이메일 'ars0130@gmail.com'이(가) 검토자 목록에 나타날 때까지 대기...
2025-09-19 12:12:36,370 - INFO - 이메일 'ars0130@gmail.com'이(가) 검토자 목록에 표시됨. 3초 후 다음 등록으로 진행.
2025-09-19 12:12:39,371 - INFO - [process_registration] 등록 후 5초 대기...
2025-09-19 12:12:44,379 - INFO - ✅ [8/149] 검토자 '현대준' (이메일: ars0130@gmail.com) 등록 시도 성공 (5초 대기 후)
2025-09-19 12:12:44,382 - INFO - [9/149] 검토자 '백창원' (이메일: baekcw@gmail.com) 등록 시도 중...
2025-09-19 12:12:44,383 - INFO - 검토자 추가 시작: baekcw@gmail.com
2025-09-19 12:12:44,383 - INFO - 이미 콘텐츠 검토 페이지에 있습니다. 바로 이메일 입력을 시도합니다.
2025-09-19 12:12:45,386 - INFO - 이메일 'baekcw@gmail.com' 입력 시도...
2025-09-19 12:12:45,477 - INFO - 이메일 입력 필드를 찾았습니다
2025-09-19 12:12:45,551 - INFO - 이메일 'baekcw@gmail.com' 입력 완료
2025-09-19 12:12:45,598 - INFO - Enter 키로 제출 완료
2025-09-19 12:12:45,599 - INFO - 이메일 'baekcw@gmail.com'이(가) 검토자 목록에 나타날 때까지 대기...
2025-09-19 12:12:46,061 - INFO - 이메일 'baekcw@gmail.com'이(가) 검토자 목록에 표시됨. 3초 후 다음 등록으로 진행.
2025-09-19 12:12:49,062 - INFO - [process_registration] 등록 후 5초 대기...
2025-09-19 12:12:54,066 - INFO - ✅ [9/149] 검토자 '백창원' (이메일: baekcw@gmail.com) 등록 시도 성공 (5초 대기 후)
2025-09-19 12:12:54,068 - INFO - [10/149] 검토자 '박순찬' (이메일: bcarpediemer@gmail.com) 등록 시도 중...
2025-09-19 12:12:54,070 - INFO - 검토자 추가 시작: bcarpediemer@gmail.com
2025-09-19 12:12:54,070 - INFO - 이미 콘텐츠 검토 페이지에 있습니다. 바로 이메일 입력을 시도합니다.
2025-09-19 12:12:55,072 - INFO - 이메일 'bcarpediemer@gmail.com' 입력 시도...
2025-09-19 12:12:55,155 - INFO - 이메일 입력 필드를 찾았습니다
2025-09-19 12:12:55,381 - INFO - 이메일 'bcarpediemer@gmail.com' 입력 완료
2025-09-19 12:12:55,462 - INFO - Enter 키로 제출 완료
2025-09-19 12:12:55,463 - INFO - 이메일 'bcarpediemer@gmail.com'이(가) 검토자 목록에 나타날 때까지 대기...
2025-09-19 12:12:55,741 - INFO - 이메일 'bcarpediemer@gmail.com'이(가) 검토자 목록에 표시됨. 3초 후 다음 등록으로 진행.
2025-09-19 12:12:58,742 - INFO - [process_registration] 등록 후 5초 대기...
2025-09-19 12:13:03,744 - INFO - ✅ [10/149] 검토자 '박순찬' (이메일: bcarpediemer@gmail.com) 등록 시도 성공 (5초 대기 후)
2025-09-19 12:13:03,746 - INFO - [11/149] 검토자 '최이선' (이메일: biicii5210@gmail.com) 등록 시도 중...
2025-09-19 12:13:03,747 - INFO - 검토자 추가 시작: biicii5210@gmail.com
2025-09-19 12:13:03,748 - INFO - 이미 콘텐츠 검토 페이지에 있습니다. 바로 이메일 입력을 시도합니다.
2025-09-19 12:13:04,749 - INFO - 이메일 'biicii5210@gmail.com' 입력 시도...
2025-09-19 12:13:04,812 - INFO - 이메일 입력 필드를 찾았습니다
2025-09-19 12:13:04,907 - INFO - 이메일 'biicii5210@gmail.com' 입력 완료
2025-09-19 12:13:04,944 - INFO - Enter 키로 제출 완료
2025-09-19 12:13:04,945 - INFO - 이메일 'biicii5210@gmail.com'이(가) 검토자 목록에 나타날 때까지 대기...
2025-09-19 12:13:05,176 - INFO - 이메일 'biicii5210@gmail.com'이(가) 검토자 목록에 표시됨. 3초 후 다음 등록으로 진행.
2025-09-19 12:13:08,177 - INFO - [process_registration] 등록 후 5초 대기...
2025-09-19 12:13:13,180 - INFO - ✅ [11/149] 검토자 '최이선' (이메일: biicii5210@gmail.com) 등록 시도 성공 (5초 대기 후)
2025-09-19 12:13:13,182 - INFO - [12/149] 검토자 '김백기' (이메일: bkkim@gwnu.ac.kr) 등록 시도 중...
2025-09-19 12:13:13,182 - INFO - 검토자 추가 시작: bkkim@gwnu.ac.kr
2025-09-19 12:13:13,183 - INFO - 이미 콘텐츠 검토 페이지에 있습니다. 바로 이메일 입력을 시도합니다.
2025-09-19 12:13:14,189 - INFO - 이메일 'bkkim@gwnu.ac.kr' 입력 시도...
2025-09-19 12:13:14,284 - INFO - 이메일 입력 필드를 찾았습니다
2025-09-19 12:13:14,388 - INFO - 이메일 'bkkim@gwnu.ac.kr' 입력 완료
2025-09-19 12:13:14,430 - INFO - Enter 키로 제출 완료
2025-09-19 12:13:14,431 - INFO - 이메일 'bkkim@gwnu.ac.kr'이(가) 검토자 목록에 나타날 때까지 대기...
2025-09-19 12:13:14,665 - INFO - 이메일 'bkkim@gwnu.ac.kr'이(가) 검토자 목록에 표시됨. 3초 후 다음 등록으로 진행.
2025-09-19 12:13:17,665 - INFO - [process_registration] 등록 후 5초 대기...
2025-09-19 12:13:22,669 - INFO - ✅ [12/149] 검토자 '김백기' (이메일: bkkim@gwnu.ac.kr) 등록 시도 성공 (5초 대기 후)
2025-09-19 12:13:22,675 - INFO - [13/149] 검토자 '송재혁' (이메일: blue2524@gmail.com) 등록 시도 중...
2025-09-19 12:13:22,676 - INFO - 검토자 추가 시작: blue2524@gmail.com
2025-09-19 12:13:22,677 - INFO - 이미 콘텐츠 검토 페이지에 있습니다. 바로 이메일 입력을 시도합니다.
2025-09-19 12:13:23,677 - INFO - 이메일 'blue2524@gmail.com' 입력 시도...
2025-09-19 12:13:23,721 - INFO - 이메일 입력 필드를 찾았습니다
2025-09-19 12:13:23,795 - INFO - 이메일 'blue2524@gmail.com' 입력 완료
2025-09-19 12:13:23,826 - INFO - Enter 키로 제출 완료
2025-09-19 12:13:23,827 - INFO - 이메일 'blue2524@gmail.com'이(가) 검토자 목록에 나타날 때까지 대기...
2025-09-19 12:13:24,038 - INFO - 이메일 'blue2524@gmail.com'이(가) 검토자 목록에 표시됨. 3초 후 다음 등록으로 진행.
2025-09-19 12:13:27,038 - INFO - [process_registration] 등록 후 5초 대기...
2025-09-19 12:13:32,040 - INFO - ✅ [13/149] 검토자 '송재혁' (이메일: blue2524@gmail.com) 등록 시도 성공 (5초 대기 후)
2025-09-19 12:13:32,044 - INFO - [14/149] 검토자 '김봉균' (이메일: bongkyun2@gmail.com) 등록 시도 중...
2025-09-19 12:13:32,045 - INFO - 검토자 추가 시작: bongkyun2@gmail.com
2025-09-19 12:13:32,047 - INFO - 이미 콘텐츠 검토 페이지에 있습니다. 바로 이메일 입력을 시도합니다.
2025-09-19 12:13:33,075 - INFO - 이메일 'bongkyun2@gmail.com' 입력 시도...
2025-09-19 12:13:33,128 - INFO - 이메일 입력 필드를 찾았습니다
2025-09-19 12:13:33,208 - INFO - 이메일 'bongkyun2@gmail.com' 입력 완료
2025-09-19 12:13:33,246 - INFO - Enter 키로 제출 완료
2025-09-19 12:13:33,246 - INFO - 이메일 'bongkyun2@gmail.com'이(가) 검토자 목록에 나타날 때까지 대기...
2025-09-19 12:13:33,432 - INFO - 이메일 'bongkyun2@gmail.com'이(가) 검토자 목록에 표시됨. 3초 후 다음 등록으로 진행.
2025-09-19 12:13:36,436 - INFO - [process_registration] 등록 후 5초 대기...
2025-09-19 12:13:41,437 - INFO - ✅ [14/149] 검토자 '김봉균' (이메일: bongkyun2@gmail.com) 등록 시도 성공 (5초 대기 후)
2025-09-19 12:13:41,440 - INFO - [15/149] 검토자 '편제범' (이메일: bumy1228@gmail.com) 등록 시도 중...
2025-09-19 12:13:41,440 - INFO - 검토자 추가 시작: bumy1228@gmail.com
2025-09-19 12:13:41,441 - INFO - 이미 콘텐츠 검토 페이지에 있습니다. 바로 이메일 입력을 시도합니다.
2025-09-19 12:13:42,442 - INFO - 이메일 'bumy1228@gmail.com' 입력 시도...
2025-09-19 12:13:42,506 - INFO - 이메일 입력 필드를 찾았습니다
2025-09-19 12:13:42,698 - INFO - 이메일 'bumy1228@gmail.com' 입력 완료
2025-09-19 12:13:42,748 - INFO - Enter 키로 제출 완료
2025-09-19 12:13:42,749 - INFO - 이메일 'bumy1228@gmail.com'이(가) 검토자 목록에 나타날 때까지 대기...
2025-09-19 12:13:43,053 - INFO - 이메일 'bumy1228@gmail.com'이(가) 검토자 목록에 표시됨. 3초 후 다음 등록으로 진행.
2025-09-19 12:13:46,054 - INFO - [process_registration] 등록 후 5초 대기...
2025-09-19 12:13:51,055 - INFO - ✅ [15/149] 검토자 '편제범' (이메일: bumy1228@gmail.com) 등록 시도 성공 (5초 대기 후)
2025-09-19 12:13:51,060 - INFO - [16/149] 검토자 '차정은' (이메일: chaje1002@tukorea.ac.kr) 등록 시도 중...
2025-09-19 12:13:51,061 - INFO - 검토자 추가 시작: chaje1002@tukorea.ac.kr
2025-09-19 12:13:51,061 - INFO - 이미 콘텐츠 검토 페이지에 있습니다. 바로 이메일 입력을 시도합니다.
2025-09-19 12:13:52,062 - INFO - 이메일 'chaje1002@tukorea.ac.kr' 입력 시도...
2025-09-19 12:13:52,126 - INFO - 이메일 입력 필드를 찾았습니다
2025-09-19 12:13:52,277 - INFO - 이메일 'chaje1002@tukorea.ac.kr' 입력 완료
2025-09-19 12:13:52,322 - INFO - Enter 키로 제출 완료
2025-09-19 12:13:52,324 - INFO - 이메일 'chaje1002@tukorea.ac.kr'이(가) 검토자 목록에 나타날 때까지 대기...
2025-09-19 12:13:52,572 - INFO - 이메일 'chaje1002@tukorea.ac.kr'이(가) 검토자 목록에 표시됨. 3초 후 다음 등록으로 진행.
2025-09-19 12:13:55,573 - INFO - [process_registration] 등록 후 5초 대기...
2025-09-19 12:14:00,575 - INFO - ✅ [16/149] 검토자 '차정은' (이메일: chaje1002@tukorea.ac.kr) 등록 시도 성공 (5초 대기 후)
2025-09-19 12:14:00,577 - INFO - [17/149] 검토자 '이찬근' (이메일: changun@gmail.com) 등록 시도 중...
2025-09-19 12:14:00,577 - INFO - 검토자 추가 시작: changun@gmail.com
2025-09-19 12:14:00,579 - INFO - 이미 콘텐츠 검토 페이지에 있습니다. 바로 이메일 입력을 시도합니다.
2025-09-19 12:14:01,581 - INFO - 이메일 'changun@gmail.com' 입력 시도...
2025-09-19 12:14:01,672 - INFO - 이메일 입력 필드를 찾았습니다
2025-09-19 12:14:01,814 - INFO - 이메일 'changun@gmail.com' 입력 완료
2025-09-19 12:14:01,859 - INFO - Enter 키로 제출 완료
2025-09-19 12:14:01,859 - INFO - 이메일 'changun@gmail.com'이(가) 검토자 목록에 나타날 때까지 대기...
2025-09-19 12:14:02,072 - INFO - 이메일 'changun@gmail.com'이(가) 검토자 목록에 표시됨. 3초 후 다음 등록으로 진행.
2025-09-19 12:14:05,073 - INFO - [process_registration] 등록 후 5초 대기...
2025-09-19 12:14:10,075 - INFO - ✅ [17/149] 검토자 '이찬근' (이메일: changun@gmail.com) 등록 시도 성공 (5초 대기 후)
2025-09-19 12:14:10,080 - INFO - [18/149] 검토자 '최윤혁' (이메일: chldbsgur123@sookmyung.ac.kr) 등록 시도 중...
2025-09-19 12:14:10,080 - INFO - 검토자 추가 시작: chldbsgur123@sookmyung.ac.kr
2025-09-19 12:14:10,082 - INFO - 이미 콘텐츠 검토 페이지에 있습니다. 바로 이메일 입력을 시도합니다.
2025-09-19 12:14:11,083 - INFO - 이메일 'chldbsgur123@sookmyung.ac.kr' 입력 시도...
2025-09-19 12:14:11,147 - INFO - 이메일 입력 필드를 찾았습니다
2025-09-19 12:14:11,261 - INFO - 이메일 'chldbsgur123@sookmyung.ac.kr' 입력 완료
2025-09-19 12:14:11,300 - INFO - Enter 키로 제출 완료
2025-09-19 12:14:11,300 - INFO - 이메일 'chldbsgur123@sookmyung.ac.kr'이(가) 검토자 목록에 나타날 때까지 대기...
2025-09-19 12:14:11,587 - INFO - 이메일 'chldbsgur123@sookmyung.ac.kr'이(가) 검토자 목록에 표시됨. 3초 후 다음 등록으로 진행.
2025-09-19 12:14:14,588 - INFO - [process_registration] 등록 후 5초 대기...
2025-09-19 12:14:19,591 - INFO - ✅ [18/149] 검토자 '최윤혁' (이메일: chldbsgur123@sookmyung.ac.kr) 등록 시도 성공 (5초 대기 후)
2025-09-19 12:14:19,593 - INFO - [19/149] 검토자 '천소라' (이메일: chonkate@gmail.com) 등록 시도 중...
2025-09-19 12:14:19,594 - INFO - 검토자 추가 시작: chonkate@gmail.com
2025-09-19 12:14:19,594 - INFO - 이미 콘텐츠 검토 페이지에 있습니다. 바로 이메일 입력을 시도합니다.
2025-09-19 12:14:20,596 - INFO - 이메일 'chonkate@gmail.com' 입력 시도...
2025-09-19 12:14:20,668 - INFO - 이메일 입력 필드를 찾았습니다
2025-09-19 12:14:20,857 - INFO - 이메일 'chonkate@gmail.com' 입력 완료
2025-09-19 12:14:20,921 - INFO - Enter 키로 제출 완료
2025-09-19 12:14:20,921 - INFO - 이메일 'chonkate@gmail.com'이(가) 검토자 목록에 나타날 때까지 대기...
2025-09-19 12:14:21,190 - INFO - 이메일 'chonkate@gmail.com'이(가) 검토자 목록에 표시됨. 3초 후 다음 등록으로 진행.
2025-09-19 12:14:24,191 - INFO - [process_registration] 등록 후 5초 대기...
2025-09-19 12:14:29,193 - INFO - ✅ [19/149] 검토자 '천소라' (이메일: chonkate@gmail.com) 등록 시도 성공 (5초 대기 후)
2025-09-19 12:14:29,194 - INFO - [20/149] 검토자 '정지훈' (이메일: chungjh@hanyang.ac.kr) 등록 시도 중...
2025-09-19 12:14:29,194 - INFO - 검토자 추가 시작: chungjh@hanyang.ac.kr
2025-09-19 12:14:29,195 - INFO - 이미 콘텐츠 검토 페이지에 있습니다. 바로 이메일 입력을 시도합니다.
2025-09-19 12:14:30,196 - INFO - 이메일 'chungjh@hanyang.ac.kr' 입력 시도...
2025-09-19 12:14:30,271 - INFO - 이메일 입력 필드를 찾았습니다
2025-09-19 12:14:30,461 - INFO - 이메일 'chungjh@hanyang.ac.kr' 입력 완료
2025-09-19 12:14:30,558 - INFO - Enter 키로 제출 완료
2025-09-19 12:14:30,559 - INFO - 이메일 'chungjh@hanyang.ac.kr'이(가) 검토자 목록에 나타날 때까지 대기...
2025-09-19 12:14:30,855 - INFO - 이메일 'chungjh@hanyang.ac.kr'이(가) 검토자 목록에 표시됨. 3초 후 다음 등록으로 진행.
2025-09-19 12:14:33,856 - INFO - [process_registration] 등록 후 5초 대기...
2025-09-19 12:14:38,859 - INFO - ✅ [20/149] 검토자 '정지훈' (이메일: chungjh@hanyang.ac.kr) 등록 시도 성공 (5초 대기 후)
2025-09-19 12:14:38,862 - INFO - [21/149] 검토자 '정용주' (이메일: chungyj1@gmail.com) 등록 시도 중...
2025-09-19 12:14:38,863 - INFO - 검토자 추가 시작: chungyj1@gmail.com
2025-09-19 12:14:38,864 - INFO - 이미 콘텐츠 검토 페이지에 있습니다. 바로 이메일 입력을 시도합니다.
2025-09-19 12:14:39,864 - INFO - 이메일 'chungyj1@gmail.com' 입력 시도...
2025-09-19 12:14:39,932 - INFO - 이메일 입력 필드를 찾았습니다
2025-09-19 12:14:40,111 - INFO - 이메일 'chungyj1@gmail.com' 입력 완료
2025-09-19 12:14:40,171 - INFO - Enter 키로 제출 완료
2025-09-19 12:14:40,171 - INFO - 이메일 'chungyj1@gmail.com'이(가) 검토자 목록에 나타날 때까지 대기...
2025-09-19 12:14:40,463 - INFO - 이메일 'chungyj1@gmail.com'이(가) 검토자 목록에 표시됨. 3초 후 다음 등록으로 진행.
2025-09-19 12:14:43,464 - INFO - [process_registration] 등록 후 5초 대기...
2025-09-19 12:14:48,470 - INFO - ✅ [21/149] 검토자 '정용주' (이메일: chungyj1@gmail.com) 등록 시도 성공 (5초 대기 후)
2025-09-19 12:14:48,472 - INFO - [22/149] 검토자 '최완수' (이메일: cws2119@ptu.ac.kr) 등록 시도 중...
2025-09-19 12:14:48,473 - INFO - 검토자 추가 시작: cws2119@ptu.ac.kr
2025-09-19 12:14:48,474 - INFO - 이미 콘텐츠 검토 페이지에 있습니다. 바로 이메일 입력을 시도합니다.
2025-09-19 12:14:49,475 - INFO - 이메일 'cws2119@ptu.ac.kr' 입력 시도...
2025-09-19 12:14:49,559 - INFO - 이메일 입력 필드를 찾았습니다
2025-09-19 12:14:49,741 - INFO - 이메일 'cws2119@ptu.ac.kr' 입력 완료
2025-09-19 12:14:49,847 - INFO - Enter 키로 제출 완료
2025-09-19 12:14:49,856 - INFO - 이메일 'cws2119@ptu.ac.kr'이(가) 검토자 목록에 나타날 때까지 대기...
2025-09-19 12:14:50,109 - INFO - 이메일 'cws2119@ptu.ac.kr'이(가) 검토자 목록에 표시됨. 3초 후 다음 등록으로 진행.
2025-09-19 12:14:53,111 - INFO - [process_registration] 등록 후 5초 대기...
2025-09-19 12:14:58,114 - INFO - ✅ [22/149] 검토자 '최완수' (이메일: cws2119@ptu.ac.kr) 등록 시도 성공 (5초 대기 후)
2025-09-19 12:14:58,115 - INFO - [23/149] 검토자 '이재문' (이메일: dddcom21@gachon.ac.kr) 등록 시도 중...
2025-09-19 12:14:58,115 - INFO - 검토자 추가 시작: dddcom21@gachon.ac.kr
2025-09-19 12:14:58,115 - INFO - 이미 콘텐츠 검토 페이지에 있습니다. 바로 이메일 입력을 시도합니다.
2025-09-19 12:14:59,115 - INFO - 이메일 'dddcom21@gachon.ac.kr' 입력 시도...
2025-09-19 12:14:59,163 - INFO - 이메일 입력 필드를 찾았습니다
2025-09-19 12:14:59,263 - INFO - 이메일 'dddcom21@gachon.ac.kr' 입력 완료
2025-09-19 12:14:59,309 - INFO - Enter 키로 제출 완료
2025-09-19 12:14:59,310 - INFO - 이메일 'dddcom21@gachon.ac.kr'이(가) 검토자 목록에 나타날 때까지 대기...
2025-09-19 12:14:59,576 - INFO - 이메일 'dddcom21@gachon.ac.kr'이(가) 검토자 목록에 표시됨. 3초 후 다음 등록으로 진행.
2025-09-19 12:15:02,579 - INFO - [process_registration] 등록 후 5초 대기...
2025-09-19 12:15:07,595 - INFO - ✅ [23/149] 검토자 '이재문' (이메일: dddcom21@gachon.ac.kr) 등록 시도 성공 (5초 대기 후)
2025-09-19 12:15:07,596 - INFO - [24/149] 검토자 '이광준' (이메일: deeplight63@gmail.com) 등록 시도 중...
2025-09-19 12:15:07,596 - INFO - 검토자 추가 시작: deeplight63@gmail.com
2025-09-19 12:15:07,597 - INFO - 이미 콘텐츠 검토 페이지에 있습니다. 바로 이메일 입력을 시도합니다.
2025-09-19 12:15:08,600 - INFO - 이메일 'deeplight63@gmail.com' 입력 시도...
2025-09-19 12:15:08,647 - INFO - 이메일 입력 필드를 찾았습니다
2025-09-19 12:15:08,831 - INFO - 이메일 'deeplight63@gmail.com' 입력 완료
2025-09-19 12:15:08,882 - INFO - Enter 키로 제출 완료
2025-09-19 12:15:08,883 - INFO - 이메일 'deeplight63@gmail.com'이(가) 검토자 목록에 나타날 때까지 대기...
2025-09-19 12:15:09,150 - INFO - 이메일 'deeplight63@gmail.com'이(가) 검토자 목록에 표시됨. 3초 후 다음 등록으로 진행.
2025-09-19 12:15:12,151 - INFO - [process_registration] 등록 후 5초 대기...
2025-09-19 12:15:17,153 - INFO - ✅ [24/149] 검토자 '이광준' (이메일: deeplight63@gmail.com) 등록 시도 성공 (5초 대기 후)
2025-09-19 12:15:17,155 - INFO - [25/149] 검토자 '하지현' (이메일: dev.jihyeon@gmail.com) 등록 시도 중...
2025-09-19 12:15:17,155 - INFO - 검토자 추가 시작: dev.jihyeon@gmail.com
2025-09-19 12:15:17,156 - INFO - 이미 콘텐츠 검토 페이지에 있습니다. 바로 이메일 입력을 시도합니다.
2025-09-19 12:15:18,157 - INFO - 이메일 'dev.jihyeon@gmail.com' 입력 시도...
2025-09-19 12:15:18,235 - INFO - 이메일 입력 필드를 찾았습니다
2025-09-19 12:15:18,462 - INFO - 이메일 'dev.jihyeon@gmail.com' 입력 완료
2025-09-19 12:15:18,589 - INFO - Enter 키로 제출 완료
2025-09-19 12:15:18,590 - INFO - 이메일 'dev.jihyeon@gmail.com'이(가) 검토자 목록에 나타날 때까지 대기...
2025-09-19 12:15:18,840 - INFO - 이메일 'dev.jihyeon@gmail.com'이(가) 검토자 목록에 표시됨. 3초 후 다음 등록으로 진행.
2025-09-19 12:15:21,840 - INFO - [process_registration] 등록 후 5초 대기...
2025-09-19 12:15:26,848 - INFO - ✅ [25/149] 검토자 '하지현' (이메일: dev.jihyeon@gmail.com) 등록 시도 성공 (5초 대기 후)
2025-09-19 12:15:26,856 - INFO - [26/149] 검토자 '이하연' (이메일: dgkdus99@gmail.com) 등록 시도 중...
2025-09-19 12:15:26,857 - INFO - 검토자 추가 시작: dgkdus99@gmail.com
2025-09-19 12:15:26,857 - INFO - 이미 콘텐츠 검토 페이지에 있습니다. 바로 이메일 입력을 시도합니다.
2025-09-19 12:15:27,858 - INFO - 이메일 'dgkdus99@gmail.com' 입력 시도...
2025-09-19 12:15:27,946 - INFO - 이메일 입력 필드를 찾았습니다
2025-09-19 12:15:28,195 - INFO - 이메일 'dgkdus99@gmail.com' 입력 완료
2025-09-19 12:15:28,296 - INFO - Enter 키로 제출 완료
2025-09-19 12:15:28,296 - INFO - 이메일 'dgkdus99@gmail.com'이(가) 검토자 목록에 나타날 때까지 대기...
2025-09-19 12:15:28,507 - INFO - 이메일 'dgkdus99@gmail.com'이(가) 검토자 목록에 표시됨. 3초 후 다음 등록으로 진행.
2025-09-19 12:15:31,509 - INFO - [process_registration] 등록 후 5초 대기...
2025-09-19 12:15:36,511 - INFO - ✅ [26/149] 검토자 '이하연' (이메일: dgkdus99@gmail.com) 등록 시도 성공 (5초 대기 후)
2025-09-19 12:15:36,513 - INFO - [27/149] 검토자 '김동환' (이메일: dhkim3737@gmail.com) 등록 시도 중...
2025-09-19 12:15:36,514 - INFO - 검토자 추가 시작: dhkim3737@gmail.com
2025-09-19 12:15:36,514 - INFO - 이미 콘텐츠 검토 페이지에 있습니다. 바로 이메일 입력을 시도합니다.
2025-09-19 12:15:37,515 - INFO - 이메일 'dhkim3737@gmail.com' 입력 시도...
2025-09-19 12:15:37,593 - INFO - 이메일 입력 필드를 찾았습니다
2025-09-19 12:15:37,795 - INFO - 이메일 'dhkim3737@gmail.com' 입력 완료
2025-09-19 12:15:37,883 - INFO - Enter 키로 제출 완료
2025-09-19 12:15:37,886 - INFO - 이메일 'dhkim3737@gmail.com'이(가) 검토자 목록에 나타날 때까지 대기...
2025-09-19 12:15:38,112 - INFO - 이메일 'dhkim3737@gmail.com'이(가) 검토자 목록에 표시됨. 3초 후 다음 등록으로 진행.
2025-09-19 12:15:41,112 - INFO - [process_registration] 등록 후 5초 대기...
2025-09-19 12:15:46,113 - INFO - ✅ [27/149] 검토자 '김동환' (이메일: dhkim3737@gmail.com) 등록 시도 성공 (5초 대기 후)
2025-09-19 12:15:46,116 - INFO - [28/149] 검토자 '조돈제' (이메일: djcho1234@gmail.com) 등록 시도 중...
2025-09-19 12:15:46,116 - INFO - 검토자 추가 시작: djcho1234@gmail.com
2025-09-19 12:15:46,117 - INFO - 이미 콘텐츠 검토 페이지에 있습니다. 바로 이메일 입력을 시도합니다.
2025-09-19 12:15:47,120 - INFO - 이메일 'djcho1234@gmail.com' 입력 시도...
2025-09-19 12:15:47,195 - INFO - 이메일 입력 필드를 찾았습니다
2025-09-19 12:15:47,360 - INFO - 이메일 'djcho1234@gmail.com' 입력 완료
2025-09-19 12:15:47,411 - INFO - Enter 키로 제출 완료
2025-09-19 12:15:47,415 - INFO - 이메일 'djcho1234@gmail.com'이(가) 검토자 목록에 나타날 때까지 대기...
2025-09-19 12:15:47,638 - INFO - 이메일 'djcho1234@gmail.com'이(가) 검토자 목록에 표시됨. 3초 후 다음 등록으로 진행.
2025-09-19 12:15:50,639 - INFO - [process_registration] 등록 후 5초 대기...
2025-09-19 12:15:55,640 - INFO - ✅ [28/149] 검토자 '조돈제' (이메일: djcho1234@gmail.com) 등록 시도 성공 (5초 대기 후)
2025-09-19 12:15:55,644 - INFO - [29/149] 검토자 '이동준' (이메일: djrhee89@kookmin.ac.kr) 등록 시도 중...
2025-09-19 12:15:55,645 - INFO - 검토자 추가 시작: djrhee89@kookmin.ac.kr
2025-09-19 12:15:55,645 - INFO - 이미 콘텐츠 검토 페이지에 있습니다. 바로 이메일 입력을 시도합니다.
2025-09-19 12:15:56,646 - INFO - 이메일 'djrhee89@kookmin.ac.kr' 입력 시도...
2025-09-19 12:15:56,717 - INFO - 이메일 입력 필드를 찾았습니다
2025-09-19 12:15:56,901 - INFO - 이메일 'djrhee89@kookmin.ac.kr' 입력 완료
2025-09-19 12:15:56,967 - INFO - Enter 키로 제출 완료
2025-09-19 12:15:56,968 - INFO - 이메일 'djrhee89@kookmin.ac.kr'이(가) 검토자 목록에 나타날 때까지 대기...
2025-09-19 12:15:57,196 - INFO - 이메일 'djrhee89@kookmin.ac.kr'이(가) 검토자 목록에 표시됨. 3초 후 다음 등록으로 진행.
2025-09-19 12:16:00,197 - INFO - [process_registration] 등록 후 5초 대기...
2025-09-19 12:16:05,200 - INFO - ✅ [29/149] 검토자 '이동준' (이메일: djrhee89@kookmin.ac.kr) 등록 시도 성공 (5초 대기 후)
2025-09-19 12:16:05,201 - INFO - [30/149] 검토자 '최만식' (이메일: doctormschoi@gmail.com) 등록 시도 중...
2025-09-19 12:16:05,202 - INFO - 검토자 추가 시작: doctormschoi@gmail.com
2025-09-19 12:16:05,202 - INFO - 이미 콘텐츠 검토 페이지에 있습니다. 바로 이메일 입력을 시도합니다.
2025-09-19 12:16:06,202 - INFO - 이메일 'doctormschoi@gmail.com' 입력 시도...
2025-09-19 12:16:06,237 - INFO - 이메일 입력 필드를 찾았습니다
2025-09-19 12:16:06,303 - INFO - 이메일 'doctormschoi@gmail.com' 입력 완료
2025-09-19 12:16:06,339 - INFO - Enter 키로 제출 완료
2025-09-19 12:16:06,339 - INFO - 이메일 'doctormschoi@gmail.com'이(가) 검토자 목록에 나타날 때까지 대기...
2025-09-19 12:16:06,538 - INFO - 이메일 'doctormschoi@gmail.com'이(가) 검토자 목록에 표시됨. 3초 후 다음 등록으로 진행.
2025-09-19 12:16:09,539 - INFO - [process_registration] 등록 후 5초 대기...
2025-09-19 12:16:14,541 - INFO - ✅ [30/149] 검토자 '최만식' (이메일: doctormschoi@gmail.com) 등록 시도 성공 (5초 대기 후)
2025-09-19 12:16:14,546 - INFO - [31/149] 검토자 '이동현' (이메일: donghyun.lee@hufs.ac.kr) 등록 시도 중...
2025-09-19 12:16:14,547 - INFO - 검토자 추가 시작: donghyun.lee@hufs.ac.kr
2025-09-19 12:16:14,548 - INFO - 이미 콘텐츠 검토 페이지에 있습니다. 바로 이메일 입력을 시도합니다.
2025-09-19 12:16:15,550 - INFO - 이메일 'donghyun.lee@hufs.ac.kr' 입력 시도...
2025-09-19 12:16:15,612 - INFO - 이메일 입력 필드를 찾았습니다
2025-09-19 12:16:15,764 - INFO - 이메일 'donghyun.lee@hufs.ac.kr' 입력 완료
2025-09-19 12:16:15,814 - INFO - Enter 키로 제출 완료
2025-09-19 12:16:15,815 - INFO - 이메일 'donghyun.lee@hufs.ac.kr'이(가) 검토자 목록에 나타날 때까지 대기...
2025-09-19 12:16:16,136 - INFO - 이메일 'donghyun.lee@hufs.ac.kr'이(가) 검토자 목록에 표시됨. 3초 후 다음 등록으로 진행.
2025-09-19 12:16:19,137 - INFO - [process_registration] 등록 후 5초 대기...
2025-09-19 12:16:24,147 - INFO - ✅ [31/149] 검토자 '이동현' (이메일: donghyun.lee@hufs.ac.kr) 등록 시도 성공 (5초 대기 후)
2025-09-19 12:16:24,147 - INFO - [32/149] 검토자 '김동영' (이메일: dongyoung.kim0123@gmail.com) 등록 시도 중...
2025-09-19 12:16:24,148 - INFO - 검토자 추가 시작: dongyoung.kim0123@gmail.com
2025-09-19 12:16:24,148 - INFO - 이미 콘텐츠 검토 페이지에 있습니다. 바로 이메일 입력을 시도합니다.
2025-09-19 12:16:25,149 - INFO - 이메일 'dongyoung.kim0123@gmail.com' 입력 시도...
2025-09-19 12:16:25,193 - INFO - 이메일 입력 필드를 찾았습니다
2025-09-19 12:16:25,280 - INFO - 이메일 'dongyoung.kim0123@gmail.com' 입력 완료
2025-09-19 12:16:25,314 - INFO - Enter 키로 제출 완료
2025-09-19 12:16:25,315 - INFO - 이메일 'dongyoung.kim0123@gmail.com'이(가) 검토자 목록에 나타날 때까지 대기...
2025-09-19 12:16:25,546 - INFO - 이메일 'dongyoung.kim0123@gmail.com'이(가) 검토자 목록에 표시됨. 3초 후 다음 등록으로 진행.
2025-09-19 12:16:28,547 - INFO - [process_registration] 등록 후 5초 대기...
2025-09-19 12:16:33,550 - INFO - ✅ [32/149] 검토자 '김동영' (이메일: dongyoung.kim0123@gmail.com) 등록 시도 성공 (5초 대기 후)
2025-09-19 12:16:33,556 - INFO - [33/149] 검토자 '정주연' (이메일: dreamjung0822@gmail.com) 등록 시도 중...
2025-09-19 12:16:33,560 - INFO - 검토자 추가 시작: dreamjung0822@gmail.com
2025-09-19 12:16:33,566 - INFO - 이미 콘텐츠 검토 페이지에 있습니다. 바로 이메일 입력을 시도합니다.
2025-09-19 12:16:34,574 - INFO - 이메일 'dreamjung0822@gmail.com' 입력 시도...
2025-09-19 12:16:34,639 - INFO - 이메일 입력 필드를 찾았습니다
2025-09-19 12:16:34,883 - INFO - 이메일 'dreamjung0822@gmail.com' 입력 완료
2025-09-19 12:16:34,981 - INFO - Enter 키로 제출 완료
2025-09-19 12:16:34,982 - INFO - 이메일 'dreamjung0822@gmail.com'이(가) 검토자 목록에 나타날 때까지 대기...
2025-09-19 12:16:40,417 - INFO - 이메일 'dreamjung0822@gmail.com'이(가) 검토자 목록에 표시됨. 3초 후 다음 등록으로 진행.
2025-09-19 12:16:43,422 - INFO - [process_registration] 등록 후 5초 대기...
2025-09-19 12:16:48,426 - INFO - ✅ [33/149] 검토자 '정주연' (이메일: dreamjung0822@gmail.com) 등록 시도 성공 (5초 대기 후)
2025-09-19 12:16:48,427 - INFO - [34/149] 검토자 '김보관' (이메일: ebolution90@gmail.com) 등록 시도 중...
2025-09-19 12:16:48,427 - INFO - 검토자 추가 시작: ebolution90@gmail.com
2025-09-19 12:16:48,428 - INFO - 이미 콘텐츠 검토 페이지에 있습니다. 바로 이메일 입력을 시도합니다.
2025-09-19 12:16:49,430 - INFO - 이메일 'ebolution90@gmail.com' 입력 시도...
2025-09-19 12:16:49,489 - INFO - 이메일 입력 필드를 찾았습니다
2025-09-19 12:16:49,608 - INFO - 이메일 'ebolution90@gmail.com' 입력 완료
2025-09-19 12:16:49,649 - INFO - Enter 키로 제출 완료
2025-09-19 12:16:49,649 - INFO - 이메일 'ebolution90@gmail.com'이(가) 검토자 목록에 나타날 때까지 대기...
2025-09-19 12:16:55,249 - INFO - 이메일 'ebolution90@gmail.com'이(가) 검토자 목록에 표시됨. 3초 후 다음 등록으로 진행.
2025-09-19 12:16:58,253 - INFO - [process_registration] 등록 후 5초 대기...
2025-09-19 12:17:03,258 - INFO - ✅ [34/149] 검토자 '김보관' (이메일: ebolution90@gmail.com) 등록 시도 성공 (5초 대기 후)
2025-09-19 12:17:03,261 - INFO - [35/149] 검토자 '최병권' (이메일: eephus14@gmail.com) 등록 시도 중...
2025-09-19 12:17:03,263 - INFO - 검토자 추가 시작: eephus14@gmail.com
2025-09-19 12:17:03,263 - INFO - 이미 콘텐츠 검토 페이지에 있습니다. 바로 이메일 입력을 시도합니다.
2025-09-19 12:17:04,265 - INFO - 이메일 'eephus14@gmail.com' 입력 시도...
2025-09-19 12:17:04,322 - INFO - 이메일 입력 필드를 찾았습니다
2025-09-19 12:17:04,419 - INFO - 이메일 'eephus14@gmail.com' 입력 완료
2025-09-19 12:17:04,493 - INFO - Enter 키로 제출 완료
2025-09-19 12:17:04,495 - INFO - 이메일 'eephus14@gmail.com'이(가) 검토자 목록에 나타날 때까지 대기...
2025-09-19 12:17:08,865 - INFO - 이메일 'eephus14@gmail.com'이(가) 검토자 목록에 표시됨. 3초 후 다음 등록으로 진행.
2025-09-19 12:17:11,867 - INFO - [process_registration] 등록 후 5초 대기...
2025-09-19 12:17:16,870 - INFO - ✅ [35/149] 검토자 '최병권' (이메일: eephus14@gmail.com) 등록 시도 성공 (5초 대기 후)
2025-09-19 12:17:16,878 - INFO - [36/149] 검토자 '이은진' (이메일: ej070829@gmail.com) 등록 시도 중...
2025-09-19 12:17:16,878 - INFO - 검토자 추가 시작: ej070829@gmail.com
2025-09-19 12:17:16,879 - INFO - 이미 콘텐츠 검토 페이지에 있습니다. 바로 이메일 입력을 시도합니다.
2025-09-19 12:17:17,880 - INFO - 이메일 'ej070829@gmail.com' 입력 시도...
2025-09-19 12:17:17,969 - INFO - 이메일 입력 필드를 찾았습니다
2025-09-19 12:17:18,157 - INFO - 이메일 'ej070829@gmail.com' 입력 완료
2025-09-19 12:17:18,214 - INFO - Enter 키로 제출 완료
2025-09-19 12:17:18,215 - INFO - 이메일 'ej070829@gmail.com'이(가) 검토자 목록에 나타날 때까지 대기...
2025-09-19 12:17:23,812 - INFO - 이메일 'ej070829@gmail.com'이(가) 검토자 목록에 표시됨. 3초 후 다음 등록으로 진행.
2025-09-19 12:17:26,813 - INFO - [process_registration] 등록 후 5초 대기...
2025-09-19 12:17:31,815 - INFO - ✅ [36/149] 검토자 '이은진' (이메일: ej070829@gmail.com) 등록 시도 성공 (5초 대기 후)
2025-09-19 12:17:31,821 - INFO - [37/149] 검토자 '정지나' (이메일: geena.jung@gmail.com) 등록 시도 중...
2025-09-19 12:17:31,822 - INFO - 검토자 추가 시작: geena.jung@gmail.com
2025-09-19 12:17:31,823 - INFO - 이미 콘텐츠 검토 페이지에 있습니다. 바로 이메일 입력을 시도합니다.
2025-09-19 12:17:32,824 - INFO - 이메일 'geena.jung@gmail.com' 입력 시도...
2025-09-19 12:17:32,917 - INFO - 이메일 입력 필드를 찾았습니다
2025-09-19 12:17:33,155 - INFO - 이메일 'geena.jung@gmail.com' 입력 완료
2025-09-19 12:17:33,283 - INFO - Enter 키로 제출 완료
2025-09-19 12:17:33,284 - INFO - 이메일 'geena.jung@gmail.com'이(가) 검토자 목록에 나타날 때까지 대기...
2025-09-19 12:17:37,425 - INFO - 이메일 'geena.jung@gmail.com'이(가) 검토자 목록에 표시됨. 3초 후 다음 등록으로 진행.
2025-09-19 12:17:40,425 - INFO - [process_registration] 등록 후 5초 대기...
2025-09-19 12:17:45,428 - INFO - ✅ [37/149] 검토자 '정지나' (이메일: geena.jung@gmail.com) 등록 시도 성공 (5초 대기 후)
2025-09-19 12:17:45,430 - INFO - [38/149] 검토자 '이재명' (이메일: ggjmlee@gmail.com) 등록 시도 중...
2025-09-19 12:17:45,431 - INFO - 검토자 추가 시작: ggjmlee@gmail.com
2025-09-19 12:17:45,431 - INFO - 이미 콘텐츠 검토 페이지에 있습니다. 바로 이메일 입력을 시도합니다.
2025-09-19 12:17:46,432 - INFO - 이메일 'ggjmlee@gmail.com' 입력 시도...
2025-09-19 12:17:46,475 - INFO - 이메일 입력 필드를 찾았습니다
2025-09-19 12:17:46,556 - INFO - 이메일 'ggjmlee@gmail.com' 입력 완료
2025-09-19 12:17:46,611 - INFO - Enter 키로 제출 완료
2025-09-19 12:17:46,612 - INFO - 이메일 'ggjmlee@gmail.com'이(가) 검토자 목록에 나타날 때까지 대기...
2025-09-19 12:17:50,539 - INFO - 이메일 'ggjmlee@gmail.com'이(가) 검토자 목록에 표시됨. 3초 후 다음 등록으로 진행.
2025-09-19 12:17:53,541 - INFO - [process_registration] 등록 후 5초 대기...
2025-09-19 12:17:58,543 - INFO - ✅ [38/149] 검토자 '이재명' (이메일: ggjmlee@gmail.com) 등록 시도 성공 (5초 대기 후)
2025-09-19 12:17:58,543 - INFO - [39/149] 검토자 '장건호' (이메일: ggunojang@gmail.com) 등록 시도 중...
2025-09-19 12:17:58,544 - INFO - 검토자 추가 시작: ggunojang@gmail.com
2025-09-19 12:17:58,545 - INFO - 이미 콘텐츠 검토 페이지에 있습니다. 바로 이메일 입력을 시도합니다.
2025-09-19 12:17:59,545 - INFO - 이메일 'ggunojang@gmail.com' 입력 시도...
2025-09-19 12:17:59,575 - INFO - 이메일 입력 필드를 찾았습니다
2025-09-19 12:17:59,718 - INFO - 이메일 'ggunojang@gmail.com' 입력 완료
2025-09-19 12:17:59,764 - INFO - Enter 키로 제출 완료
2025-09-19 12:17:59,764 - INFO - 이메일 'ggunojang@gmail.com'이(가) 검토자 목록에 나타날 때까지 대기...
2025-09-19 12:18:05,029 - INFO - 이메일 'ggunojang@gmail.com'이(가) 검토자 목록에 표시됨. 3초 후 다음 등록으로 진행.
2025-09-19 12:18:08,031 - INFO - [process_registration] 등록 후 5초 대기...
2025-09-19 12:18:13,033 - INFO - ✅ [39/149] 검토자 '장건호' (이메일: ggunojang@gmail.com) 등록 시도 성공 (5초 대기 후)
2025-09-19 12:18:13,033 - INFO - [40/149] 검토자 '배홍국' (이메일: ghdrnr0402@gmail.com) 등록 시도 중...
2025-09-19 12:18:13,033 - INFO - 검토자 추가 시작: ghdrnr0402@gmail.com
2025-09-19 12:18:13,034 - INFO - 이미 콘텐츠 검토 페이지에 있습니다. 바로 이메일 입력을 시도합니다.
2025-09-19 12:18:14,035 - INFO - 이메일 'ghdrnr0402@gmail.com' 입력 시도...
2025-09-19 12:18:14,071 - INFO - 이메일 입력 필드를 찾았습니다
2025-09-19 12:18:14,151 - INFO - 이메일 'ghdrnr0402@gmail.com' 입력 완료
2025-09-19 12:18:14,180 - INFO - Enter 키로 제출 완료
2025-09-19 12:18:14,181 - INFO - 이메일 'ghdrnr0402@gmail.com'이(가) 검토자 목록에 나타날 때까지 대기...
2025-09-19 12:18:19,304 - INFO - 이메일 'ghdrnr0402@gmail.com'이(가) 검토자 목록에 표시됨. 3초 후 다음 등록으로 진행.
2025-09-19 12:18:22,318 - INFO - [process_registration] 등록 후 5초 대기...
2025-09-19 12:18:27,320 - INFO - ✅ [40/149] 검토자 '배홍국' (이메일: ghdrnr0402@gmail.com) 등록 시도 성공 (5초 대기 후)
2025-09-19 12:18:27,322 - INFO - [41/149] 검토자 '백승일' (이메일: greenjet50@gmail.com) 등록 시도 중...
2025-09-19 12:18:27,322 - INFO - 검토자 추가 시작: greenjet50@gmail.com
2025-09-19 12:18:27,322 - INFO - 이미 콘텐츠 검토 페이지에 있습니다. 바로 이메일 입력을 시도합니다.
2025-09-19 12:18:28,323 - INFO - 이메일 'greenjet50@gmail.com' 입력 시도...
2025-09-19 12:18:28,342 - INFO - 이메일 입력 필드를 찾았습니다
2025-09-19 12:18:28,410 - INFO - 이메일 'greenjet50@gmail.com' 입력 완료
2025-09-19 12:18:28,441 - INFO - Enter 키로 제출 완료
2025-09-19 12:18:28,441 - INFO - 이메일 'greenjet50@gmail.com'이(가) 검토자 목록에 나타날 때까지 대기...
2025-09-19 12:18:32,503 - INFO - 이메일 'greenjet50@gmail.com'이(가) 검토자 목록에 표시됨. 3초 후 다음 등록으로 진행.
2025-09-19 12:18:35,504 - INFO - [process_registration] 등록 후 5초 대기...
2025-09-19 12:18:40,506 - INFO - ✅ [41/149] 검토자 '백승일' (이메일: greenjet50@gmail.com) 등록 시도 성공 (5초 대기 후)
2025-09-19 12:18:40,507 - INFO - [42/149] 검토자 '이태혁' (이메일: gwheok@gmail.com) 등록 시도 중...
2025-09-19 12:18:40,507 - INFO - 검토자 추가 시작: gwheok@gmail.com
2025-09-19 12:18:40,507 - INFO - 이미 콘텐츠 검토 페이지에 있습니다. 바로 이메일 입력을 시도합니다.
2025-09-19 12:18:41,507 - INFO - 이메일 'gwheok@gmail.com' 입력 시도...
2025-09-19 12:18:41,541 - INFO - 이메일 입력 필드를 찾았습니다
2025-09-19 12:18:41,629 - INFO - 이메일 'gwheok@gmail.com' 입력 완료
2025-09-19 12:18:41,663 - INFO - Enter 키로 제출 완료
2025-09-19 12:18:41,663 - INFO - 이메일 'gwheok@gmail.com'이(가) 검토자 목록에 나타날 때까지 대기...
2025-09-19 12:18:46,853 - INFO - 이메일 'gwheok@gmail.com'이(가) 검토자 목록에 표시됨. 3초 후 다음 등록으로 진행.
2025-09-19 12:18:49,855 - INFO - [process_registration] 등록 후 5초 대기...
2025-09-19 12:18:54,856 - INFO - ✅ [42/149] 검토자 '이태혁' (이메일: gwheok@gmail.com) 등록 시도 성공 (5초 대기 후)
2025-09-19 12:18:54,857 - INFO - [43/149] 검토자 '김가현' (이메일: helloggakim@gmail.com) 등록 시도 중...
2025-09-19 12:18:54,857 - INFO - 검토자 추가 시작: helloggakim@gmail.com
2025-09-19 12:18:54,858 - INFO - 이미 콘텐츠 검토 페이지에 있습니다. 바로 이메일 입력을 시도합니다.
2025-09-19 12:18:55,862 - INFO - 이메일 'helloggakim@gmail.com' 입력 시도...
2025-09-19 12:18:55,927 - INFO - 이메일 입력 필드를 찾았습니다
2025-09-19 12:18:56,049 - INFO - 이메일 'helloggakim@gmail.com' 입력 완료
2025-09-19 12:18:56,096 - INFO - Enter 키로 제출 완료
2025-09-19 12:18:56,097 - INFO - 이메일 'helloggakim@gmail.com'이(가) 검토자 목록에 나타날 때까지 대기...
2025-09-19 12:19:00,355 - INFO - 이메일 'helloggakim@gmail.com'이(가) 검토자 목록에 표시됨. 3초 후 다음 등록으로 진행.
2025-09-19 12:19:03,358 - INFO - [process_registration] 등록 후 5초 대기...
2025-09-19 12:19:08,359 - INFO - ✅ [43/149] 검토자 '김가현' (이메일: helloggakim@gmail.com) 등록 시도 성공 (5초 대기 후)
2025-09-19 12:19:08,360 - INFO - [44/149] 검토자 '김호현' (이메일: hhkim88@gmail.com) 등록 시도 중...
2025-09-19 12:19:08,361 - INFO - 검토자 추가 시작: hhkim88@gmail.com
2025-09-19 12:19:08,361 - INFO - 이미 콘텐츠 검토 페이지에 있습니다. 바로 이메일 입력을 시도합니다.
2025-09-19 12:19:09,362 - INFO - 이메일 'hhkim88@gmail.com' 입력 시도...
2025-09-19 12:19:09,392 - INFO - 이메일 입력 필드를 찾았습니다
2025-09-19 12:19:09,466 - INFO - 이메일 'hhkim88@gmail.com' 입력 완료
2025-09-19 12:19:09,499 - INFO - Enter 키로 제출 완료
2025-09-19 12:19:09,499 - INFO - 이메일 'hhkim88@gmail.com'이(가) 검토자 목록에 나타날 때까지 대기...
2025-09-19 12:19:13,574 - INFO - 이메일 'hhkim88@gmail.com'이(가) 검토자 목록에 표시됨. 3초 후 다음 등록으로 진행.
2025-09-19 12:19:16,578 - INFO - [process_registration] 등록 후 5초 대기...
2025-09-19 12:19:21,594 - INFO - ✅ [44/149] 검토자 '김호현' (이메일: hhkim88@gmail.com) 등록 시도 성공 (5초 대기 후)
2025-09-19 12:19:21,595 - INFO - [45/149] 검토자 '김현진' (이메일: hj_kim@dankook.ac.kr) 등록 시도 중...
2025-09-19 12:19:21,595 - INFO - 검토자 추가 시작: hj_kim@dankook.ac.kr
2025-09-19 12:19:21,595 - INFO - 이미 콘텐츠 검토 페이지에 있습니다. 바로 이메일 입력을 시도합니다.
2025-09-19 12:19:22,596 - INFO - 이메일 'hj_kim@dankook.ac.kr' 입력 시도...
2025-09-19 12:19:22,661 - INFO - 이메일 입력 필드를 찾았습니다
2025-09-19 12:19:22,783 - INFO - 이메일 'hj_kim@dankook.ac.kr' 입력 완료
2025-09-19 12:19:22,829 - INFO - Enter 키로 제출 완료
2025-09-19 12:19:22,830 - INFO - 이메일 'hj_kim@dankook.ac.kr'이(가) 검토자 목록에 나타날 때까지 대기...
2025-09-19 12:19:27,105 - INFO - 이메일 'hj_kim@dankook.ac.kr'이(가) 검토자 목록에 표시됨. 3초 후 다음 등록으로 진행.
2025-09-19 12:19:30,129 - INFO - [process_registration] 등록 후 5초 대기...
2025-09-19 12:19:35,147 - INFO - ✅ [45/149] 검토자 '김현진' (이메일: hj_kim@dankook.ac.kr) 등록 시도 성공 (5초 대기 후)
2025-09-19 12:19:35,149 - INFO - [46/149] 검토자 '송호준' (이메일: hjsong@ptu.ac.kr) 등록 시도 중...
2025-09-19 12:19:35,150 - INFO - 검토자 추가 시작: hjsong@ptu.ac.kr
2025-09-19 12:19:35,151 - INFO - 이미 콘텐츠 검토 페이지에 있습니다. 바로 이메일 입력을 시도합니다.
2025-09-19 12:19:36,151 - INFO - 이메일 'hjsong@ptu.ac.kr' 입력 시도...
2025-09-19 12:19:36,179 - INFO - 이메일 입력 필드를 찾았습니다
2025-09-19 12:19:36,249 - INFO - 이메일 'hjsong@ptu.ac.kr' 입력 완료
2025-09-19 12:19:36,282 - INFO - Enter 키로 제출 완료
2025-09-19 12:19:36,283 - INFO - 이메일 'hjsong@ptu.ac.kr'이(가) 검토자 목록에 나타날 때까지 대기...
2025-09-19 12:19:40,478 - INFO - 이메일 'hjsong@ptu.ac.kr'이(가) 검토자 목록에 표시됨. 3초 후 다음 등록으로 진행.
2025-09-19 12:19:43,481 - INFO - [process_registration] 등록 후 5초 대기...
2025-09-19 12:19:48,482 - INFO - ✅ [46/149] 검토자 '송호준' (이메일: hjsong@ptu.ac.kr) 등록 시도 성공 (5초 대기 후)
2025-09-19 12:19:48,483 - INFO - [47/149] 검토자 '정홍상' (이메일: hsjung2@gmail.com) 등록 시도 중...
2025-09-19 12:19:48,483 - INFO - 검토자 추가 시작: hsjung2@gmail.com
2025-09-19 12:19:48,484 - INFO - 이미 콘텐츠 검토 페이지에 있습니다. 바로 이메일 입력을 시도합니다.
2025-09-19 12:19:49,487 - INFO - 이메일 'hsjung2@gmail.com' 입력 시도...
2025-09-19 12:19:49,525 - INFO - 이메일 입력 필드를 찾았습니다
2025-09-19 12:19:49,612 - INFO - 이메일 'hsjung2@gmail.com' 입력 완료
2025-09-19 12:19:49,659 - INFO - Enter 키로 제출 완료
2025-09-19 12:19:49,660 - INFO - 이메일 'hsjung2@gmail.com'이(가) 검토자 목록에 나타날 때까지 대기...
2025-09-19 12:19:53,775 - INFO - 이메일 'hsjung2@gmail.com'이(가) 검토자 목록에 표시됨. 3초 후 다음 등록으로 진행.
2025-09-19 12:19:56,782 - INFO - [process_registration] 등록 후 5초 대기...
2025-09-19 12:20:01,784 - INFO - ✅ [47/149] 검토자 '정홍상' (이메일: hsjung2@gmail.com) 등록 시도 성공 (5초 대기 후)
2025-09-19 12:20:01,784 - INFO - [48/149] 검토자 '김현숙' (이메일: hskim88@pcu.ac.kr) 등록 시도 중...
2025-09-19 12:20:01,785 - INFO - 검토자 추가 시작: hskim88@pcu.ac.kr
2025-09-19 12:20:01,785 - INFO - 이미 콘텐츠 검토 페이지에 있습니다. 바로 이메일 입력을 시도합니다.
2025-09-19 12:20:02,788 - INFO - 이메일 'hskim88@pcu.ac.kr' 입력 시도...
2025-09-19 12:20:02,836 - INFO - 이메일 입력 필드를 찾았습니다
2025-09-19 12:20:02,931 - INFO - 이메일 'hskim88@pcu.ac.kr' 입력 완료
2025-09-19 12:20:02,980 - INFO - Enter 키로 제출 완료
2025-09-19 12:20:02,981 - INFO - 이메일 'hskim88@pcu.ac.kr'이(가) 검토자 목록에 나타날 때까지 대기...
2025-09-19 12:20:07,142 - INFO - 이메일 'hskim88@pcu.ac.kr'이(가) 검토자 목록에 표시됨. 3초 후 다음 등록으로 진행.
2025-09-19 12:20:10,145 - INFO - [process_registration] 등록 후 5초 대기...
2025-09-19 12:20:15,153 - INFO - ✅ [48/149] 검토자 '김현숙' (이메일: hskim88@pcu.ac.kr) 등록 시도 성공 (5초 대기 후)
2025-09-19 12:20:15,154 - INFO - [49/149] 검토자 '강혜원' (이메일: hyewonk@hanyang.ac.kr) 등록 시도 중...
2025-09-19 12:20:15,154 - INFO - 검토자 추가 시작: hyewonk@hanyang.ac.kr
2025-09-19 12:20:15,155 - INFO - 이미 콘텐츠 검토 페이지에 있습니다. 바로 이메일 입력을 시도합니다.
2025-09-19 12:20:16,158 - INFO - 이메일 'hyewonk@hanyang.ac.kr' 입력 시도...
2025-09-19 12:20:16,224 - INFO - 이메일 입력 필드를 찾았습니다
2025-09-19 12:20:16,332 - INFO - 이메일 'hyewonk@hanyang.ac.kr' 입력 완료
2025-09-19 12:20:16,366 - INFO - Enter 키로 제출 완료
2025-09-19 12:20:16,367 - INFO - 이메일 'hyewonk@hanyang.ac.kr'이(가) 검토자 목록에 나타날 때까지 대기...
2025-09-19 12:20:19,274 - INFO - 이메일 'hyewonk@hanyang.ac.kr'이(가) 검토자 목록에 표시됨. 3초 후 다음 등록으로 진행.
2025-09-19 12:20:22,275 - INFO - [process_registration] 등록 후 5초 대기...
2025-09-19 12:20:27,277 - INFO - ✅ [49/149] 검토자 '강혜원' (이메일: hyewonk@hanyang.ac.kr) 등록 시도 성공 (5초 대기 후)
2025-09-19 12:20:27,279 - INFO - [50/149] 검토자 '김일형' (이메일: ihkim5656@gmail.com) 등록 시도 중...
2025-09-19 12:20:27,279 - INFO - 검토자 추가 시작: ihkim5656@gmail.com
2025-09-19 12:20:27,280 - INFO - 이미 콘텐츠 검토 페이지에 있습니다. 바로 이메일 입력을 시도합니다.
2025-09-19 12:20:28,281 - INFO - 이메일 'ihkim5656@gmail.com' 입력 시도...
2025-09-19 12:20:28,329 - INFO - 이메일 입력 필드를 찾았습니다
2025-09-19 12:20:28,480 - INFO - 이메일 'ihkim5656@gmail.com' 입력 완료
2025-09-19 12:20:28,532 - INFO - Enter 키로 제출 완료
2025-09-19 12:20:28,536 - INFO - 이메일 'ihkim5656@gmail.com'이(가) 검토자 목록에 나타날 때까지 대기...
2025-09-19 12:20:32,787 - INFO - 이메일 'ihkim5656@gmail.com'이(가) 검토자 목록에 표시됨. 3초 후 다음 등록으로 진행.
2025-09-19 12:20:35,789 - INFO - [process_registration] 등록 후 5초 대기...
2025-09-19 12:20:40,790 - INFO - ✅ [50/149] 검토자 '김일형' (이메일: ihkim5656@gmail.com) 등록 시도 성공 (5초 대기 후)
2025-09-19 12:20:40,791 - INFO - [51/149] 검토자 '김재수' (이메일: in9sk8@gmail.com) 등록 시도 중...
2025-09-19 12:20:40,791 - INFO - 검토자 추가 시작: in9sk8@gmail.com
2025-09-19 12:20:40,791 - INFO - 이미 콘텐츠 검토 페이지에 있습니다. 바로 이메일 입력을 시도합니다.
2025-09-19 12:20:41,791 - INFO - 이메일 'in9sk8@gmail.com' 입력 시도...
2025-09-19 12:20:41,860 - INFO - 이메일 입력 필드를 찾았습니다
2025-09-19 12:20:41,953 - INFO - 이메일 'in9sk8@gmail.com' 입력 완료
2025-09-19 12:20:42,001 - INFO - Enter 키로 제출 완료
2025-09-19 12:20:42,004 - INFO - 이메일 'in9sk8@gmail.com'이(가) 검토자 목록에 나타날 때까지 대기...
2025-09-19 12:20:46,110 - INFO - 이메일 'in9sk8@gmail.com'이(가) 검토자 목록에 표시됨. 3초 후 다음 등록으로 진행.
2025-09-19 12:20:49,111 - INFO - [process_registration] 등록 후 5초 대기...
2025-09-19 12:20:54,113 - INFO - ✅ [51/149] 검토자 '김재수' (이메일: in9sk8@gmail.com) 등록 시도 성공 (5초 대기 후)
2025-09-19 12:20:54,116 - INFO - [52/149] 검토자 '김광현' (이메일: ipanzer9047@gmail.com) 등록 시도 중...
2025-09-19 12:20:54,116 - INFO - 검토자 추가 시작: ipanzer9047@gmail.com
2025-09-19 12:20:54,117 - INFO - 이미 콘텐츠 검토 페이지에 있습니다. 바로 이메일 입력을 시도합니다.
2025-09-19 12:20:55,119 - INFO - 이메일 'ipanzer9047@gmail.com' 입력 시도...
2025-09-19 12:20:55,178 - INFO - 이메일 입력 필드를 찾았습니다
2025-09-19 12:20:55,304 - INFO - 이메일 'ipanzer9047@gmail.com' 입력 완료
2025-09-19 12:20:55,358 - INFO - Enter 키로 제출 완료
2025-09-19 12:20:55,359 - INFO - 이메일 'ipanzer9047@gmail.com'이(가) 검토자 목록에 나타날 때까지 대기...
2025-09-19 12:20:59,390 - INFO - 이메일 'ipanzer9047@gmail.com'이(가) 검토자 목록에 표시됨. 3초 후 다음 등록으로 진행.
2025-09-19 12:21:02,393 - INFO - [process_registration] 등록 후 5초 대기...
2025-09-19 12:21:07,396 - INFO - ✅ [52/149] 검토자 '김광현' (이메일: ipanzer9047@gmail.com) 등록 시도 성공 (5초 대기 후)
2025-09-19 12:21:07,397 - INFO - [53/149] 검토자 '송인상' (이메일: isyh1108@dankook.ac.kr) 등록 시도 중...
2025-09-19 12:21:07,397 - INFO - 검토자 추가 시작: isyh1108@dankook.ac.kr
2025-09-19 12:21:07,397 - INFO - 이미 콘텐츠 검토 페이지에 있습니다. 바로 이메일 입력을 시도합니다.
2025-09-19 12:21:08,398 - INFO - 이메일 'isyh1108@dankook.ac.kr' 입력 시도...
2025-09-19 12:21:08,437 - INFO - 이메일 입력 필드를 찾았습니다
2025-09-19 12:21:08,513 - INFO - 이메일 'isyh1108@dankook.ac.kr' 입력 완료
2025-09-19 12:21:08,550 - INFO - Enter 키로 제출 완료
2025-09-19 12:21:08,550 - INFO - 이메일 'isyh1108@dankook.ac.kr'이(가) 검토자 목록에 나타날 때까지 대기...
2025-09-19 12:21:12,590 - INFO - 이메일 'isyh1108@dankook.ac.kr'이(가) 검토자 목록에 표시됨. 3초 후 다음 등록으로 진행.
2025-09-19 12:21:15,593 - INFO - [process_registration] 등록 후 5초 대기...
2025-09-19 12:21:20,594 - INFO - ✅ [53/149] 검토자 '송인상' (이메일: isyh1108@dankook.ac.kr) 등록 시도 성공 (5초 대기 후)
2025-09-19 12:21:20,596 - INFO - [54/149] 검토자 '김경성' (이메일: iuz4ksk@gmail.com) 등록 시도 중...
2025-09-19 12:21:20,597 - INFO - 검토자 추가 시작: iuz4ksk@gmail.com
2025-09-19 12:21:20,597 - INFO - 이미 콘텐츠 검토 페이지에 있습니다. 바로 이메일 입력을 시도합니다.
2025-09-19 12:21:21,598 - INFO - 이메일 'iuz4ksk@gmail.com' 입력 시도...
2025-09-19 12:21:21,626 - INFO - 이메일 입력 필드를 찾았습니다
2025-09-19 12:21:21,702 - INFO - 이메일 'iuz4ksk@gmail.com' 입력 완료
2025-09-19 12:21:21,746 - INFO - Enter 키로 제출 완료
2025-09-19 12:21:21,747 - INFO - 이메일 'iuz4ksk@gmail.com'이(가) 검토자 목록에 나타날 때까지 대기...
2025-09-19 12:21:27,273 - INFO - 이메일 'iuz4ksk@gmail.com'이(가) 검토자 목록에 표시됨. 3초 후 다음 등록으로 진행.
2025-09-19 12:21:30,274 - INFO - [process_registration] 등록 후 5초 대기...
2025-09-19 12:21:35,275 - INFO - ✅ [54/149] 검토자 '김경성' (이메일: iuz4ksk@gmail.com) 등록 시도 성공 (5초 대기 후)
2025-09-19 12:21:35,275 - INFO - [55/149] 검토자 '윤인모' (이메일: iyoon814@gmail.com) 등록 시도 중...
2025-09-19 12:21:35,276 - INFO - 검토자 추가 시작: iyoon814@gmail.com
2025-09-19 12:21:35,276 - INFO - 이미 콘텐츠 검토 페이지에 있습니다. 바로 이메일 입력을 시도합니다.
2025-09-19 12:21:36,281 - INFO - 이메일 'iyoon814@gmail.com' 입력 시도...
2025-09-19 12:21:36,332 - INFO - 이메일 입력 필드를 찾았습니다
2025-09-19 12:21:36,406 - INFO - 이메일 'iyoon814@gmail.com' 입력 완료
2025-09-19 12:21:36,445 - INFO - Enter 키로 제출 완료
2025-09-19 12:21:36,445 - INFO - 이메일 'iyoon814@gmail.com'이(가) 검토자 목록에 나타날 때까지 대기...
2025-09-19 12:21:40,546 - INFO - 이메일 'iyoon814@gmail.com'이(가) 검토자 목록에 표시됨. 3초 후 다음 등록으로 진행.
2025-09-19 12:21:43,570 - INFO - [process_registration] 등록 후 5초 대기...
2025-09-19 12:21:48,571 - INFO - ✅ [55/149] 검토자 '윤인모' (이메일: iyoon814@gmail.com) 등록 시도 성공 (5초 대기 후)
2025-09-19 12:21:48,572 - INFO - [56/149] 검토자 '위재형' (이메일: jaehyungwi@gmail.com) 등록 시도 중...
2025-09-19 12:21:48,573 - INFO - 검토자 추가 시작: jaehyungwi@gmail.com
2025-09-19 12:21:48,573 - INFO - 이미 콘텐츠 검토 페이지에 있습니다. 바로 이메일 입력을 시도합니다.
2025-09-19 12:21:49,574 - INFO - 이메일 'jaehyungwi@gmail.com' 입력 시도...
2025-09-19 12:21:49,618 - INFO - 이메일 입력 필드를 찾았습니다
2025-09-19 12:21:49,723 - INFO - 이메일 'jaehyungwi@gmail.com' 입력 완료
2025-09-19 12:21:49,772 - INFO - Enter 키로 제출 완료
2025-09-19 12:21:49,773 - INFO - 이메일 'jaehyungwi@gmail.com'이(가) 검토자 목록에 나타날 때까지 대기...
2025-09-19 12:21:53,809 - INFO - 이메일 'jaehyungwi@gmail.com'이(가) 검토자 목록에 표시됨. 3초 후 다음 등록으로 진행.
2025-09-19 12:21:56,810 - INFO - [process_registration] 등록 후 5초 대기...
2025-09-19 12:22:01,818 - INFO - ✅ [56/149] 검토자 '위재형' (이메일: jaehyungwi@gmail.com) 등록 시도 성공 (5초 대기 후)
2025-09-19 12:22:01,822 - INFO - [57/149] 검토자 '이재선' (이메일: jaesun127@gmail.com) 등록 시도 중...
2025-09-19 12:22:01,822 - INFO - 검토자 추가 시작: jaesun127@gmail.com
2025-09-19 12:22:01,842 - INFO - 이미 콘텐츠 검토 페이지에 있습니다. 바로 이메일 입력을 시도합니다.
2025-09-19 12:22:02,850 - INFO - 이메일 'jaesun127@gmail.com' 입력 시도...
2025-09-19 12:22:02,899 - INFO - 이메일 입력 필드를 찾았습니다
2025-09-19 12:22:02,988 - INFO - 이메일 'jaesun127@gmail.com' 입력 완료
2025-09-19 12:22:03,033 - INFO - Enter 키로 제출 완료
2025-09-19 12:22:03,037 - INFO - 이메일 'jaesun127@gmail.com'이(가) 검토자 목록에 나타날 때까지 대기...
2025-09-19 12:22:07,245 - INFO - 이메일 'jaesun127@gmail.com'이(가) 검토자 목록에 표시됨. 3초 후 다음 등록으로 진행.
2025-09-19 12:22:10,247 - INFO - [process_registration] 등록 후 5초 대기...
2025-09-19 12:22:15,248 - INFO - ✅ [57/149] 검토자 '이재선' (이메일: jaesun127@gmail.com) 등록 시도 성공 (5초 대기 후)
2025-09-19 12:22:15,249 - INFO - [58/149] 검토자 '양제열' (이메일: jeyuly@khu.ac.kr) 등록 시도 중...
2025-09-19 12:22:15,249 - INFO - 검토자 추가 시작: jeyuly@khu.ac.kr
2025-09-19 12:22:15,249 - INFO - 이미 콘텐츠 검토 페이지에 있습니다. 바로 이메일 입력을 시도합니다.
2025-09-19 12:22:16,250 - INFO - 이메일 'jeyuly@khu.ac.kr' 입력 시도...
2025-09-19 12:22:16,330 - INFO - 이메일 입력 필드를 찾았습니다
2025-09-19 12:22:16,403 - INFO - 이메일 'jeyuly@khu.ac.kr' 입력 완료
2025-09-19 12:22:16,437 - INFO - Enter 키로 제출 완료
2025-09-19 12:22:16,438 - INFO - 이메일 'jeyuly@khu.ac.kr'이(가) 검토자 목록에 나타날 때까지 대기...
2025-09-19 12:22:20,679 - INFO - 이메일 'jeyuly@khu.ac.kr'이(가) 검토자 목록에 표시됨. 3초 후 다음 등록으로 진행.
2025-09-19 12:22:23,680 - INFO - [process_registration] 등록 후 5초 대기...
2025-09-19 12:22:28,682 - INFO - ✅ [58/149] 검토자 '양제열' (이메일: jeyuly@khu.ac.kr) 등록 시도 성공 (5초 대기 후)
2025-09-19 12:22:28,683 - INFO - [59/149] 검토자 '안종현' (이메일: jhonghyun@gachon.ac.kr) 등록 시도 중...
2025-09-19 12:22:28,683 - INFO - 검토자 추가 시작: jhonghyun@gachon.ac.kr
2025-09-19 12:22:28,684 - INFO - 이미 콘텐츠 검토 페이지에 있습니다. 바로 이메일 입력을 시도합니다.
2025-09-19 12:22:29,684 - INFO - 이메일 'jhonghyun@gachon.ac.kr' 입력 시도...
2025-09-19 12:22:29,713 - INFO - 이메일 입력 필드를 찾았습니다
2025-09-19 12:22:29,806 - INFO - 이메일 'jhonghyun@gachon.ac.kr' 입력 완료
2025-09-19 12:22:29,846 - INFO - Enter 키로 제출 완료
2025-09-19 12:22:29,847 - INFO - 이메일 'jhonghyun@gachon.ac.kr'이(가) 검토자 목록에 나타날 때까지 대기...
2025-09-19 12:22:34,108 - INFO - 이메일 'jhonghyun@gachon.ac.kr'이(가) 검토자 목록에 표시됨. 3초 후 다음 등록으로 진행.
2025-09-19 12:22:37,111 - INFO - [process_registration] 등록 후 5초 대기...
2025-09-19 12:22:42,125 - INFO - ✅ [59/149] 검토자 '안종현' (이메일: jhonghyun@gachon.ac.kr) 등록 시도 성공 (5초 대기 후)
2025-09-19 12:22:42,127 - INFO - [60/149] 검토자 '오지은' (이메일: jieun1593@gmail.com) 등록 시도 중...
2025-09-19 12:22:42,127 - INFO - 검토자 추가 시작: jieun1593@gmail.com
2025-09-19 12:22:42,127 - INFO - 이미 콘텐츠 검토 페이지에 있습니다. 바로 이메일 입력을 시도합니다.
2025-09-19 12:22:43,130 - INFO - 이메일 'jieun1593@gmail.com' 입력 시도...
2025-09-19 12:22:43,192 - INFO - 이메일 입력 필드를 찾았습니다
2025-09-19 12:22:43,284 - INFO - 이메일 'jieun1593@gmail.com' 입력 완료
2025-09-19 12:22:43,325 - INFO - Enter 키로 제출 완료
2025-09-19 12:22:43,332 - INFO - 이메일 'jieun1593@gmail.com'이(가) 검토자 목록에 나타날 때까지 대기...
2025-09-19 12:22:47,504 - INFO - 이메일 'jieun1593@gmail.com'이(가) 검토자 목록에 표시됨. 3초 후 다음 등록으로 진행.
2025-09-19 12:22:50,505 - INFO - [process_registration] 등록 후 5초 대기...
2025-09-19 12:22:55,511 - INFO - ✅ [60/149] 검토자 '오지은' (이메일: jieun1593@gmail.com) 등록 시도 성공 (5초 대기 후)
2025-09-19 12:22:55,511 - INFO - [61/149] 검토자 '이종권' (이메일: jimylee7@gmail.com) 등록 시도 중...
2025-09-19 12:22:55,512 - INFO - 검토자 추가 시작: jimylee7@gmail.com
2025-09-19 12:22:55,512 - INFO - 이미 콘텐츠 검토 페이지에 있습니다. 바로 이메일 입력을 시도합니다.
2025-09-19 12:22:56,513 - INFO - 이메일 'jimylee7@gmail.com' 입력 시도...
2025-09-19 12:22:56,574 - INFO - 이메일 입력 필드를 찾았습니다
2025-09-19 12:22:56,713 - INFO - 이메일 'jimylee7@gmail.com' 입력 완료
2025-09-19 12:22:56,790 - INFO - Enter 키로 제출 완료
2025-09-19 12:22:56,790 - INFO - 이메일 'jimylee7@gmail.com'이(가) 검토자 목록에 나타날 때까지 대기...
2025-09-19 12:23:01,205 - INFO - 이메일 'jimylee7@gmail.com'이(가) 검토자 목록에 표시됨. 3초 후 다음 등록으로 진행.
2025-09-19 12:23:04,208 - INFO - [process_registration] 등록 후 5초 대기...
2025-09-19 12:23:09,220 - INFO - ✅ [61/149] 검토자 '이종권' (이메일: jimylee7@gmail.com) 등록 시도 성공 (5초 대기 후)
2025-09-19 12:23:09,224 - INFO - [62/149] 검토자 '정진호' (이메일: jinho7206@gmail.com) 등록 시도 중...
2025-09-19 12:23:09,224 - INFO - 검토자 추가 시작: jinho7206@gmail.com
2025-09-19 12:23:09,227 - INFO - 이미 콘텐츠 검토 페이지에 있습니다. 바로 이메일 입력을 시도합니다.
2025-09-19 12:23:10,231 - INFO - 이메일 'jinho7206@gmail.com' 입력 시도...
2025-09-19 12:23:10,304 - INFO - 이메일 입력 필드를 찾았습니다
2025-09-19 12:23:10,441 - INFO - 이메일 'jinho7206@gmail.com' 입력 완료
2025-09-19 12:23:10,516 - INFO - Enter 키로 제출 완료
2025-09-19 12:23:10,519 - INFO - 이메일 'jinho7206@gmail.com'이(가) 검토자 목록에 나타날 때까지 대기...
2025-09-19 12:23:14,770 - INFO - 이메일 'jinho7206@gmail.com'이(가) 검토자 목록에 표시됨. 3초 후 다음 등록으로 진행.
2025-09-19 12:23:17,774 - INFO - [process_registration] 등록 후 5초 대기...
2025-09-19 12:23:22,777 - INFO - ✅ [62/149] 검토자 '정진호' (이메일: jinho7206@gmail.com) 등록 시도 성공 (5초 대기 후)
2025-09-19 12:23:22,778 - INFO - [63/149] 검토자 '한지수' (이메일: jisuhan@khu.ac.kr) 등록 시도 중...
2025-09-19 12:23:22,779 - INFO - 검토자 추가 시작: jisuhan@khu.ac.kr
2025-09-19 12:23:22,779 - INFO - 이미 콘텐츠 검토 페이지에 있습니다. 바로 이메일 입력을 시도합니다.
2025-09-19 12:23:23,780 - INFO - 이메일 'jisuhan@khu.ac.kr' 입력 시도...
2025-09-19 12:23:23,850 - INFO - 이메일 입력 필드를 찾았습니다
2025-09-19 12:23:23,954 - INFO - 이메일 'jisuhan@khu.ac.kr' 입력 완료
2025-09-19 12:23:23,986 - INFO - Enter 키로 제출 완료
2025-09-19 12:23:23,986 - INFO - 이메일 'jisuhan@khu.ac.kr'이(가) 검토자 목록에 나타날 때까지 대기...
2025-09-19 12:23:29,559 - INFO - 이메일 'jisuhan@khu.ac.kr'이(가) 검토자 목록에 표시됨. 3초 후 다음 등록으로 진행.
2025-09-19 12:23:32,561 - INFO - [process_registration] 등록 후 5초 대기...
2025-09-19 12:23:37,563 - INFO - ✅ [63/149] 검토자 '한지수' (이메일: jisuhan@khu.ac.kr) 등록 시도 성공 (5초 대기 후)
2025-09-19 12:23:37,563 - INFO - [64/149] 검토자 '김종주' (이메일: jjkim101@gmail.com) 등록 시도 중...
2025-09-19 12:23:37,563 - INFO - 검토자 추가 시작: jjkim101@gmail.com
2025-09-19 12:23:37,563 - INFO - 이미 콘텐츠 검토 페이지에 있습니다. 바로 이메일 입력을 시도합니다.
2025-09-19 12:23:38,564 - INFO - 이메일 'jjkim101@gmail.com' 입력 시도...
2025-09-19 12:23:38,627 - INFO - 이메일 입력 필드를 찾았습니다
2025-09-19 12:23:38,728 - INFO - 이메일 'jjkim101@gmail.com' 입력 완료
2025-09-19 12:23:38,778 - INFO - Enter 키로 제출 완료
2025-09-19 12:23:38,779 - INFO - 이메일 'jjkim101@gmail.com'이(가) 검토자 목록에 나타날 때까지 대기...
2025-09-19 12:23:43,221 - INFO - 이메일 'jjkim101@gmail.com'이(가) 검토자 목록에 표시됨. 3초 후 다음 등록으로 진행.
2025-09-19 12:23:46,222 - INFO - [process_registration] 등록 후 5초 대기...
2025-09-19 12:23:51,224 - INFO - ✅ [64/149] 검토자 '김종주' (이메일: jjkim101@gmail.com) 등록 시도 성공 (5초 대기 후)
2025-09-19 12:23:51,230 - INFO - [65/149] 검토자 '이정재' (이메일: jjlee@daejin.ac.kr) 등록 시도 중...
2025-09-19 12:23:51,230 - INFO - 검토자 추가 시작: jjlee@daejin.ac.kr
2025-09-19 12:23:51,231 - INFO - 이미 콘텐츠 검토 페이지에 있습니다. 바로 이메일 입력을 시도합니다.
2025-09-19 12:23:52,232 - INFO - 이메일 'jjlee@daejin.ac.kr' 입력 시도...
2025-09-19 12:23:52,297 - INFO - 이메일 입력 필드를 찾았습니다
2025-09-19 12:23:52,382 - INFO - 이메일 'jjlee@daejin.ac.kr' 입력 완료
2025-09-19 12:23:52,426 - INFO - Enter 키로 제출 완료
2025-09-19 12:23:52,426 - INFO - 이메일 'jjlee@daejin.ac.kr'이(가) 검토자 목록에 나타날 때까지 대기...
2025-09-19 12:23:56,597 - INFO - 이메일 'jjlee@daejin.ac.kr'이(가) 검토자 목록에 표시됨. 3초 후 다음 등록으로 진행.
2025-09-19 12:23:59,626 - INFO - [process_registration] 등록 후 5초 대기...
2025-09-19 12:24:04,631 - INFO - ✅ [65/149] 검토자 '이정재' (이메일: jjlee@daejin.ac.kr) 등록 시도 성공 (5초 대기 후)
2025-09-19 12:24:04,634 - INFO - [66/149] 검토자 '주현주' (이메일: joojoossi@gmail.com) 등록 시도 중...
2025-09-19 12:24:04,634 - INFO - 검토자 추가 시작: joojoossi@gmail.com
2025-09-19 12:24:04,635 - INFO - 이미 콘텐츠 검토 페이지에 있습니다. 바로 이메일 입력을 시도합니다.
2025-09-19 12:24:05,636 - INFO - 이메일 'joojoossi@gmail.com' 입력 시도...
2025-09-19 12:24:05,688 - INFO - 이메일 입력 필드를 찾았습니다
2025-09-19 12:24:05,767 - INFO - 이메일 'joojoossi@gmail.com' 입력 완료
2025-09-19 12:24:05,812 - INFO - Enter 키로 제출 완료
2025-09-19 12:24:05,813 - INFO - 이메일 'joojoossi@gmail.com'이(가) 검토자 목록에 나타날 때까지 대기...
2025-09-19 12:24:11,352 - INFO - 이메일 'joojoossi@gmail.com'이(가) 검토자 목록에 표시됨. 3초 후 다음 등록으로 진행.
2025-09-19 12:24:14,353 - INFO - [process_registration] 등록 후 5초 대기...
2025-09-19 12:24:19,354 - INFO - ✅ [66/149] 검토자 '주현주' (이메일: joojoossi@gmail.com) 등록 시도 성공 (5초 대기 후)
2025-09-19 12:24:19,357 - INFO - [67/149] 검토자 '장수미' (이메일: jua0405@gmail.com) 등록 시도 중...
2025-09-19 12:24:19,358 - INFO - 검토자 추가 시작: jua0405@gmail.com
2025-09-19 12:24:19,358 - INFO - 이미 콘텐츠 검토 페이지에 있습니다. 바로 이메일 입력을 시도합니다.
2025-09-19 12:24:20,361 - INFO - 이메일 'jua0405@gmail.com' 입력 시도...
2025-09-19 12:24:20,429 - INFO - 이메일 입력 필드를 찾았습니다
2025-09-19 12:24:20,584 - INFO - 이메일 'jua0405@gmail.com' 입력 완료
2025-09-19 12:24:20,654 - INFO - Enter 키로 제출 완료
2025-09-19 12:24:20,655 - INFO - 이메일 'jua0405@gmail.com'이(가) 검토자 목록에 나타날 때까지 대기...
2025-09-19 12:24:24,951 - INFO - 이메일 'jua0405@gmail.com'이(가) 검토자 목록에 표시됨. 3초 후 다음 등록으로 진행.
2025-09-19 12:24:27,952 - INFO - [process_registration] 등록 후 5초 대기...
2025-09-19 12:24:32,953 - INFO - ✅ [67/149] 검토자 '장수미' (이메일: jua0405@gmail.com) 등록 시도 성공 (5초 대기 후)
2025-09-19 12:24:32,954 - INFO - [68/149] 검토자 '이주영' (이메일: judylee2636@gmail.com) 등록 시도 중...
2025-09-19 12:24:32,955 - INFO - 검토자 추가 시작: judylee2636@gmail.com
2025-09-19 12:24:32,955 - INFO - 이미 콘텐츠 검토 페이지에 있습니다. 바로 이메일 입력을 시도합니다.
2025-09-19 12:24:33,958 - INFO - 이메일 'judylee2636@gmail.com' 입력 시도...
2025-09-19 12:24:34,004 - INFO - 이메일 입력 필드를 찾았습니다
2025-09-19 12:24:34,082 - INFO - 이메일 'judylee2636@gmail.com' 입력 완료
2025-09-19 12:24:34,116 - INFO - Enter 키로 제출 완료
2025-09-19 12:24:34,117 - INFO - 이메일 'judylee2636@gmail.com'이(가) 검토자 목록에 나타날 때까지 대기...
2025-09-19 12:24:38,210 - INFO - 이메일 'judylee2636@gmail.com'이(가) 검토자 목록에 표시됨. 3초 후 다음 등록으로 진행.
2025-09-19 12:24:41,211 - INFO - [process_registration] 등록 후 5초 대기...
2025-09-19 12:24:46,254 - INFO - ✅ [68/149] 검토자 '이주영' (이메일: judylee2636@gmail.com) 등록 시도 성공 (5초 대기 후)
2025-09-19 12:24:46,256 - INFO - [69/149] 검토자 '김정화' (이메일: junghwa.kim.trans@gmail.com) 등록 시도 중...
2025-09-19 12:24:46,258 - INFO - 검토자 추가 시작: junghwa.kim.trans@gmail.com
2025-09-19 12:24:46,259 - INFO - 이미 콘텐츠 검토 페이지에 있습니다. 바로 이메일 입력을 시도합니다.
2025-09-19 12:24:47,261 - INFO - 이메일 'junghwa.kim.trans@gmail.com' 입력 시도...
2025-09-19 12:24:47,333 - INFO - 이메일 입력 필드를 찾았습니다
2025-09-19 12:24:47,415 - INFO - 이메일 'junghwa.kim.trans@gmail.com' 입력 완료
2025-09-19 12:24:47,447 - INFO - Enter 키로 제출 완료
2025-09-19 12:24:47,447 - INFO - 이메일 'junghwa.kim.trans@gmail.com'이(가) 검토자 목록에 나타날 때까지 대기...
2025-09-19 12:24:51,705 - INFO - 이메일 'junghwa.kim.trans@gmail.com'이(가) 검토자 목록에 표시됨. 3초 후 다음 등록으로 진행.
2025-09-19 12:24:54,705 - INFO - [process_registration] 등록 후 5초 대기...
2025-09-19 12:24:59,707 - INFO - ✅ [69/149] 검토자 '김정화' (이메일: junghwa.kim.trans@gmail.com) 등록 시도 성공 (5초 대기 후)
2025-09-19 12:24:59,710 - INFO - [70/149] 검토자 '박준욱' (이메일: junukss@gmail.com) 등록 시도 중...
2025-09-19 12:24:59,710 - INFO - 검토자 추가 시작: junukss@gmail.com
2025-09-19 12:24:59,711 - INFO - 이미 콘텐츠 검토 페이지에 있습니다. 바로 이메일 입력을 시도합니다.
2025-09-19 12:25:00,715 - INFO - 이메일 'junukss@gmail.com' 입력 시도...
2025-09-19 12:25:00,773 - INFO - 이메일 입력 필드를 찾았습니다
2025-09-19 12:25:00,857 - INFO - 이메일 'junukss@gmail.com' 입력 완료
2025-09-19 12:25:00,901 - INFO - Enter 키로 제출 완료
2025-09-19 12:25:00,901 - INFO - 이메일 'junukss@gmail.com'이(가) 검토자 목록에 나타날 때까지 대기...
2025-09-19 12:25:05,243 - INFO - 이메일 'junukss@gmail.com'이(가) 검토자 목록에 표시됨. 3초 후 다음 등록으로 진행.
2025-09-19 12:25:08,280 - INFO - [process_registration] 등록 후 5초 대기...
2025-09-19 12:25:13,286 - INFO - ✅ [70/149] 검토자 '박준욱' (이메일: junukss@gmail.com) 등록 시도 성공 (5초 대기 후)
2025-09-19 12:25:13,287 - INFO - [71/149] 검토자 '이지연' (이메일: jylee2930@gmail.com) 등록 시도 중...
2025-09-19 12:25:13,288 - INFO - 검토자 추가 시작: jylee2930@gmail.com
2025-09-19 12:25:13,288 - INFO - 이미 콘텐츠 검토 페이지에 있습니다. 바로 이메일 입력을 시도합니다.
2025-09-19 12:25:14,289 - INFO - 이메일 'jylee2930@gmail.com' 입력 시도...
2025-09-19 12:25:14,342 - INFO - 이메일 입력 필드를 찾았습니다
2025-09-19 12:25:14,422 - INFO - 이메일 'jylee2930@gmail.com' 입력 완료
2025-09-19 12:25:14,468 - INFO - Enter 키로 제출 완료
2025-09-19 12:25:14,469 - INFO - 이메일 'jylee2930@gmail.com'이(가) 검토자 목록에 나타날 때까지 대기...
2025-09-19 12:25:18,704 - INFO - 이메일 'jylee2930@gmail.com'이(가) 검토자 목록에 표시됨. 3초 후 다음 등록으로 진행.
2025-09-19 12:25:21,706 - INFO - [process_registration] 등록 후 5초 대기...
2025-09-19 12:25:26,708 - INFO - ✅ [71/149] 검토자 '이지연' (이메일: jylee2930@gmail.com) 등록 시도 성공 (5초 대기 후)
2025-09-19 12:25:26,709 - INFO - [72/149] 검토자 '조정완' (이메일: jzw0108@gmail.com) 등록 시도 중...
2025-09-19 12:25:26,709 - INFO - 검토자 추가 시작: jzw0108@gmail.com
2025-09-19 12:25:26,709 - INFO - 이미 콘텐츠 검토 페이지에 있습니다. 바로 이메일 입력을 시도합니다.
2025-09-19 12:25:27,710 - INFO - 이메일 'jzw0108@gmail.com' 입력 시도...
2025-09-19 12:25:27,748 - INFO - 이메일 입력 필드를 찾았습니다
2025-09-19 12:25:27,826 - INFO - 이메일 'jzw0108@gmail.com' 입력 완료
2025-09-19 12:25:27,865 - INFO - Enter 키로 제출 완료
2025-09-19 12:25:27,865 - INFO - 이메일 'jzw0108@gmail.com'이(가) 검토자 목록에 나타날 때까지 대기...
2025-09-19 12:25:32,198 - INFO - 이메일 'jzw0108@gmail.com'이(가) 검토자 목록에 표시됨. 3초 후 다음 등록으로 진행.
2025-09-19 12:25:35,198 - INFO - [process_registration] 등록 후 5초 대기...
2025-09-19 12:25:40,200 - INFO - ✅ [72/149] 검토자 '조정완' (이메일: jzw0108@gmail.com) 등록 시도 성공 (5초 대기 후)
2025-09-19 12:25:40,201 - INFO - [73/149] 검토자 '한성일' (이메일: k1070412@gmail.com) 등록 시도 중...
2025-09-19 12:25:40,202 - INFO - 검토자 추가 시작: k1070412@gmail.com
2025-09-19 12:25:40,202 - INFO - 이미 콘텐츠 검토 페이지에 있습니다. 바로 이메일 입력을 시도합니다.
2025-09-19 12:25:41,221 - INFO - 이메일 'k1070412@gmail.com' 입력 시도...
2025-09-19 12:25:41,280 - INFO - 이메일 입력 필드를 찾았습니다
2025-09-19 12:25:41,366 - INFO - 이메일 'k1070412@gmail.com' 입력 완료
2025-09-19 12:25:41,398 - INFO - Enter 키로 제출 완료
2025-09-19 12:25:41,398 - INFO - 이메일 'k1070412@gmail.com'이(가) 검토자 목록에 나타날 때까지 대기...
2025-09-19 12:25:45,799 - INFO - 이메일 'k1070412@gmail.com'이(가) 검토자 목록에 표시됨. 3초 후 다음 등록으로 진행.
2025-09-19 12:25:48,803 - INFO - [process_registration] 등록 후 5초 대기...
2025-09-19 12:25:53,805 - INFO - ✅ [73/149] 검토자 '한성일' (이메일: k1070412@gmail.com) 등록 시도 성공 (5초 대기 후)
2025-09-19 12:25:53,806 - INFO - [74/149] 검토자 '김보민' (이메일: kbm0811@gmail.com) 등록 시도 중...
2025-09-19 12:25:53,806 - INFO - 검토자 추가 시작: kbm0811@gmail.com
2025-09-19 12:25:53,807 - INFO - 이미 콘텐츠 검토 페이지에 있습니다. 바로 이메일 입력을 시도합니다.
2025-09-19 12:25:54,807 - INFO - 이메일 'kbm0811@gmail.com' 입력 시도...
2025-09-19 12:25:54,864 - INFO - 이메일 입력 필드를 찾았습니다
2025-09-19 12:25:54,965 - INFO - 이메일 'kbm0811@gmail.com' 입력 완료
2025-09-19 12:25:55,042 - INFO - Enter 키로 제출 완료
2025-09-19 12:25:55,045 - INFO - 이메일 'kbm0811@gmail.com'이(가) 검토자 목록에 나타날 때까지 대기...
2025-09-19 12:25:55,400 - INFO - 이메일 'kbm0811@gmail.com'이(가) 검토자 목록에 표시됨. 3초 후 다음 등록으로 진행.
2025-09-19 12:25:58,401 - INFO - [process_registration] 등록 후 5초 대기...
2025-09-19 12:26:03,403 - INFO - ✅ [74/149] 검토자 '김보민' (이메일: kbm0811@gmail.com) 등록 시도 성공 (5초 대기 후)
2025-09-19 12:26:03,404 - INFO - [75/149] 검토자 '김한섭' (이메일: khseob0715@gmail.com) 등록 시도 중...
2025-09-19 12:26:03,404 - INFO - 검토자 추가 시작: khseob0715@gmail.com
2025-09-19 12:26:03,404 - INFO - 이미 콘텐츠 검토 페이지에 있습니다. 바로 이메일 입력을 시도합니다.
2025-09-19 12:26:04,405 - INFO - 이메일 'khseob0715@gmail.com' 입력 시도...
2025-09-19 12:26:04,432 - INFO - 이메일 입력 필드를 찾았습니다
2025-09-19 12:26:04,512 - INFO - 이메일 'khseob0715@gmail.com' 입력 완료
2025-09-19 12:26:04,549 - INFO - Enter 키로 제출 완료
2025-09-19 12:26:04,550 - INFO - 이메일 'khseob0715@gmail.com'이(가) 검토자 목록에 나타날 때까지 대기...
2025-09-19 12:26:08,868 - INFO - 이메일 'khseob0715@gmail.com'이(가) 검토자 목록에 표시됨. 3초 후 다음 등록으로 진행.
2025-09-19 12:26:11,876 - INFO - [process_registration] 등록 후 5초 대기...
2025-09-19 12:26:16,883 - INFO - ✅ [75/149] 검토자 '김한섭' (이메일: khseob0715@gmail.com) 등록 시도 성공 (5초 대기 후)
2025-09-19 12:26:16,886 - INFO - [76/149] 검토자 '박주원' (이메일: kikiyaa@gmail.com) 등록 시도 중...
2025-09-19 12:26:16,887 - INFO - 검토자 추가 시작: kikiyaa@gmail.com
2025-09-19 12:26:16,887 - INFO - 이미 콘텐츠 검토 페이지에 있습니다. 바로 이메일 입력을 시도합니다.
2025-09-19 12:26:17,888 - INFO - 이메일 'kikiyaa@gmail.com' 입력 시도...
2025-09-19 12:26:17,955 - INFO - 이메일 입력 필드를 찾았습니다
2025-09-19 12:26:18,091 - INFO - 이메일 'kikiyaa@gmail.com' 입력 완료
2025-09-19 12:26:18,149 - INFO - Enter 키로 제출 완료
2025-09-19 12:26:18,150 - INFO - 이메일 'kikiyaa@gmail.com'이(가) 검토자 목록에 나타날 때까지 대기...
2025-09-19 12:26:21,143 - INFO - 이메일 'kikiyaa@gmail.com'이(가) 검토자 목록에 표시됨. 3초 후 다음 등록으로 진행.
2025-09-19 12:26:24,158 - INFO - [process_registration] 등록 후 5초 대기...
2025-09-19 12:26:29,159 - INFO - ✅ [76/149] 검토자 '박주원' (이메일: kikiyaa@gmail.com) 등록 시도 성공 (5초 대기 후)
2025-09-19 12:26:29,160 - INFO - [77/149] 검토자 '김상현' (이메일: kimsh@inha.ac.kr) 등록 시도 중...
2025-09-19 12:26:29,160 - INFO - 검토자 추가 시작: kimsh@inha.ac.kr
2025-09-19 12:26:29,160 - INFO - 이미 콘텐츠 검토 페이지에 있습니다. 바로 이메일 입력을 시도합니다.
2025-09-19 12:26:30,161 - INFO - 이메일 'kimsh@inha.ac.kr' 입력 시도...
2025-09-19 12:26:30,219 - INFO - 이메일 입력 필드를 찾았습니다
2025-09-19 12:26:30,325 - INFO - 이메일 'kimsh@inha.ac.kr' 입력 완료
2025-09-19 12:26:30,441 - INFO - Enter 키로 제출 완료
2025-09-19 12:26:30,441 - INFO - 이메일 'kimsh@inha.ac.kr'이(가) 검토자 목록에 나타날 때까지 대기...
2025-09-19 12:26:39,853 - INFO - 이메일 'kimsh@inha.ac.kr'이(가) 검토자 목록에 표시됨. 3초 후 다음 등록으로 진행.
2025-09-19 12:26:42,855 - INFO - [process_registration] 등록 후 5초 대기...
2025-09-19 12:26:47,857 - INFO - ✅ [77/149] 검토자 '김상현' (이메일: kimsh@inha.ac.kr) 등록 시도 성공 (5초 대기 후)
2025-09-19 12:26:47,859 - INFO - [78/149] 검토자 '김태욱' (이메일: kimtaeuk@hanyang.ac.kr) 등록 시도 중...
2025-09-19 12:26:47,860 - INFO - 검토자 추가 시작: kimtaeuk@hanyang.ac.kr
2025-09-19 12:26:47,860 - INFO - 이미 콘텐츠 검토 페이지에 있습니다. 바로 이메일 입력을 시도합니다.
2025-09-19 12:26:48,861 - INFO - 이메일 'kimtaeuk@hanyang.ac.kr' 입력 시도...
2025-09-19 12:26:48,931 - INFO - 이메일 입력 필드를 찾았습니다
2025-09-19 12:26:49,039 - INFO - 이메일 'kimtaeuk@hanyang.ac.kr' 입력 완료
2025-09-19 12:26:49,078 - INFO - Enter 키로 제출 완료
2025-09-19 12:26:49,079 - INFO - 이메일 'kimtaeuk@hanyang.ac.kr'이(가) 검토자 목록에 나타날 때까지 대기...
2025-09-19 12:26:53,510 - INFO - 이메일 'kimtaeuk@hanyang.ac.kr'이(가) 검토자 목록에 표시됨. 3초 후 다음 등록으로 진행.
2025-09-19 12:26:56,512 - INFO - [process_registration] 등록 후 5초 대기...
2025-09-19 12:27:01,516 - INFO - ✅ [78/149] 검토자 '김태욱' (이메일: kimtaeuk@hanyang.ac.kr) 등록 시도 성공 (5초 대기 후)
2025-09-19 12:27:01,518 - INFO - [79/149] 검토자 '김정환' (이메일: kjh24@yonsei.ac.kr) 등록 시도 중...
2025-09-19 12:27:01,519 - INFO - 검토자 추가 시작: kjh24@yonsei.ac.kr
2025-09-19 12:27:01,519 - INFO - 이미 콘텐츠 검토 페이지에 있습니다. 바로 이메일 입력을 시도합니다.
2025-09-19 12:27:02,520 - INFO - 이메일 'kjh24@yonsei.ac.kr' 입력 시도...
2025-09-19 12:27:02,589 - INFO - 이메일 입력 필드를 찾았습니다
2025-09-19 12:27:02,781 - INFO - 이메일 'kjh24@yonsei.ac.kr' 입력 완료
2025-09-19 12:27:02,870 - INFO - Enter 키로 제출 완료
2025-09-19 12:27:02,875 - INFO - 이메일 'kjh24@yonsei.ac.kr'이(가) 검토자 목록에 나타날 때까지 대기...
2025-09-19 12:27:06,912 - INFO - 이메일 'kjh24@yonsei.ac.kr'이(가) 검토자 목록에 표시됨. 3초 후 다음 등록으로 진행.
2025-09-19 12:27:09,913 - INFO - [process_registration] 등록 후 5초 대기...
2025-09-19 12:27:14,916 - INFO - ✅ [79/149] 검토자 '김정환' (이메일: kjh24@yonsei.ac.kr) 등록 시도 성공 (5초 대기 후)
2025-09-19 12:27:14,927 - INFO - [80/149] 검토자 '김준선' (이메일: kjs890707@gmail.com) 등록 시도 중...
2025-09-19 12:27:14,950 - INFO - 검토자 추가 시작: kjs890707@gmail.com
2025-09-19 12:27:14,953 - INFO - 이미 콘텐츠 검토 페이지에 있습니다. 바로 이메일 입력을 시도합니다.
2025-09-19 12:27:15,957 - INFO - 이메일 'kjs890707@gmail.com' 입력 시도...
2025-09-19 12:27:16,006 - INFO - 이메일 입력 필드를 찾았습니다
2025-09-19 12:27:16,134 - INFO - 이메일 'kjs890707@gmail.com' 입력 완료
2025-09-19 12:27:16,178 - INFO - Enter 키로 제출 완료
2025-09-19 12:27:16,178 - INFO - 이메일 'kjs890707@gmail.com'이(가) 검토자 목록에 나타날 때까지 대기...
2025-09-19 12:27:20,214 - INFO - 이메일 'kjs890707@gmail.com'이(가) 검토자 목록에 표시됨. 3초 후 다음 등록으로 진행.
2025-09-19 12:27:23,216 - INFO - [process_registration] 등록 후 5초 대기...
2025-09-19 12:27:28,222 - INFO - ✅ [80/149] 검토자 '김준선' (이메일: kjs890707@gmail.com) 등록 시도 성공 (5초 대기 후)
2025-09-19 12:27:28,222 - INFO - [81/149] 검토자 '김광제' (이메일: kjsu01@gmail.com) 등록 시도 중...
2025-09-19 12:27:28,223 - INFO - 검토자 추가 시작: kjsu01@gmail.com
2025-09-19 12:27:28,223 - INFO - 이미 콘텐츠 검토 페이지에 있습니다. 바로 이메일 입력을 시도합니다.
2025-09-19 12:27:29,224 - INFO - 이메일 'kjsu01@gmail.com' 입력 시도...
2025-09-19 12:27:29,294 - INFO - 이메일 입력 필드를 찾았습니다
2025-09-19 12:27:29,370 - INFO - 이메일 'kjsu01@gmail.com' 입력 완료
2025-09-19 12:27:29,407 - INFO - Enter 키로 제출 완료
2025-09-19 12:27:29,408 - INFO - 이메일 'kjsu01@gmail.com'이(가) 검토자 목록에 나타날 때까지 대기...
2025-09-19 12:27:34,717 - INFO - 이메일 'kjsu01@gmail.com'이(가) 검토자 목록에 표시됨. 3초 후 다음 등록으로 진행.
2025-09-19 12:27:37,719 - INFO - [process_registration] 등록 후 5초 대기...
2025-09-19 12:27:42,723 - INFO - ✅ [81/149] 검토자 '김광제' (이메일: kjsu01@gmail.com) 등록 시도 성공 (5초 대기 후)
2025-09-19 12:27:42,726 - INFO - [82/149] 검토자 '윤광섭' (이메일: ksyoon@inha.ac.kr) 등록 시도 중...
2025-09-19 12:27:42,726 - INFO - 검토자 추가 시작: ksyoon@inha.ac.kr
2025-09-19 12:27:42,726 - INFO - 이미 콘텐츠 검토 페이지에 있습니다. 바로 이메일 입력을 시도합니다.
2025-09-19 12:27:43,727 - INFO - 이메일 'ksyoon@inha.ac.kr' 입력 시도...
2025-09-19 12:27:43,786 - INFO - 이메일 입력 필드를 찾았습니다
2025-09-19 12:27:43,907 - INFO - 이메일 'ksyoon@inha.ac.kr' 입력 완료
2025-09-19 12:27:44,059 - INFO - Enter 키로 제출 완료
2025-09-19 12:27:44,062 - INFO - 이메일 'ksyoon@inha.ac.kr'이(가) 검토자 목록에 나타날 때까지 대기...
2025-09-19 12:27:48,586 - INFO - 이메일 'ksyoon@inha.ac.kr'이(가) 검토자 목록에 표시됨. 3초 후 다음 등록으로 진행.
2025-09-19 12:27:51,587 - INFO - [process_registration] 등록 후 5초 대기...
2025-09-19 12:27:56,591 - INFO - ✅ [82/149] 검토자 '윤광섭' (이메일: ksyoon@inha.ac.kr) 등록 시도 성공 (5초 대기 후)
2025-09-19 12:27:56,596 - INFO - [83/149] 검토자 '오동주' (이메일: kueco93@gmail.com) 등록 시도 중...
2025-09-19 12:27:56,602 - INFO - 검토자 추가 시작: kueco93@gmail.com
2025-09-19 12:27:56,604 - INFO - 이미 콘텐츠 검토 페이지에 있습니다. 바로 이메일 입력을 시도합니다.
2025-09-19 12:27:57,606 - INFO - 이메일 'kueco93@gmail.com' 입력 시도...
2025-09-19 12:27:57,667 - INFO - 이메일 입력 필드를 찾았습니다
2025-09-19 12:27:57,791 - INFO - 이메일 'kueco93@gmail.com' 입력 완료
2025-09-19 12:27:57,835 - INFO - Enter 키로 제출 완료
2025-09-19 12:27:57,835 - INFO - 이메일 'kueco93@gmail.com'이(가) 검토자 목록에 나타날 때까지 대기...
2025-09-19 12:28:01,735 - INFO - 이메일 'kueco93@gmail.com'이(가) 검토자 목록에 표시됨. 3초 후 다음 등록으로 진행.
2025-09-19 12:28:04,736 - INFO - [process_registration] 등록 후 5초 대기...
2025-09-19 12:28:09,738 - INFO - ✅ [83/149] 검토자 '오동주' (이메일: kueco93@gmail.com) 등록 시도 성공 (5초 대기 후)
2025-09-19 12:28:09,741 - INFO - [84/149] 검토자 '윤건' (이메일: kyoon2010@gmail.com) 등록 시도 중...
2025-09-19 12:28:09,746 - INFO - 검토자 추가 시작: kyoon2010@gmail.com
2025-09-19 12:28:09,746 - INFO - 이미 콘텐츠 검토 페이지에 있습니다. 바로 이메일 입력을 시도합니다.
2025-09-19 12:28:10,747 - INFO - 이메일 'kyoon2010@gmail.com' 입력 시도...
2025-09-19 12:28:10,772 - INFO - 이메일 입력 필드를 찾았습니다
2025-09-19 12:28:10,863 - INFO - 이메일 'kyoon2010@gmail.com' 입력 완료
2025-09-19 12:28:10,917 - INFO - Enter 키로 제출 완료
2025-09-19 12:28:10,917 - INFO - 이메일 'kyoon2010@gmail.com'이(가) 검토자 목록에 나타날 때까지 대기...
2025-09-19 12:28:13,730 - INFO - 이메일 'kyoon2010@gmail.com'이(가) 검토자 목록에 표시됨. 3초 후 다음 등록으로 진행.
2025-09-19 12:28:16,732 - INFO - [process_registration] 등록 후 5초 대기...
2025-09-19 12:28:21,736 - INFO - ✅ [84/149] 검토자 '윤건' (이메일: kyoon2010@gmail.com) 등록 시도 성공 (5초 대기 후)
2025-09-19 12:28:21,738 - INFO - [85/149] 검토자 '손기훈' (이메일: landamark72@tukorea.ac.kr) 등록 시도 중...
2025-09-19 12:28:21,738 - INFO - 검토자 추가 시작: landamark72@tukorea.ac.kr
2025-09-19 12:28:21,739 - INFO - 이미 콘텐츠 검토 페이지에 있습니다. 바로 이메일 입력을 시도합니다.
2025-09-19 12:28:22,740 - INFO - 이메일 'landamark72@tukorea.ac.kr' 입력 시도...
2025-09-19 12:28:22,803 - INFO - 이메일 입력 필드를 찾았습니다
2025-09-19 12:28:22,949 - INFO - 이메일 'landamark72@tukorea.ac.kr' 입력 완료
2025-09-19 12:28:23,003 - INFO - Enter 키로 제출 완료
2025-09-19 12:28:23,003 - INFO - 이메일 'landamark72@tukorea.ac.kr'이(가) 검토자 목록에 나타날 때까지 대기...
2025-09-19 12:28:35,853 - WARNING - 이메일 'landamark72@tukorea.ac.kr'이(가) 30초 내에 검토자 목록에 표시되지 않음. 다음 등록으로 진행.
2025-09-19 12:28:35,855 - INFO - [process_registration] 등록 후 5초 대기...
2025-09-19 12:28:40,856 - WARNING - ❌ [85/149] 검토자 '손기훈' (이메일: landamark72@tukorea.ac.kr) 등록 실패
2025-09-19 12:28:40,858 - INFO - [86/149] 검토자 '이병천' (이메일: lbcsultan@gmail.com) 등록 시도 중...
2025-09-19 12:28:40,858 - INFO - 검토자 추가 시작: lbcsultan@gmail.com
2025-09-19 12:28:40,858 - INFO - 이미 콘텐츠 검토 페이지에 있습니다. 바로 이메일 입력을 시도합니다.
2025-09-19 12:28:41,859 - INFO - 이메일 'lbcsultan@gmail.com' 입력 시도...
2025-09-19 12:28:41,914 - INFO - 이메일 입력 필드를 찾았습니다
2025-09-19 12:28:42,101 - INFO - 이메일 'lbcsultan@gmail.com' 입력 완료
2025-09-19 12:28:42,140 - INFO - Enter 키로 제출 완료
2025-09-19 12:28:42,140 - INFO - 이메일 'lbcsultan@gmail.com'이(가) 검토자 목록에 나타날 때까지 대기...
2025-09-19 12:28:46,196 - INFO - 이메일 'lbcsultan@gmail.com'이(가) 검토자 목록에 표시됨. 3초 후 다음 등록으로 진행.
2025-09-19 12:28:49,198 - INFO - [process_registration] 등록 후 5초 대기...
2025-09-19 12:28:54,203 - INFO - ✅ [86/149] 검토자 '이병천' (이메일: lbcsultan@gmail.com) 등록 시도 성공 (5초 대기 후)
2025-09-19 12:28:54,205 - INFO - [87/149] 검토자 '이지공' (이메일: leejigong@gmail.com) 등록 시도 중...
2025-09-19 12:28:54,206 - INFO - 검토자 추가 시작: leejigong@gmail.com
2025-09-19 12:28:54,208 - INFO - 이미 콘텐츠 검토 페이지에 있습니다. 바로 이메일 입력을 시도합니다.
2025-09-19 12:28:55,208 - INFO - 이메일 'leejigong@gmail.com' 입력 시도...
2025-09-19 12:28:55,283 - INFO - 이메일 입력 필드를 찾았습니다
2025-09-19 12:28:55,383 - INFO - 이메일 'leejigong@gmail.com' 입력 완료
2025-09-19 12:28:55,423 - INFO - Enter 키로 제출 완료
2025-09-19 12:28:55,423 - INFO - 이메일 'leejigong@gmail.com'이(가) 검토자 목록에 나타날 때까지 대기...
2025-09-19 12:28:59,917 - INFO - 이메일 'leejigong@gmail.com'이(가) 검토자 목록에 표시됨. 3초 후 다음 등록으로 진행.
2025-09-19 12:29:02,919 - INFO - [process_registration] 등록 후 5초 대기...
2025-09-19 12:29:07,923 - INFO - ✅ [87/149] 검토자 '이지공' (이메일: leejigong@gmail.com) 등록 시도 성공 (5초 대기 후)
2025-09-19 12:29:07,924 - INFO - [88/149] 검토자 '서상민' (이메일: ll302400@gmail.com) 등록 시도 중...
2025-09-19 12:29:07,924 - INFO - 검토자 추가 시작: ll302400@gmail.com
2025-09-19 12:29:07,925 - INFO - 이미 콘텐츠 검토 페이지에 있습니다. 바로 이메일 입력을 시도합니다.
2025-09-19 12:29:08,926 - INFO - 이메일 'll302400@gmail.com' 입력 시도...
2025-09-19 12:29:08,986 - INFO - 이메일 입력 필드를 찾았습니다
2025-09-19 12:29:09,145 - INFO - 이메일 'll302400@gmail.com' 입력 완료
2025-09-19 12:29:09,203 - INFO - Enter 키로 제출 완료
2025-09-19 12:29:09,212 - INFO - 이메일 'll302400@gmail.com'이(가) 검토자 목록에 나타날 때까지 대기...
2025-09-19 12:29:14,648 - INFO - 이메일 'll302400@gmail.com'이(가) 검토자 목록에 표시됨. 3초 후 다음 등록으로 진행.
2025-09-19 12:29:17,648 - INFO - [process_registration] 등록 후 5초 대기...
2025-09-19 12:29:22,651 - INFO - ✅ [88/149] 검토자 '서상민' (이메일: ll302400@gmail.com) 등록 시도 성공 (5초 대기 후)
2025-09-19 12:29:22,652 - INFO - [89/149] 검토자 '이명영' (이메일: lmy6206@gmail.com) 등록 시도 중...
2025-09-19 12:29:22,652 - INFO - 검토자 추가 시작: lmy6206@gmail.com
2025-09-19 12:29:22,653 - INFO - 이미 콘텐츠 검토 페이지에 있습니다. 바로 이메일 입력을 시도합니다.
2025-09-19 12:29:23,654 - INFO - 이메일 'lmy6206@gmail.com' 입력 시도...
2025-09-19 12:29:23,724 - INFO - 이메일 입력 필드를 찾았습니다
2025-09-19 12:29:23,872 - INFO - 이메일 'lmy6206@gmail.com' 입력 완료
2025-09-19 12:29:23,927 - INFO - Enter 키로 제출 완료
2025-09-19 12:29:23,929 - INFO - 이메일 'lmy6206@gmail.com'이(가) 검토자 목록에 나타날 때까지 대기...
2025-09-19 12:29:28,038 - INFO - 이메일 'lmy6206@gmail.com'이(가) 검토자 목록에 표시됨. 3초 후 다음 등록으로 진행.
2025-09-19 12:29:31,054 - INFO - [process_registration] 등록 후 5초 대기...
2025-09-19 12:29:36,055 - INFO - ✅ [89/149] 검토자 '이명영' (이메일: lmy6206@gmail.com) 등록 시도 성공 (5초 대기 후)
2025-09-19 12:29:36,058 - INFO - [90/149] 검토자 '오동욱' (이메일: loeoh9196@gmail.com) 등록 시도 중...
2025-09-19 12:29:36,058 - INFO - 검토자 추가 시작: loeoh9196@gmail.com
2025-09-19 12:29:36,059 - INFO - 이미 콘텐츠 검토 페이지에 있습니다. 바로 이메일 입력을 시도합니다.
2025-09-19 12:29:37,060 - INFO - 이메일 'loeoh9196@gmail.com' 입력 시도...
2025-09-19 12:29:37,090 - INFO - 이메일 입력 필드를 찾았습니다
2025-09-19 12:29:37,178 - INFO - 이메일 'loeoh9196@gmail.com' 입력 완료
2025-09-19 12:29:37,218 - INFO - Enter 키로 제출 완료
2025-09-19 12:29:37,219 - INFO - 이메일 'loeoh9196@gmail.com'이(가) 검토자 목록에 나타날 때까지 대기...
2025-09-19 12:29:41,653 - INFO - 이메일 'loeoh9196@gmail.com'이(가) 검토자 목록에 표시됨. 3초 후 다음 등록으로 진행.
2025-09-19 12:29:44,654 - INFO - [process_registration] 등록 후 5초 대기...
2025-09-19 12:29:49,657 - INFO - ✅ [90/149] 검토자 '오동욱' (이메일: loeoh9196@gmail.com) 등록 시도 성공 (5초 대기 후)
2025-09-19 12:29:49,659 - INFO - [91/149] 검토자 '김규완' (이메일: lpnids@gmail.com) 등록 시도 중...
2025-09-19 12:29:49,662 - INFO - 검토자 추가 시작: lpnids@gmail.com
2025-09-19 12:29:49,662 - INFO - 이미 콘텐츠 검토 페이지에 있습니다. 바로 이메일 입력을 시도합니다.
2025-09-19 12:29:50,663 - INFO - 이메일 'lpnids@gmail.com' 입력 시도...
2025-09-19 12:29:50,703 - INFO - 이메일 입력 필드를 찾았습니다
2025-09-19 12:29:50,802 - INFO - 이메일 'lpnids@gmail.com' 입력 완료
2025-09-19 12:29:50,854 - INFO - Enter 키로 제출 완료
2025-09-19 12:29:50,855 - INFO - 이메일 'lpnids@gmail.com'이(가) 검토자 목록에 나타날 때까지 대기...
2025-09-19 12:29:53,963 - INFO - 이메일 'lpnids@gmail.com'이(가) 검토자 목록에 표시됨. 3초 후 다음 등록으로 진행.
2025-09-19 12:29:56,981 - INFO - [process_registration] 등록 후 5초 대기...
