2025-09-16 10:41:31,516 - INFO - 전자책 검토자 자동 등록 시스템 시작
2025-09-16 10:41:37,969 - INFO - 엑셀 파일 읽기 성공: C:/Users/taejin/Downloads/전자책견본처리현황_2025-06-16 ~ 2025-09-16.xls
2025-09-16 10:41:37,970 - INFO - 총 3개의 행이 발견됨
2025-09-16 10:41:37,970 - INFO - 엑셀 파일 컬럼: ['접수일', '발송유형', '발송자', '이름', '이메일', '지메일', '휴대전화', '소속학교', '도서코드', '도서명', '처리일', '열람기한', '강의대학', '강의학과', '강의명']
2025-09-16 10:41:37,973 - INFO - 유효한 데이터: 3개 행
2025-09-16 10:41:37,975 - INFO - 검토자 데이터 샘플:
 이름  도서코드                        지메일
정정윤 40021       jcheongyun@gmail.com
김민호  4508          bamnabi@gmail.com
이두원  4449 ectechlaboratory@gmail.com
2025-09-16 10:41:37,975 - INFO - 구글 스프레드시트에서 도서 정보 데이터베이스를 구축합니다...
2025-09-16 10:41:37,975 - INFO - Google 스프레드시트 URL에서 도서 정보 데이터베이스 읽기 시도: https://docs.google.com/spreadsheets/d/18uXAoTIz07WEBzFgCYC5asaOUkLujYgQtezDsmPWiGY/export?format=csv&gid=0
2025-09-16 10:41:39,570 - INFO - 스프레드시트 컬럼: ['code', 'title', 'ISBN', 'eISBN', 'publisher', 'g_title', 's_isbn']
2025-09-16 10:41:39,636 - INFO - 도서 정보 데이터베이스 구축 완료: 총 0개의 도서 정보 로드
2025-09-16 10:41:39,637 - INFO - 검토자 정보와 도서 데이터베이스 정보를 매핑합니다...
2025-09-16 10:41:39,638 - INFO - 
===== 검토자 정보 =====
2025-09-16 10:41:39,638 - INFO - [1] 도서코드: 40021, 이름: 정정윤, 이메일: jcheongyun@gmail.com
2025-09-16 10:41:39,639 - INFO - [2] 도서코드: 4508, 이름: 김민호, 이메일: bamnabi@gmail.com
2025-09-16 10:41:39,639 - INFO - [3] 도서코드: 4449, 이름: 이두원, 이메일: ectechlaboratory@gmail.com
2025-09-16 10:41:39,639 - INFO - =====================

2025-09-16 10:41:51,060 - INFO - 도서 데이터베이스 로드 시작...
2025-09-16 10:41:51,064 - INFO - 구글 스프레드시트에서 도서 데이터베이스 로드 중: https://docs.google.com/spreadsheets/d/18uXAoTIz07WEBzFgCYC5asaOUkLujYgQtezDsmPWiGY/export?format=csv&gid=0
2025-09-16 10:41:52,607 - INFO - 스프레드시트 로드 성공: 3925행 발견
2025-09-16 10:41:52,609 - INFO - 컬럼명 변환 결과: ['도서코드', '도서명', 'ISBN', 'eISBN', '출판사', 'g_title', 's_isbn']
2025-09-16 10:41:52,609 - WARNING - 스프레드시트 컬럼 개수(7)와 기대값(6)이 다릅니다. 실제 컬럼명: ['도서코드', '도서명', 'ISBN', 'eISBN', '출판사', 'g_title', 's_isbn']
2025-09-16 10:41:52,708 - INFO - 도서 데이터베이스 로드 완료: 3925개 도서
2025-09-16 10:41:52,708 - INFO - 출판사별 도서 수: {'í\x95\x9cë¹\x9bì\x95\x84ì¹´ë\x8d°ë¯¸': 849, 'í\x95\x9cë¹\x9bë¯¸ë\x94\x94ì\x96´': 3076}
2025-09-16 10:41:52,711 - INFO - 웹 드라이버 설정 시작...
2025-09-16 10:41:52,714 - INFO - Chrome 드라이버 설정 시작...
2025-09-16 10:41:52,714 - INFO - config.py에서 크롬 브라우저 경로 사용: C:\Program Files\Google\Chrome\Application\chrome.exe
2025-09-16 10:41:52,714 - INFO - ChromeDriverManager를 사용하여 드라이버 다운로드 중...
2025-09-16 10:41:52,714 - INFO - ====== WebDriver manager ======
2025-09-16 10:41:53,467 - INFO - Get LATEST chromedriver version for google-chrome
2025-09-16 10:41:53,691 - INFO - Get LATEST chromedriver version for google-chrome
2025-09-16 10:41:53,899 - INFO - Driver [C:\Users\taejin\.wdm\drivers\chromedriver\win64\140.0.7339.82\chromedriver-win32/chromedriver.exe] found in cache
2025-09-16 10:41:53,901 - INFO - 크롬 드라이버 다운로드 성공: C:\Users\taejin\.wdm\drivers\chromedriver\win64\140.0.7339.82\chromedriver-win32/chromedriver.exe
2025-09-16 10:41:55,088 - INFO - 자동화 감지 방지 스크립트 실행 완료
2025-09-16 10:41:55,088 - INFO - Chrome 드라이버 설정 완료
2025-09-16 10:41:55,088 - INFO - Google 로그인 시도...
2025-09-16 10:41:55,090 - INFO - Google Play Books 파트너스 센터로 이동: https://play.google.com/books/publish/u/0/?hl=ko
2025-09-16 10:41:59,594 - INFO - 현재 URL: https://accounts.google.com/v3/signin/identifier?continue=https%3A%2F%2Fplay.google.com%2Fbooks%2Fpublish%2Fredirect&followup=https%3A%2F%2Fplay.google.com%2Fbooks%2Fpublish%2Fredirect&ifkv=AfYwgwU2ARSX_XpibtWO9IzI03bzFFdTu6Oun8z05WMJ9r5tz4w5cgRb9j94SVoQUzNdCI-kCNZeHQ&passive=1209600&service=printpublisher&flowName=GlifWebSignIn&flowEntry=ServiceLogin&dsh=S-1476070060%3A1757986921546534
2025-09-16 10:41:59,594 - INFO - ============================================================
2025-09-16 10:41:59,594 - INFO - 🔐 Google Play Books 파트너스 센터 로그인이 필요합니다.
2025-09-16 10:41:59,594 - INFO - 📌 브라우저 창에서 다음 단계를 진행해주세요:
2025-09-16 10:41:59,594 - INFO -    1. Google 계정으로 로그인
2025-09-16 10:41:59,594 - INFO -    2. 2단계 인증 완료 (필요한 경우)
2025-09-16 10:41:59,594 - INFO -    3. Google Play Books 파트너스 센터 대시보드가 표시될 때까지 대기
2025-09-16 10:41:59,594 - INFO - ============================================================
2025-09-16 10:42:21,189 - ERROR - ❌ 사용자가 로그인 완료를 확인하지 않았습니다.
2025-09-16 10:42:21,190 - ERROR - Google 로그인 실패 - 인터넷 연결과 계정 정보를 확인하세요
2025-09-16 10:42:21,190 - ERROR - 등록 프로세스 실패: Google 로그인 실패 - 인터넷 연결과 계정 정보를 확인하세요
2025-09-16 10:42:54,598 - INFO - 웹 드라이버 설정 시작...
2025-09-16 10:42:54,601 - INFO - Chrome 드라이버 설정 시작...
2025-09-16 10:42:54,602 - INFO - config.py에서 크롬 브라우저 경로 사용: C:\Program Files\Google\Chrome\Application\chrome.exe
2025-09-16 10:42:54,602 - INFO - ChromeDriverManager를 사용하여 드라이버 다운로드 중...
2025-09-16 10:42:54,602 - INFO - ====== WebDriver manager ======
2025-09-16 10:42:55,180 - INFO - Get LATEST chromedriver version for google-chrome
2025-09-16 10:42:55,394 - INFO - Get LATEST chromedriver version for google-chrome
2025-09-16 10:42:55,625 - INFO - Driver [C:\Users\taejin\.wdm\drivers\chromedriver\win64\140.0.7339.82\chromedriver-win32/chromedriver.exe] found in cache
2025-09-16 10:42:55,626 - INFO - 크롬 드라이버 다운로드 성공: C:\Users\taejin\.wdm\drivers\chromedriver\win64\140.0.7339.82\chromedriver-win32/chromedriver.exe
2025-09-16 10:42:56,657 - INFO - 자동화 감지 방지 스크립트 실행 완료
2025-09-16 10:42:56,657 - INFO - Chrome 드라이버 설정 완료
2025-09-16 10:42:56,658 - INFO - Google 로그인 시도...
2025-09-16 10:42:56,660 - INFO - Google Play Books 파트너스 센터로 이동: https://play.google.com/books/publish/u/0/?hl=ko
2025-09-16 10:43:00,420 - INFO - 현재 URL: https://accounts.google.com/v3/signin/identifier?continue=https%3A%2F%2Fplay.google.com%2Fbooks%2Fpublish%2Fredirect&followup=https%3A%2F%2Fplay.google.com%2Fbooks%2Fpublish%2Fredirect&ifkv=AfYwgwXxGes9bnYxHqGIbMbb-ne2j_90T6RPmNTHpA8a4gYl9_iIFnc3_VrSlLGwSXpGlR9v0BDyuQ&passive=1209600&service=printpublisher&flowName=GlifWebSignIn&flowEntry=ServiceLogin&dsh=S472872999%3A1757986981691541
2025-09-16 10:43:00,420 - INFO - ============================================================
2025-09-16 10:43:00,421 - INFO - 🔐 Google Play Books 파트너스 센터 로그인이 필요합니다.
2025-09-16 10:43:00,421 - INFO - 📌 브라우저 창에서 다음 단계를 진행해주세요:
2025-09-16 10:43:00,421 - INFO -    1. Google 계정으로 로그인
2025-09-16 10:43:00,421 - INFO -    2. 2단계 인증 완료 (필요한 경우)
2025-09-16 10:43:00,421 - INFO -    3. Google Play Books 파트너스 센터 대시보드가 표시될 때까지 대기
2025-09-16 10:43:00,421 - INFO - ============================================================
2025-09-16 10:43:20,943 - INFO - ✅ 사용자가 로그인 완료를 확인했습니다.
2025-09-16 10:43:20,943 - INFO - 처리 중 (1/3): 정정윤 - [eBook] IT CookBook, Android Studio를 활용한 안드로이드 프로그래밍(9판) - jcheongyun@gmail.com
2025-09-16 10:43:20,944 - INFO -   도서코드: 40021, ISBN: 9791156640219, 출판사: íë¹ìì¹´ë°ë¯¸
2025-09-16 10:43:20,946 - INFO - 도서 검색 시작 - 도서코드: 40021
2025-09-16 10:43:20,947 - INFO - 도서 정보 - 제목: êµì¬)Android Studioë¥¼ íì©í ìëë¡ì´ë íë¡ê·¸ëë°(9í) : Android 14.0(U) ì§ì, ISBN: 9791156640219, eISBN: 9791156640776, 출판사: íë¹ìì¹´ë°ë¯¸
2025-09-16 10:43:20,947 - INFO - 도서 목록 페이지로 직접 이동: https://play.google.com/books/publish/a/535699340789858766#list?sortby=last_updated&sortdir=desc
2025-09-16 10:43:23,955 - INFO - 도서 목록 페이지 로드 완료
2025-09-16 10:43:25,967 - INFO - 페이지 요소 로드 대기 완료
2025-09-16 10:43:25,969 - INFO - 출판사 선택 드롭다운 클릭 시도... (대상 출판사: íë¹ìì¹´ë°ë¯¸)
2025-09-16 10:43:26,078 - INFO - 출판사 선택 드롭다운 열기 성공
2025-09-16 10:43:28,079 - WARNING - 알 수 없는 출판사: íë¹ìì¹´ë°ë¯¸. 한빛아카데미로 기본 설정
2025-09-16 10:43:28,080 - INFO - 선택할 출판사: 한빛아카데미
2025-09-16 10:43:31,132 - INFO - 한빛아카데미 출판사 선택 성공
2025-09-16 10:43:33,133 - INFO - 검색창에 도서명 'Android Studioë¥¼ íì©í ìëë¡ì´ë íë¡ê·¸ëë°(9í) : Android 14.0(U) ì§ì' 입력 시도...
2025-09-16 10:43:39,508 - INFO - 도서명 검색 입력 완료
2025-09-16 10:43:39,508 - INFO - 검색 결과 중 첫 번째 도서 클릭 시도...
