2025-09-15 15:33:17,165 - INFO - 전자책 검토자 자동 등록 시스템 시작
2025-09-15 15:33:20,806 - INFO - 엑셀 파일 읽기 성공: C:/Users/taejin/Downloads/전자책견본처리현황_2025-06-15 ~ 2025-09-15.xls
2025-09-15 15:33:20,806 - INFO - 총 4개의 행이 발견됨
2025-09-15 15:33:20,806 - INFO - 엑셀 파일 컬럼: ['접수일', '발송유형', '발송자', '이름', '이메일', '지메일', '휴대전화', '소속학교', '도서코드', '도서명', '처리일', '열람기한', '강의대학', '강의학과', '강의명']
2025-09-15 15:33:20,808 - INFO - I열(도서코드) 컬럼명: '도서코드'
2025-09-15 15:33:20,811 - INFO - 도서코드 컬럼 '도서코드' 포함하여 데이터 처리 완료
2025-09-15 15:33:20,811 - INFO - 유효한 데이터: 4개 행
2025-09-15 15:33:20,813 - INFO - 데이터 샘플:
 이름                                도서명                지메일  도서코드
김태진      [eBook] 혼자 공부하는 머신러닝+딥러닝(개정판)   kxowls@gmail.com 11360
문남미 [eBook] IT CookBook, 생성형 AI 활용과 실습 nammee01@gmail.com 41029
문남미         [eBook] IT Cookbook, 강화 학습 nammee01@gmail.com 41007
2025-09-15 15:33:23,831 - INFO - 도서 데이터베이스 로드 시작...
2025-09-15 15:33:23,833 - INFO - 구글 스프레드시트에서 도서 데이터베이스 로드 중...
2025-09-15 15:33:25,243 - INFO - 도서 데이터베이스 컬럼: ['도서코드', '도서명', 'ISBN', '출판사']
2025-09-15 15:33:25,319 - INFO - 도서 데이터베이스 로드 완료: 3925개 도서
2025-09-15 15:33:25,320 - INFO - 출판사별 도서 수: {'한빛아카데미': 849, '한빛미디어': 3076}
2025-09-15 15:33:25,320 - INFO - 웹 드라이버 설정 시작...
2025-09-15 15:33:25,322 - INFO - Chrome 드라이버 설정 시작...
2025-09-15 15:33:25,322 - INFO - config.py에서 크롬 브라우저 경로 사용: C:\Program Files\Google\Chrome\Application\chrome.exe
2025-09-15 15:33:25,322 - INFO - ChromeDriverManager를 사용하여 드라이버 다운로드 중...
2025-09-15 15:33:25,322 - INFO - ====== WebDriver manager ======
2025-09-15 15:33:25,931 - INFO - Get LATEST chromedriver version for google-chrome
2025-09-15 15:33:26,207 - INFO - Get LATEST chromedriver version for google-chrome
2025-09-15 15:33:26,449 - INFO - Driver [C:\Users\taejin\.wdm\drivers\chromedriver\win64\140.0.7339.82\chromedriver-win32/chromedriver.exe] found in cache
2025-09-15 15:33:26,449 - INFO - 크롬 드라이버 다운로드 성공: C:\Users\taejin\.wdm\drivers\chromedriver\win64\140.0.7339.82\chromedriver-win32/chromedriver.exe
2025-09-15 15:33:27,665 - INFO - 자동화 감지 방지 스크립트 실행 완료
2025-09-15 15:33:27,665 - INFO - Chrome 드라이버 설정 완료
2025-09-15 15:33:27,665 - INFO - Google 로그인 시도...
2025-09-15 15:33:27,668 - INFO - Google Play Books 파트너스 센터로 이동: https://play.google.com/books/publish/u/0/?hl=ko
2025-09-15 15:33:31,793 - INFO - 현재 URL: https://accounts.google.com/v3/signin/identifier?continue=https%3A%2F%2Fplay.google.com%2Fbooks%2Fpublish%2Fredirect&followup=https%3A%2F%2Fplay.google.com%2Fbooks%2Fpublish%2Fredirect&ifkv=AfYwgwUnMbaKCiiTwpIYLV3rT2rkYhiXEJ63wEehn1lTJ-onNQsBw3Jsfs1iRiqReVSc5sZGX7go&passive=1209600&service=printpublisher&flowName=GlifWebSignIn&flowEntry=ServiceLogin&dsh=S2032512451%3A1757918010040452
2025-09-15 15:33:31,793 - INFO - ============================================================
2025-09-15 15:33:31,793 - INFO - 🔐 Google Play Books 파트너스 센터 로그인이 필요합니다.
2025-09-15 15:33:31,793 - INFO - 📌 브라우저 창에서 다음 단계를 진행해주세요:
2025-09-15 15:33:31,794 - INFO -    1. Google 계정으로 로그인
2025-09-15 15:33:31,794 - INFO -    2. 2단계 인증 완료 (필요한 경우)
2025-09-15 15:33:31,794 - INFO -    3. Google Play Books 파트너스 센터 대시보드가 표시될 때까지 대기
2025-09-15 15:33:31,794 - INFO - ============================================================
2025-09-15 15:33:31,797 - INFO - ⏰ 로그인 대기 중... (남은 시간: 300초)
2025-09-15 15:34:08,466 - INFO - ✅ Google Play Books 파트너스 센터 로그인 완료!
2025-09-15 15:34:08,467 - INFO - 처리 중 (1/4): 김태진 - [eBook] 혼자 공부하는 머신러닝+딥러닝(개정판) - kxowls@gmail.com
2025-09-15 15:34:08,467 - INFO -   도서코드: 11360, ISBN: 9791169213608, 출판사: 한빛미디어
2025-09-15 15:34:08,470 - INFO - 도서 검색 시작 - 도서코드: 11360
2025-09-15 15:34:08,470 - INFO - 도서 정보 - 제목: 혼자 공부하는 머신러닝+딥러닝(개정판), ISBN: 9791169213608, 출판사: 한빛미디어
2025-09-15 15:34:08,470 - INFO - 도서 목록 페이지로 직접 이동: https://play.google.com/books/publish/a/535699340789858766#list?sortby=last_updated&sortdir=desc
2025-09-15 15:34:11,480 - INFO - 도서 목록 페이지 로드 완료
2025-09-15 15:34:13,489 - INFO - 페이지 요소 로드 대기 완료
2025-09-15 15:34:13,491 - INFO - 출판사 선택 드롭다운 클릭 시도... (대상 출판사: 한빛미디어)
2025-09-15 15:34:13,630 - INFO - 출판사 선택 드롭다운 열기 성공
2025-09-15 15:34:15,631 - INFO - 선택할 출판사: 한빛미디어
2025-09-15 15:34:15,697 - INFO - 한빛미디어 출판사 선택 성공
2025-09-15 15:34:17,697 - INFO - 검색창에 ISBN '9791169213608' 입력 시도...
2025-09-15 15:34:23,919 - INFO - ISBN 검색 입력 완료
2025-09-15 15:34:23,919 - INFO - 검색 결과 중 첫 번째 도서 클릭 시도...
2025-09-15 15:36:26,545 - WARNING - 기본 셀렉터로 도서를 찾지 못함. 페이지 분석 시도...
2025-09-15 15:36:26,583 - INFO - 클릭 가능한 요소 수: 33
2025-09-15 15:36:26,632 - ERROR - 검색 결과에서 첫 번째 도서를 찾을 수 없습니다
2025-09-15 15:36:26,632 - WARNING - 행 1: 도서 검색 실패 - 도서코드 11360
2025-09-15 15:36:26,632 - INFO - 처리 중 (2/4): 문남미 - [eBook] IT CookBook, 생성형 AI 활용과 실습 - nammee01@gmail.com
2025-09-15 15:36:26,633 - INFO -   도서코드: 41029, ISBN: 9791173400292, 출판사: 한빛아카데미
2025-09-15 15:36:26,635 - INFO - 도서 검색 시작 - 도서코드: 41029
2025-09-15 15:36:26,635 - INFO - 도서 정보 - 제목: 교재)생성형 AI 활용과 실습, ISBN: 9791173400292, 출판사: 한빛아카데미
2025-09-15 15:36:26,635 - INFO - 도서 목록 페이지로 직접 이동: https://play.google.com/books/publish/a/535699340789858766#list?sortby=last_updated&sortdir=desc
2025-09-15 15:36:29,656 - INFO - 도서 목록 페이지 로드 완료
2025-09-15 15:36:31,678 - INFO - 페이지 요소 로드 대기 완료
2025-09-15 15:36:31,679 - INFO - 출판사 선택 드롭다운 클릭 시도... (대상 출판사: 한빛아카데미)
2025-09-15 15:36:31,760 - INFO - 출판사 선택 드롭다운 열기 성공
2025-09-15 15:36:33,761 - INFO - 선택할 출판사: 한빛아카데미
2025-09-15 15:36:37,227 - INFO - 한빛아카데미 출판사 선택 성공
2025-09-15 15:36:39,228 - INFO - 검색창에 ISBN '9791173400292' 입력 시도...
2025-09-15 15:36:45,424 - INFO - ISBN 검색 입력 완료
2025-09-15 15:36:45,425 - INFO - 검색 결과 중 첫 번째 도서 클릭 시도...
2025-09-15 15:38:47,539 - WARNING - 기본 셀렉터로 도서를 찾지 못함. 페이지 분석 시도...
2025-09-15 15:38:47,550 - INFO - 클릭 가능한 요소 수: 30
2025-09-15 15:38:47,598 - ERROR - 검색 결과에서 첫 번째 도서를 찾을 수 없습니다
2025-09-15 15:38:47,599 - WARNING - 행 2: 도서 검색 실패 - 도서코드 41029
2025-09-15 15:38:47,599 - INFO - 처리 중 (3/4): 문남미 - [eBook] IT Cookbook, 강화 학습 - nammee01@gmail.com
2025-09-15 15:38:47,599 - INFO -   도서코드: 41007, ISBN: 9791173400070, 출판사: 한빛아카데미
2025-09-15 15:38:47,602 - INFO - 도서 검색 시작 - 도서코드: 41007
2025-09-15 15:38:47,602 - INFO - 도서 정보 - 제목: 교재)강화 학습, ISBN: 9791173400070, 출판사: 한빛아카데미
2025-09-15 15:38:47,602 - INFO - 도서 목록 페이지로 직접 이동: https://play.google.com/books/publish/a/535699340789858766#list?sortby=last_updated&sortdir=desc
2025-09-15 15:38:53,721 - INFO - 도서 목록 페이지 로드 완료
2025-09-15 15:38:55,733 - INFO - 페이지 요소 로드 대기 완료
2025-09-15 15:38:55,734 - INFO - 출판사 선택 드롭다운 클릭 시도... (대상 출판사: 한빛아카데미)
2025-09-15 15:38:55,812 - INFO - 출판사 선택 드롭다운 열기 성공
2025-09-15 15:38:57,813 - INFO - 선택할 출판사: 한빛아카데미
2025-09-15 15:39:58,722 - WARNING - 한빛아카데미 옵션을 찾을 수 없습니다. 기본값으로 진행...
2025-09-15 15:39:59,762 - INFO - 검색창에 ISBN '9791173400070' 입력 시도...
2025-09-15 15:40:05,994 - INFO - ISBN 검색 입력 완료
2025-09-15 15:40:05,994 - INFO - 검색 결과 중 첫 번째 도서 클릭 시도...
2025-09-15 15:42:08,480 - WARNING - 기본 셀렉터로 도서를 찾지 못함. 페이지 분석 시도...
2025-09-15 15:42:08,492 - INFO - 클릭 가능한 요소 수: 33
2025-09-15 15:42:08,554 - ERROR - 검색 결과에서 첫 번째 도서를 찾을 수 없습니다
2025-09-15 15:42:08,554 - WARNING - 행 3: 도서 검색 실패 - 도서코드 41007
2025-09-15 15:42:08,554 - INFO - 처리 중 (4/4): 이두원 - [eBook] IT Cookbook, 처음 만나는 전자회로 - ectechlaboratory@gmail.com
2025-09-15 15:42:08,554 - INFO -   도서코드: 4449, ISBN: 9791156644491, 출판사: 한빛아카데미
2025-09-15 15:42:08,558 - INFO - 도서 검색 시작 - 도서코드: 4449
2025-09-15 15:42:08,559 - INFO - 도서 정보 - 제목: 교재375)처음 만나는 전자회로, ISBN: 9791156644491, 출판사: 한빛아카데미
2025-09-15 15:42:08,559 - INFO - 도서 목록 페이지로 직접 이동: https://play.google.com/books/publish/a/535699340789858766#list?sortby=last_updated&sortdir=desc
2025-09-15 15:42:11,567 - INFO - 도서 목록 페이지 로드 완료
2025-09-15 15:42:13,590 - INFO - 페이지 요소 로드 대기 완료
2025-09-15 15:42:13,591 - INFO - 출판사 선택 드롭다운 클릭 시도... (대상 출판사: 한빛아카데미)
2025-09-15 15:42:13,661 - INFO - 출판사 선택 드롭다운 열기 성공
2025-09-15 15:42:15,662 - INFO - 선택할 출판사: 한빛아카데미
2025-09-15 15:43:17,042 - WARNING - 한빛아카데미 옵션을 찾을 수 없습니다. 기본값으로 진행...
2025-09-15 15:43:17,048 - WARNING - 출판사 선택 실패: Message: stale element reference: stale element not found
  (Session info: chrome=140.0.7339.128); For documentation on this error, please visit: https://www.selenium.dev/documentation/webdriver/troubleshooting/errors#staleelementreferenceexception
Stacktrace:
	GetHandleVerifier [0x0xdfd2a3+66419]
	GetHandleVerifier [0x0xdfd2e4+66484]
	(No symbol) [0x0xbd4bd3]
	(No symbol) [0x0xbe6b91]
	(No symbol) [0x0xbe5c70]
	(No symbol) [0x0xbdc092]
	(No symbol) [0x0xbda588]
	(No symbol) [0x0xbdd974]
	(No symbol) [0x0xbdda08]
	(No symbol) [0x0xc1f63a]
	(No symbol) [0x0xc1f6d1]
	(No symbol) [0x0xc16f0b]
	(No symbol) [0x0xc4101c]
	(No symbol) [0x0xc13e24]
	(No symbol) [0x0xc411d4]
	(No symbol) [0x0xc628a1]
	(No symbol) [0x0xc40e16]
	(No symbol) [0x0xc125ce]
	(No symbol) [0x0xc134a4]
	GetHandleVerifier [0x0x1045ee3+2461619]
	GetHandleVerifier [0x0x1040f66+2441270]
	GetHandleVerifier [0x0xe26242+234258]
	GetHandleVerifier [0x0xe16208+168664]
	GetHandleVerifier [0x0xe1d1ad+197245]
	GetHandleVerifier [0x0xe055f8+100040]
	GetHandleVerifier [0x0xe05792+100450]
	GetHandleVerifier [0x0xdef74a+10266]
	timeGetTime [0x0x76558708+728232]
	timeGetTime [0x0x764ae81c+32188]
	fltused [0x0x7700fc4c+525064]
	fltused [0x0x7700fba8+524900]
	fltused [0x0x770e968c+1416520]
. 기본값으로 진행...
2025-09-15 15:43:17,050 - INFO - 검색창에 ISBN '9791156644491' 입력 시도...
2025-09-15 15:43:32,374 - ERROR - 검색창을 찾을 수 없습니다
2025-09-15 15:43:32,374 - WARNING - 행 4: 도서 검색 실패 - 도서코드 4449
2025-09-15 15:43:32,374 - INFO - 등록 완료 - 성공: 0, 실패: 4
