2025-09-14 10:12:21,529 - INFO - 전자책 검토자 자동 등록 시스템 시작
2025-09-14 10:12:24,789 - INFO - 엑셀 파일 읽기 성공: C:/Users/taejin/Downloads/전자책견본처리현황_2025-06-14 ~ 2025-09-14.xls
2025-09-14 10:12:24,789 - INFO - 총 4개의 행이 발견됨
2025-09-14 10:12:24,790 - INFO - 유효한 데이터: 4개 행
2025-09-14 10:12:45,493 - INFO - 웹 드라이버 설정 시작...
2025-09-14 10:12:45,498 - INFO - 크롬 드라이버 사용: C:\Users\taejin\Desktop\OneDrive\1_코드\01_전자책검토자등록\drivers\chromedriver.exe
2025-09-14 10:12:48,756 - ERROR - 드라이버 설정 실패: Message: unknown error: cannot find Chrome binary
Stacktrace:
Backtrace:
	GetHandleVerifier [0x00DFA813+48355]
	(No symbol) [0x00D8C4B1]
	(No symbol) [0x00C95358]
	(No symbol) [0x00CB1A9E]
	(No symbol) [0x00CB0579]
	(No symbol) [0x00CE0C55]
	(No symbol) [0x00CE093C]
	(No symbol) [0x00CDA536]
	(No symbol) [0x00CB82DC]
	(No symbol) [0x00CB93DD]
	GetHandleVerifier [0x0105AABD+2539405]
	GetHandleVerifier [0x0109A78F+2800735]
	GetHandleVerifier [0x0109456C+2775612]
	GetHandleVerifier [0x00E851E0+616112]
	(No symbol) [0x00D95F8C]
	(No symbol) [0x00D92328]
	(No symbol) [0x00D9240B]
	(No symbol) [0x00D84FF7]
	timeGetTime [0x76558708+728232]
	timeGetTime [0x764AE81C+32188]
	fltused [0x7700FC4C+525064]
	fltused [0x7700FBA8+524900]
	fltused [0x770E968C+1416520]

2025-09-14 10:12:48,760 - ERROR - 드라이버 설정 실패 - 크롬 브라우저가 설치되어 있고 최신 버전인지 확인하세요.
config.py 파일에서 CHROME_DRIVER_PATH를 직접 지정해보세요.
2025-09-14 10:12:48,763 - ERROR - 등록 프로세스 실패: 드라이버 설정 실패 - 크롬 브라우저가 설치되어 있고 최신 버전인지 확인하세요.
config.py 파일에서 CHROME_DRIVER_PATH를 직접 지정해보세요.
