2025-09-19 11:17:23,703 - INFO - 전자책 검토자 자동 등록 시스템 시작
2025-09-19 11:17:27,173 - INFO - 엑셀 파일 읽기 성공: C:/Users/taejin/Downloads/신규회원 홍보 전자책.xlsx
2025-09-19 11:17:27,173 - INFO - 총 149개의 행이 발견됨
2025-09-19 11:17:27,173 - INFO - 엑셀 파일 컬럼: ['접수일', '발송유형', '발송자', '이름', '이메일', '지메일', '휴대전화', '소속학교', '도서코드', '도서명', '처리일', '열람기한', '강의대학', '강의학과', '강의명']
2025-09-19 11:17:27,175 - INFO - 유효한 데이터: 149개 행
2025-09-19 11:17:27,177 - INFO - 검토자 데이터 샘플:
 이름  도서코드                    지메일
이설아 41029   1026seolah@gmail.com
최홍인 41029 12200716@dankook.ac.kr
박정우 41029     215wjddn@gmail.com
2025-09-19 11:17:27,177 - INFO - 구글 스프레드시트에서 도서 정보 데이터베이스를 구축합니다...
2025-09-19 11:17:27,177 - INFO - Google 스프레드시트 URL에서 도서 정보 데이터베이스 읽기 시도: https://docs.google.com/spreadsheets/d/18uXAoTIz07WEBzFgCYC5asaOUkLujYgQtezDsmPWiGY/export?format=csv&gid=0
2025-09-19 11:17:29,153 - INFO - 스프레드시트 데이터를 UTF-8로 디코딩했습니다.
2025-09-19 11:17:29,179 - INFO - 스프레드시트 컬럼: ['code', 'title', 'ISBN', 'eISBN', 'publisher', 'g_title', 's_isbn']
2025-09-19 11:17:29,250 - INFO - 도서 정보 데이터베이스 구축 완료: 총 0개의 도서 정보 로드
2025-09-19 11:17:29,252 - INFO - 검토자 정보와 도서 데이터베이스 정보를 매핑합니다...
2025-09-19 11:17:29,254 - INFO - 
===== 검토자 정보 =====
2025-09-19 11:17:29,255 - INFO - [1] 도서코드: 41029, 이름: 이설아, 이메일: 1026seolah@gmail.com
2025-09-19 11:17:29,255 - INFO - [2] 도서코드: 41029, 이름: 최홍인, 이메일: 12200716@dankook.ac.kr
2025-09-19 11:17:29,255 - INFO - [3] 도서코드: 41029, 이름: 박정우, 이메일: 215wjddn@gmail.com
2025-09-19 11:17:29,255 - INFO - [4] 도서코드: 41029, 이름: 이수연, 이메일: 500pelle@gmail.com
2025-09-19 11:17:29,255 - INFO - [5] 도서코드: 41029, 이름: 오아름, 이메일: ahreum@gwnu.ac.kr
2025-09-19 11:17:29,256 - INFO - ... 외 144건
2025-09-19 11:17:29,256 - INFO - =====================

2025-09-19 11:17:32,332 - INFO - 도서 데이터베이스 로드 시작...
2025-09-19 11:17:32,336 - INFO - 구글 스프레드시트에서 도서 데이터베이스 로드 중: https://docs.google.com/spreadsheets/d/18uXAoTIz07WEBzFgCYC5asaOUkLujYgQtezDsmPWiGY/export?format=csv&gid=0
2025-09-19 11:17:33,986 - INFO - 스프레드시트 로드 성공: 3925행 발견
2025-09-19 11:17:33,987 - INFO - 컬럼명 변환 결과: ['도서코드', '도서명', 'ISBN', 'eISBN', '출판사', 'g_title', 's_isbn']
2025-09-19 11:17:33,987 - WARNING - 스프레드시트 컬럼 개수(7)와 기대값(6)이 다릅니다. 실제 컬럼명: ['도서코드', '도서명', 'ISBN', 'eISBN', '출판사', 'g_title', 's_isbn']
2025-09-19 11:17:34,086 - INFO - 도서 데이터베이스 로드 완료: 3925개 도서
2025-09-19 11:17:34,086 - INFO - 출판사별 도서 수: {'한빛아카데미': 849, '한빛미디어': 3076}
2025-09-19 11:17:34,088 - INFO - 웹 드라이버 설정 시작...
2025-09-19 11:17:34,091 - INFO - Chrome 드라이버 설정 시작...
2025-09-19 11:17:34,091 - INFO - config.py에서 크롬 브라우저 경로 사용: C:\Program Files\Google\Chrome\Application\chrome.exe
2025-09-19 11:17:34,091 - INFO - ChromeDriverManager를 사용하여 드라이버 다운로드 중...
2025-09-19 11:17:34,092 - INFO - ====== WebDriver manager ======
2025-09-19 11:17:34,670 - INFO - Get LATEST chromedriver version for google-chrome
2025-09-19 11:17:34,911 - INFO - Get LATEST chromedriver version for google-chrome
2025-09-19 11:17:35,162 - INFO - Driver [C:\Users\taejin\.wdm\drivers\chromedriver\win64\140.0.7339.185\chromedriver-win32/chromedriver.exe] found in cache
2025-09-19 11:17:35,162 - INFO - 크롬 드라이버 다운로드 성공: C:\Users\taejin\.wdm\drivers\chromedriver\win64\140.0.7339.185\chromedriver-win32/chromedriver.exe
2025-09-19 11:17:36,178 - INFO - 자동화 감지 방지 스크립트 실행 완료
2025-09-19 11:17:36,178 - INFO - Chrome 드라이버 설정 완료
2025-09-19 11:17:36,178 - INFO - Google 로그인 시도...
2025-09-19 11:17:36,181 - INFO - Google Play Books 파트너스 센터로 이동: https://play.google.com/books/publish/u/0/?hl=ko
2025-09-19 11:17:40,533 - INFO - 현재 URL: https://accounts.google.com/v3/signin/identifier?continue=https%3A%2F%2Fplay.google.com%2Fbooks%2Fpublish%2Fredirect&followup=https%3A%2F%2Fplay.google.com%2Fbooks%2Fpublish%2Fredirect&ifkv=AfYwgwVYOkXCJrHi2gNuxZuIcyIUkpxR4lksITocimL7BXQo6GCzzMmUlq8RfRcS93DqJ2UddW1VVA&passive=1209600&service=printpublisher&flowName=GlifWebSignIn&flowEntry=ServiceLogin&dsh=S1812559148%3A1758248262633212
2025-09-19 11:17:40,534 - INFO - ============================================================
2025-09-19 11:17:40,534 - INFO - 🔐 Google Play Books 파트너스 센터 로그인이 필요합니다.
2025-09-19 11:17:40,534 - INFO - 📌 브라우저 창에서 다음 단계를 진행해주세요:
2025-09-19 11:17:40,534 - INFO -    1. Google 계정으로 로그인
2025-09-19 11:17:40,534 - INFO -    2. 2단계 인증 완료 (필요한 경우)
2025-09-19 11:17:40,534 - INFO -    3. Google Play Books 파트너스 센터 대시보드가 표시될 때까지 대기
2025-09-19 11:17:40,534 - INFO - ============================================================
2025-09-19 11:18:00,788 - INFO - ✅ 사용자가 로그인 완료를 확인했습니다.
2025-09-19 11:18:00,792 - INFO - ====== 출판사 '한빛아카데미' 처리 시작 ======
2025-09-19 11:18:00,792 - INFO - 도서 '교재)생성형 AI 활용과 실습' (코드: 41029, ISBN: 9791173400292) 처리 시작
2025-09-19 11:18:00,792 - INFO - 검토자 149명 등록 예정
2025-09-19 11:18:00,795 - INFO - 도서 검색 시작 - 도서코드: 41029
2025-09-19 11:18:00,795 - INFO - 도서 정보 - 제목: 교재)생성형 AI 활용과 실습, ISBN: 9791173400292, eISBN: 9791173409738, 출판사: 한빛아카데미
2025-09-19 11:18:00,795 - INFO - 출판사 '한빛아카데미'의 도서 목록 페이지로 이동: https://play.google.com/books/publish/a/535699340789858766#list?sortby=last_updated&sortdir=desc&publisher=한빛아카데미
2025-09-19 11:18:02,807 - INFO - 도서 목록 페이지 로드 완료
2025-09-19 11:18:04,816 - INFO - 페이지 요소 로드 대기 완료
2025-09-19 11:18:04,817 - INFO - 출판사 선택 드롭다운 클릭 시도... (대상 출판사: 한빛아카데미)
2025-09-19 11:18:04,900 - INFO - 출판사 선택 드롭다운 열기 성공
2025-09-19 11:18:06,901 - INFO - 선택할 출판사: 한빛아카데미
2025-09-19 11:18:09,158 - INFO - 한빛아카데미 출판사 선택 성공
2025-09-19 11:18:11,158 - INFO - 검색창에 도서명 '생성형 AI 활용과 실습: 챗GPT부터 코파일럿까지 따라 하며 익히는 AI 활용 가이드' 입력 시도...
2025-09-19 11:18:17,454 - INFO - 도서명 검색 입력 완료
2025-09-19 11:18:17,455 - INFO - 검색 결과 중 첫 번째 도서 클릭 시도...
2025-09-19 11:18:17,541 - INFO - 첫 번째 도서 클릭 성공: /html/body/pfe-app/partner-center/div[2]/div/ng-component/ng-component/div/catalog-table/div/table/tbody/tr/td[1]/div/div/a
2025-09-19 11:18:20,542 - INFO - 도서 '교재)생성형 AI 활용과 실습' (ISBN: 9791173400292) 검색 및 선택 완료
2025-09-19 11:18:20,543 - INFO - 총 149명의 검토자를 일괄 등록합니다
2025-09-19 11:18:20,543 - INFO - [1/149] 검토자 '이설아' (이메일: 1026seolah@gmail.com) 등록 시도 중...
2025-09-19 11:18:20,544 - INFO - 검토자 추가 시작: 1026seolah@gmail.com
2025-09-19 11:18:20,557 - INFO - 콘텐츠 검토 아이템 클릭 시도...
2025-09-19 11:18:20,569 - INFO - 사용자 지정 XPath로 콘텐츠 검토 아이템을 찾았습니다.
2025-09-19 11:18:20,665 - INFO - 사용자 지정 XPath로 콘텐츠 검토 아이템 클릭 성공: /html/body/pfe-app/partner-center/div[2]/div/ng-component/ng-component/div/ng-component/div/div[2]/content-review-item[1]/a/div
2025-09-19 11:18:22,684 - INFO - 이메일 입력 필드에 '1026seolah@gmail.com' 입력 시도...
2025-09-19 11:18:22,685 - INFO - 페이지 로드 및 이메일 입력 필드 확인 중...
2025-09-19 11:18:27,801 - INFO - 이메일 입력 필드 찾음: //mat-form-field//input
2025-09-19 11:18:28,380 - INFO - 이메일 입력 완료
2025-09-19 11:18:29,416 - INFO - Enter 키로 제출 시도
2025-09-19 11:18:32,417 - INFO - 검토자 '1026seolah@gmail.com' 추가 시도 완료
2025-09-19 11:18:32,417 - INFO - ✅ [1/149] 검토자 '이설아' (이메일: 1026seolah@gmail.com) 등록 시도 성공
2025-09-19 11:18:32,918 - INFO - [2/149] 검토자 '최홍인' (이메일: 12200716@dankook.ac.kr) 등록 시도 중...
2025-09-19 11:18:32,918 - INFO - 검토자 추가 시작: 12200716@dankook.ac.kr
2025-09-19 11:18:32,922 - INFO - 콘텐츠 검토 아이템 클릭 시도...
2025-09-19 11:18:32,928 - WARNING - 사용자 지정 XPath로 요소를 찾을 수 없습니다. 대체 셀렉터를 시도합니다.
2025-09-19 11:18:32,944 - INFO - 대체 셀렉터 '/html/body/pfe-app/partner-center/div[2]/div/ng-component/ng-component/mat-nav-list/div/nav/a[3]/span/span/div/span'로 요소를 찾았습니다.
2025-09-19 11:18:33,005 - INFO - 대체 셀렉터로 콘텐츠 검토 아이템 클릭 성공: /html/body/pfe-app/partner-center/div[2]/div/ng-component/ng-component/mat-nav-list/div/nav/a[3]/span/span/div/span
2025-09-19 11:18:36,009 - INFO - 대체 셀렉터로 클릭 후 페이지 로드 대기 중...
2025-09-19 11:18:39,009 - INFO - 이메일 입력 필드에 '12200716@dankook.ac.kr' 입력 시도...
2025-09-19 11:18:39,011 - INFO - 페이지 로드 및 이메일 입력 필드 확인 중...
2025-09-19 11:19:19,867 - WARNING - 이메일 필드를 찾지 못했습니다. 페이지 스크린샷 저장 및 재시도...
2025-09-19 11:19:20,030 - INFO - 이메일 필드 검색 실패 스크린샷 저장: email_field_not_found_20250919_111919.png
2025-09-19 11:19:20,038 - INFO - 페이지에서 총 0개의 입력 필드 발견
2025-09-19 11:19:20,039 - ERROR - 이메일 입력 필드를 찾을 수 없습니다
2025-09-19 11:19:20,039 - WARNING - ❌ [2/149] 검토자 '최홍인' (이메일: 12200716@dankook.ac.kr) 등록 실패
2025-09-19 11:19:20,539 - INFO - [3/149] 검토자 '박정우' (이메일: 215wjddn@gmail.com) 등록 시도 중...
2025-09-19 11:19:20,540 - INFO - 검토자 추가 시작: 215wjddn@gmail.com
2025-09-19 11:19:20,543 - INFO - 콘텐츠 검토 아이템 클릭 시도...
2025-09-19 11:19:20,549 - INFO - 사용자 지정 XPath로 콘텐츠 검토 아이템을 찾았습니다.
2025-09-19 11:19:20,624 - INFO - 사용자 지정 XPath로 콘텐츠 검토 아이템 클릭 성공: /html/body/pfe-app/partner-center/div[2]/div/ng-component/ng-component/div/ng-component/div/div[2]/content-review-item[1]/a/div
2025-09-19 11:19:22,628 - INFO - 이메일 입력 필드에 '215wjddn@gmail.com' 입력 시도...
2025-09-19 11:19:22,629 - INFO - 페이지 로드 및 이메일 입력 필드 확인 중...
2025-09-19 11:19:27,706 - INFO - 이메일 입력 필드 찾음: //mat-form-field//input
2025-09-19 11:19:28,275 - INFO - 이메일 입력 완료
2025-09-19 11:19:29,321 - INFO - Enter 키로 제출 시도
2025-09-19 11:19:32,322 - INFO - 검토자 '215wjddn@gmail.com' 추가 시도 완료
2025-09-19 11:19:32,322 - INFO - ✅ [3/149] 검토자 '박정우' (이메일: 215wjddn@gmail.com) 등록 시도 성공
2025-09-19 11:19:32,823 - INFO - [4/149] 검토자 '이수연' (이메일: 500pelle@gmail.com) 등록 시도 중...
2025-09-19 11:19:32,824 - INFO - 검토자 추가 시작: 500pelle@gmail.com
2025-09-19 11:19:32,830 - INFO - 콘텐츠 검토 아이템 클릭 시도...
2025-09-19 11:19:32,836 - WARNING - 사용자 지정 XPath로 요소를 찾을 수 없습니다. 대체 셀렉터를 시도합니다.
2025-09-19 11:19:32,846 - INFO - 대체 셀렉터 '/html/body/pfe-app/partner-center/div[2]/div/ng-component/ng-component/mat-nav-list/div/nav/a[3]/span/span/div/span'로 요소를 찾았습니다.
2025-09-19 11:19:32,898 - INFO - 대체 셀렉터로 콘텐츠 검토 아이템 클릭 성공: /html/body/pfe-app/partner-center/div[2]/div/ng-component/ng-component/mat-nav-list/div/nav/a[3]/span/span/div/span
2025-09-19 11:19:35,903 - INFO - 대체 셀렉터로 클릭 후 페이지 로드 대기 중...
2025-09-19 11:19:38,904 - INFO - 이메일 입력 필드에 '500pelle@gmail.com' 입력 시도...
2025-09-19 11:19:38,905 - INFO - 페이지 로드 및 이메일 입력 필드 확인 중...
