2025-09-19 11:28:51,552 - INFO - 전자책 검토자 자동 등록 시스템 시작
2025-09-19 11:28:58,309 - INFO - 엑셀 파일 읽기 성공: C:/Users/taejin/Downloads/신규회원 홍보 전자책.xlsx
2025-09-19 11:28:58,310 - INFO - 총 149개의 행이 발견됨
2025-09-19 11:28:58,310 - INFO - 엑셀 파일 컬럼: ['접수일', '발송유형', '발송자', '이름', '이메일', '지메일', '휴대전화', '소속학교', '도서코드', '도서명', '처리일', '열람기한', '강의대학', '강의학과', '강의명']
2025-09-19 11:28:58,311 - INFO - 유효한 데이터: 149개 행
2025-09-19 11:28:58,313 - INFO - 검토자 데이터 샘플:
 이름  도서코드                    지메일
이설아 41029   1026seolah@gmail.com
최홍인 41029 12200716@dankook.ac.kr
박정우 41029     215wjddn@gmail.com
2025-09-19 11:28:58,314 - INFO - 구글 스프레드시트에서 도서 정보 데이터베이스를 구축합니다...
2025-09-19 11:28:58,314 - INFO - Google 스프레드시트 URL에서 도서 정보 데이터베이스 읽기 시도: https://docs.google.com/spreadsheets/d/18uXAoTIz07WEBzFgCYC5asaOUkLujYgQtezDsmPWiGY/export?format=csv&gid=0
2025-09-19 11:29:00,170 - INFO - 스프레드시트 데이터를 UTF-8로 디코딩했습니다.
2025-09-19 11:29:00,189 - INFO - 스프레드시트 컬럼: ['code', 'title', 'ISBN', 'eISBN', 'publisher', 'g_title', 's_isbn']
2025-09-19 11:29:00,255 - INFO - 도서 정보 데이터베이스 구축 완료: 총 0개의 도서 정보 로드
2025-09-19 11:29:00,257 - INFO - 검토자 정보와 도서 데이터베이스 정보를 매핑합니다...
2025-09-19 11:29:00,259 - INFO - 
===== 검토자 정보 =====
2025-09-19 11:29:00,260 - INFO - [1] 도서코드: 41029, 이름: 이설아, 이메일: 1026seolah@gmail.com
2025-09-19 11:29:00,260 - INFO - [2] 도서코드: 41029, 이름: 최홍인, 이메일: 12200716@dankook.ac.kr
2025-09-19 11:29:00,260 - INFO - [3] 도서코드: 41029, 이름: 박정우, 이메일: 215wjddn@gmail.com
2025-09-19 11:29:00,260 - INFO - [4] 도서코드: 41029, 이름: 이수연, 이메일: 500pelle@gmail.com
2025-09-19 11:29:00,260 - INFO - [5] 도서코드: 41029, 이름: 오아름, 이메일: ahreum@gwnu.ac.kr
2025-09-19 11:29:00,261 - INFO - ... 외 144건
2025-09-19 11:29:00,261 - INFO - =====================

2025-09-19 11:29:02,623 - INFO - 도서 데이터베이스 로드 시작...
2025-09-19 11:29:02,626 - INFO - 구글 스프레드시트에서 도서 데이터베이스 로드 중: https://docs.google.com/spreadsheets/d/18uXAoTIz07WEBzFgCYC5asaOUkLujYgQtezDsmPWiGY/export?format=csv&gid=0
2025-09-19 11:29:04,288 - INFO - 스프레드시트 로드 성공: 3925행 발견
2025-09-19 11:29:04,289 - INFO - 컬럼명 변환 결과: ['도서코드', '도서명', 'ISBN', 'eISBN', '출판사', 'g_title', 's_isbn']
2025-09-19 11:29:04,289 - WARNING - 스프레드시트 컬럼 개수(7)와 기대값(6)이 다릅니다. 실제 컬럼명: ['도서코드', '도서명', 'ISBN', 'eISBN', '출판사', 'g_title', 's_isbn']
2025-09-19 11:29:04,388 - INFO - 도서 데이터베이스 로드 완료: 3925개 도서
2025-09-19 11:29:04,389 - INFO - 출판사별 도서 수: {'한빛아카데미': 849, '한빛미디어': 3076}
2025-09-19 11:29:04,391 - INFO - 웹 드라이버 설정 시작...
2025-09-19 11:29:04,393 - INFO - Chrome 드라이버 설정 시작...
2025-09-19 11:29:04,393 - INFO - config.py에서 크롬 브라우저 경로 사용: C:\Program Files\Google\Chrome\Application\chrome.exe
2025-09-19 11:29:04,393 - INFO - ChromeDriverManager를 사용하여 드라이버 다운로드 중...
2025-09-19 11:29:04,393 - INFO - ====== WebDriver manager ======
2025-09-19 11:29:04,982 - INFO - Get LATEST chromedriver version for google-chrome
2025-09-19 11:29:05,225 - INFO - Get LATEST chromedriver version for google-chrome
2025-09-19 11:29:05,479 - INFO - Driver [C:\Users\taejin\.wdm\drivers\chromedriver\win64\140.0.7339.185\chromedriver-win32/chromedriver.exe] found in cache
2025-09-19 11:29:05,479 - INFO - 크롬 드라이버 다운로드 성공: C:\Users\taejin\.wdm\drivers\chromedriver\win64\140.0.7339.185\chromedriver-win32/chromedriver.exe
2025-09-19 11:29:06,501 - INFO - 자동화 감지 방지 스크립트 실행 완료
2025-09-19 11:29:06,502 - INFO - Chrome 드라이버 설정 완료
2025-09-19 11:29:06,502 - INFO - Google 로그인 시도...
2025-09-19 11:29:06,504 - INFO - Google Play Books 파트너스 센터로 이동: https://play.google.com/books/publish/u/0/?hl=ko
2025-09-19 11:29:10,626 - INFO - 현재 URL: https://accounts.google.com/v3/signin/identifier?continue=https%3A%2F%2Fplay.google.com%2Fbooks%2Fpublish%2Fredirect&followup=https%3A%2F%2Fplay.google.com%2Fbooks%2Fpublish%2Fredirect&ifkv=AfYwgwWmic3otyGnocnTqbjm_iJ61p3VGQcsfk5FiBs0jZGf1G6KYgSHzlQyGoCbuOMx441F2Xnk&passive=1209600&service=printpublisher&flowName=GlifWebSignIn&flowEntry=ServiceLogin&dsh=S-919719550%3A1758248953130330
2025-09-19 11:29:10,626 - INFO - ============================================================
2025-09-19 11:29:10,626 - INFO - 🔐 Google Play Books 파트너스 센터 로그인이 필요합니다.
2025-09-19 11:29:10,626 - INFO - 📌 브라우저 창에서 다음 단계를 진행해주세요:
2025-09-19 11:29:10,626 - INFO -    1. Google 계정으로 로그인
2025-09-19 11:29:10,627 - INFO -    2. 2단계 인증 완료 (필요한 경우)
2025-09-19 11:29:10,627 - INFO -    3. Google Play Books 파트너스 센터 대시보드가 표시될 때까지 대기
2025-09-19 11:29:10,627 - INFO - ============================================================
2025-09-19 11:29:29,527 - INFO - ✅ 사용자가 로그인 완료를 확인했습니다.
2025-09-19 11:29:29,530 - INFO - ====== 출판사 '한빛아카데미' 처리 시작 ======
2025-09-19 11:29:29,530 - INFO - 도서 '교재)생성형 AI 활용과 실습' (코드: 41029, ISBN: 9791173400292) 처리 시작
2025-09-19 11:29:29,531 - INFO - 검토자 149명 등록 예정
2025-09-19 11:29:29,534 - INFO - 도서 검색 시작 - 도서코드: 41029
2025-09-19 11:29:29,534 - INFO - 도서 정보 - 제목: 교재)생성형 AI 활용과 실습, ISBN: 9791173400292, eISBN: 9791173409738, 출판사: 한빛아카데미
2025-09-19 11:29:29,534 - INFO - 출판사 '한빛아카데미'의 도서 목록 페이지로 이동: https://play.google.com/books/publish/a/535699340789858766#list?sortby=last_updated&sortdir=desc&publisher=한빛아카데미
2025-09-19 11:29:31,543 - INFO - 도서 목록 페이지 로드 완료
2025-09-19 11:29:33,553 - INFO - 페이지 요소 로드 대기 완료
2025-09-19 11:29:33,553 - INFO - 출판사 선택 드롭다운 클릭 시도... (대상 출판사: 한빛아카데미)
2025-09-19 11:29:33,628 - INFO - 출판사 선택 드롭다운 열기 성공
2025-09-19 11:29:35,628 - INFO - 선택할 출판사: 한빛아카데미
2025-09-19 11:29:37,787 - INFO - 한빛아카데미 출판사 선택 성공
2025-09-19 11:29:39,788 - INFO - 검색창에 도서명 '생성형 AI 활용과 실습: 챗GPT부터 코파일럿까지 따라 하며 익히는 AI 활용 가이드' 입력 시도...
2025-09-19 11:29:46,058 - INFO - 도서명 검색 입력 완료
2025-09-19 11:29:46,060 - INFO - 검색 결과 중 첫 번째 도서 클릭 시도...
2025-09-19 11:29:46,137 - INFO - 첫 번째 도서 클릭 성공: /html/body/pfe-app/partner-center/div[2]/div/ng-component/ng-component/div/catalog-table/div/table/tbody/tr/td[1]/div/div/a
2025-09-19 11:29:49,138 - INFO - 도서 '교재)생성형 AI 활용과 실습' (ISBN: 9791173400292) 검색 및 선택 완료
2025-09-19 11:29:49,138 - INFO - 총 149명의 검토자를 일괄 등록합니다
2025-09-19 11:29:49,139 - INFO - [1/149] 검토자 '이설아' (이메일: 1026seolah@gmail.com) 등록 시도 중...
2025-09-19 11:29:49,139 - INFO - 검토자 추가 시작: 1026seolah@gmail.com
2025-09-19 11:29:49,143 - INFO - 첫 검토자이므로 콘텐츠 검토 페이지로 이동합니다...
2025-09-19 11:29:49,244 - INFO - 콘텐츠 검토 아이템 클릭 성공
2025-09-19 11:29:53,249 - INFO - 이메일 '1026seolah@gmail.com' 입력 시도...
2025-09-19 11:29:53,267 - INFO - 이메일 입력 필드를 찾았습니다
2025-09-19 11:29:53,332 - INFO - 이메일 '1026seolah@gmail.com' 입력 완료
2025-09-19 11:29:53,352 - INFO - Enter 키로 제출 완료
2025-09-19 11:29:53,353 - INFO - 다음 이메일 입력을 위해 5초 대기...
2025-09-19 11:29:58,353 - INFO - 검토자 '1026seolah@gmail.com' 등록 완료
2025-09-19 11:29:58,354 - INFO - ✅ [1/149] 검토자 '이설아' (이메일: 1026seolah@gmail.com) 등록 시도 성공
2025-09-19 11:29:58,854 - INFO - [2/149] 검토자 '최홍인' (이메일: 12200716@dankook.ac.kr) 등록 시도 중...
2025-09-19 11:29:58,856 - INFO - 검토자 추가 시작: 12200716@dankook.ac.kr
2025-09-19 11:29:58,864 - INFO - 첫 검토자이므로 콘텐츠 검토 페이지로 이동합니다...
2025-09-19 11:29:58,944 - INFO - 콘텐츠 검토 아이템 클릭 성공 (대안 XPath)
2025-09-19 11:30:02,951 - INFO - 이메일 '12200716@dankook.ac.kr' 입력 시도...
2025-09-19 11:30:02,957 - ERROR - 이메일 입력 필드를 찾을 수 없습니다
2025-09-19 11:30:03,123 - INFO - 입력 필드 없음 스크린샷 저장: no_input_field_20250919_113002.png
2025-09-19 11:30:03,123 - WARNING - ❌ [2/149] 검토자 '최홍인' (이메일: 12200716@dankook.ac.kr) 등록 실패
2025-09-19 11:30:03,623 - INFO - [3/149] 검토자 '박정우' (이메일: 215wjddn@gmail.com) 등록 시도 중...
2025-09-19 11:30:03,624 - INFO - 검토자 추가 시작: 215wjddn@gmail.com
2025-09-19 11:30:03,628 - INFO - 첫 검토자이므로 콘텐츠 검토 페이지로 이동합니다...
2025-09-19 11:30:03,704 - INFO - 콘텐츠 검토 아이템 클릭 성공
2025-09-19 11:30:07,709 - INFO - 이메일 '215wjddn@gmail.com' 입력 시도...
2025-09-19 11:30:07,728 - INFO - 이메일 입력 필드를 찾았습니다
2025-09-19 11:30:07,796 - INFO - 이메일 '215wjddn@gmail.com' 입력 완료
2025-09-19 11:30:07,816 - INFO - Enter 키로 제출 완료
2025-09-19 11:30:07,816 - INFO - 다음 이메일 입력을 위해 5초 대기...
2025-09-19 11:30:12,817 - INFO - 검토자 '215wjddn@gmail.com' 등록 완료
2025-09-19 11:30:12,818 - INFO - ✅ [3/149] 검토자 '박정우' (이메일: 215wjddn@gmail.com) 등록 시도 성공
2025-09-19 11:30:13,319 - INFO - [4/149] 검토자 '이수연' (이메일: 500pelle@gmail.com) 등록 시도 중...
2025-09-19 11:30:13,320 - INFO - 검토자 추가 시작: 500pelle@gmail.com
2025-09-19 11:30:13,325 - INFO - 첫 검토자이므로 콘텐츠 검토 페이지로 이동합니다...
2025-09-19 11:30:13,387 - INFO - 콘텐츠 검토 아이템 클릭 성공 (대안 XPath)
2025-09-19 11:30:17,393 - INFO - 이메일 '500pelle@gmail.com' 입력 시도...
2025-09-19 11:30:17,399 - ERROR - 이메일 입력 필드를 찾을 수 없습니다
2025-09-19 11:30:17,554 - INFO - 입력 필드 없음 스크린샷 저장: no_input_field_20250919_113017.png
2025-09-19 11:30:17,555 - WARNING - ❌ [4/149] 검토자 '이수연' (이메일: 500pelle@gmail.com) 등록 실패
2025-09-19 11:30:18,055 - INFO - [5/149] 검토자 '오아름' (이메일: ahreum@gwnu.ac.kr) 등록 시도 중...
2025-09-19 11:30:18,056 - INFO - 검토자 추가 시작: ahreum@gwnu.ac.kr
2025-09-19 11:30:18,059 - INFO - 첫 검토자이므로 콘텐츠 검토 페이지로 이동합니다...
2025-09-19 11:30:18,133 - INFO - 콘텐츠 검토 아이템 클릭 성공
2025-09-19 11:30:22,139 - INFO - 이메일 'ahreum@gwnu.ac.kr' 입력 시도...
2025-09-19 11:30:22,153 - INFO - 이메일 입력 필드를 찾았습니다
2025-09-19 11:30:22,222 - INFO - 이메일 'ahreum@gwnu.ac.kr' 입력 완료
2025-09-19 11:30:22,244 - INFO - Enter 키로 제출 완료
2025-09-19 11:30:22,244 - INFO - 다음 이메일 입력을 위해 5초 대기...
2025-09-19 11:30:27,244 - INFO - 검토자 'ahreum@gwnu.ac.kr' 등록 완료
2025-09-19 11:30:27,247 - INFO - ✅ [5/149] 검토자 '오아름' (이메일: ahreum@gwnu.ac.kr) 등록 시도 성공
2025-09-19 11:30:27,749 - INFO - [6/149] 검토자 '김기종' (이메일: alex.kim1597@gmail.com) 등록 시도 중...
2025-09-19 11:30:27,749 - INFO - 검토자 추가 시작: alex.kim1597@gmail.com
2025-09-19 11:30:27,753 - INFO - 첫 검토자이므로 콘텐츠 검토 페이지로 이동합니다...
2025-09-19 11:30:27,819 - INFO - 콘텐츠 검토 아이템 클릭 성공 (대안 XPath)
