2025-09-15 16:09:14,418 - INFO - 전자책 검토자 자동 등록 시스템 시작
2025-09-15 16:09:21,373 - INFO - 엑셀 파일 읽기 성공: C:/Users/taejin/Downloads/전자책견본처리현황_2025-06-15 ~ 2025-09-15.xls
2025-09-15 16:09:21,373 - INFO - 총 4개의 행이 발견됨
2025-09-15 16:09:21,373 - INFO - 엑셀 파일 컬럼: ['접수일', '발송유형', '발송자', '이름', '이메일', '지메일', '휴대전화', '소속학교', '도서코드', '도서명', '처리일', '열람기한', '강의대학', '강의학과', '강의명']
2025-09-15 16:09:21,375 - INFO - I열(도서코드) 컬럼명: '도서코드'
2025-09-15 16:09:21,376 - INFO - 도서코드 컬럼 '도서코드' 포함하여 데이터 처리 완료
2025-09-15 16:09:21,376 - INFO - 유효한 데이터: 4개 행
2025-09-15 16:09:21,378 - INFO - 데이터 샘플:
 이름                                도서명                지메일  도서코드
김태진      [eBook] 혼자 공부하는 머신러닝+딥러닝(개정판)   kxowls@gmail.com 11360
문남미 [eBook] IT CookBook, 생성형 AI 활용과 실습 nammee01@gmail.com 41029
문남미         [eBook] IT Cookbook, 강화 학습 nammee01@gmail.com 41007
2025-09-15 16:09:23,862 - INFO - 도서 데이터베이스 로드 시작...
2025-09-15 16:09:23,865 - INFO - 구글 스프레드시트에서 도서 데이터베이스 로드 중...
2025-09-15 16:09:25,330 - INFO - 도서 데이터베이스 컬럼: ['도서코드', '도서명', 'ISBN', 'eISBN', '출판사']
2025-09-15 16:09:25,414 - INFO - 도서 데이터베이스 로드 완료: 3925개 도서
2025-09-15 16:09:25,415 - INFO - 출판사별 도서 수: {'한빛아카데미': 849, '한빛미디어': 3076}
2025-09-15 16:09:25,415 - INFO - 웹 드라이버 설정 시작...
2025-09-15 16:09:25,417 - INFO - Chrome 드라이버 설정 시작...
2025-09-15 16:09:25,417 - INFO - config.py에서 크롬 브라우저 경로 사용: C:\Program Files\Google\Chrome\Application\chrome.exe
2025-09-15 16:09:25,417 - INFO - ChromeDriverManager를 사용하여 드라이버 다운로드 중...
2025-09-15 16:09:25,418 - INFO - ====== WebDriver manager ======
2025-09-15 16:09:26,011 - INFO - Get LATEST chromedriver version for google-chrome
2025-09-15 16:09:26,258 - INFO - Get LATEST chromedriver version for google-chrome
2025-09-15 16:09:26,508 - INFO - Driver [C:\Users\taejin\.wdm\drivers\chromedriver\win64\140.0.7339.82\chromedriver-win32/chromedriver.exe] found in cache
2025-09-15 16:09:26,509 - INFO - 크롬 드라이버 다운로드 성공: C:\Users\taejin\.wdm\drivers\chromedriver\win64\140.0.7339.82\chromedriver-win32/chromedriver.exe
2025-09-15 16:09:27,578 - INFO - 자동화 감지 방지 스크립트 실행 완료
2025-09-15 16:09:27,578 - INFO - Chrome 드라이버 설정 완료
2025-09-15 16:09:27,579 - INFO - Google 로그인 시도...
2025-09-15 16:09:27,581 - INFO - Google Play Books 파트너스 센터로 이동: https://play.google.com/books/publish/u/0/?hl=ko
2025-09-15 16:09:31,707 - INFO - 현재 URL: https://accounts.google.com/v3/signin/identifier?continue=https%3A%2F%2Fplay.google.com%2Fbooks%2Fpublish%2Fredirect&followup=https%3A%2F%2Fplay.google.com%2Fbooks%2Fpublish%2Fredirect&ifkv=AfYwgwU7lH808wDnC_Snrn9LkPQ_gDexJMF0Z9gKvad3v0PiyUg8gHDfmQ0rPNZ_4NSBBSN4hGpf&passive=1209600&service=printpublisher&flowName=GlifWebSignIn&flowEntry=ServiceLogin&dsh=S-1625292569%3A1757920170149030
2025-09-15 16:09:31,707 - INFO - ============================================================
2025-09-15 16:09:31,707 - INFO - 🔐 Google Play Books 파트너스 센터 로그인이 필요합니다.
2025-09-15 16:09:31,707 - INFO - 📌 브라우저 창에서 다음 단계를 진행해주세요:
2025-09-15 16:09:31,707 - INFO -    1. Google 계정으로 로그인
2025-09-15 16:09:31,707 - INFO -    2. 2단계 인증 완료 (필요한 경우)
2025-09-15 16:09:31,708 - INFO -    3. Google Play Books 파트너스 센터 대시보드가 표시될 때까지 대기
2025-09-15 16:09:31,708 - INFO - ============================================================
2025-09-15 16:09:50,902 - INFO - ✅ 사용자가 로그인 완료를 확인했습니다.
2025-09-15 16:09:50,902 - INFO - 처리 중 (1/4): 김태진 - [eBook] 혼자 공부하는 머신러닝+딥러닝(개정판) - kxowls@gmail.com
2025-09-15 16:09:50,902 - INFO -   도서코드: 11360, ISBN: 9791169213608, 출판사: 한빛미디어
2025-09-15 16:09:50,907 - INFO - 도서 검색 시작 - 도서코드: 11360
2025-09-15 16:09:50,907 - INFO - 도서 정보 - 제목: 혼자 공부하는 머신러닝+딥러닝(개정판), ISBN: 9791169213608, eISBN: 9791169219273, 출판사: 한빛미디어
2025-09-15 16:09:50,907 - INFO - 도서 목록 페이지로 직접 이동: https://play.google.com/books/publish/a/535699340789858766#list?sortby=last_updated&sortdir=desc
2025-09-15 16:09:53,917 - INFO - 도서 목록 페이지 로드 완료
2025-09-15 16:09:55,926 - INFO - 페이지 요소 로드 대기 완료
2025-09-15 16:09:55,927 - INFO - 출판사 선택 드롭다운 클릭 시도... (대상 출판사: 한빛미디어)
2025-09-15 16:09:56,010 - INFO - 출판사 선택 드롭다운 열기 성공
2025-09-15 16:09:58,011 - INFO - 선택할 출판사: 한빛미디어
2025-09-15 16:09:58,076 - INFO - 한빛미디어 출판사 선택 성공
2025-09-15 16:10:00,077 - INFO - 검색창에 우선값 '9791169219273' 입력 시도...
2025-09-15 16:10:06,316 - INFO - 우선값 검색 입력 완료
2025-09-15 16:10:06,318 - INFO - 검색 결과 중 첫 번째 도서 클릭 시도...
2025-09-15 16:10:06,401 - INFO - 첫 번째 도서 클릭 성공: /html/body/pfe-app/partner-center/div[2]/div/ng-component/ng-component/div/catalog-table/div/table/tbody/tr/td[1]/div/div/a
2025-09-15 16:10:09,402 - INFO - 도서 '혼자 공부하는 머신러닝+딥러닝(개정판)' (ISBN: 9791169213608) 검색 및 선택 완료
2025-09-15 16:10:09,403 - INFO - 검토자 추가 시작: kxowls@gmail.com
2025-09-15 16:10:09,403 - INFO - 콘텐츠 검토 아이템 클릭 시도...
2025-09-15 16:10:09,540 - INFO - 콘텐츠 검토 아이템 클릭 성공
2025-09-15 16:10:12,541 - INFO - 이메일 입력 필드에 'kxowls@gmail.com' 입력 시도...
2025-09-15 16:10:12,628 - INFO - 이메일 입력 완료
2025-09-15 16:10:14,667 - INFO - Enter 키로 제출 시도
2025-09-15 16:10:19,668 - INFO - 검토자 'kxowls@gmail.com' 추가 완료
2025-09-15 16:10:21,669 - INFO - 처리 중 (2/4): 문남미 - [eBook] IT CookBook, 생성형 AI 활용과 실습 - nammee01@gmail.com
2025-09-15 16:10:21,669 - INFO -   도서코드: 41029, ISBN: 9791173400292, 출판사: 한빛아카데미
2025-09-15 16:10:21,672 - INFO - 도서 검색 시작 - 도서코드: 41029
2025-09-15 16:10:21,672 - INFO - 도서 정보 - 제목: 교재)생성형 AI 활용과 실습, ISBN: 9791173400292, eISBN: 9791173409738, 출판사: 한빛아카데미
2025-09-15 16:10:21,672 - INFO - 도서 목록 페이지로 직접 이동: https://play.google.com/books/publish/a/535699340789858766#list?sortby=last_updated&sortdir=desc
2025-09-15 16:10:24,716 - INFO - 도서 목록 페이지 로드 완료
2025-09-15 16:10:26,742 - INFO - 페이지 요소 로드 대기 완료
2025-09-15 16:10:26,743 - INFO - 출판사 선택 드롭다운 클릭 시도... (대상 출판사: 한빛아카데미)
2025-09-15 16:10:26,825 - INFO - 출판사 선택 드롭다운 열기 성공
2025-09-15 16:10:28,826 - INFO - 선택할 출판사: 한빛아카데미
2025-09-15 16:10:31,881 - INFO - 한빛아카데미 출판사 선택 성공
2025-09-15 16:10:33,882 - INFO - 검색창에 우선값 '9791173409738' 입력 시도...
2025-09-15 16:10:40,087 - INFO - 우선값 검색 입력 완료
2025-09-15 16:10:40,087 - INFO - 검색 결과 중 첫 번째 도서 클릭 시도...
2025-09-15 16:11:11,577 - ERROR - 검색 결과 클릭 실패: Message: element click intercepted: Element <mat-option _ngcontent-ng-c2678963254="" role="option" disabled="" class="mat-mdc-option mdc-list-item mdc-list-item--disabled" id="mat-option-48" aria-selected="false" aria-disabled="true">...</mat-option> is not clickable at point (392, 230). Other element would receive the click: <div role="listbox" class="mat-mdc-autocomplete-panel mdc-menu-surface mdc-menu-surface--open pfe-book-selector-menu-autocomplete-panel mat-mdc-autocomplete-visible mat-autocomplete-panel-animations-enabled mat-primary" id="mat-autocomplete-0">...</div>
  (Session info: chrome=140.0.7339.128); For documentation on this error, please visit: https://www.selenium.dev/documentation/webdriver/troubleshooting/errors#elementclickinterceptedexception
Stacktrace:
	GetHandleVerifier [0x0xdfd2a3+66419]
	GetHandleVerifier [0x0xdfd2e4+66484]
	(No symbol) [0x0xbd4bd3]
	(No symbol) [0x0xc24e40]
	(No symbol) [0x0xc231a3]
	(No symbol) [0x0xc20c57]
	(No symbol) [0x0xc1fedd]
	(No symbol) [0x0xc143c5]
	(No symbol) [0x0xc4101c]
	(No symbol) [0x0xc13e24]
	(No symbol) [0x0xc411d4]
	(No symbol) [0x0xc628a1]
	(No symbol) [0x0xc40e16]
	(No symbol) [0x0xc125ce]
	(No symbol) [0x0xc134a4]
	GetHandleVerifier [0x0x1045ee3+2461619]
	GetHandleVerifier [0x0x1040f66+2441270]
	GetHandleVerifier [0x0xe26242+234258]
	GetHandleVerifier [0x0xe16208+168664]
	GetHandleVerifier [0x0xe1d1ad+197245]
	GetHandleVerifier [0x0xe055f8+100040]
	GetHandleVerifier [0x0xe05792+100450]
	GetHandleVerifier [0x0xdef74a+10266]
	timeGetTime [0x0x76558708+728232]
	timeGetTime [0x0x764ae81c+32188]
	fltused [0x0x7700fc4c+525064]
	fltused [0x0x7700fba8+524900]
	fltused [0x0x770e968c+1416520]

2025-09-15 16:11:11,578 - WARNING - 행 2: 도서 검색 실패 - 도서코드 41029
2025-09-15 16:11:11,578 - INFO - 처리 중 (3/4): 문남미 - [eBook] IT Cookbook, 강화 학습 - nammee01@gmail.com
2025-09-15 16:11:11,578 - INFO -   도서코드: 41007, ISBN: 9791173400070, 출판사: 한빛아카데미
2025-09-15 16:11:11,583 - INFO - 도서 검색 시작 - 도서코드: 41007
2025-09-15 16:11:11,583 - INFO - 도서 정보 - 제목: 교재)강화 학습, ISBN: 9791173400070, eISBN: 9791173409653, 출판사: 한빛아카데미
2025-09-15 16:11:11,583 - INFO - 도서 목록 페이지로 직접 이동: https://play.google.com/books/publish/a/535699340789858766#list?sortby=last_updated&sortdir=desc
2025-09-15 16:11:16,593 - INFO - 도서 목록 페이지 로드 완료
2025-09-15 16:11:18,602 - INFO - 페이지 요소 로드 대기 완료
2025-09-15 16:11:18,603 - INFO - 출판사 선택 드롭다운 클릭 시도... (대상 출판사: 한빛아카데미)
2025-09-15 16:11:18,667 - INFO - 출판사 선택 드롭다운 열기 성공
2025-09-15 16:11:20,668 - INFO - 선택할 출판사: 한빛아카데미
2025-09-15 16:12:22,010 - WARNING - 한빛아카데미 옵션을 찾을 수 없습니다. 기본값으로 진행...
2025-09-15 16:12:23,039 - INFO - 검색창에 우선값 '9791173409653' 입력 시도...
2025-09-15 16:12:29,232 - INFO - 우선값 검색 입력 완료
2025-09-15 16:12:29,232 - INFO - 검색 결과 중 첫 번째 도서 클릭 시도...
2025-09-15 16:14:48,125 - WARNING - 기본 셀렉터로 도서를 찾지 못함. 페이지 분석 시도...
2025-09-15 16:14:48,142 - INFO - 클릭 가능한 요소 수: 33
2025-09-15 16:14:48,184 - INFO - 우선 검색값으로 도서를 찾지 못해 대체값 '9791173400070'로 재검색합니다
2025-09-15 16:17:10,348 - ERROR - 검색 결과에서 첫 번째 도서를 찾을 수 없습니다
2025-09-15 16:17:10,348 - WARNING - 행 3: 도서 검색 실패 - 도서코드 41007
2025-09-15 16:17:10,349 - INFO - 처리 중 (4/4): 이두원 - [eBook] IT Cookbook, 처음 만나는 전자회로 - ectechlaboratory@gmail.com
2025-09-15 16:17:10,349 - INFO -   도서코드: 4449, ISBN: 9791156644491, 출판사: 한빛아카데미
2025-09-15 16:17:10,353 - INFO - 도서 검색 시작 - 도서코드: 4449
2025-09-15 16:17:10,353 - INFO - 도서 정보 - 제목: 교재375)처음 만나는 전자회로, ISBN: 9791156644491, eISBN: 9791156648864, 출판사: 한빛아카데미
2025-09-15 16:17:10,353 - INFO - 도서 목록 페이지로 직접 이동: https://play.google.com/books/publish/a/535699340789858766#list?sortby=last_updated&sortdir=desc
2025-09-15 16:17:13,373 - INFO - 도서 목록 페이지 로드 완료
2025-09-15 16:17:15,390 - INFO - 페이지 요소 로드 대기 완료
2025-09-15 16:17:15,391 - INFO - 출판사 선택 드롭다운 클릭 시도... (대상 출판사: 한빛아카데미)
2025-09-15 16:17:15,462 - INFO - 출판사 선택 드롭다운 열기 성공
2025-09-15 16:17:17,463 - INFO - 선택할 출판사: 한빛아카데미
2025-09-15 16:17:20,585 - INFO - 한빛아카데미 출판사 선택 성공
2025-09-15 16:17:22,586 - INFO - 검색창에 우선값 '9791156648864' 입력 시도...
2025-09-15 16:17:28,814 - INFO - 우선값 검색 입력 완료
2025-09-15 16:17:28,814 - INFO - 검색 결과 중 첫 번째 도서 클릭 시도...
