2025-09-19 11:33:08,528 - INFO - 전자책 검토자 자동 등록 시스템 시작
2025-09-19 11:33:11,417 - INFO - 엑셀 파일 읽기 성공: C:/Users/taejin/Downloads/신규회원 홍보 전자책.xlsx
2025-09-19 11:33:11,417 - INFO - 총 149개의 행이 발견됨
2025-09-19 11:33:11,418 - INFO - 엑셀 파일 컬럼: ['접수일', '발송유형', '발송자', '이름', '이메일', '지메일', '휴대전화', '소속학교', '도서코드', '도서명', '처리일', '열람기한', '강의대학', '강의학과', '강의명']
2025-09-19 11:33:11,419 - INFO - 유효한 데이터: 149개 행
2025-09-19 11:33:11,422 - INFO - 검토자 데이터 샘플:
 이름  도서코드                    지메일
이설아 41029   1026seolah@gmail.com
최홍인 41029 12200716@dankook.ac.kr
박정우 41029     215wjddn@gmail.com
2025-09-19 11:33:11,422 - INFO - 구글 스프레드시트에서 도서 정보 데이터베이스를 구축합니다...
2025-09-19 11:33:11,422 - INFO - Google 스프레드시트 URL에서 도서 정보 데이터베이스 읽기 시도: https://docs.google.com/spreadsheets/d/18uXAoTIz07WEBzFgCYC5asaOUkLujYgQtezDsmPWiGY/export?format=csv&gid=0
2025-09-19 11:33:13,082 - INFO - 스프레드시트 데이터를 UTF-8로 디코딩했습니다.
2025-09-19 11:33:13,104 - INFO - 스프레드시트 컬럼: ['code', 'title', 'ISBN', 'eISBN', 'publisher', 'g_title', 's_isbn']
2025-09-19 11:33:13,174 - INFO - 도서 정보 데이터베이스 구축 완료: 총 0개의 도서 정보 로드
2025-09-19 11:33:13,176 - INFO - 검토자 정보와 도서 데이터베이스 정보를 매핑합니다...
2025-09-19 11:33:13,179 - INFO - 
===== 검토자 정보 =====
2025-09-19 11:33:13,179 - INFO - [1] 도서코드: 41029, 이름: 이설아, 이메일: 1026seolah@gmail.com
2025-09-19 11:33:13,179 - INFO - [2] 도서코드: 41029, 이름: 최홍인, 이메일: 12200716@dankook.ac.kr
2025-09-19 11:33:13,179 - INFO - [3] 도서코드: 41029, 이름: 박정우, 이메일: 215wjddn@gmail.com
2025-09-19 11:33:13,179 - INFO - [4] 도서코드: 41029, 이름: 이수연, 이메일: 500pelle@gmail.com
2025-09-19 11:33:13,180 - INFO - [5] 도서코드: 41029, 이름: 오아름, 이메일: ahreum@gwnu.ac.kr
2025-09-19 11:33:13,180 - INFO - ... 외 144건
2025-09-19 11:33:13,180 - INFO - =====================

2025-09-19 11:33:15,392 - INFO - 도서 데이터베이스 로드 시작...
2025-09-19 11:33:15,395 - INFO - 구글 스프레드시트에서 도서 데이터베이스 로드 중: https://docs.google.com/spreadsheets/d/18uXAoTIz07WEBzFgCYC5asaOUkLujYgQtezDsmPWiGY/export?format=csv&gid=0
2025-09-19 11:33:16,841 - INFO - 스프레드시트 로드 성공: 3925행 발견
2025-09-19 11:33:16,841 - INFO - 컬럼명 변환 결과: ['도서코드', '도서명', 'ISBN', 'eISBN', '출판사', 'g_title', 's_isbn']
2025-09-19 11:33:16,841 - WARNING - 스프레드시트 컬럼 개수(7)와 기대값(6)이 다릅니다. 실제 컬럼명: ['도서코드', '도서명', 'ISBN', 'eISBN', '출판사', 'g_title', 's_isbn']
2025-09-19 11:33:16,940 - INFO - 도서 데이터베이스 로드 완료: 3925개 도서
2025-09-19 11:33:16,941 - INFO - 출판사별 도서 수: {'한빛아카데미': 849, '한빛미디어': 3076}
2025-09-19 11:33:16,942 - INFO - 웹 드라이버 설정 시작...
2025-09-19 11:33:16,944 - INFO - Chrome 드라이버 설정 시작...
2025-09-19 11:33:16,945 - INFO - config.py에서 크롬 브라우저 경로 사용: C:\Program Files\Google\Chrome\Application\chrome.exe
2025-09-19 11:33:16,945 - INFO - ChromeDriverManager를 사용하여 드라이버 다운로드 중...
2025-09-19 11:33:16,945 - INFO - ====== WebDriver manager ======
2025-09-19 11:33:17,518 - INFO - Get LATEST chromedriver version for google-chrome
2025-09-19 11:33:17,772 - INFO - Get LATEST chromedriver version for google-chrome
2025-09-19 11:33:18,018 - INFO - Driver [C:\Users\taejin\.wdm\drivers\chromedriver\win64\140.0.7339.185\chromedriver-win32/chromedriver.exe] found in cache
2025-09-19 11:33:18,018 - INFO - 크롬 드라이버 다운로드 성공: C:\Users\taejin\.wdm\drivers\chromedriver\win64\140.0.7339.185\chromedriver-win32/chromedriver.exe
2025-09-19 11:33:19,040 - INFO - 자동화 감지 방지 스크립트 실행 완료
2025-09-19 11:33:19,040 - INFO - Chrome 드라이버 설정 완료
2025-09-19 11:33:19,040 - INFO - Google 로그인 시도...
2025-09-19 11:33:19,043 - INFO - Google Play Books 파트너스 센터로 이동: https://play.google.com/books/publish/u/0/?hl=ko
2025-09-19 11:33:23,292 - INFO - 현재 URL: https://accounts.google.com/v3/signin/identifier?continue=https%3A%2F%2Fplay.google.com%2Fbooks%2Fpublish%2Fredirect&followup=https%3A%2F%2Fplay.google.com%2Fbooks%2Fpublish%2Fredirect&ifkv=AfYwgwWQSZWiChC5SHYEk0fFox4v-5uxIFIGoiu_0-pWcxvgDPIQlir35sDcxPaKSdMuJfFUzn6aDw&passive=1209600&service=printpublisher&flowName=GlifWebSignIn&flowEntry=ServiceLogin&dsh=S-368178713%3A1758249205346987
2025-09-19 11:33:23,293 - INFO - ============================================================
2025-09-19 11:33:23,293 - INFO - 🔐 Google Play Books 파트너스 센터 로그인이 필요합니다.
2025-09-19 11:33:23,293 - INFO - 📌 브라우저 창에서 다음 단계를 진행해주세요:
2025-09-19 11:33:23,293 - INFO -    1. Google 계정으로 로그인
2025-09-19 11:33:23,293 - INFO -    2. 2단계 인증 완료 (필요한 경우)
2025-09-19 11:33:23,293 - INFO -    3. Google Play Books 파트너스 센터 대시보드가 표시될 때까지 대기
2025-09-19 11:33:23,293 - INFO - ============================================================
2025-09-19 11:33:46,146 - INFO - ✅ 사용자가 로그인 완료를 확인했습니다.
2025-09-19 11:33:46,150 - INFO - ====== 출판사 '한빛아카데미' 처리 시작 ======
2025-09-19 11:33:46,150 - INFO - 도서 '교재)생성형 AI 활용과 실습' (코드: 41029, ISBN: 9791173400292) 처리 시작
2025-09-19 11:33:46,150 - INFO - 검토자 149명 등록 예정
2025-09-19 11:33:46,157 - INFO - 도서 검색 시작 - 도서코드: 41029
2025-09-19 11:33:46,157 - INFO - 도서 정보 - 제목: 교재)생성형 AI 활용과 실습, ISBN: 9791173400292, eISBN: 9791173409738, 출판사: 한빛아카데미
2025-09-19 11:33:46,158 - INFO - 출판사 '한빛아카데미'의 도서 목록 페이지로 이동: https://play.google.com/books/publish/a/535699340789858766#list?sortby=last_updated&sortdir=desc&publisher=한빛아카데미
2025-09-19 11:33:48,168 - INFO - 도서 목록 페이지 로드 완료
2025-09-19 11:33:50,189 - INFO - 페이지 요소 로드 대기 완료
2025-09-19 11:33:50,191 - INFO - 출판사 선택 드롭다운 클릭 시도... (대상 출판사: 한빛아카데미)
2025-09-19 11:33:50,268 - INFO - 출판사 선택 드롭다운 열기 성공
2025-09-19 11:33:52,268 - INFO - 선택할 출판사: 한빛아카데미
2025-09-19 11:33:54,527 - INFO - 한빛아카데미 출판사 선택 성공
2025-09-19 11:33:56,528 - INFO - 검색창에 도서명 '생성형 AI 활용과 실습: 챗GPT부터 코파일럿까지 따라 하며 익히는 AI 활용 가이드' 입력 시도...
2025-09-19 11:34:02,839 - INFO - 도서명 검색 입력 완료
2025-09-19 11:34:02,840 - INFO - 검색 결과 중 첫 번째 도서 클릭 시도...
2025-09-19 11:34:02,902 - INFO - 첫 번째 도서 클릭 성공: /html/body/pfe-app/partner-center/div[2]/div/ng-component/ng-component/div/catalog-table/div/table/tbody/tr/td[1]/div/div/a
2025-09-19 11:34:05,903 - INFO - 도서 '교재)생성형 AI 활용과 실습' (ISBN: 9791173400292) 검색 및 선택 완료
2025-09-19 11:34:05,903 - INFO - 총 149명의 검토자를 일괄 등록합니다
2025-09-19 11:34:05,903 - INFO - [1/149] 검토자 '이설아' (이메일: 1026seolah@gmail.com) 등록 시도 중...
2025-09-19 11:34:05,904 - INFO - 검토자 추가 시작: 1026seolah@gmail.com
2025-09-19 11:34:05,908 - INFO - 콘텐츠 검토 페이지로 이동합니다...
2025-09-19 11:34:08,024 - INFO - 콘텐츠 검토 아이템 클릭 성공
2025-09-19 11:34:14,029 - INFO - 이메일 '1026seolah@gmail.com' 입력 시도...
2025-09-19 11:34:14,044 - INFO - 페이지에서 1개의 입력 필드를 발견했습니다
2025-09-19 11:34:14,055 - INFO - 이메일 입력 필드를 찾았습니다
2025-09-19 11:34:14,119 - INFO - 이메일 '1026seolah@gmail.com' 입력 완료
2025-09-19 11:34:14,142 - INFO - Enter 키로 제출 완료
2025-09-19 11:34:14,143 - INFO - 다음 이메일 입력을 위해 7초 대기...
2025-09-19 11:34:21,169 - INFO - 입력 필드가 비워짐 - 이메일이 성공적으로 제출됨
2025-09-19 11:34:21,169 - INFO - 검토자 '1026seolah@gmail.com' 등록 완료
2025-09-19 11:34:21,169 - INFO - ✅ [1/149] 검토자 '이설아' (이메일: 1026seolah@gmail.com) 등록 시도 성공
2025-09-19 11:34:21,670 - INFO - [2/149] 검토자 '최홍인' (이메일: 12200716@dankook.ac.kr) 등록 시도 중...
2025-09-19 11:34:21,671 - INFO - 검토자 추가 시작: 12200716@dankook.ac.kr
2025-09-19 11:34:21,681 - INFO - 콘텐츠 검토 페이지로 이동합니다...
2025-09-19 11:34:23,762 - INFO - 콘텐츠 검토 아이템 클릭 성공 (대안 XPath)
2025-09-19 11:34:29,776 - INFO - 이메일 '12200716@dankook.ac.kr' 입력 시도...
2025-09-19 11:34:29,783 - INFO - 페이지에서 0개의 입력 필드를 발견했습니다
2025-09-19 11:34:29,822 - ERROR - 이메일 입력 필드를 찾을 수 없습니다
2025-09-19 11:34:31,772 - INFO - 페이지를 새로고침하고 다시 시도합니다...
2025-09-19 11:34:34,796 - ERROR - 최종적으로 이메일 입력 필드를 찾을 수 없습니다
2025-09-19 11:34:34,965 - INFO - 입력 필드 없음 스크린샷 저장: no_input_field_20250919_113434.png
2025-09-19 11:34:34,966 - WARNING - ❌ [2/149] 검토자 '최홍인' (이메일: 12200716@dankook.ac.kr) 등록 실패
2025-09-19 11:34:35,466 - INFO - [3/149] 검토자 '박정우' (이메일: 215wjddn@gmail.com) 등록 시도 중...
2025-09-19 11:34:35,467 - INFO - 검토자 추가 시작: 215wjddn@gmail.com
2025-09-19 11:34:35,471 - INFO - 콘텐츠 검토 페이지로 이동합니다...
2025-09-19 11:34:37,474 - ERROR - 콘텐츠 검토 아이템 클릭 실패: Message: invalid session id: session deleted as the browser has closed the connection
from disconnected: not connected to DevTools
  (Session info: chrome=140.0.7339.128); For documentation on this error, please visit: https://www.selenium.dev/documentation/webdriver/troubleshooting/errors#invalidsessionidexception
Stacktrace:
	GetHandleVerifier [0x0x1140c13+66051]
	GetHandleVerifier [0x0x1140c54+66116]
	(No symbol) [0x0xf1db33]
	(No symbol) [0x0xf0cfd0]
	(No symbol) [0x0xf2b6db]
	(No symbol) [0x0xf909b5]
	(No symbol) [0x0xfab109]
	(No symbol) [0x0xf89d86]
	(No symbol) [0x0xf5b53e]
	(No symbol) [0x0xf5c414]
	GetHandleVerifier [0x0x1388a13+2457603]
	GetHandleVerifier [0x0x13839d2+2437058]
	GetHandleVerifier [0x0x11697f2+232930]
	GetHandleVerifier [0x0x1159a18+167944]
	GetHandleVerifier [0x0x116092d+196381]
	GetHandleVerifier [0x0x1148ee8+99544]
	GetHandleVerifier [0x0x1149082+99954]
	GetHandleVerifier [0x0x113322a+10266]
	timeGetTime [0x0x75af8708+728232]
	timeGetTime [0x0x75a4e81c+32188]
	fltused [0x0x7749fc4c+525064]
	fltused [0x0x7749fba8+524900]
	fltused [0x0x7757968c+1416520]

2025-09-19 11:34:37,474 - WARNING - ❌ [3/149] 검토자 '박정우' (이메일: 215wjddn@gmail.com) 등록 실패
