2025-09-14 10:21:05,142 - INFO - 전자책 검토자 자동 등록 시스템 시작
2025-09-14 10:21:08,421 - INFO - 엑셀 파일 읽기 성공: C:/Users/taejin/Downloads/전자책견본처리현황_2025-06-14 ~ 2025-09-14.xls
2025-09-14 10:21:08,421 - INFO - 총 4개의 행이 발견됨
2025-09-14 10:21:08,423 - INFO - 유효한 데이터: 4개 행
2025-09-14 10:21:10,654 - INFO - 웹 드라이버 설정 시작...
2025-09-14 10:21:10,659 - INFO - Chrome 드라이버 설정 시작...
2025-09-14 10:21:10,659 - INFO - config.py에서 크롬 브라우저 경로 사용: C:\Program Files\Google\Chrome\Application\chrome.exe
2025-09-14 10:21:10,662 - INFO - ChromeDriverManager를 사용하여 드라이버 다운로드 중...
2025-09-14 10:21:10,663 - INFO - ====== WebDriver manager ======
2025-09-14 10:21:11,639 - INFO - Get LATEST chromedriver version for google-chrome
2025-09-14 10:21:12,042 - INFO - Get LATEST chromedriver version for google-chrome
2025-09-14 10:21:12,366 - INFO - There is no [win64] chromedriver "140.0.7339.82" for browser google-chrome "140.0.7339" in cache
2025-09-14 10:21:12,367 - INFO - Get LATEST chromedriver version for google-chrome
2025-09-14 10:21:13,203 - INFO - WebDriver version 140.0.7339.82 selected
2025-09-14 10:21:13,208 - INFO - Modern chrome version https://storage.googleapis.com/chrome-for-testing-public/140.0.7339.82/win32/chromedriver-win32.zip
2025-09-14 10:21:13,209 - INFO - About to download new driver from https://storage.googleapis.com/chrome-for-testing-public/140.0.7339.82/win32/chromedriver-win32.zip
2025-09-14 10:21:13,551 - INFO - Driver downloading response is 200
2025-09-14 10:21:13,780 - INFO - Get LATEST chromedriver version for google-chrome
2025-09-14 10:21:15,049 - INFO - Driver has been saved in cache [C:\Users\taejin\.wdm\drivers\chromedriver\win64\140.0.7339.82]
2025-09-14 10:21:15,052 - INFO - 크롬 드라이버 다운로드 성공: C:\Users\taejin\.wdm\drivers\chromedriver\win64\140.0.7339.82\chromedriver-win32/chromedriver.exe
2025-09-14 10:21:27,026 - INFO - 자동화 감지 방지 스크립트 실행 완료
2025-09-14 10:21:27,026 - INFO - Chrome 드라이버 설정 완료
2025-09-14 10:21:27,026 - INFO - Google 로그인 시도...
2025-09-14 10:21:38,649 - INFO - Google 로그인이 필요합니다. 브라우저에서 수동으로 로그인해주세요.
