2025-09-21 13:48:23,335 - INFO - 전자책 검토자 자동 등록 시스템 시작
2025-09-21 13:48:27,381 - INFO - 엑셀 파일 읽기 성공: C:/Users/taejin/Downloads/신규회원 홍보 전자책.xlsx
2025-09-21 13:48:27,381 - INFO - 총 58개의 행이 발견됨
2025-09-21 13:48:27,381 - INFO - 엑셀 파일 컬럼: ['접수일', '발송유형', '발송자', '이름', '이메일', '지메일', '휴대전화', '소속학교', '도서코드', '도서명', '처리일', '열람기한', '강의대학', '강의학과', '강의명']
2025-09-21 13:48:27,386 - INFO - 유효한 데이터: 58개 행
2025-09-21 13:48:27,394 - INFO - 검토자 데이터 샘플:
 이름  도서코드                  지메일
박철헌 41029 majamoolse@gmail.com
정준영 41029  mango0727@gmail.com
정대영 41029   metal526@gmail.com
2025-09-21 13:48:27,399 - INFO - 구글 스프레드시트에서 도서 정보 데이터베이스를 구축합니다...
2025-09-21 13:48:27,399 - INFO - Google 스프레드시트 URL에서 도서 정보 데이터베이스 읽기 시도: https://docs.google.com/spreadsheets/d/18uXAoTIz07WEBzFgCYC5asaOUkLujYgQtezDsmPWiGY/export?format=csv&gid=0
2025-09-21 13:48:30,140 - INFO - 스프레드시트 데이터를 UTF-8로 디코딩했습니다.
2025-09-21 13:48:30,175 - INFO - 스프레드시트 컬럼: ['code', 'title', 'ISBN', 'eISBN', 'publisher', 'g_title', 's_isbn']
2025-09-21 13:48:30,270 - INFO - 도서 정보 데이터베이스 구축 완료: 총 0개의 도서 정보 로드
2025-09-21 13:48:30,277 - INFO - 검토자 정보와 도서 데이터베이스 정보를 매핑합니다...
2025-09-21 13:48:30,279 - INFO - 
===== 검토자 정보 =====
2025-09-21 13:48:30,279 - INFO - [1] 도서코드: 41029, 이름: 박철헌, 이메일: majamoolse@gmail.com
2025-09-21 13:48:30,279 - INFO - [2] 도서코드: 41029, 이름: 정준영, 이메일: mango0727@gmail.com
2025-09-21 13:48:30,280 - INFO - [3] 도서코드: 41029, 이름: 정대영, 이메일: metal526@gmail.com
2025-09-21 13:48:30,280 - INFO - [4] 도서코드: 41029, 이름: 김형래, 이메일: micheon@gmail.com
2025-09-21 13:48:30,280 - INFO - [5] 도서코드: 41029, 이름: 정명진, 이메일: mjjung@jwu.ac.kr
2025-09-21 13:48:30,280 - INFO - ... 외 53건
2025-09-21 13:48:30,280 - INFO - =====================

2025-09-21 13:48:34,017 - INFO - 도서 데이터베이스 로드 시작...
2025-09-21 13:48:34,022 - INFO - 구글 스프레드시트에서 도서 데이터베이스 로드 중: https://docs.google.com/spreadsheets/d/18uXAoTIz07WEBzFgCYC5asaOUkLujYgQtezDsmPWiGY/export?format=csv&gid=0
2025-09-21 13:48:36,324 - INFO - 스프레드시트 로드 성공: 3925행 발견
2025-09-21 13:48:36,329 - INFO - 컬럼명 변환 결과: ['도서코드', '도서명', 'ISBN', 'eISBN', '출판사', 'g_title', 's_isbn']
2025-09-21 13:48:36,329 - WARNING - 스프레드시트 컬럼 개수(7)와 기대값(6)이 다릅니다. 실제 컬럼명: ['도서코드', '도서명', 'ISBN', 'eISBN', '출판사', 'g_title', 's_isbn']
2025-09-21 13:48:36,463 - INFO - 도서 데이터베이스 로드 완료: 3925개 도서
2025-09-21 13:48:36,464 - INFO - 출판사별 도서 수: {'한빛아카데미': 849, '한빛미디어': 3076}
2025-09-21 13:48:36,467 - INFO - 웹 드라이버 설정 시작...
2025-09-21 13:48:36,469 - INFO - Chrome 드라이버 설정 시작...
2025-09-21 13:48:36,470 - INFO - config.py에서 크롬 브라우저 경로 사용: C:\Program Files\Google\Chrome\Application\chrome.exe
2025-09-21 13:48:36,470 - INFO - ChromeDriverManager를 사용하여 드라이버 다운로드 중...
2025-09-21 13:48:36,470 - INFO - ====== WebDriver manager ======
2025-09-21 13:48:37,371 - INFO - Get LATEST chromedriver version for google-chrome
2025-09-21 13:48:37,704 - INFO - Get LATEST chromedriver version for google-chrome
2025-09-21 13:48:38,005 - INFO - Get LATEST chromedriver version for google-chrome
2025-09-21 13:48:38,885 - INFO - WebDriver version 140.0.7339.185 selected
2025-09-21 13:48:38,890 - INFO - Modern chrome version https://storage.googleapis.com/chrome-for-testing-public/140.0.7339.185/win32/chromedriver-win32.zip
2025-09-21 13:48:38,891 - INFO - About to download new driver from https://storage.googleapis.com/chrome-for-testing-public/140.0.7339.185/win32/chromedriver-win32.zip
2025-09-21 13:48:39,250 - INFO - Driver downloading response is 200
2025-09-21 13:48:39,429 - INFO - Get LATEST chromedriver version for google-chrome
2025-09-21 13:48:40,616 - INFO - Driver has been saved in cache [C:\Users\taejin\.wdm\drivers\chromedriver\win64\140.0.7339.185]
2025-09-21 13:48:40,618 - INFO - 크롬 드라이버 다운로드 성공: C:\Users\taejin\.wdm\drivers\chromedriver\win64\140.0.7339.185\chromedriver-win32/chromedriver.exe
2025-09-21 13:48:52,474 - INFO - 자동화 감지 방지 스크립트 실행 완료
2025-09-21 13:48:52,474 - INFO - Chrome 드라이버 설정 완료
2025-09-21 13:48:52,475 - INFO - Google 로그인 시도...
2025-09-21 13:48:52,476 - INFO - Google Play Books 파트너스 센터로 이동: https://play.google.com/books/publish/u/0/?hl=ko
2025-09-21 13:48:56,319 - INFO - 현재 URL: https://accounts.google.com/v3/signin/identifier?continue=https%3A%2F%2Fplay.google.com%2Fbooks%2Fpublish%2Fredirect&followup=https%3A%2F%2Fplay.google.com%2Fbooks%2Fpublish%2Fredirect&ifkv=AfYwgwVCeTQdDXhUF_my2NHSICj6I2AT6aTcdDEjFw0NC-Fjp371lW3G9gOmHbOmyKxF3qIeoGNfRg&passive=1209600&service=printpublisher&flowName=GlifWebSignIn&flowEntry=ServiceLogin&dsh=S-266211904%3A1758430133327901
2025-09-21 13:48:56,320 - INFO - ============================================================
2025-09-21 13:48:56,322 - INFO - 🔐 Google Play Books 파트너스 센터 로그인이 필요합니다.
2025-09-21 13:48:56,322 - INFO - 📌 브라우저 창에서 다음 단계를 진행해주세요:
2025-09-21 13:48:56,322 - INFO -    1. Google 계정으로 로그인
2025-09-21 13:48:56,322 - INFO -    2. 2단계 인증 완료 (필요한 경우)
2025-09-21 13:48:56,323 - INFO -    3. Google Play Books 파트너스 센터 대시보드가 표시될 때까지 대기
2025-09-21 13:48:56,323 - INFO - ============================================================
2025-09-21 13:49:35,922 - INFO - ✅ 사용자가 로그인 완료를 확인했습니다.
2025-09-21 13:49:35,924 - INFO - ====== 출판사 '한빛아카데미' 처리 시작 ======
2025-09-21 13:49:35,924 - INFO - 도서 '교재)생성형 AI 활용과 실습' (코드: 41029, ISBN: 9791173400292) 처리 시작
2025-09-21 13:49:35,924 - INFO - 검토자 58명 등록 예정
2025-09-21 13:49:35,926 - INFO - 도서 검색 시작 - 도서코드: 41029
2025-09-21 13:49:35,927 - INFO - 도서 정보 - 제목: 교재)생성형 AI 활용과 실습, ISBN: 9791173400292, eISBN: 9791173409738, 출판사: 한빛아카데미
2025-09-21 13:49:35,927 - INFO - 출판사 '한빛아카데미'의 도서 목록 페이지로 이동: https://play.google.com/books/publish/a/535699340789858766#list?sortby=last_updated&sortdir=desc&publisher=한빛아카데미
2025-09-21 13:49:37,940 - INFO - 도서 목록 페이지 로드 완료
2025-09-21 13:49:39,977 - INFO - 페이지 요소 로드 대기 완료
2025-09-21 13:49:39,984 - INFO - 출판사 선택 드롭다운 클릭 시도... (대상 출판사: 한빛아카데미)
2025-09-21 13:49:40,328 - INFO - 출판사 선택 드롭다운 열기 성공
2025-09-21 13:49:42,337 - INFO - 선택할 출판사: 한빛아카데미
2025-09-21 13:49:44,915 - INFO - 한빛아카데미 출판사 선택 성공
2025-09-21 13:49:46,915 - INFO - 검색창에 도서명 '생성형 AI 활용과 실습: 챗GPT부터 코파일럿까지 따라 하며 익히는 AI 활용 가이드' 입력 시도...
2025-09-21 13:49:53,324 - INFO - 도서명 검색 입력 완료
2025-09-21 13:49:53,326 - INFO - 검색 결과 중 첫 번째 도서 클릭 시도...
2025-09-21 13:49:53,396 - INFO - 첫 번째 도서 클릭 성공: /html/body/pfe-app/partner-center/div[2]/div/ng-component/ng-component/div/catalog-table/div/table/tbody/tr/td[1]/div/div/a
2025-09-21 13:49:56,397 - INFO - 도서 '교재)생성형 AI 활용과 실습' (ISBN: 9791173400292) 검색 및 선택 완료
2025-09-21 13:49:56,397 - INFO - 총 58명의 검토자를 일괄 등록합니다
2025-09-21 13:49:56,397 - INFO - [1/58] 검토자 '박철헌' (이메일: majamoolse@gmail.com) 등록 시도 중...
2025-09-21 13:49:56,398 - INFO - 검토자 추가 시작: majamoolse@gmail.com
2025-09-21 13:49:56,398 - INFO - 콘텐츠 검토 페이지로 이동합니다...
2025-09-21 13:49:56,555 - INFO - /html/body/pfe-app/partner-center/div[2]/div/ng-component/ng-component/mat-nav-list/div/nav/a[2]/span/span/div/span XPath 클릭 성공
2025-09-21 13:49:59,609 - INFO - 이메일 'majamoolse@gmail.com' 입력 시도...
2025-09-21 13:49:59,716 - INFO - 이메일 입력 필드를 찾았습니다
2025-09-21 13:49:59,891 - INFO - 이메일 'majamoolse@gmail.com' 입력 완료
2025-09-21 13:49:59,924 - INFO - Enter 키로 제출 완료
2025-09-21 13:49:59,924 - INFO - 이메일 'majamoolse@gmail.com'이(가) 검토자 목록에 나타날 때까지 대기...
2025-09-21 13:50:05,147 - INFO - 이메일 'majamoolse@gmail.com'이(가) 검토자 목록에 표시됨. 3초 후 다음 등록으로 진행.
2025-09-21 13:50:08,148 - INFO - [process_registration] 등록 후 5초 대기...
2025-09-21 13:50:13,163 - INFO - ✅ [1/58] 검토자 '박철헌' (이메일: majamoolse@gmail.com) 등록 시도 성공 (5초 대기 후)
2025-09-21 13:50:13,165 - INFO - [2/58] 검토자 '정준영' (이메일: mango0727@gmail.com) 등록 시도 중...
2025-09-21 13:50:13,166 - INFO - 검토자 추가 시작: mango0727@gmail.com
2025-09-21 13:50:13,166 - INFO - 이미 콘텐츠 검토 페이지에 있습니다. 바로 이메일 입력을 시도합니다.
2025-09-21 13:50:14,173 - INFO - 이메일 'mango0727@gmail.com' 입력 시도...
2025-09-21 13:50:14,250 - INFO - 이메일 입력 필드를 찾았습니다
2025-09-21 13:50:14,435 - INFO - 이메일 'mango0727@gmail.com' 입력 완료
2025-09-21 13:50:14,481 - INFO - Enter 키로 제출 완료
2025-09-21 13:50:14,482 - INFO - 이메일 'mango0727@gmail.com'이(가) 검토자 목록에 나타날 때까지 대기...
2025-09-21 13:50:19,809 - INFO - 이메일 'mango0727@gmail.com'이(가) 검토자 목록에 표시됨. 3초 후 다음 등록으로 진행.
2025-09-21 13:50:22,810 - INFO - [process_registration] 등록 후 5초 대기...
2025-09-21 13:50:27,845 - INFO - ✅ [2/58] 검토자 '정준영' (이메일: mango0727@gmail.com) 등록 시도 성공 (5초 대기 후)
2025-09-21 13:50:27,847 - INFO - [3/58] 검토자 '정대영' (이메일: metal526@gmail.com) 등록 시도 중...
2025-09-21 13:50:27,847 - INFO - 검토자 추가 시작: metal526@gmail.com
2025-09-21 13:50:27,847 - INFO - 이미 콘텐츠 검토 페이지에 있습니다. 바로 이메일 입력을 시도합니다.
2025-09-21 13:50:28,849 - INFO - 이메일 'metal526@gmail.com' 입력 시도...
2025-09-21 13:50:28,898 - INFO - 이메일 입력 필드를 찾았습니다
2025-09-21 13:50:28,962 - INFO - 이메일 'metal526@gmail.com' 입력 완료
2025-09-21 13:50:29,001 - INFO - Enter 키로 제출 완료
2025-09-21 13:50:29,001 - INFO - 이메일 'metal526@gmail.com'이(가) 검토자 목록에 나타날 때까지 대기...
2025-09-21 13:50:34,196 - INFO - 이메일 'metal526@gmail.com'이(가) 검토자 목록에 표시됨. 3초 후 다음 등록으로 진행.
2025-09-21 13:50:37,197 - INFO - [process_registration] 등록 후 5초 대기...
2025-09-21 13:50:42,199 - INFO - ✅ [3/58] 검토자 '정대영' (이메일: metal526@gmail.com) 등록 시도 성공 (5초 대기 후)
2025-09-21 13:50:42,202 - INFO - [4/58] 검토자 '김형래' (이메일: micheon@gmail.com) 등록 시도 중...
2025-09-21 13:50:42,203 - INFO - 검토자 추가 시작: micheon@gmail.com
2025-09-21 13:50:42,203 - INFO - 이미 콘텐츠 검토 페이지에 있습니다. 바로 이메일 입력을 시도합니다.
2025-09-21 13:50:43,204 - INFO - 이메일 'micheon@gmail.com' 입력 시도...
2025-09-21 13:50:43,269 - INFO - 이메일 입력 필드를 찾았습니다
2025-09-21 13:50:43,402 - INFO - 이메일 'micheon@gmail.com' 입력 완료
2025-09-21 13:50:43,444 - INFO - Enter 키로 제출 완료
2025-09-21 13:50:43,445 - INFO - 이메일 'micheon@gmail.com'이(가) 검토자 목록에 나타날 때까지 대기...
2025-09-21 13:50:48,686 - INFO - 이메일 'micheon@gmail.com'이(가) 검토자 목록에 표시됨. 3초 후 다음 등록으로 진행.
2025-09-21 13:50:51,687 - INFO - [process_registration] 등록 후 5초 대기...
2025-09-21 13:50:56,691 - INFO - ✅ [4/58] 검토자 '김형래' (이메일: micheon@gmail.com) 등록 시도 성공 (5초 대기 후)
2025-09-21 13:50:56,695 - INFO - [5/58] 검토자 '정명진' (이메일: mjjung@jwu.ac.kr) 등록 시도 중...
2025-09-21 13:50:56,696 - INFO - 검토자 추가 시작: mjjung@jwu.ac.kr
2025-09-21 13:50:56,696 - INFO - 이미 콘텐츠 검토 페이지에 있습니다. 바로 이메일 입력을 시도합니다.
2025-09-21 13:50:57,697 - INFO - 이메일 'mjjung@jwu.ac.kr' 입력 시도...
2025-09-21 13:50:57,773 - INFO - 이메일 입력 필드를 찾았습니다
2025-09-21 13:50:57,922 - INFO - 이메일 'mjjung@jwu.ac.kr' 입력 완료
2025-09-21 13:50:57,948 - INFO - Enter 키로 제출 완료
2025-09-21 13:50:57,948 - INFO - 이메일 'mjjung@jwu.ac.kr'이(가) 검토자 목록에 나타날 때까지 대기...
2025-09-21 13:51:01,916 - INFO - 이메일 'mjjung@jwu.ac.kr'이(가) 검토자 목록에 표시됨. 3초 후 다음 등록으로 진행.
2025-09-21 13:51:04,918 - INFO - [process_registration] 등록 후 5초 대기...
2025-09-21 13:51:09,922 - INFO - ✅ [5/58] 검토자 '정명진' (이메일: mjjung@jwu.ac.kr) 등록 시도 성공 (5초 대기 후)
2025-09-21 13:51:09,924 - INFO - [6/58] 검토자 '김진수' (이메일: nemokjs1@gmail.com) 등록 시도 중...
2025-09-21 13:51:09,925 - INFO - 검토자 추가 시작: nemokjs1@gmail.com
2025-09-21 13:51:09,927 - INFO - 이미 콘텐츠 검토 페이지에 있습니다. 바로 이메일 입력을 시도합니다.
2025-09-21 13:51:10,935 - INFO - 이메일 'nemokjs1@gmail.com' 입력 시도...
2025-09-21 13:51:10,988 - INFO - 이메일 입력 필드를 찾았습니다
2025-09-21 13:51:11,083 - INFO - 이메일 'nemokjs1@gmail.com' 입력 완료
2025-09-21 13:51:11,117 - INFO - Enter 키로 제출 완료
2025-09-21 13:51:11,117 - INFO - 이메일 'nemokjs1@gmail.com'이(가) 검토자 목록에 나타날 때까지 대기...
2025-09-21 13:51:16,421 - INFO - 이메일 'nemokjs1@gmail.com'이(가) 검토자 목록에 표시됨. 3초 후 다음 등록으로 진행.
2025-09-21 13:51:19,424 - INFO - [process_registration] 등록 후 5초 대기...
2025-09-21 13:51:24,434 - INFO - ✅ [6/58] 검토자 '김진수' (이메일: nemokjs1@gmail.com) 등록 시도 성공 (5초 대기 후)
2025-09-21 13:51:24,441 - INFO - [7/58] 검토자 '김정이' (이메일: odikim@gmail.com) 등록 시도 중...
2025-09-21 13:51:24,441 - INFO - 검토자 추가 시작: odikim@gmail.com
2025-09-21 13:51:24,441 - INFO - 이미 콘텐츠 검토 페이지에 있습니다. 바로 이메일 입력을 시도합니다.
2025-09-21 13:51:25,442 - INFO - 이메일 'odikim@gmail.com' 입력 시도...
2025-09-21 13:51:25,487 - INFO - 이메일 입력 필드를 찾았습니다
2025-09-21 13:51:25,673 - INFO - 이메일 'odikim@gmail.com' 입력 완료
2025-09-21 13:51:25,770 - INFO - Enter 키로 제출 완료
2025-09-21 13:51:25,770 - INFO - 이메일 'odikim@gmail.com'이(가) 검토자 목록에 나타날 때까지 대기...
2025-09-21 13:51:30,144 - INFO - 이메일 'odikim@gmail.com'이(가) 검토자 목록에 표시됨. 3초 후 다음 등록으로 진행.
2025-09-21 13:51:33,152 - INFO - [process_registration] 등록 후 5초 대기...
2025-09-21 13:51:38,161 - INFO - ✅ [7/58] 검토자 '김정이' (이메일: odikim@gmail.com) 등록 시도 성공 (5초 대기 후)
2025-09-21 13:51:38,162 - INFO - [8/58] 검토자 '오용희' (이메일: oryong@gmail.com) 등록 시도 중...
2025-09-21 13:51:38,162 - INFO - 검토자 추가 시작: oryong@gmail.com
2025-09-21 13:51:38,162 - INFO - 이미 콘텐츠 검토 페이지에 있습니다. 바로 이메일 입력을 시도합니다.
2025-09-21 13:51:39,163 - INFO - 이메일 'oryong@gmail.com' 입력 시도...
2025-09-21 13:51:39,268 - INFO - 이메일 입력 필드를 찾았습니다
2025-09-21 13:51:39,357 - INFO - 이메일 'oryong@gmail.com' 입력 완료
2025-09-21 13:51:39,395 - INFO - Enter 키로 제출 완료
2025-09-21 13:51:39,395 - INFO - 이메일 'oryong@gmail.com'이(가) 검토자 목록에 나타날 때까지 대기...
2025-09-21 13:51:43,848 - INFO - 이메일 'oryong@gmail.com'이(가) 검토자 목록에 표시됨. 3초 후 다음 등록으로 진행.
2025-09-21 13:51:46,851 - INFO - [process_registration] 등록 후 5초 대기...
2025-09-21 13:51:51,852 - INFO - ✅ [8/58] 검토자 '오용희' (이메일: oryong@gmail.com) 등록 시도 성공 (5초 대기 후)
2025-09-21 13:51:51,854 - INFO - [9/58] 검토자 '박건철' (이메일: parkkc07@tukorea.ac.kr) 등록 시도 중...
2025-09-21 13:51:51,854 - INFO - 검토자 추가 시작: parkkc07@tukorea.ac.kr
2025-09-21 13:51:51,855 - INFO - 이미 콘텐츠 검토 페이지에 있습니다. 바로 이메일 입력을 시도합니다.
2025-09-21 13:51:52,855 - INFO - 이메일 'parkkc07@tukorea.ac.kr' 입력 시도...
2025-09-21 13:51:52,884 - INFO - 이메일 입력 필드를 찾았습니다
2025-09-21 13:51:52,967 - INFO - 이메일 'parkkc07@tukorea.ac.kr' 입력 완료
2025-09-21 13:51:53,009 - INFO - Enter 키로 제출 완료
2025-09-21 13:51:53,009 - INFO - 이메일 'parkkc07@tukorea.ac.kr'이(가) 검토자 목록에 나타날 때까지 대기...
2025-09-21 13:51:57,391 - INFO - 이메일 'parkkc07@tukorea.ac.kr'이(가) 검토자 목록에 표시됨. 3초 후 다음 등록으로 진행.
2025-09-21 13:52:00,392 - INFO - [process_registration] 등록 후 5초 대기...
2025-09-21 13:52:05,393 - INFO - ✅ [9/58] 검토자 '박건철' (이메일: parkkc07@tukorea.ac.kr) 등록 시도 성공 (5초 대기 후)
2025-09-21 13:52:05,394 - INFO - [10/58] 검토자 '박태동' (이메일: parktd79@gmail.com) 등록 시도 중...
2025-09-21 13:52:05,394 - INFO - 검토자 추가 시작: parktd79@gmail.com
2025-09-21 13:52:05,394 - INFO - 이미 콘텐츠 검토 페이지에 있습니다. 바로 이메일 입력을 시도합니다.
2025-09-21 13:52:06,395 - INFO - 이메일 'parktd79@gmail.com' 입력 시도...
2025-09-21 13:52:06,485 - INFO - 이메일 입력 필드를 찾았습니다
2025-09-21 13:52:06,673 - INFO - 이메일 'parktd79@gmail.com' 입력 완료
2025-09-21 13:52:06,757 - INFO - Enter 키로 제출 완료
2025-09-21 13:52:06,759 - INFO - 이메일 'parktd79@gmail.com'이(가) 검토자 목록에 나타날 때까지 대기...
2025-09-21 13:52:10,971 - INFO - 이메일 'parktd79@gmail.com'이(가) 검토자 목록에 표시됨. 3초 후 다음 등록으로 진행.
2025-09-21 13:52:13,977 - INFO - [process_registration] 등록 후 5초 대기...
2025-09-21 13:52:18,989 - INFO - ✅ [10/58] 검토자 '박태동' (이메일: parktd79@gmail.com) 등록 시도 성공 (5초 대기 후)
2025-09-21 13:52:18,992 - INFO - [11/58] 검토자 '조풍진' (이메일: pjcho@gachon.ac.kr) 등록 시도 중...
2025-09-21 13:52:18,993 - INFO - 검토자 추가 시작: pjcho@gachon.ac.kr
2025-09-21 13:52:18,994 - INFO - 이미 콘텐츠 검토 페이지에 있습니다. 바로 이메일 입력을 시도합니다.
2025-09-21 13:52:19,996 - INFO - 이메일 'pjcho@gachon.ac.kr' 입력 시도...
2025-09-21 13:52:20,063 - INFO - 이메일 입력 필드를 찾았습니다
2025-09-21 13:52:20,292 - INFO - 이메일 'pjcho@gachon.ac.kr' 입력 완료
2025-09-21 13:52:20,403 - INFO - Enter 키로 제출 완료
2025-09-21 13:52:20,404 - INFO - 이메일 'pjcho@gachon.ac.kr'이(가) 검토자 목록에 나타날 때까지 대기...
2025-09-21 13:52:25,312 - INFO - 이메일 'pjcho@gachon.ac.kr'이(가) 검토자 목록에 표시됨. 3초 후 다음 등록으로 진행.
2025-09-21 13:52:28,320 - INFO - [process_registration] 등록 후 5초 대기...
2025-09-21 13:52:33,323 - INFO - ✅ [11/58] 검토자 '조풍진' (이메일: pjcho@gachon.ac.kr) 등록 시도 성공 (5초 대기 후)
2025-09-21 13:52:33,324 - INFO - [12/58] 검토자 '기홍석' (이메일: redstone61500@gmail.com) 등록 시도 중...
2025-09-21 13:52:33,324 - INFO - 검토자 추가 시작: redstone61500@gmail.com
2025-09-21 13:52:33,324 - INFO - 이미 콘텐츠 검토 페이지에 있습니다. 바로 이메일 입력을 시도합니다.
2025-09-21 13:52:34,324 - INFO - 이메일 'redstone61500@gmail.com' 입력 시도...
2025-09-21 13:52:34,349 - INFO - 이메일 입력 필드를 찾았습니다
2025-09-21 13:52:34,434 - INFO - 이메일 'redstone61500@gmail.com' 입력 완료
2025-09-21 13:52:34,483 - INFO - Enter 키로 제출 완료
2025-09-21 13:52:34,484 - INFO - 이메일 'redstone61500@gmail.com'이(가) 검토자 목록에 나타날 때까지 대기...
2025-09-21 13:52:38,930 - INFO - 이메일 'redstone61500@gmail.com'이(가) 검토자 목록에 표시됨. 3초 후 다음 등록으로 진행.
2025-09-21 13:52:41,932 - INFO - [process_registration] 등록 후 5초 대기...
2025-09-21 13:52:46,934 - INFO - ✅ [12/58] 검토자 '기홍석' (이메일: redstone61500@gmail.com) 등록 시도 성공 (5초 대기 후)
2025-09-21 13:52:46,941 - INFO - [13/58] 검토자 '강정욱' (이메일: rkdwjddnr2002@gmail.com) 등록 시도 중...
2025-09-21 13:52:46,942 - INFO - 검토자 추가 시작: rkdwjddnr2002@gmail.com
2025-09-21 13:52:46,942 - INFO - 이미 콘텐츠 검토 페이지에 있습니다. 바로 이메일 입력을 시도합니다.
2025-09-21 13:52:47,943 - INFO - 이메일 'rkdwjddnr2002@gmail.com' 입력 시도...
2025-09-21 13:52:47,998 - INFO - 이메일 입력 필드를 찾았습니다
2025-09-21 13:52:48,093 - INFO - 이메일 'rkdwjddnr2002@gmail.com' 입력 완료
2025-09-21 13:52:48,133 - INFO - Enter 키로 제출 완료
2025-09-21 13:52:48,133 - INFO - 이메일 'rkdwjddnr2002@gmail.com'이(가) 검토자 목록에 나타날 때까지 대기...
2025-09-21 13:52:52,560 - INFO - 이메일 'rkdwjddnr2002@gmail.com'이(가) 검토자 목록에 표시됨. 3초 후 다음 등록으로 진행.
2025-09-21 13:52:55,563 - INFO - [process_registration] 등록 후 5초 대기...
2025-09-21 13:53:00,566 - INFO - ✅ [13/58] 검토자 '강정욱' (이메일: rkdwjddnr2002@gmail.com) 등록 시도 성공 (5초 대기 후)
2025-09-21 13:53:00,566 - INFO - [14/58] 검토자 '주예진' (이메일: rosejoo625@gmail.com) 등록 시도 중...
2025-09-21 13:53:00,567 - INFO - 검토자 추가 시작: rosejoo625@gmail.com
2025-09-21 13:53:00,567 - INFO - 이미 콘텐츠 검토 페이지에 있습니다. 바로 이메일 입력을 시도합니다.
2025-09-21 13:53:01,568 - INFO - 이메일 'rosejoo625@gmail.com' 입력 시도...
2025-09-21 13:53:01,700 - INFO - 이메일 입력 필드를 찾았습니다
2025-09-21 13:53:01,784 - INFO - 이메일 'rosejoo625@gmail.com' 입력 완료
2025-09-21 13:53:01,818 - INFO - Enter 키로 제출 완료
2025-09-21 13:53:01,818 - INFO - 이메일 'rosejoo625@gmail.com'이(가) 검토자 목록에 나타날 때까지 대기...
2025-09-21 13:53:06,157 - INFO - 이메일 'rosejoo625@gmail.com'이(가) 검토자 목록에 표시됨. 3초 후 다음 등록으로 진행.
2025-09-21 13:53:09,158 - INFO - [process_registration] 등록 후 5초 대기...
2025-09-21 13:53:14,159 - INFO - ✅ [14/58] 검토자 '주예진' (이메일: rosejoo625@gmail.com) 등록 시도 성공 (5초 대기 후)
2025-09-21 13:53:14,160 - INFO - [15/58] 검토자 '박정은' (이메일: ruvirabbit@gmail.com) 등록 시도 중...
2025-09-21 13:53:14,160 - INFO - 검토자 추가 시작: ruvirabbit@gmail.com
2025-09-21 13:53:14,161 - INFO - 이미 콘텐츠 검토 페이지에 있습니다. 바로 이메일 입력을 시도합니다.
2025-09-21 13:53:15,161 - INFO - 이메일 'ruvirabbit@gmail.com' 입력 시도...
2025-09-21 13:53:15,206 - INFO - 이메일 입력 필드를 찾았습니다
2025-09-21 13:53:15,285 - INFO - 이메일 'ruvirabbit@gmail.com' 입력 완료
2025-09-21 13:53:15,319 - INFO - Enter 키로 제출 완료
2025-09-21 13:53:15,319 - INFO - 이메일 'ruvirabbit@gmail.com'이(가) 검토자 목록에 나타날 때까지 대기...
2025-09-21 13:53:19,772 - INFO - 이메일 'ruvirabbit@gmail.com'이(가) 검토자 목록에 표시됨. 3초 후 다음 등록으로 진행.
2025-09-21 13:53:22,774 - INFO - [process_registration] 등록 후 5초 대기...
2025-09-21 13:53:27,776 - INFO - ✅ [15/58] 검토자 '박정은' (이메일: ruvirabbit@gmail.com) 등록 시도 성공 (5초 대기 후)
2025-09-21 13:53:27,778 - INFO - [16/58] 검토자 '김신의' (이메일: saltsunny@gmail.com) 등록 시도 중...
2025-09-21 13:53:27,778 - INFO - 검토자 추가 시작: saltsunny@gmail.com
2025-09-21 13:53:27,779 - INFO - 이미 콘텐츠 검토 페이지에 있습니다. 바로 이메일 입력을 시도합니다.
2025-09-21 13:53:28,780 - INFO - 이메일 'saltsunny@gmail.com' 입력 시도...
2025-09-21 13:53:28,843 - INFO - 이메일 입력 필드를 찾았습니다
2025-09-21 13:53:28,936 - INFO - 이메일 'saltsunny@gmail.com' 입력 완료
2025-09-21 13:53:29,002 - INFO - Enter 키로 제출 완료
2025-09-21 13:53:29,007 - INFO - 이메일 'saltsunny@gmail.com'이(가) 검토자 목록에 나타날 때까지 대기...
2025-09-21 13:53:33,802 - INFO - 이메일 'saltsunny@gmail.com'이(가) 검토자 목록에 표시됨. 3초 후 다음 등록으로 진행.
2025-09-21 13:53:36,813 - INFO - [process_registration] 등록 후 5초 대기...
2025-09-21 13:53:41,814 - INFO - ✅ [16/58] 검토자 '김신의' (이메일: saltsunny@gmail.com) 등록 시도 성공 (5초 대기 후)
2025-09-21 13:53:41,815 - INFO - [17/58] 검토자 '문상국' (이메일: sangook@gmail.com) 등록 시도 중...
2025-09-21 13:53:41,815 - INFO - 검토자 추가 시작: sangook@gmail.com
2025-09-21 13:53:41,815 - INFO - 이미 콘텐츠 검토 페이지에 있습니다. 바로 이메일 입력을 시도합니다.
2025-09-21 13:53:42,816 - INFO - 이메일 'sangook@gmail.com' 입력 시도...
2025-09-21 13:53:42,866 - INFO - 이메일 입력 필드를 찾았습니다
2025-09-21 13:53:42,969 - INFO - 이메일 'sangook@gmail.com' 입력 완료
2025-09-21 13:53:43,026 - INFO - Enter 키로 제출 완료
2025-09-21 13:53:43,026 - INFO - 이메일 'sangook@gmail.com'이(가) 검토자 목록에 나타날 때까지 대기...
2025-09-21 13:53:47,733 - INFO - 이메일 'sangook@gmail.com'이(가) 검토자 목록에 표시됨. 3초 후 다음 등록으로 진행.
2025-09-21 13:53:50,739 - INFO - [process_registration] 등록 후 5초 대기...
2025-09-21 13:53:55,741 - INFO - ✅ [17/58] 검토자 '문상국' (이메일: sangook@gmail.com) 등록 시도 성공 (5초 대기 후)
2025-09-21 13:53:55,742 - INFO - [18/58] 검토자 '백승준' (이메일: sbaek@khu.ac.kr) 등록 시도 중...
2025-09-21 13:53:55,742 - INFO - 검토자 추가 시작: sbaek@khu.ac.kr
2025-09-21 13:53:55,744 - INFO - 이미 콘텐츠 검토 페이지에 있습니다. 바로 이메일 입력을 시도합니다.
2025-09-21 13:53:56,745 - INFO - 이메일 'sbaek@khu.ac.kr' 입력 시도...
2025-09-21 13:53:56,806 - INFO - 이메일 입력 필드를 찾았습니다
2025-09-21 13:53:56,933 - INFO - 이메일 'sbaek@khu.ac.kr' 입력 완료
2025-09-21 13:53:56,972 - INFO - Enter 키로 제출 완료
2025-09-21 13:53:56,972 - INFO - 이메일 'sbaek@khu.ac.kr'이(가) 검토자 목록에 나타날 때까지 대기...
2025-09-21 13:54:01,258 - INFO - 이메일 'sbaek@khu.ac.kr'이(가) 검토자 목록에 표시됨. 3초 후 다음 등록으로 진행.
2025-09-21 13:54:04,265 - INFO - [process_registration] 등록 후 5초 대기...
2025-09-21 13:54:09,266 - INFO - ✅ [18/58] 검토자 '백승준' (이메일: sbaek@khu.ac.kr) 등록 시도 성공 (5초 대기 후)
2025-09-21 13:54:09,268 - INFO - [19/58] 검토자 '권순범' (이메일: sbkwon@kookmin.ac.kr) 등록 시도 중...
2025-09-21 13:54:09,268 - INFO - 검토자 추가 시작: sbkwon@kookmin.ac.kr
2025-09-21 13:54:09,268 - INFO - 이미 콘텐츠 검토 페이지에 있습니다. 바로 이메일 입력을 시도합니다.
2025-09-21 13:54:10,272 - INFO - 이메일 'sbkwon@kookmin.ac.kr' 입력 시도...
2025-09-21 13:54:10,314 - INFO - 이메일 입력 필드를 찾았습니다
2025-09-21 13:54:10,415 - INFO - 이메일 'sbkwon@kookmin.ac.kr' 입력 완료
2025-09-21 13:54:10,455 - INFO - Enter 키로 제출 완료
2025-09-21 13:54:10,455 - INFO - 이메일 'sbkwon@kookmin.ac.kr'이(가) 검토자 목록에 나타날 때까지 대기...
2025-09-21 13:54:14,868 - INFO - 이메일 'sbkwon@kookmin.ac.kr'이(가) 검토자 목록에 표시됨. 3초 후 다음 등록으로 진행.
2025-09-21 13:54:17,870 - INFO - [process_registration] 등록 후 5초 대기...
2025-09-21 13:54:22,872 - INFO - ✅ [19/58] 검토자 '권순범' (이메일: sbkwon@kookmin.ac.kr) 등록 시도 성공 (5초 대기 후)
2025-09-21 13:54:22,877 - INFO - [20/58] 검토자 '박진성' (이메일: sdpark99@gachon.ac.kr) 등록 시도 중...
2025-09-21 13:54:22,879 - INFO - 검토자 추가 시작: sdpark99@gachon.ac.kr
2025-09-21 13:54:22,879 - INFO - 이미 콘텐츠 검토 페이지에 있습니다. 바로 이메일 입력을 시도합니다.
2025-09-21 13:54:23,883 - INFO - 이메일 'sdpark99@gachon.ac.kr' 입력 시도...
2025-09-21 13:54:23,958 - INFO - 이메일 입력 필드를 찾았습니다
2025-09-21 13:54:24,082 - INFO - 이메일 'sdpark99@gachon.ac.kr' 입력 완료
2025-09-21 13:54:24,130 - INFO - Enter 키로 제출 완료
2025-09-21 13:54:24,131 - INFO - 이메일 'sdpark99@gachon.ac.kr'이(가) 검토자 목록에 나타날 때까지 대기...
2025-09-21 13:54:30,127 - INFO - 이메일 'sdpark99@gachon.ac.kr'이(가) 검토자 목록에 표시됨. 3초 후 다음 등록으로 진행.
2025-09-21 13:54:33,147 - INFO - [process_registration] 등록 후 5초 대기...
2025-09-21 13:54:38,148 - INFO - ✅ [20/58] 검토자 '박진성' (이메일: sdpark99@gachon.ac.kr) 등록 시도 성공 (5초 대기 후)
2025-09-21 13:54:38,149 - INFO - [21/58] 검토자 '김석' (이메일: seokkim@yonsei.ac.kr) 등록 시도 중...
2025-09-21 13:54:38,149 - INFO - 검토자 추가 시작: seokkim@yonsei.ac.kr
2025-09-21 13:54:38,149 - INFO - 이미 콘텐츠 검토 페이지에 있습니다. 바로 이메일 입력을 시도합니다.
2025-09-21 13:54:39,150 - INFO - 이메일 'seokkim@yonsei.ac.kr' 입력 시도...
2025-09-21 13:54:39,253 - INFO - 이메일 입력 필드를 찾았습니다
2025-09-21 13:54:39,330 - INFO - 이메일 'seokkim@yonsei.ac.kr' 입력 완료
2025-09-21 13:54:39,364 - INFO - Enter 키로 제출 완료
2025-09-21 13:54:39,365 - INFO - 이메일 'seokkim@yonsei.ac.kr'이(가) 검토자 목록에 나타날 때까지 대기...
2025-09-21 13:54:45,310 - INFO - 이메일 'seokkim@yonsei.ac.kr'이(가) 검토자 목록에 표시됨. 3초 후 다음 등록으로 진행.
2025-09-21 13:54:48,315 - INFO - [process_registration] 등록 후 5초 대기...
2025-09-21 13:54:53,320 - INFO - ✅ [21/58] 검토자 '김석' (이메일: seokkim@yonsei.ac.kr) 등록 시도 성공 (5초 대기 후)
2025-09-21 13:54:53,323 - INFO - [22/58] 검토자 '최성환' (이메일: sh.choi@tukorea.ac.kr) 등록 시도 중...
2025-09-21 13:54:53,323 - INFO - 검토자 추가 시작: sh.choi@tukorea.ac.kr
2025-09-21 13:54:53,324 - INFO - 이미 콘텐츠 검토 페이지에 있습니다. 바로 이메일 입력을 시도합니다.
2025-09-21 13:54:54,325 - INFO - 이메일 'sh.choi@tukorea.ac.kr' 입력 시도...
2025-09-21 13:54:54,387 - INFO - 이메일 입력 필드를 찾았습니다
2025-09-21 13:54:54,513 - INFO - 이메일 'sh.choi@tukorea.ac.kr' 입력 완료
2025-09-21 13:54:54,566 - INFO - Enter 키로 제출 완료
2025-09-21 13:54:54,567 - INFO - 이메일 'sh.choi@tukorea.ac.kr'이(가) 검토자 목록에 나타날 때까지 대기...
2025-09-21 13:54:59,178 - INFO - 이메일 'sh.choi@tukorea.ac.kr'이(가) 검토자 목록에 표시됨. 3초 후 다음 등록으로 진행.
2025-09-21 13:55:02,185 - INFO - [process_registration] 등록 후 5초 대기...
2025-09-21 13:55:07,188 - INFO - ✅ [22/58] 검토자 '최성환' (이메일: sh.choi@tukorea.ac.kr) 등록 시도 성공 (5초 대기 후)
2025-09-21 13:55:07,190 - INFO - [23/58] 검토자 '신흥균' (이메일: shk87269@gmail.com) 등록 시도 중...
2025-09-21 13:55:07,190 - INFO - 검토자 추가 시작: shk87269@gmail.com
2025-09-21 13:55:07,190 - INFO - 이미 콘텐츠 검토 페이지에 있습니다. 바로 이메일 입력을 시도합니다.
2025-09-21 13:55:08,193 - INFO - 이메일 'shk87269@gmail.com' 입력 시도...
2025-09-21 13:55:08,259 - INFO - 이메일 입력 필드를 찾았습니다
2025-09-21 13:55:08,402 - INFO - 이메일 'shk87269@gmail.com' 입력 완료
2025-09-21 13:55:08,482 - INFO - Enter 키로 제출 완료
2025-09-21 13:55:08,482 - INFO - 이메일 'shk87269@gmail.com'이(가) 검토자 목록에 나타날 때까지 대기...
2025-09-21 13:55:14,293 - INFO - 이메일 'shk87269@gmail.com'이(가) 검토자 목록에 표시됨. 3초 후 다음 등록으로 진행.
2025-09-21 13:55:17,310 - INFO - [process_registration] 등록 후 5초 대기...
2025-09-21 13:55:22,313 - INFO - ✅ [23/58] 검토자 '신흥균' (이메일: shk87269@gmail.com) 등록 시도 성공 (5초 대기 후)
2025-09-21 13:55:22,317 - INFO - [24/58] 검토자 '신재근' (이메일: sjk0268@gmail.com) 등록 시도 중...
2025-09-21 13:55:22,318 - INFO - 검토자 추가 시작: sjk0268@gmail.com
2025-09-21 13:55:22,318 - INFO - 이미 콘텐츠 검토 페이지에 있습니다. 바로 이메일 입력을 시도합니다.
2025-09-21 13:55:23,319 - INFO - 이메일 'sjk0268@gmail.com' 입력 시도...
2025-09-21 13:55:23,336 - INFO - 이메일 입력 필드를 찾았습니다
2025-09-21 13:55:23,395 - INFO - 이메일 'sjk0268@gmail.com' 입력 완료
2025-09-21 13:55:23,426 - INFO - Enter 키로 제출 완료
2025-09-21 13:55:23,426 - INFO - 이메일 'sjk0268@gmail.com'이(가) 검토자 목록에 나타날 때까지 대기...
2025-09-21 13:55:28,297 - INFO - 이메일 'sjk0268@gmail.com'이(가) 검토자 목록에 표시됨. 3초 후 다음 등록으로 진행.
2025-09-21 13:55:31,302 - INFO - [process_registration] 등록 후 5초 대기...
2025-09-21 13:55:36,303 - INFO - ✅ [24/58] 검토자 '신재근' (이메일: sjk0268@gmail.com) 등록 시도 성공 (5초 대기 후)
2025-09-21 13:55:36,304 - INFO - [25/58] 검토자 '허선경' (이메일: skhur55@gmail.com) 등록 시도 중...
2025-09-21 13:55:36,304 - INFO - 검토자 추가 시작: skhur55@gmail.com
2025-09-21 13:55:36,304 - INFO - 이미 콘텐츠 검토 페이지에 있습니다. 바로 이메일 입력을 시도합니다.
2025-09-21 13:55:37,305 - INFO - 이메일 'skhur55@gmail.com' 입력 시도...
2025-09-21 13:55:37,338 - INFO - 이메일 입력 필드를 찾았습니다
2025-09-21 13:55:37,469 - INFO - 이메일 'skhur55@gmail.com' 입력 완료
2025-09-21 13:55:37,518 - INFO - Enter 키로 제출 완료
2025-09-21 13:55:37,519 - INFO - 이메일 'skhur55@gmail.com'이(가) 검토자 목록에 나타날 때까지 대기...
2025-09-21 13:55:41,850 - INFO - 이메일 'skhur55@gmail.com'이(가) 검토자 목록에 표시됨. 3초 후 다음 등록으로 진행.
2025-09-21 13:55:44,865 - INFO - [process_registration] 등록 후 5초 대기...
2025-09-21 13:55:49,866 - INFO - ✅ [25/58] 검토자 '허선경' (이메일: skhur55@gmail.com) 등록 시도 성공 (5초 대기 후)
2025-09-21 13:55:49,866 - INFO - [26/58] 검토자 '김용이' (이메일: solarview@gmail.com) 등록 시도 중...
2025-09-21 13:55:49,866 - INFO - 검토자 추가 시작: solarview@gmail.com
2025-09-21 13:55:49,866 - INFO - 이미 콘텐츠 검토 페이지에 있습니다. 바로 이메일 입력을 시도합니다.
2025-09-21 13:55:50,867 - INFO - 이메일 'solarview@gmail.com' 입력 시도...
2025-09-21 13:55:50,936 - INFO - 이메일 입력 필드를 찾았습니다
2025-09-21 13:55:51,060 - INFO - 이메일 'solarview@gmail.com' 입력 완료
2025-09-21 13:55:51,149 - INFO - Enter 키로 제출 완료
2025-09-21 13:55:51,149 - INFO - 이메일 'solarview@gmail.com'이(가) 검토자 목록에 나타날 때까지 대기...
2025-09-21 13:55:54,376 - INFO - 이메일 'solarview@gmail.com'이(가) 검토자 목록에 표시됨. 3초 후 다음 등록으로 진행.
2025-09-21 13:55:57,384 - INFO - [process_registration] 등록 후 5초 대기...
2025-09-21 13:56:02,385 - INFO - ✅ [26/58] 검토자 '김용이' (이메일: solarview@gmail.com) 등록 시도 성공 (5초 대기 후)
2025-09-21 13:56:02,386 - INFO - [27/58] 검토자 '전수민' (이메일: soomin.jeon88@gmail.com) 등록 시도 중...
2025-09-21 13:56:02,386 - INFO - 검토자 추가 시작: soomin.jeon88@gmail.com
2025-09-21 13:56:02,386 - INFO - 이미 콘텐츠 검토 페이지에 있습니다. 바로 이메일 입력을 시도합니다.
2025-09-21 13:56:03,388 - INFO - 이메일 'soomin.jeon88@gmail.com' 입력 시도...
2025-09-21 13:56:03,417 - INFO - 이메일 입력 필드를 찾았습니다
2025-09-21 13:56:03,512 - INFO - 이메일 'soomin.jeon88@gmail.com' 입력 완료
2025-09-21 13:56:03,561 - INFO - Enter 키로 제출 완료
2025-09-21 13:56:03,561 - INFO - 이메일 'soomin.jeon88@gmail.com'이(가) 검토자 목록에 나타날 때까지 대기...
2025-09-21 13:56:08,571 - INFO - 이메일 'soomin.jeon88@gmail.com'이(가) 검토자 목록에 표시됨. 3초 후 다음 등록으로 진행.
2025-09-21 13:56:11,578 - INFO - [process_registration] 등록 후 5초 대기...
2025-09-21 13:56:16,581 - INFO - ✅ [27/58] 검토자 '전수민' (이메일: soomin.jeon88@gmail.com) 등록 시도 성공 (5초 대기 후)
2025-09-21 13:56:16,584 - INFO - [28/58] 검토자 '박순만' (이메일: soonmai@gmail.com) 등록 시도 중...
2025-09-21 13:56:16,584 - INFO - 검토자 추가 시작: soonmai@gmail.com
2025-09-21 13:56:16,585 - INFO - 이미 콘텐츠 검토 페이지에 있습니다. 바로 이메일 입력을 시도합니다.
2025-09-21 13:56:17,586 - INFO - 이메일 'soonmai@gmail.com' 입력 시도...
2025-09-21 13:56:17,655 - INFO - 이메일 입력 필드를 찾았습니다
2025-09-21 13:56:17,837 - INFO - 이메일 'soonmai@gmail.com' 입력 완료
2025-09-21 13:56:17,882 - INFO - Enter 키로 제출 완료
2025-09-21 13:56:17,882 - INFO - 이메일 'soonmai@gmail.com'이(가) 검토자 목록에 나타날 때까지 대기...
2025-09-21 13:56:22,870 - INFO - 이메일 'soonmai@gmail.com'이(가) 검토자 목록에 표시됨. 3초 후 다음 등록으로 진행.
2025-09-21 13:56:25,879 - INFO - [process_registration] 등록 후 5초 대기...
2025-09-21 13:56:30,882 - INFO - ✅ [28/58] 검토자 '박순만' (이메일: soonmai@gmail.com) 등록 시도 성공 (5초 대기 후)
2025-09-21 13:56:30,883 - INFO - [29/58] 검토자 '남성식' (이메일: ssnam11@gmail.com) 등록 시도 중...
2025-09-21 13:56:30,884 - INFO - 검토자 추가 시작: ssnam11@gmail.com
2025-09-21 13:56:30,884 - INFO - 이미 콘텐츠 검토 페이지에 있습니다. 바로 이메일 입력을 시도합니다.
2025-09-21 13:56:31,890 - INFO - 이메일 'ssnam11@gmail.com' 입력 시도...
2025-09-21 13:56:31,938 - INFO - 이메일 입력 필드를 찾았습니다
2025-09-21 13:56:32,040 - INFO - 이메일 'ssnam11@gmail.com' 입력 완료
2025-09-21 13:56:32,084 - INFO - Enter 키로 제출 완료
2025-09-21 13:56:32,085 - INFO - 이메일 'ssnam11@gmail.com'이(가) 검토자 목록에 나타날 때까지 대기...
2025-09-21 13:56:35,589 - INFO - 이메일 'ssnam11@gmail.com'이(가) 검토자 목록에 표시됨. 3초 후 다음 등록으로 진행.
2025-09-21 13:56:38,603 - INFO - [process_registration] 등록 후 5초 대기...
2025-09-21 13:56:43,604 - INFO - ✅ [29/58] 검토자 '남성식' (이메일: ssnam11@gmail.com) 등록 시도 성공 (5초 대기 후)
2025-09-21 13:56:43,608 - INFO - [30/58] 검토자 '김수현' (이메일: suhyunk@khu.ac.kr) 등록 시도 중...
2025-09-21 13:56:43,608 - INFO - 검토자 추가 시작: suhyunk@khu.ac.kr
2025-09-21 13:56:43,609 - INFO - 이미 콘텐츠 검토 페이지에 있습니다. 바로 이메일 입력을 시도합니다.
2025-09-21 13:56:44,611 - INFO - 이메일 'suhyunk@khu.ac.kr' 입력 시도...
2025-09-21 13:56:44,679 - INFO - 이메일 입력 필드를 찾았습니다
2025-09-21 13:56:44,812 - INFO - 이메일 'suhyunk@khu.ac.kr' 입력 완료
2025-09-21 13:56:44,880 - INFO - Enter 키로 제출 완료
2025-09-21 13:56:44,880 - INFO - 이메일 'suhyunk@khu.ac.kr'이(가) 검토자 목록에 나타날 때까지 대기...
2025-09-21 13:56:49,988 - INFO - 이메일 'suhyunk@khu.ac.kr'이(가) 검토자 목록에 표시됨. 3초 후 다음 등록으로 진행.
2025-09-21 13:56:52,995 - INFO - [process_registration] 등록 후 5초 대기...
2025-09-21 13:56:57,996 - INFO - ✅ [30/58] 검토자 '김수현' (이메일: suhyunk@khu.ac.kr) 등록 시도 성공 (5초 대기 후)
2025-09-21 13:56:57,997 - INFO - [31/58] 검토자 '홍수정' (이메일: sujeongh@mokwon.ac.kr) 등록 시도 중...
2025-09-21 13:56:57,998 - INFO - 검토자 추가 시작: sujeongh@mokwon.ac.kr
2025-09-21 13:56:57,998 - INFO - 이미 콘텐츠 검토 페이지에 있습니다. 바로 이메일 입력을 시도합니다.
2025-09-21 13:56:58,998 - INFO - 이메일 'sujeongh@mokwon.ac.kr' 입력 시도...
2025-09-21 13:56:59,059 - INFO - 이메일 입력 필드를 찾았습니다
2025-09-21 13:56:59,242 - INFO - 이메일 'sujeongh@mokwon.ac.kr' 입력 완료
2025-09-21 13:56:59,354 - INFO - Enter 키로 제출 완료
2025-09-21 13:56:59,355 - INFO - 이메일 'sujeongh@mokwon.ac.kr'이(가) 검토자 목록에 나타날 때까지 대기...
2025-09-21 13:57:04,090 - INFO - 이메일 'sujeongh@mokwon.ac.kr'이(가) 검토자 목록에 표시됨. 3초 후 다음 등록으로 진행.
2025-09-21 13:57:07,096 - INFO - [process_registration] 등록 후 5초 대기...
2025-09-21 13:57:12,103 - INFO - ✅ [31/58] 검토자 '홍수정' (이메일: sujeongh@mokwon.ac.kr) 등록 시도 성공 (5초 대기 후)
2025-09-21 13:57:12,112 - INFO - [32/58] 검토자 '최소연' (이메일: sychoi.hbnu@gmail.com) 등록 시도 중...
2025-09-21 13:57:12,113 - INFO - 검토자 추가 시작: sychoi.hbnu@gmail.com
2025-09-21 13:57:12,114 - INFO - 이미 콘텐츠 검토 페이지에 있습니다. 바로 이메일 입력을 시도합니다.
2025-09-21 13:57:13,115 - INFO - 이메일 'sychoi.hbnu@gmail.com' 입력 시도...
2025-09-21 13:57:13,140 - INFO - 이메일 입력 필드를 찾았습니다
2025-09-21 13:57:13,238 - INFO - 이메일 'sychoi.hbnu@gmail.com' 입력 완료
2025-09-21 13:57:13,272 - INFO - Enter 키로 제출 완료
2025-09-21 13:57:13,273 - INFO - 이메일 'sychoi.hbnu@gmail.com'이(가) 검토자 목록에 나타날 때까지 대기...
2025-09-21 13:57:17,919 - INFO - 이메일 'sychoi.hbnu@gmail.com'이(가) 검토자 목록에 표시됨. 3초 후 다음 등록으로 진행.
2025-09-21 13:57:20,920 - INFO - [process_registration] 등록 후 5초 대기...
2025-09-21 13:57:25,922 - INFO - ✅ [32/58] 검토자 '최소연' (이메일: sychoi.hbnu@gmail.com) 등록 시도 성공 (5초 대기 후)
2025-09-21 13:57:25,923 - INFO - [33/58] 검토자 '김태규' (이메일: taekyoo.kim@gmail.com) 등록 시도 중...
2025-09-21 13:57:25,923 - INFO - 검토자 추가 시작: taekyoo.kim@gmail.com
2025-09-21 13:57:25,923 - INFO - 이미 콘텐츠 검토 페이지에 있습니다. 바로 이메일 입력을 시도합니다.
2025-09-21 13:57:26,929 - INFO - 이메일 'taekyoo.kim@gmail.com' 입력 시도...
2025-09-21 13:57:26,993 - INFO - 이메일 입력 필드를 찾았습니다
2025-09-21 13:57:27,141 - INFO - 이메일 'taekyoo.kim@gmail.com' 입력 완료
2025-09-21 13:57:27,228 - INFO - Enter 키로 제출 완료
2025-09-21 13:57:27,234 - INFO - 이메일 'taekyoo.kim@gmail.com'이(가) 검토자 목록에 나타날 때까지 대기...
2025-09-21 13:57:30,530 - INFO - 이메일 'taekyoo.kim@gmail.com'이(가) 검토자 목록에 표시됨. 3초 후 다음 등록으로 진행.
2025-09-21 13:57:33,532 - INFO - [process_registration] 등록 후 5초 대기...
2025-09-21 13:57:38,533 - INFO - ✅ [33/58] 검토자 '김태규' (이메일: taekyoo.kim@gmail.com) 등록 시도 성공 (5초 대기 후)
2025-09-21 13:57:38,533 - INFO - [34/58] 검토자 '설진석' (이메일: theeluwin@gmail.com) 등록 시도 중...
2025-09-21 13:57:38,533 - INFO - 검토자 추가 시작: theeluwin@gmail.com
2025-09-21 13:57:38,533 - INFO - 이미 콘텐츠 검토 페이지에 있습니다. 바로 이메일 입력을 시도합니다.
2025-09-21 13:57:39,534 - INFO - 이메일 'theeluwin@gmail.com' 입력 시도...
2025-09-21 13:57:39,629 - INFO - 이메일 입력 필드를 찾았습니다
2025-09-21 13:57:39,773 - INFO - 이메일 'theeluwin@gmail.com' 입력 완료
2025-09-21 13:57:39,826 - INFO - Enter 키로 제출 완료
2025-09-21 13:57:39,827 - INFO - 이메일 'theeluwin@gmail.com'이(가) 검토자 목록에 나타날 때까지 대기...
2025-09-21 13:57:44,881 - INFO - 이메일 'theeluwin@gmail.com'이(가) 검토자 목록에 표시됨. 3초 후 다음 등록으로 진행.
2025-09-21 13:57:47,892 - INFO - [process_registration] 등록 후 5초 대기...
2025-09-21 13:57:52,895 - INFO - ✅ [34/58] 검토자 '설진석' (이메일: theeluwin@gmail.com) 등록 시도 성공 (5초 대기 후)
2025-09-21 13:57:52,909 - INFO - [35/58] 검토자 '강태구' (이메일: tkkang@smu.ac.kr) 등록 시도 중...
2025-09-21 13:57:52,909 - INFO - 검토자 추가 시작: tkkang@smu.ac.kr
2025-09-21 13:57:52,909 - INFO - 이미 콘텐츠 검토 페이지에 있습니다. 바로 이메일 입력을 시도합니다.
2025-09-21 13:57:53,911 - INFO - 이메일 'tkkang@smu.ac.kr' 입력 시도...
2025-09-21 13:57:53,931 - INFO - 이메일 입력 필드를 찾았습니다
2025-09-21 13:57:53,999 - INFO - 이메일 'tkkang@smu.ac.kr' 입력 완료
2025-09-21 13:57:54,033 - INFO - Enter 키로 제출 완료
2025-09-21 13:57:54,033 - INFO - 이메일 'tkkang@smu.ac.kr'이(가) 검토자 목록에 나타날 때까지 대기...
2025-09-21 13:57:59,842 - INFO - 이메일 'tkkang@smu.ac.kr'이(가) 검토자 목록에 표시됨. 3초 후 다음 등록으로 진행.
2025-09-21 13:58:02,843 - INFO - [process_registration] 등록 후 5초 대기...
2025-09-21 13:58:07,854 - INFO - ✅ [35/58] 검토자 '강태구' (이메일: tkkang@smu.ac.kr) 등록 시도 성공 (5초 대기 후)
2025-09-21 13:58:07,854 - INFO - [36/58] 검토자 '김찬오' (이메일: toobehappy@gmail.com) 등록 시도 중...
2025-09-21 13:58:07,855 - INFO - 검토자 추가 시작: toobehappy@gmail.com
2025-09-21 13:58:07,855 - INFO - 이미 콘텐츠 검토 페이지에 있습니다. 바로 이메일 입력을 시도합니다.
2025-09-21 13:58:08,856 - INFO - 이메일 'toobehappy@gmail.com' 입력 시도...
2025-09-21 13:58:08,928 - INFO - 이메일 입력 필드를 찾았습니다
2025-09-21 13:58:09,085 - INFO - 이메일 'toobehappy@gmail.com' 입력 완료
2025-09-21 13:58:09,166 - INFO - Enter 키로 제출 완료
2025-09-21 13:58:09,172 - INFO - 이메일 'toobehappy@gmail.com'이(가) 검토자 목록에 나타날 때까지 대기...
2025-09-21 13:58:14,121 - INFO - 이메일 'toobehappy@gmail.com'이(가) 검토자 목록에 표시됨. 3초 후 다음 등록으로 진행.
2025-09-21 13:58:17,126 - INFO - [process_registration] 등록 후 5초 대기...
2025-09-21 13:58:22,130 - INFO - ✅ [36/58] 검토자 '김찬오' (이메일: toobehappy@gmail.com) 등록 시도 성공 (5초 대기 후)
2025-09-21 13:58:22,131 - INFO - [37/58] 검토자 '김중현' (이메일: trizkim@gmail.com) 등록 시도 중...
2025-09-21 13:58:22,131 - INFO - 검토자 추가 시작: trizkim@gmail.com
2025-09-21 13:58:22,132 - INFO - 이미 콘텐츠 검토 페이지에 있습니다. 바로 이메일 입력을 시도합니다.
2025-09-21 13:58:23,135 - INFO - 이메일 'trizkim@gmail.com' 입력 시도...
2025-09-21 13:58:23,214 - INFO - 이메일 입력 필드를 찾았습니다
2025-09-21 13:58:23,313 - INFO - 이메일 'trizkim@gmail.com' 입력 완료
2025-09-21 13:58:23,379 - INFO - Enter 키로 제출 완료
2025-09-21 13:58:23,379 - INFO - 이메일 'trizkim@gmail.com'이(가) 검토자 목록에 나타날 때까지 대기...
2025-09-21 13:58:26,877 - INFO - 이메일 'trizkim@gmail.com'이(가) 검토자 목록에 표시됨. 3초 후 다음 등록으로 진행.
2025-09-21 13:58:29,878 - INFO - [process_registration] 등록 후 5초 대기...
2025-09-21 13:58:34,882 - INFO - ✅ [37/58] 검토자 '김중현' (이메일: trizkim@gmail.com) 등록 시도 성공 (5초 대기 후)
2025-09-21 13:58:34,882 - INFO - [38/58] 검토자 '이광재' (이메일: valence71@gmail.com) 등록 시도 중...
2025-09-21 13:58:34,882 - INFO - 검토자 추가 시작: valence71@gmail.com
2025-09-21 13:58:34,882 - INFO - 이미 콘텐츠 검토 페이지에 있습니다. 바로 이메일 입력을 시도합니다.
2025-09-21 13:58:35,889 - INFO - 이메일 'valence71@gmail.com' 입력 시도...
2025-09-21 13:58:35,931 - INFO - 이메일 입력 필드를 찾았습니다
2025-09-21 13:58:36,066 - INFO - 이메일 'valence71@gmail.com' 입력 완료
2025-09-21 13:58:36,107 - INFO - Enter 키로 제출 완료
2025-09-21 13:58:36,107 - INFO - 이메일 'valence71@gmail.com'이(가) 검토자 목록에 나타날 때까지 대기...
2025-09-21 13:58:39,575 - INFO - 이메일 'valence71@gmail.com'이(가) 검토자 목록에 표시됨. 3초 후 다음 등록으로 진행.
2025-09-21 13:58:42,576 - INFO - [process_registration] 등록 후 5초 대기...
2025-09-21 13:58:47,591 - INFO - ✅ [38/58] 검토자 '이광재' (이메일: valence71@gmail.com) 등록 시도 성공 (5초 대기 후)
2025-09-21 13:58:47,598 - INFO - [39/58] 검토자 '이수종' (이메일: vesubian@gmail.com) 등록 시도 중...
2025-09-21 13:58:47,599 - INFO - 검토자 추가 시작: vesubian@gmail.com
2025-09-21 13:58:47,599 - INFO - 이미 콘텐츠 검토 페이지에 있습니다. 바로 이메일 입력을 시도합니다.
2025-09-21 13:58:48,600 - INFO - 이메일 'vesubian@gmail.com' 입력 시도...
2025-09-21 13:58:48,622 - INFO - 이메일 입력 필드를 찾았습니다
2025-09-21 13:58:48,686 - INFO - 이메일 'vesubian@gmail.com' 입력 완료
2025-09-21 13:58:48,721 - INFO - Enter 키로 제출 완료
2025-09-21 13:58:48,721 - INFO - 이메일 'vesubian@gmail.com'이(가) 검토자 목록에 나타날 때까지 대기...
2025-09-21 13:58:52,060 - INFO - 이메일 'vesubian@gmail.com'이(가) 검토자 목록에 표시됨. 3초 후 다음 등록으로 진행.
2025-09-21 13:58:55,063 - INFO - [process_registration] 등록 후 5초 대기...
2025-09-21 13:59:00,065 - INFO - ✅ [39/58] 검토자 '이수종' (이메일: vesubian@gmail.com) 등록 시도 성공 (5초 대기 후)
2025-09-21 13:59:00,065 - INFO - [40/58] 검토자 '한승호' (이메일: vkwnwlzla@gmail.com) 등록 시도 중...
2025-09-21 13:59:00,065 - INFO - 검토자 추가 시작: vkwnwlzla@gmail.com
2025-09-21 13:59:00,065 - INFO - 이미 콘텐츠 검토 페이지에 있습니다. 바로 이메일 입력을 시도합니다.
2025-09-21 13:59:01,069 - INFO - 이메일 'vkwnwlzla@gmail.com' 입력 시도...
2025-09-21 13:59:01,104 - INFO - 이메일 입력 필드를 찾았습니다
2025-09-21 13:59:01,232 - INFO - 이메일 'vkwnwlzla@gmail.com' 입력 완료
2025-09-21 13:59:01,286 - INFO - Enter 키로 제출 완료
2025-09-21 13:59:01,299 - INFO - 이메일 'vkwnwlzla@gmail.com'이(가) 검토자 목록에 나타날 때까지 대기...
2025-09-21 13:59:06,080 - INFO - 이메일 'vkwnwlzla@gmail.com'이(가) 검토자 목록에 표시됨. 3초 후 다음 등록으로 진행.
2025-09-21 13:59:09,086 - INFO - [process_registration] 등록 후 5초 대기...
2025-09-21 13:59:14,087 - INFO - ✅ [40/58] 검토자 '한승호' (이메일: vkwnwlzla@gmail.com) 등록 시도 성공 (5초 대기 후)
2025-09-21 13:59:14,087 - INFO - [41/58] 검토자 '김현지' (이메일: whmouse1974@gmail.com) 등록 시도 중...
2025-09-21 13:59:14,087 - INFO - 검토자 추가 시작: whmouse1974@gmail.com
2025-09-21 13:59:14,087 - INFO - 이미 콘텐츠 검토 페이지에 있습니다. 바로 이메일 입력을 시도합니다.
2025-09-21 13:59:15,088 - INFO - 이메일 'whmouse1974@gmail.com' 입력 시도...
2025-09-21 13:59:15,180 - INFO - 이메일 입력 필드를 찾았습니다
2025-09-21 13:59:15,284 - INFO - 이메일 'whmouse1974@gmail.com' 입력 완료
2025-09-21 13:59:15,323 - INFO - Enter 키로 제출 완료
2025-09-21 13:59:15,326 - INFO - 이메일 'whmouse1974@gmail.com'이(가) 검토자 목록에 나타날 때까지 대기...
2025-09-21 13:59:19,732 - INFO - 이메일 'whmouse1974@gmail.com'이(가) 검토자 목록에 표시됨. 3초 후 다음 등록으로 진행.
2025-09-21 13:59:22,743 - INFO - [process_registration] 등록 후 5초 대기...
2025-09-21 13:59:27,748 - INFO - ✅ [41/58] 검토자 '김현지' (이메일: whmouse1974@gmail.com) 등록 시도 성공 (5초 대기 후)
2025-09-21 13:59:27,748 - INFO - [42/58] 검토자 '노원희' (이메일: whnoh12@korea.ac.kr) 등록 시도 중...
2025-09-21 13:59:27,748 - INFO - 검토자 추가 시작: whnoh12@korea.ac.kr
2025-09-21 13:59:27,748 - INFO - 이미 콘텐츠 검토 페이지에 있습니다. 바로 이메일 입력을 시도합니다.
2025-09-21 13:59:28,749 - INFO - 이메일 'whnoh12@korea.ac.kr' 입력 시도...
2025-09-21 13:59:28,781 - INFO - 이메일 입력 필드를 찾았습니다
2025-09-21 13:59:28,881 - INFO - 이메일 'whnoh12@korea.ac.kr' 입력 완료
2025-09-21 13:59:28,949 - INFO - Enter 키로 제출 완료
2025-09-21 13:59:28,953 - INFO - 이메일 'whnoh12@korea.ac.kr'이(가) 검토자 목록에 나타날 때까지 대기...
2025-09-21 13:59:32,287 - INFO - 이메일 'whnoh12@korea.ac.kr'이(가) 검토자 목록에 표시됨. 3초 후 다음 등록으로 진행.
2025-09-21 13:59:35,288 - INFO - [process_registration] 등록 후 5초 대기...
2025-09-21 13:59:40,291 - INFO - ✅ [42/58] 검토자 '노원희' (이메일: whnoh12@korea.ac.kr) 등록 시도 성공 (5초 대기 후)
2025-09-21 13:59:40,292 - INFO - [43/58] 검토자 '최우준' (이메일: wjchoi11@yonsei.ac.kr) 등록 시도 중...
2025-09-21 13:59:40,292 - INFO - 검토자 추가 시작: wjchoi11@yonsei.ac.kr
2025-09-21 13:59:40,293 - INFO - 이미 콘텐츠 검토 페이지에 있습니다. 바로 이메일 입력을 시도합니다.
2025-09-21 13:59:41,293 - INFO - 이메일 'wjchoi11@yonsei.ac.kr' 입력 시도...
2025-09-21 13:59:41,339 - INFO - 이메일 입력 필드를 찾았습니다
2025-09-21 13:59:41,471 - INFO - 이메일 'wjchoi11@yonsei.ac.kr' 입력 완료
2025-09-21 13:59:41,518 - INFO - Enter 키로 제출 완료
2025-09-21 13:59:41,518 - INFO - 이메일 'wjchoi11@yonsei.ac.kr'이(가) 검토자 목록에 나타날 때까지 대기...
2025-09-21 13:59:44,927 - INFO - 이메일 'wjchoi11@yonsei.ac.kr'이(가) 검토자 목록에 표시됨. 3초 후 다음 등록으로 진행.
2025-09-21 13:59:47,928 - INFO - [process_registration] 등록 후 5초 대기...
2025-09-21 13:59:52,933 - INFO - ✅ [43/58] 검토자 '최우준' (이메일: wjchoi11@yonsei.ac.kr) 등록 시도 성공 (5초 대기 후)
2025-09-21 13:59:52,934 - INFO - [44/58] 검토자 '김도원' (이메일: wondok@yonsei.ac.kr) 등록 시도 중...
2025-09-21 13:59:52,934 - INFO - 검토자 추가 시작: wondok@yonsei.ac.kr
2025-09-21 13:59:52,934 - INFO - 이미 콘텐츠 검토 페이지에 있습니다. 바로 이메일 입력을 시도합니다.
2025-09-21 13:59:53,934 - INFO - 이메일 'wondok@yonsei.ac.kr' 입력 시도...
2025-09-21 13:59:53,975 - INFO - 이메일 입력 필드를 찾았습니다
2025-09-21 13:59:54,072 - INFO - 이메일 'wondok@yonsei.ac.kr' 입력 완료
2025-09-21 13:59:54,122 - INFO - Enter 키로 제출 완료
2025-09-21 13:59:54,123 - INFO - 이메일 'wondok@yonsei.ac.kr'이(가) 검토자 목록에 나타날 때까지 대기...
2025-09-21 13:59:58,858 - INFO - 이메일 'wondok@yonsei.ac.kr'이(가) 검토자 목록에 표시됨. 3초 후 다음 등록으로 진행.
2025-09-21 14:00:01,859 - INFO - [process_registration] 등록 후 5초 대기...
2025-09-21 14:00:06,861 - INFO - ✅ [44/58] 검토자 '김도원' (이메일: wondok@yonsei.ac.kr) 등록 시도 성공 (5초 대기 후)
2025-09-21 14:00:06,862 - INFO - [45/58] 검토자 '조원서' (이메일: wonsu0513@gmail.com) 등록 시도 중...
2025-09-21 14:00:06,863 - INFO - 검토자 추가 시작: wonsu0513@gmail.com
2025-09-21 14:00:06,863 - INFO - 이미 콘텐츠 검토 페이지에 있습니다. 바로 이메일 입력을 시도합니다.
2025-09-21 14:00:07,870 - INFO - 이메일 'wonsu0513@gmail.com' 입력 시도...
2025-09-21 14:00:07,900 - INFO - 이메일 입력 필드를 찾았습니다
2025-09-21 14:00:07,968 - INFO - 이메일 'wonsu0513@gmail.com' 입력 완료
2025-09-21 14:00:08,007 - INFO - Enter 키로 제출 완료
2025-09-21 14:00:08,007 - INFO - 이메일 'wonsu0513@gmail.com'이(가) 검토자 목록에 나타날 때까지 대기...
2025-09-21 14:00:12,742 - INFO - 이메일 'wonsu0513@gmail.com'이(가) 검토자 목록에 표시됨. 3초 후 다음 등록으로 진행.
2025-09-21 14:00:15,744 - INFO - [process_registration] 등록 후 5초 대기...
2025-09-21 14:00:20,748 - INFO - ✅ [45/58] 검토자 '조원서' (이메일: wonsu0513@gmail.com) 등록 시도 성공 (5초 대기 후)
2025-09-21 14:00:20,749 - INFO - [46/58] 검토자 '양치복' (이메일: yangchibok@gmail.com) 등록 시도 중...
2025-09-21 14:00:20,750 - INFO - 검토자 추가 시작: yangchibok@gmail.com
2025-09-21 14:00:20,751 - INFO - 이미 콘텐츠 검토 페이지에 있습니다. 바로 이메일 입력을 시도합니다.
2025-09-21 14:00:21,759 - INFO - 이메일 'yangchibok@gmail.com' 입력 시도...
2025-09-21 14:00:21,815 - INFO - 이메일 입력 필드를 찾았습니다
2025-09-21 14:00:22,014 - INFO - 이메일 'yangchibok@gmail.com' 입력 완료
2025-09-21 14:00:22,070 - INFO - Enter 키로 제출 완료
2025-09-21 14:00:22,074 - INFO - 이메일 'yangchibok@gmail.com'이(가) 검토자 목록에 나타날 때까지 대기...
2025-09-21 14:00:25,391 - INFO - 이메일 'yangchibok@gmail.com'이(가) 검토자 목록에 표시됨. 3초 후 다음 등록으로 진행.
2025-09-21 14:00:28,394 - INFO - [process_registration] 등록 후 5초 대기...
2025-09-21 14:00:33,397 - INFO - ✅ [46/58] 검토자 '양치복' (이메일: yangchibok@gmail.com) 등록 시도 성공 (5초 대기 후)
2025-09-21 14:00:33,399 - INFO - [47/58] 검토자 'KIM YANG SOK' (이메일: yangsokk@gmail.com) 등록 시도 중...
2025-09-21 14:00:33,401 - INFO - 검토자 추가 시작: yangsokk@gmail.com
2025-09-21 14:00:33,402 - INFO - 이미 콘텐츠 검토 페이지에 있습니다. 바로 이메일 입력을 시도합니다.
2025-09-21 14:00:34,403 - INFO - 이메일 'yangsokk@gmail.com' 입력 시도...
2025-09-21 14:00:34,473 - INFO - 이메일 입력 필드를 찾았습니다
2025-09-21 14:00:34,654 - INFO - 이메일 'yangsokk@gmail.com' 입력 완료
2025-09-21 14:00:34,701 - INFO - Enter 키로 제출 완료
2025-09-21 14:00:34,702 - INFO - 이메일 'yangsokk@gmail.com'이(가) 검토자 목록에 나타날 때까지 대기...
2025-09-21 14:00:38,058 - INFO - 이메일 'yangsokk@gmail.com'이(가) 검토자 목록에 표시됨. 3초 후 다음 등록으로 진행.
2025-09-21 14:00:41,059 - INFO - [process_registration] 등록 후 5초 대기...
2025-09-21 14:00:46,064 - INFO - ✅ [47/58] 검토자 'KIM YANG SOK' (이메일: yangsokk@gmail.com) 등록 시도 성공 (5초 대기 후)
2025-09-21 14:00:46,066 - INFO - [48/58] 검토자 '류연철' (이메일: yeunchul.ryu@gmail.com) 등록 시도 중...
2025-09-21 14:00:46,066 - INFO - 검토자 추가 시작: yeunchul.ryu@gmail.com
2025-09-21 14:00:46,066 - INFO - 이미 콘텐츠 검토 페이지에 있습니다. 바로 이메일 입력을 시도합니다.
2025-09-21 14:00:47,067 - INFO - 이메일 'yeunchul.ryu@gmail.com' 입력 시도...
2025-09-21 14:00:47,119 - INFO - 이메일 입력 필드를 찾았습니다
2025-09-21 14:00:47,269 - INFO - 이메일 'yeunchul.ryu@gmail.com' 입력 완료
2025-09-21 14:00:47,330 - INFO - Enter 키로 제출 완료
2025-09-21 14:00:47,330 - INFO - 이메일 'yeunchul.ryu@gmail.com'이(가) 검토자 목록에 나타날 때까지 대기...
2025-09-21 14:00:52,320 - INFO - 이메일 'yeunchul.ryu@gmail.com'이(가) 검토자 목록에 표시됨. 3초 후 다음 등록으로 진행.
2025-09-21 14:00:55,324 - INFO - [process_registration] 등록 후 5초 대기...
2025-09-21 14:01:00,325 - INFO - ✅ [48/58] 검토자 '류연철' (이메일: yeunchul.ryu@gmail.com) 등록 시도 성공 (5초 대기 후)
2025-09-21 14:01:00,326 - INFO - [49/58] 검토자 '조영근' (이메일: yg.cho@inha.ac.kr) 등록 시도 중...
2025-09-21 14:01:00,326 - INFO - 검토자 추가 시작: yg.cho@inha.ac.kr
2025-09-21 14:01:00,326 - INFO - 이미 콘텐츠 검토 페이지에 있습니다. 바로 이메일 입력을 시도합니다.
2025-09-21 14:01:01,327 - INFO - 이메일 'yg.cho@inha.ac.kr' 입력 시도...
2025-09-21 14:01:01,374 - INFO - 이메일 입력 필드를 찾았습니다
2025-09-21 14:01:01,495 - INFO - 이메일 'yg.cho@inha.ac.kr' 입력 완료
2025-09-21 14:01:01,551 - INFO - Enter 키로 제출 완료
2025-09-21 14:01:01,552 - INFO - 이메일 'yg.cho@inha.ac.kr'이(가) 검토자 목록에 나타날 때까지 대기...
2025-09-21 14:01:06,102 - INFO - 이메일 'yg.cho@inha.ac.kr'이(가) 검토자 목록에 표시됨. 3초 후 다음 등록으로 진행.
2025-09-21 14:01:09,103 - INFO - [process_registration] 등록 후 5초 대기...
2025-09-21 14:01:14,119 - INFO - ✅ [49/58] 검토자 '조영근' (이메일: yg.cho@inha.ac.kr) 등록 시도 성공 (5초 대기 후)
2025-09-21 14:01:14,121 - INFO - [50/58] 검토자 '서영호' (이메일: yhseochip@gmail.com) 등록 시도 중...
2025-09-21 14:01:14,122 - INFO - 검토자 추가 시작: yhseochip@gmail.com
2025-09-21 14:01:14,122 - INFO - 이미 콘텐츠 검토 페이지에 있습니다. 바로 이메일 입력을 시도합니다.
2025-09-21 14:01:15,124 - INFO - 이메일 'yhseochip@gmail.com' 입력 시도...
2025-09-21 14:01:15,208 - INFO - 이메일 입력 필드를 찾았습니다
2025-09-21 14:01:15,346 - INFO - 이메일 'yhseochip@gmail.com' 입력 완료
2025-09-21 14:01:15,397 - INFO - Enter 키로 제출 완료
2025-09-21 14:01:15,398 - INFO - 이메일 'yhseochip@gmail.com'이(가) 검토자 목록에 나타날 때까지 대기...
2025-09-21 14:01:18,807 - INFO - 이메일 'yhseochip@gmail.com'이(가) 검토자 목록에 표시됨. 3초 후 다음 등록으로 진행.
2025-09-21 14:01:21,807 - INFO - [process_registration] 등록 후 5초 대기...
2025-09-21 14:01:26,809 - INFO - ✅ [50/58] 검토자 '서영호' (이메일: yhseochip@gmail.com) 등록 시도 성공 (5초 대기 후)
2025-09-21 14:01:26,811 - INFO - [51/58] 검토자 '이용태' (이메일: yongtae7.lee@gmail.com) 등록 시도 중...
2025-09-21 14:01:26,811 - INFO - 검토자 추가 시작: yongtae7.lee@gmail.com
2025-09-21 14:01:26,812 - INFO - 이미 콘텐츠 검토 페이지에 있습니다. 바로 이메일 입력을 시도합니다.
2025-09-21 14:01:27,812 - INFO - 이메일 'yongtae7.lee@gmail.com' 입력 시도...
2025-09-21 14:01:27,866 - INFO - 이메일 입력 필드를 찾았습니다
2025-09-21 14:01:28,005 - INFO - 이메일 'yongtae7.lee@gmail.com' 입력 완료
2025-09-21 14:01:28,055 - INFO - Enter 키로 제출 완료
2025-09-21 14:01:28,056 - INFO - 이메일 'yongtae7.lee@gmail.com'이(가) 검토자 목록에 나타날 때까지 대기...
2025-09-21 14:01:31,697 - INFO - 이메일 'yongtae7.lee@gmail.com'이(가) 검토자 목록에 표시됨. 3초 후 다음 등록으로 진행.
2025-09-21 14:01:34,698 - INFO - [process_registration] 등록 후 5초 대기...
2025-09-21 14:01:39,701 - INFO - ✅ [51/58] 검토자 '이용태' (이메일: yongtae7.lee@gmail.com) 등록 시도 성공 (5초 대기 후)
2025-09-21 14:01:39,704 - INFO - [52/58] 검토자 '윤성수' (이메일: yoon.sungsoo@gmail.com) 등록 시도 중...
2025-09-21 14:01:39,705 - INFO - 검토자 추가 시작: yoon.sungsoo@gmail.com
2025-09-21 14:01:39,705 - INFO - 이미 콘텐츠 검토 페이지에 있습니다. 바로 이메일 입력을 시도합니다.
2025-09-21 14:01:40,706 - INFO - 이메일 'yoon.sungsoo@gmail.com' 입력 시도...
2025-09-21 14:01:40,778 - INFO - 이메일 입력 필드를 찾았습니다
2025-09-21 14:01:40,899 - INFO - 이메일 'yoon.sungsoo@gmail.com' 입력 완료
2025-09-21 14:01:40,965 - INFO - Enter 키로 제출 완료
2025-09-21 14:01:40,966 - INFO - 이메일 'yoon.sungsoo@gmail.com'이(가) 검토자 목록에 나타날 때까지 대기...
2025-09-21 14:01:44,473 - INFO - 이메일 'yoon.sungsoo@gmail.com'이(가) 검토자 목록에 표시됨. 3초 후 다음 등록으로 진행.
2025-09-21 14:01:47,483 - INFO - [process_registration] 등록 후 5초 대기...
2025-09-21 14:01:52,487 - INFO - ✅ [52/58] 검토자 '윤성수' (이메일: yoon.sungsoo@gmail.com) 등록 시도 성공 (5초 대기 후)
2025-09-21 14:01:52,488 - INFO - [53/58] 검토자 '고영욱' (이메일: youngko@hnu.kr) 등록 시도 중...
2025-09-21 14:01:52,488 - INFO - 검토자 추가 시작: youngko@hnu.kr
2025-09-21 14:01:52,489 - INFO - 이미 콘텐츠 검토 페이지에 있습니다. 바로 이메일 입력을 시도합니다.
2025-09-21 14:01:53,490 - INFO - 이메일 'youngko@hnu.kr' 입력 시도...
2025-09-21 14:01:53,588 - INFO - 이메일 입력 필드를 찾았습니다
2025-09-21 14:01:53,720 - INFO - 이메일 'youngko@hnu.kr' 입력 완료
2025-09-21 14:01:53,795 - INFO - Enter 키로 제출 완료
2025-09-21 14:01:53,809 - INFO - 이메일 'youngko@hnu.kr'이(가) 검토자 목록에 나타날 때까지 대기...
2025-09-21 14:01:58,767 - INFO - 이메일 'youngko@hnu.kr'이(가) 검토자 목록에 표시됨. 3초 후 다음 등록으로 진행.
2025-09-21 14:02:01,768 - INFO - [process_registration] 등록 후 5초 대기...
2025-09-21 14:02:06,771 - INFO - ✅ [53/58] 검토자 '고영욱' (이메일: youngko@hnu.kr) 등록 시도 성공 (5초 대기 후)
2025-09-21 14:02:06,773 - INFO - [54/58] 검토자 '주영효' (이메일: youngmonet@gmail.com) 등록 시도 중...
2025-09-21 14:02:06,775 - INFO - 검토자 추가 시작: youngmonet@gmail.com
2025-09-21 14:02:06,775 - INFO - 이미 콘텐츠 검토 페이지에 있습니다. 바로 이메일 입력을 시도합니다.
2025-09-21 14:02:07,778 - INFO - 이메일 'youngmonet@gmail.com' 입력 시도...
2025-09-21 14:02:07,834 - INFO - 이메일 입력 필드를 찾았습니다
2025-09-21 14:02:07,971 - INFO - 이메일 'youngmonet@gmail.com' 입력 완료
2025-09-21 14:02:08,069 - INFO - Enter 키로 제출 완료
2025-09-21 14:02:08,069 - INFO - 이메일 'youngmonet@gmail.com'이(가) 검토자 목록에 나타날 때까지 대기...
2025-09-21 14:02:11,408 - INFO - 이메일 'youngmonet@gmail.com'이(가) 검토자 목록에 표시됨. 3초 후 다음 등록으로 진행.
2025-09-21 14:02:14,415 - INFO - [process_registration] 등록 후 5초 대기...
2025-09-21 14:02:19,421 - INFO - ✅ [54/58] 검토자 '주영효' (이메일: youngmonet@gmail.com) 등록 시도 성공 (5초 대기 후)
2025-09-21 14:02:19,456 - INFO - [55/58] 검토자 '김영수' (이메일: ysukim00@gmail.com) 등록 시도 중...
2025-09-21 14:02:19,460 - INFO - 검토자 추가 시작: ysukim00@gmail.com
2025-09-21 14:02:19,461 - INFO - 이미 콘텐츠 검토 페이지에 있습니다. 바로 이메일 입력을 시도합니다.
2025-09-21 14:02:20,476 - INFO - 이메일 'ysukim00@gmail.com' 입력 시도...
2025-09-21 14:02:20,497 - INFO - 이메일 입력 필드를 찾았습니다
2025-09-21 14:02:20,565 - INFO - 이메일 'ysukim00@gmail.com' 입력 완료
2025-09-21 14:02:20,608 - INFO - Enter 키로 제출 완료
2025-09-21 14:02:20,613 - INFO - 이메일 'ysukim00@gmail.com'이(가) 검토자 목록에 나타날 때까지 대기...
2025-09-21 14:02:25,737 - INFO - 이메일 'ysukim00@gmail.com'이(가) 검토자 목록에 표시됨. 3초 후 다음 등록으로 진행.
2025-09-21 14:02:28,752 - INFO - [process_registration] 등록 후 5초 대기...
2025-09-21 14:02:33,766 - INFO - ✅ [55/58] 검토자 '김영수' (이메일: ysukim00@gmail.com) 등록 시도 성공 (5초 대기 후)
2025-09-21 14:02:33,767 - INFO - [56/58] 검토자 '조성호' (이메일: zochnopia@gmail.com) 등록 시도 중...
2025-09-21 14:02:33,767 - INFO - 검토자 추가 시작: zochnopia@gmail.com
2025-09-21 14:02:33,767 - INFO - 이미 콘텐츠 검토 페이지에 있습니다. 바로 이메일 입력을 시도합니다.
2025-09-21 14:02:34,768 - INFO - 이메일 'zochnopia@gmail.com' 입력 시도...
2025-09-21 14:02:34,847 - INFO - 이메일 입력 필드를 찾았습니다
2025-09-21 14:02:35,007 - INFO - 이메일 'zochnopia@gmail.com' 입력 완료
2025-09-21 14:02:35,078 - INFO - Enter 키로 제출 완료
2025-09-21 14:02:35,086 - INFO - 이메일 'zochnopia@gmail.com'이(가) 검토자 목록에 나타날 때까지 대기...
2025-09-21 14:02:38,644 - INFO - 이메일 'zochnopia@gmail.com'이(가) 검토자 목록에 표시됨. 3초 후 다음 등록으로 진행.
2025-09-21 14:02:41,645 - INFO - [process_registration] 등록 후 5초 대기...
2025-09-21 14:02:46,647 - INFO - ✅ [56/58] 검토자 '조성호' (이메일: zochnopia@gmail.com) 등록 시도 성공 (5초 대기 후)
2025-09-21 14:02:46,649 - INFO - [57/58] 검토자 '김성열' (이메일: zorbacho@gmail.com) 등록 시도 중...
2025-09-21 14:02:46,650 - INFO - 검토자 추가 시작: zorbacho@gmail.com
2025-09-21 14:02:46,650 - INFO - 이미 콘텐츠 검토 페이지에 있습니다. 바로 이메일 입력을 시도합니다.
2025-09-21 14:02:47,651 - INFO - 이메일 'zorbacho@gmail.com' 입력 시도...
2025-09-21 14:02:47,743 - INFO - 이메일 입력 필드를 찾았습니다
2025-09-21 14:02:47,896 - INFO - 이메일 'zorbacho@gmail.com' 입력 완료
2025-09-21 14:02:47,957 - INFO - Enter 키로 제출 완료
2025-09-21 14:02:47,961 - INFO - 이메일 'zorbacho@gmail.com'이(가) 검토자 목록에 나타날 때까지 대기...
2025-09-21 14:02:51,669 - INFO - 이메일 'zorbacho@gmail.com'이(가) 검토자 목록에 표시됨. 3초 후 다음 등록으로 진행.
2025-09-21 14:02:54,683 - INFO - [process_registration] 등록 후 5초 대기...
2025-09-21 14:02:59,697 - INFO - ✅ [57/58] 검토자 '김성열' (이메일: zorbacho@gmail.com) 등록 시도 성공 (5초 대기 후)
2025-09-21 14:02:59,699 - INFO - [58/58] 검토자 '홍상기' (이메일: zulu1218@gmail.com) 등록 시도 중...
2025-09-21 14:02:59,700 - INFO - 검토자 추가 시작: zulu1218@gmail.com
2025-09-21 14:02:59,700 - INFO - 이미 콘텐츠 검토 페이지에 있습니다. 바로 이메일 입력을 시도합니다.
2025-09-21 14:03:00,704 - INFO - 이메일 'zulu1218@gmail.com' 입력 시도...
2025-09-21 14:03:00,771 - INFO - 이메일 입력 필드를 찾았습니다
2025-09-21 14:03:00,923 - INFO - 이메일 'zulu1218@gmail.com' 입력 완료
2025-09-21 14:03:01,025 - INFO - Enter 키로 제출 완료
2025-09-21 14:03:01,030 - INFO - 이메일 'zulu1218@gmail.com'이(가) 검토자 목록에 나타날 때까지 대기...
2025-09-21 14:03:06,213 - INFO - 이메일 'zulu1218@gmail.com'이(가) 검토자 목록에 표시됨. 3초 후 다음 등록으로 진행.
2025-09-21 14:03:09,225 - INFO - [process_registration] 등록 후 5초 대기...
2025-09-21 14:03:14,228 - INFO - ✅ [58/58] 검토자 '홍상기' (이메일: zulu1218@gmail.com) 등록 시도 성공 (5초 대기 후)
2025-09-21 14:03:14,232 - INFO - 도서 '교재)생성형 AI 활용과 실습'에 등록된 58개의 이메일 일괄 검증 시작...
2025-09-21 14:03:14,232 - INFO - 도서 '교재)생성형 AI 활용과 실습' (코드: 41029)에 등록된 검토자 일괄 확인 시작...
2025-09-21 14:03:14,270 - WARNING - 현재 검토 페이지에 있지 않습니다. 검증을 수행할 수 없습니다.
2025-09-21 14:03:14,271 - WARNING - ⚠️ 검토자 '박철헌' (이메일: majamoolse@gmail.com) 등록 확인 실패
2025-09-21 14:03:14,276 - WARNING - ⚠️ 검토자 '정준영' (이메일: mango0727@gmail.com) 등록 확인 실패
2025-09-21 14:03:14,276 - WARNING - ⚠️ 검토자 '정대영' (이메일: metal526@gmail.com) 등록 확인 실패
2025-09-21 14:03:14,276 - WARNING - ⚠️ 검토자 '김형래' (이메일: micheon@gmail.com) 등록 확인 실패
2025-09-21 14:03:14,276 - WARNING - ⚠️ 검토자 '정명진' (이메일: mjjung@jwu.ac.kr) 등록 확인 실패
2025-09-21 14:03:14,277 - WARNING - ⚠️ 검토자 '김진수' (이메일: nemokjs1@gmail.com) 등록 확인 실패
2025-09-21 14:03:14,277 - WARNING - ⚠️ 검토자 '김정이' (이메일: odikim@gmail.com) 등록 확인 실패
2025-09-21 14:03:14,277 - WARNING - ⚠️ 검토자 '오용희' (이메일: oryong@gmail.com) 등록 확인 실패
2025-09-21 14:03:14,277 - WARNING - ⚠️ 검토자 '박건철' (이메일: parkkc07@tukorea.ac.kr) 등록 확인 실패
2025-09-21 14:03:14,278 - WARNING - ⚠️ 검토자 '박태동' (이메일: parktd79@gmail.com) 등록 확인 실패
2025-09-21 14:03:14,278 - WARNING - ⚠️ 검토자 '조풍진' (이메일: pjcho@gachon.ac.kr) 등록 확인 실패
2025-09-21 14:03:14,278 - WARNING - ⚠️ 검토자 '기홍석' (이메일: redstone61500@gmail.com) 등록 확인 실패
2025-09-21 14:03:14,278 - WARNING - ⚠️ 검토자 '강정욱' (이메일: rkdwjddnr2002@gmail.com) 등록 확인 실패
2025-09-21 14:03:14,278 - WARNING - ⚠️ 검토자 '주예진' (이메일: rosejoo625@gmail.com) 등록 확인 실패
2025-09-21 14:03:14,278 - WARNING - ⚠️ 검토자 '박정은' (이메일: ruvirabbit@gmail.com) 등록 확인 실패
2025-09-21 14:03:14,278 - WARNING - ⚠️ 검토자 '김신의' (이메일: saltsunny@gmail.com) 등록 확인 실패
2025-09-21 14:03:14,279 - WARNING - ⚠️ 검토자 '문상국' (이메일: sangook@gmail.com) 등록 확인 실패
2025-09-21 14:03:14,279 - WARNING - ⚠️ 검토자 '백승준' (이메일: sbaek@khu.ac.kr) 등록 확인 실패
2025-09-21 14:03:14,279 - WARNING - ⚠️ 검토자 '권순범' (이메일: sbkwon@kookmin.ac.kr) 등록 확인 실패
2025-09-21 14:03:14,279 - WARNING - ⚠️ 검토자 '박진성' (이메일: sdpark99@gachon.ac.kr) 등록 확인 실패
2025-09-21 14:03:14,279 - WARNING - ⚠️ 검토자 '김석' (이메일: seokkim@yonsei.ac.kr) 등록 확인 실패
2025-09-21 14:03:14,279 - WARNING - ⚠️ 검토자 '최성환' (이메일: sh.choi@tukorea.ac.kr) 등록 확인 실패
2025-09-21 14:03:14,279 - WARNING - ⚠️ 검토자 '신흥균' (이메일: shk87269@gmail.com) 등록 확인 실패
2025-09-21 14:03:14,280 - WARNING - ⚠️ 검토자 '신재근' (이메일: sjk0268@gmail.com) 등록 확인 실패
2025-09-21 14:03:14,280 - WARNING - ⚠️ 검토자 '허선경' (이메일: skhur55@gmail.com) 등록 확인 실패
2025-09-21 14:03:14,280 - WARNING - ⚠️ 검토자 '김용이' (이메일: solarview@gmail.com) 등록 확인 실패
2025-09-21 14:03:14,280 - WARNING - ⚠️ 검토자 '전수민' (이메일: soomin.jeon88@gmail.com) 등록 확인 실패
2025-09-21 14:03:14,280 - WARNING - ⚠️ 검토자 '박순만' (이메일: soonmai@gmail.com) 등록 확인 실패
2025-09-21 14:03:14,280 - WARNING - ⚠️ 검토자 '남성식' (이메일: ssnam11@gmail.com) 등록 확인 실패
2025-09-21 14:03:14,280 - WARNING - ⚠️ 검토자 '김수현' (이메일: suhyunk@khu.ac.kr) 등록 확인 실패
2025-09-21 14:03:14,281 - WARNING - ⚠️ 검토자 '홍수정' (이메일: sujeongh@mokwon.ac.kr) 등록 확인 실패
2025-09-21 14:03:14,281 - WARNING - ⚠️ 검토자 '최소연' (이메일: sychoi.hbnu@gmail.com) 등록 확인 실패
2025-09-21 14:03:14,281 - WARNING - ⚠️ 검토자 '김태규' (이메일: taekyoo.kim@gmail.com) 등록 확인 실패
2025-09-21 14:03:14,281 - WARNING - ⚠️ 검토자 '설진석' (이메일: theeluwin@gmail.com) 등록 확인 실패
2025-09-21 14:03:14,282 - WARNING - ⚠️ 검토자 '강태구' (이메일: tkkang@smu.ac.kr) 등록 확인 실패
2025-09-21 14:03:14,282 - WARNING - ⚠️ 검토자 '김찬오' (이메일: toobehappy@gmail.com) 등록 확인 실패
2025-09-21 14:03:14,282 - WARNING - ⚠️ 검토자 '김중현' (이메일: trizkim@gmail.com) 등록 확인 실패
2025-09-21 14:03:14,283 - WARNING - ⚠️ 검토자 '이광재' (이메일: valence71@gmail.com) 등록 확인 실패
2025-09-21 14:03:14,283 - WARNING - ⚠️ 검토자 '이수종' (이메일: vesubian@gmail.com) 등록 확인 실패
2025-09-21 14:03:14,283 - WARNING - ⚠️ 검토자 '한승호' (이메일: vkwnwlzla@gmail.com) 등록 확인 실패
2025-09-21 14:03:14,283 - WARNING - ⚠️ 검토자 '김현지' (이메일: whmouse1974@gmail.com) 등록 확인 실패
2025-09-21 14:03:14,284 - WARNING - ⚠️ 검토자 '노원희' (이메일: whnoh12@korea.ac.kr) 등록 확인 실패
2025-09-21 14:03:14,284 - WARNING - ⚠️ 검토자 '최우준' (이메일: wjchoi11@yonsei.ac.kr) 등록 확인 실패
2025-09-21 14:03:14,284 - WARNING - ⚠️ 검토자 '김도원' (이메일: wondok@yonsei.ac.kr) 등록 확인 실패
2025-09-21 14:03:14,284 - WARNING - ⚠️ 검토자 '조원서' (이메일: wonsu0513@gmail.com) 등록 확인 실패
2025-09-21 14:03:14,284 - WARNING - ⚠️ 검토자 '양치복' (이메일: yangchibok@gmail.com) 등록 확인 실패
2025-09-21 14:03:14,284 - WARNING - ⚠️ 검토자 'KIM YANG SOK' (이메일: yangsokk@gmail.com) 등록 확인 실패
2025-09-21 14:03:14,284 - WARNING - ⚠️ 검토자 '류연철' (이메일: yeunchul.ryu@gmail.com) 등록 확인 실패
2025-09-21 14:03:14,284 - WARNING - ⚠️ 검토자 '조영근' (이메일: yg.cho@inha.ac.kr) 등록 확인 실패
2025-09-21 14:03:14,284 - WARNING - ⚠️ 검토자 '서영호' (이메일: yhseochip@gmail.com) 등록 확인 실패
2025-09-21 14:03:14,285 - WARNING - ⚠️ 검토자 '이용태' (이메일: yongtae7.lee@gmail.com) 등록 확인 실패
2025-09-21 14:03:14,285 - WARNING - ⚠️ 검토자 '윤성수' (이메일: yoon.sungsoo@gmail.com) 등록 확인 실패
2025-09-21 14:03:14,285 - WARNING - ⚠️ 검토자 '고영욱' (이메일: youngko@hnu.kr) 등록 확인 실패
2025-09-21 14:03:14,285 - WARNING - ⚠️ 검토자 '주영효' (이메일: youngmonet@gmail.com) 등록 확인 실패
2025-09-21 14:03:14,285 - WARNING - ⚠️ 검토자 '김영수' (이메일: ysukim00@gmail.com) 등록 확인 실패
2025-09-21 14:03:14,285 - WARNING - ⚠️ 검토자 '조성호' (이메일: zochnopia@gmail.com) 등록 확인 실패
2025-09-21 14:03:14,285 - WARNING - ⚠️ 검토자 '김성열' (이메일: zorbacho@gmail.com) 등록 확인 실패
2025-09-21 14:03:14,285 - WARNING - ⚠️ 검토자 '홍상기' (이메일: zulu1218@gmail.com) 등록 확인 실패
2025-09-21 14:03:14,285 - INFO - 도서 '교재)생성형 AI 활용과 실습' 일괄 검증 결과: 총 58개 중 0개 확인 완료
2025-09-21 14:03:16,286 - INFO - 등록 완료 - 성공: 58, 실패: 0
2025-09-21 14:03:16,287 - WARNING - ⚠️ 주의: 58개의 등록이 성공했지만 확인되지 않았습니다. 검토가 필요합니다.
2025-09-21 14:03:16,287 - INFO - ===== 출판사별 등록 결과 요약 =====
2025-09-21 14:03:16,288 - INFO - 출판사: 한빛아카데미 - 총 58건 (성공: 58, 실패: 0)
2025-09-21 14:03:16,288 - INFO -   도서별 등록 결과:
2025-09-21 14:03:16,289 - INFO -   - 교재)생성형 AI 활용과 실습 (코드: 41029): 총 58건 (성공: 58, 실패: 0)
2025-09-21 14:03:16,289 - INFO - ===================================
