2025-09-15 08:21:57,202 - INFO - 전자책 검토자 자동 등록 시스템 시작
2025-09-15 08:22:01,828 - INFO - 엑셀 파일 읽기 성공: C:/Users/taejin/Downloads/전자책견본처리현황_2025-06-14 ~ 2025-09-14.xls
2025-09-15 08:22:01,828 - INFO - 총 4개의 행이 발견됨
2025-09-15 08:22:01,828 - INFO - 엑셀 파일 컬럼: ['접수일', '발송유형', '발송자', '이름', '이메일', '지메일', '휴대전화', '소속학교', '도서코드', '도서명', '처리일', '열람기한', '강의대학', '강의학과', '강의명']
2025-09-15 08:22:01,829 - INFO - I열(도서코드) 컬럼명: '도서코드'
2025-09-15 08:22:01,832 - INFO - 도서코드 컬럼 '도서코드' 포함하여 데이터 처리 완료
2025-09-15 08:22:01,832 - INFO - 유효한 데이터: 4개 행
2025-09-15 08:22:01,835 - INFO - 데이터 샘플:
 이름                                               도서명                   지메일  도서코드
이수정                [eBook] IT CookBook, 최신 컴퓨터 구조(2판)    sjlee@inhatc.ac.kr 41031
조유영                            [eBook] 알기쉬운 선형대수(12판) choyouyoung@gmail.com 30102
김경순 [eBook] IT CookBook, MySQL로 배우는 데이터베이스 개론과 실습(2판)  anamorne71@gmail.com 40012
2025-09-15 08:24:09,406 - INFO - 엑셀 파일 읽기 성공: C:/Users/taejin/Downloads/전자책견본처리현황_2025-06-15 ~ 2025-09-15.xls
2025-09-15 08:24:09,406 - INFO - 총 4개의 행이 발견됨
2025-09-15 08:24:09,406 - INFO - 엑셀 파일 컬럼: ['접수일', '발송유형', '발송자', '이름', '이메일', '지메일', '휴대전화', '소속학교', '도서코드', '도서명', '처리일', '열람기한', '강의대학', '강의학과', '강의명']
2025-09-15 08:24:09,406 - INFO - I열(도서코드) 컬럼명: '도서코드'
2025-09-15 08:24:09,407 - INFO - 도서코드 컬럼 '도서코드' 포함하여 데이터 처리 완료
2025-09-15 08:24:09,408 - INFO - 유효한 데이터: 4개 행
2025-09-15 08:24:09,409 - INFO - 데이터 샘플:
 이름                                도서명                지메일  도서코드
김태진      [eBook] 혼자 공부하는 머신러닝+딥러닝(개정판)   kxowls@gmail.com 11360
문남미 [eBook] IT CookBook, 생성형 AI 활용과 실습 nammee01@gmail.com 41029
문남미         [eBook] IT Cookbook, 강화 학습 nammee01@gmail.com 41007
2025-09-15 08:24:13,339 - INFO - 도서 데이터베이스 로드 시작...
2025-09-15 08:24:13,342 - INFO - 구글 스프레드시트에서 도서 데이터베이스 로드 중...
2025-09-15 08:24:14,643 - INFO - 도서 데이터베이스 컬럼: ['도서코드', '도서명', 'ISBN', '출판사']
2025-09-15 08:24:14,717 - INFO - 도서 데이터베이스 로드 완료: 3925개 도서
2025-09-15 08:24:14,718 - INFO - 출판사별 도서 수: {'한빛아카데미': 849, '한빛미디어': 3076}
2025-09-15 08:24:14,718 - INFO - 웹 드라이버 설정 시작...
2025-09-15 08:24:14,721 - INFO - Chrome 드라이버 설정 시작...
2025-09-15 08:24:14,721 - INFO - config.py에서 크롬 브라우저 경로 사용: C:\Program Files\Google\Chrome\Application\chrome.exe
2025-09-15 08:24:14,721 - INFO - ChromeDriverManager를 사용하여 드라이버 다운로드 중...
2025-09-15 08:24:14,721 - INFO - ====== WebDriver manager ======
2025-09-15 08:24:15,431 - INFO - Get LATEST chromedriver version for google-chrome
2025-09-15 08:24:15,714 - INFO - Get LATEST chromedriver version for google-chrome
2025-09-15 08:24:15,957 - INFO - Get LATEST chromedriver version for google-chrome
2025-09-15 08:24:16,513 - INFO - WebDriver version 140.0.7339.82 selected
2025-09-15 08:24:16,516 - INFO - Modern chrome version https://storage.googleapis.com/chrome-for-testing-public/140.0.7339.82/win32/chromedriver-win32.zip
2025-09-15 08:24:16,516 - INFO - About to download new driver from https://storage.googleapis.com/chrome-for-testing-public/140.0.7339.82/win32/chromedriver-win32.zip
2025-09-15 08:24:16,786 - INFO - Driver downloading response is 200
2025-09-15 08:24:17,309 - INFO - Get LATEST chromedriver version for google-chrome
2025-09-15 08:24:18,308 - INFO - Driver has been saved in cache [C:\Users\taejin\.wdm\drivers\chromedriver\win64\140.0.7339.82]
2025-09-15 08:24:18,310 - INFO - 크롬 드라이버 다운로드 성공: C:\Users\taejin\.wdm\drivers\chromedriver\win64\140.0.7339.82\chromedriver-win32/chromedriver.exe
2025-09-15 08:24:21,333 - INFO - 자동화 감지 방지 스크립트 실행 완료
2025-09-15 08:24:21,334 - INFO - Chrome 드라이버 설정 완료
2025-09-15 08:24:21,334 - INFO - Google 로그인 시도...
2025-09-15 08:24:21,336 - INFO - Google Play Books 파트너스 센터로 이동: https://play.google.com/books/publish/u/0/?hl=ko
2025-09-15 08:24:25,445 - INFO - 현재 URL: https://accounts.google.com/v3/signin/identifier?continue=https%3A%2F%2Fplay.google.com%2Fbooks%2Fpublish%2Fredirect&followup=https%3A%2F%2Fplay.google.com%2Fbooks%2Fpublish%2Fredirect&ifkv=AdBytiN7ibzyneYS87YCVeEiR3IRP9Mgq7mJLl43pjiN_S3k0nV1g2lLF7F8lazr1Odk8rehg5FuJg&passive=1209600&service=printpublisher&flowName=GlifWebSignIn&flowEntry=ServiceLogin&dsh=S-1842767374%3A1757892263839676
2025-09-15 08:24:25,445 - INFO - ============================================================
2025-09-15 08:24:25,445 - INFO - 🔐 Google Play Books 파트너스 센터 로그인이 필요합니다.
2025-09-15 08:24:25,446 - INFO - 📌 브라우저 창에서 다음 단계를 진행해주세요:
2025-09-15 08:24:25,446 - INFO -    1. Google 계정으로 로그인
2025-09-15 08:24:25,446 - INFO -    2. 2단계 인증 완료 (필요한 경우)
2025-09-15 08:24:25,446 - INFO -    3. Google Play Books 파트너스 센터 대시보드가 표시될 때까지 대기
2025-09-15 08:24:25,446 - INFO - ============================================================
2025-09-15 08:24:25,449 - INFO - ⏰ 로그인 대기 중... (남은 시간: 300초)
2025-09-15 08:25:00,224 - INFO - ✅ Google Play Books 파트너스 센터 로그인 완료!
2025-09-15 08:25:00,225 - INFO - 처리 중 (1/4): 김태진 - [eBook] 혼자 공부하는 머신러닝+딥러닝(개정판) - kxowls@gmail.com
2025-09-15 08:25:00,225 - INFO -   도서코드: 11360, ISBN: 9791169213608, 출판사: 한빛미디어
2025-09-15 08:25:00,228 - INFO - 도서 검색 시작 - 도서코드: 11360
2025-09-15 08:25:00,228 - INFO - 도서 정보 - 제목: 혼자 공부하는 머신러닝+딥러닝(개정판), ISBN: 9791169213608, 출판사: 한빛미디어
2025-09-15 08:25:00,228 - INFO - 네비게이션 메뉴 클릭 시도...
2025-09-15 08:25:15,651 - ERROR - 네비게이션 메뉴를 찾을 수 없습니다
2025-09-15 08:25:15,652 - INFO - 처리 중 (2/4): 문남미 - [eBook] IT CookBook, 생성형 AI 활용과 실습 - nammee01@gmail.com
2025-09-15 08:25:15,652 - INFO -   도서코드: 41029, ISBN: 9791173400292, 출판사: 한빛아카데미
2025-09-15 08:25:15,656 - INFO - 도서 검색 시작 - 도서코드: 41029
2025-09-15 08:25:15,656 - INFO - 도서 정보 - 제목: 교재)생성형 AI 활용과 실습, ISBN: 9791173400292, 출판사: 한빛아카데미
2025-09-15 08:25:15,656 - INFO - 네비게이션 메뉴 클릭 시도...
2025-09-15 08:25:31,069 - ERROR - 네비게이션 메뉴를 찾을 수 없습니다
2025-09-15 08:25:31,069 - INFO - 처리 중 (3/4): 문남미 - [eBook] IT Cookbook, 강화 학습 - nammee01@gmail.com
2025-09-15 08:25:31,069 - INFO -   도서코드: 41007, ISBN: 9791173400070, 출판사: 한빛아카데미
2025-09-15 08:25:31,075 - INFO - 도서 검색 시작 - 도서코드: 41007
2025-09-15 08:25:31,075 - INFO - 도서 정보 - 제목: 교재)강화 학습, ISBN: 9791173400070, 출판사: 한빛아카데미
2025-09-15 08:25:31,075 - INFO - 네비게이션 메뉴 클릭 시도...
2025-09-15 08:25:46,528 - ERROR - 네비게이션 메뉴를 찾을 수 없습니다
2025-09-15 08:25:46,529 - INFO - 처리 중 (4/4): 이두원 - [eBook] IT Cookbook, 처음 만나는 전자회로 - ectechlaboratory@gmail.com
2025-09-15 08:25:46,529 - INFO -   도서코드: 4449, ISBN: 9791156644491, 출판사: 한빛아카데미
2025-09-15 08:25:46,532 - INFO - 도서 검색 시작 - 도서코드: 4449
2025-09-15 08:25:46,532 - INFO - 도서 정보 - 제목: 교재375)처음 만나는 전자회로, ISBN: 9791156644491, 출판사: 한빛아카데미
2025-09-15 08:25:46,532 - INFO - 네비게이션 메뉴 클릭 시도...
2025-09-15 08:26:01,973 - ERROR - 네비게이션 메뉴를 찾을 수 없습니다
2025-09-15 08:26:01,973 - INFO - 등록 완료 - 성공: 0, 실패: 4
