2025-09-19 11:03:33,324 - INFO - 전자책 검토자 자동 등록 시스템 시작
2025-09-19 11:03:37,024 - INFO - 엑셀 파일 읽기 성공: C:/Users/taejin/Downloads/신규회원 홍보 전자책.xlsx
2025-09-19 11:03:37,024 - INFO - 총 149개의 행이 발견됨
2025-09-19 11:03:37,025 - INFO - 엑셀 파일 컬럼: ['접수일', '발송유형', '발송자', '이름', '이메일', '지메일', '휴대전화', '소속학교', '도서코드', '도서명', '처리일', '열람기한', '강의대학', '강의학과', '강의명']
2025-09-19 11:03:37,030 - INFO - 유효한 데이터: 149개 행
2025-09-19 11:03:37,032 - INFO - 검토자 데이터 샘플:
 이름  도서코드                    지메일
이설아 41029   1026seolah@gmail.com
최홍인 41029 12200716@dankook.ac.kr
박정우 41029     215wjddn@gmail.com
2025-09-19 11:03:37,032 - INFO - 구글 스프레드시트에서 도서 정보 데이터베이스를 구축합니다...
2025-09-19 11:03:37,032 - INFO - Google 스프레드시트 URL에서 도서 정보 데이터베이스 읽기 시도: https://docs.google.com/spreadsheets/d/18uXAoTIz07WEBzFgCYC5asaOUkLujYgQtezDsmPWiGY/export?format=csv&gid=0
2025-09-19 11:03:38,773 - INFO - 스프레드시트 데이터를 UTF-8로 디코딩했습니다.
2025-09-19 11:03:38,797 - INFO - 스프레드시트 컬럼: ['code', 'title', 'ISBN', 'eISBN', 'publisher', 'g_title', 's_isbn']
2025-09-19 11:03:38,864 - INFO - 도서 정보 데이터베이스 구축 완료: 총 0개의 도서 정보 로드
2025-09-19 11:03:38,868 - INFO - 검토자 정보와 도서 데이터베이스 정보를 매핑합니다...
2025-09-19 11:03:38,870 - INFO - 
===== 검토자 정보 =====
2025-09-19 11:03:38,871 - INFO - [1] 도서코드: 41029, 이름: 이설아, 이메일: 1026seolah@gmail.com
2025-09-19 11:03:38,871 - INFO - [2] 도서코드: 41029, 이름: 최홍인, 이메일: 12200716@dankook.ac.kr
2025-09-19 11:03:38,872 - INFO - [3] 도서코드: 41029, 이름: 박정우, 이메일: 215wjddn@gmail.com
2025-09-19 11:03:38,872 - INFO - [4] 도서코드: 41029, 이름: 이수연, 이메일: 500pelle@gmail.com
2025-09-19 11:03:38,872 - INFO - [5] 도서코드: 41029, 이름: 오아름, 이메일: ahreum@gwnu.ac.kr
2025-09-19 11:03:38,872 - INFO - ... 외 144건
2025-09-19 11:03:38,872 - INFO - =====================

2025-09-19 11:03:41,391 - INFO - 도서 데이터베이스 로드 시작...
2025-09-19 11:03:41,395 - INFO - 구글 스프레드시트에서 도서 데이터베이스 로드 중: https://docs.google.com/spreadsheets/d/18uXAoTIz07WEBzFgCYC5asaOUkLujYgQtezDsmPWiGY/export?format=csv&gid=0
2025-09-19 11:03:42,886 - INFO - 스프레드시트 로드 성공: 3925행 발견
2025-09-19 11:03:42,888 - INFO - 컬럼명 변환 결과: ['도서코드', '도서명', 'ISBN', 'eISBN', '출판사', 'g_title', 's_isbn']
2025-09-19 11:03:42,888 - WARNING - 스프레드시트 컬럼 개수(7)와 기대값(6)이 다릅니다. 실제 컬럼명: ['도서코드', '도서명', 'ISBN', 'eISBN', '출판사', 'g_title', 's_isbn']
2025-09-19 11:03:42,985 - INFO - 도서 데이터베이스 로드 완료: 3925개 도서
2025-09-19 11:03:42,986 - INFO - 출판사별 도서 수: {'한빛아카데미': 849, '한빛미디어': 3076}
2025-09-19 11:03:42,987 - INFO - 웹 드라이버 설정 시작...
2025-09-19 11:03:42,990 - INFO - Chrome 드라이버 설정 시작...
2025-09-19 11:03:42,990 - INFO - config.py에서 크롬 브라우저 경로 사용: C:\Program Files\Google\Chrome\Application\chrome.exe
2025-09-19 11:03:42,990 - INFO - ChromeDriverManager를 사용하여 드라이버 다운로드 중...
2025-09-19 11:03:42,990 - INFO - ====== WebDriver manager ======
2025-09-19 11:03:43,712 - INFO - Get LATEST chromedriver version for google-chrome
2025-09-19 11:03:44,017 - INFO - Get LATEST chromedriver version for google-chrome
2025-09-19 11:03:44,272 - INFO - Driver [C:\Users\taejin\.wdm\drivers\chromedriver\win64\140.0.7339.185\chromedriver-win32/chromedriver.exe] found in cache
2025-09-19 11:03:44,273 - INFO - 크롬 드라이버 다운로드 성공: C:\Users\taejin\.wdm\drivers\chromedriver\win64\140.0.7339.185\chromedriver-win32/chromedriver.exe
2025-09-19 11:03:45,435 - INFO - 자동화 감지 방지 스크립트 실행 완료
2025-09-19 11:03:45,435 - INFO - Chrome 드라이버 설정 완료
2025-09-19 11:03:45,435 - INFO - Google 로그인 시도...
2025-09-19 11:03:45,437 - INFO - Google Play Books 파트너스 센터로 이동: https://play.google.com/books/publish/u/0/?hl=ko
2025-09-19 11:03:49,563 - INFO - 현재 URL: https://play.google.com/books/publish/?hl=ko
2025-09-19 11:03:49,564 - INFO - 이미 Google Play Books 파트너스 센터에 로그인되어 있습니다.
2025-09-19 11:03:49,570 - INFO - ====== 출판사 '한빛아카데미' 처리 시작 ======
2025-09-19 11:03:49,571 - INFO - 도서 '교재)생성형 AI 활용과 실습' (코드: 41029, ISBN: 9791173400292) 처리 시작
2025-09-19 11:03:49,571 - INFO - 검토자 149명 등록 예정
2025-09-19 11:03:49,575 - INFO - 도서 검색 시작 - 도서코드: 41029
2025-09-19 11:03:49,575 - INFO - 도서 정보 - 제목: 교재)생성형 AI 활용과 실습, ISBN: 9791173400292, eISBN: 9791173409738, 출판사: 한빛아카데미
2025-09-19 11:03:49,575 - INFO - 출판사 '한빛아카데미'의 도서 목록 페이지로 이동: https://play.google.com/books/publish/a/535699340789858766#list?sortby=last_updated&sortdir=desc&publisher=한빛아카데미
2025-09-19 11:03:52,883 - INFO - 도서 목록 페이지 로드 완료
2025-09-19 11:03:54,894 - INFO - 페이지 요소 로드 대기 완료
2025-09-19 11:03:54,895 - INFO - 출판사 선택 드롭다운 클릭 시도... (대상 출판사: 한빛아카데미)
2025-09-19 11:04:10,174 - WARNING - 출판사 선택 드롭다운을 찾을 수 없습니다. 기본값으로 진행...
2025-09-19 11:04:10,175 - INFO - 검색창에 도서명 '생성형 AI 활용과 실습: 챗GPT부터 코파일럿까지 따라 하며 익히는 AI 활용 가이드' 입력 시도...
2025-09-19 11:04:25,382 - ERROR - 검색창을 찾을 수 없습니다
2025-09-19 11:04:25,383 - WARNING - 도서 검색 실패 - 도서코드 41029
2025-09-19 11:04:25,383 - INFO - 등록 완료 - 성공: 0, 실패: 149
2025-09-19 11:04:25,383 - INFO - ===== 출판사별 등록 결과 요약 =====
2025-09-19 11:04:25,384 - INFO - 출판사: 한빛아카데미 - 총 149건 (성공: 0, 실패: 149)
2025-09-19 11:04:25,384 - INFO -   도서별 등록 결과:
2025-09-19 11:04:25,384 - INFO -   - 교재)생성형 AI 활용과 실습 (코드: 41029): 총 149건 (성공: 0, 실패: 149)
2025-09-19 11:04:25,384 - INFO - ===================================
